<?xml version="1.0" encoding="UTF-8"?>
<testsuite name="ca.mcgill.ecse.coolsupplies.features.CucumberFeaturesTestRunner" tests="5" skipped="0" failures="0" errors="0" timestamp="2024-11-23T05:05:00" hostname="LAPTOP-DEUNB0O0" time="0.671">
  <properties/>
  <testcase name="Successfully update the password of a school admin in the system(Update Password of School Admin " classname="ca.mcgill.ecse.coolsupplies.features.CucumberFeaturesTestRunner" time="0.602"/>
  <testcase name="Unsuccessfully update the password of a school admin in the system with invalid values #1(Update Password of School Admin " classname="ca.mcgill.ecse.coolsupplies.features.CucumberFeaturesTestRunner" time="0.02"/>
  <testcase name="Unsuccessfully update the password of a school admin in the system with invalid values #2(Update Password of School Admin " classname="ca.mcgill.ecse.coolsupplies.features.CucumberFeaturesTestRunner" time="0.017"/>
  <testcase name="Unsuccessfully update the password of a school admin in the system with invalid values #3(Update Password of School Admin " classname="ca.mcgill.ecse.coolsupplies.features.CucumberFeaturesTestRunner" time="0.015"/>
  <testcase name="Unsuccessfully update the password of a school admin in the system with invalid values #4(Update Password of School Admin " classname="ca.mcgill.ecse.coolsupplies.features.CucumberFeaturesTestRunner" time="0.013"/>
  <system-out><![CDATA[
Scenario Outline: Successfully update the password of a school admin in the system                              ?[90m# src/test/resources/UpdatePasswordOfSchoolAdmin.feature:16?[0m
  ?[32mGiven ?[0m?[32mthe following school admin entities exists in the system (p7)?[0m                                           ?[90m# ca.mcgill.ecse.coolsupplies.features.UpdatePasswordOfSchoolAdminStepDefinitions.the_following_school_admin_entities_exists_in_the_system_p7(io.cucumber.datatable.DataTable)?[0m
  ?[32mWhen ?[0m?[32mthe school admin attempts to update school admin ?[0m?[32m?[1m"admin@cool.ca"?[0m?[32m in the system with password ?[0m?[32m?[1m"2#Er"?[0m?[32m (p7)?[0m ?[90m# ca.mcgill.ecse.coolsupplies.features.UpdatePasswordOfSchoolAdminStepDefinitions.the_school_admin_attempts_to_update_school_admin_in_the_system_with_password_p7(java.lang.String,java.lang.String)?[0m
  ?[32mThen ?[0m?[32mthe number of school admin entities in the system shall be ?[0m?[32m?[1m"1"?[0m?[32m (p7)?[0m                                      ?[90m# ca.mcgill.ecse.coolsupplies.features.UpdatePasswordOfSchoolAdminStepDefinitions.the_number_of_school_admin_entities_in_the_system_shall_be_p7(java.lang.String)?[0m
  ?[32mThen ?[0m?[32mthe school admin ?[0m?[32m?[1m"admin@cool.ca"?[0m?[32m with password ?[0m?[32m?[1m"2#Er"?[0m?[32m shall exist in the system (p7)?[0m                     ?[90m# ca.mcgill.ecse.coolsupplies.features.UpdatePasswordOfSchoolAdminStepDefinitions.the_school_admin_with_password_shall_exist_in_the_system_p7(java.lang.String,java.lang.String)?[0m

Scenario Outline: Unsuccessfully update the password of a school admin in the system with invalid values       ?[90m# src/test/resources/UpdatePasswordOfSchoolAdmin.feature:29?[0m
  ?[32mGiven ?[0m?[32mthe following school admin entities exists in the system (p7)?[0m                                          ?[90m# ca.mcgill.ecse.coolsupplies.features.UpdatePasswordOfSchoolAdminStepDefinitions.the_following_school_admin_entities_exists_in_the_system_p7(io.cucumber.datatable.DataTable)?[0m
  ?[32mWhen ?[0m?[32mthe school admin attempts to update school admin ?[0m?[32m?[1m"admin@cool.ca"?[0m?[32m in the system with password ?[0m?[32m?[1m"123"?[0m?[32m (p7)?[0m ?[90m# ca.mcgill.ecse.coolsupplies.features.UpdatePasswordOfSchoolAdminStepDefinitions.the_school_admin_attempts_to_update_school_admin_in_the_system_with_password_p7(java.lang.String,java.lang.String)?[0m
  ?[32mThen ?[0m?[32mthe number of school admin entities in the system shall be ?[0m?[32m?[1m"1"?[0m?[32m (p7)?[0m                                     ?[90m# ca.mcgill.ecse.coolsupplies.features.UpdatePasswordOfSchoolAdminStepDefinitions.the_number_of_school_admin_entities_in_the_system_shall_be_p7(java.lang.String)?[0m
  ?[32mThen ?[0m?[32mthe school admin ?[0m?[32m?[1m"admin@cool.ca"?[0m?[32m with password ?[0m?[32m?[1m"123"?[0m?[32m shall not exist in the system (p7)?[0m                 ?[90m# ca.mcgill.ecse.coolsupplies.features.UpdatePasswordOfSchoolAdminStepDefinitions.the_school_admin_with_password_shall_not_exist_in_the_system_p7(java.lang.String,java.lang.String)?[0m
  ?[32mThen ?[0m?[32mthe following school admin entities shall exist in the system (p7)?[0m                                      ?[90m# ca.mcgill.ecse.coolsupplies.features.UpdatePasswordOfSchoolAdminStepDefinitions.the_following_school_admin_entities_shall_exist_in_the_system_p7(io.cucumber.datatable.DataTable)?[0m
  ?[32mThen ?[0m?[32mthe error ?[0m?[32m?[1m"Password must be at least four characters long."?[0m?[32m shall be raised (p7)?[0m                        ?[90m# ca.mcgill.ecse.coolsupplies.features.UpdatePasswordOfSchoolAdminStepDefinitions.the_error_shall_be_raised_p7(java.lang.String)?[0m

Scenario Outline: Unsuccessfully update the password of a school admin in the system with invalid values                                           ?[90m# src/test/resources/UpdatePasswordOfSchoolAdmin.feature:30?[0m
  ?[32mGiven ?[0m?[32mthe following school admin entities exists in the system (p7)?[0m                                                                              ?[90m# ca.mcgill.ecse.coolsupplies.features.UpdatePasswordOfSchoolAdminStepDefinitions.the_following_school_admin_entities_exists_in_the_system_p7(io.cucumber.datatable.DataTable)?[0m
  ?[32mWhen ?[0m?[32mthe school admin attempts to update school admin ?[0m?[32m?[1m"admin@cool.ca"?[0m?[32m in the system with password ?[0m?[32m?[1m"WeWe"?[0m?[32m (p7)?[0m                                    ?[90m# ca.mcgill.ecse.coolsupplies.features.UpdatePasswordOfSchoolAdminStepDefinitions.the_school_admin_attempts_to_update_school_admin_in_the_system_with_password_p7(java.lang.String,java.lang.String)?[0m
  ?[32mThen ?[0m?[32mthe number of school admin entities in the system shall be ?[0m?[32m?[1m"1"?[0m?[32m (p7)?[0m                                                                         ?[90m# ca.mcgill.ecse.coolsupplies.features.UpdatePasswordOfSchoolAdminStepDefinitions.the_number_of_school_admin_entities_in_the_system_shall_be_p7(java.lang.String)?[0m
  ?[32mThen ?[0m?[32mthe school admin ?[0m?[32m?[1m"admin@cool.ca"?[0m?[32m with password ?[0m?[32m?[1m"WeWe"?[0m?[32m shall not exist in the system (p7)?[0m                                                    ?[90m# ca.mcgill.ecse.coolsupplies.features.UpdatePasswordOfSchoolAdminStepDefinitions.the_school_admin_with_password_shall_not_exist_in_the_system_p7(java.lang.String,java.lang.String)?[0m
  ?[32mThen ?[0m?[32mthe following school admin entities shall exist in the system (p7)?[0m                                                                          ?[90m# ca.mcgill.ecse.coolsupplies.features.UpdatePasswordOfSchoolAdminStepDefinitions.the_following_school_admin_entities_shall_exist_in_the_system_p7(io.cucumber.datatable.DataTable)?[0m
  ?[32mThen ?[0m?[32mthe error ?[0m?[32m?[1m"Password must contain a special character out of !#$, an upper case character, and a lower case character."?[0m?[32m shall be raised (p7)?[0m ?[90m# ca.mcgill.ecse.coolsupplies.features.UpdatePasswordOfSchoolAdminStepDefinitions.the_error_shall_be_raised_p7(java.lang.String)?[0m

Scenario Outline: Unsuccessfully update the password of a school admin in the system with invalid values                                           ?[90m# src/test/resources/UpdatePasswordOfSchoolAdmin.feature:31?[0m
  ?[32mGiven ?[0m?[32mthe following school admin entities exists in the system (p7)?[0m                                                                              ?[90m# ca.mcgill.ecse.coolsupplies.features.UpdatePasswordOfSchoolAdminStepDefinitions.the_following_school_admin_entities_exists_in_the_system_p7(io.cucumber.datatable.DataTable)?[0m
  ?[32mWhen ?[0m?[32mthe school admin attempts to update school admin ?[0m?[32m?[1m"admin@cool.ca"?[0m?[32m in the system with password ?[0m?[32m?[1m"!WWW"?[0m?[32m (p7)?[0m                                    ?[90m# ca.mcgill.ecse.coolsupplies.features.UpdatePasswordOfSchoolAdminStepDefinitions.the_school_admin_attempts_to_update_school_admin_in_the_system_with_password_p7(java.lang.String,java.lang.String)?[0m
  ?[32mThen ?[0m?[32mthe number of school admin entities in the system shall be ?[0m?[32m?[1m"1"?[0m?[32m (p7)?[0m                                                                         ?[90m# ca.mcgill.ecse.coolsupplies.features.UpdatePasswordOfSchoolAdminStepDefinitions.the_number_of_school_admin_entities_in_the_system_shall_be_p7(java.lang.String)?[0m
  ?[32mThen ?[0m?[32mthe school admin ?[0m?[32m?[1m"admin@cool.ca"?[0m?[32m with password ?[0m?[32m?[1m"!WWW"?[0m?[32m shall not exist in the system (p7)?[0m                                                    ?[90m# ca.mcgill.ecse.coolsupplies.features.UpdatePasswordOfSchoolAdminStepDefinitions.the_school_admin_with_password_shall_not_exist_in_the_system_p7(java.lang.String,java.lang.String)?[0m
  ?[32mThen ?[0m?[32mthe following school admin entities shall exist in the system (p7)?[0m                                                                          ?[90m# ca.mcgill.ecse.coolsupplies.features.UpdatePasswordOfSchoolAdminStepDefinitions.the_following_school_admin_entities_shall_exist_in_the_system_p7(io.cucumber.datatable.DataTable)?[0m
  ?[32mThen ?[0m?[32mthe error ?[0m?[32m?[1m"Password must contain a special character out of !#$, an upper case character, and a lower case character."?[0m?[32m shall be raised (p7)?[0m ?[90m# ca.mcgill.ecse.coolsupplies.features.UpdatePasswordOfSchoolAdminStepDefinitions.the_error_shall_be_raised_p7(java.lang.String)?[0m

Scenario Outline: Unsuccessfully update the password of a school admin in the system with invalid values                                           ?[90m# src/test/resources/UpdatePasswordOfSchoolAdmin.feature:32?[0m
  ?[32mGiven ?[0m?[32mthe following school admin entities exists in the system (p7)?[0m                                                                              ?[90m# ca.mcgill.ecse.coolsupplies.features.UpdatePasswordOfSchoolAdminStepDefinitions.the_following_school_admin_entities_exists_in_the_system_p7(io.cucumber.datatable.DataTable)?[0m
  ?[32mWhen ?[0m?[32mthe school admin attempts to update school admin ?[0m?[32m?[1m"admin@cool.ca"?[0m?[32m in the system with password ?[0m?[32m?[1m"!eee"?[0m?[32m (p7)?[0m                                    ?[90m# ca.mcgill.ecse.coolsupplies.features.UpdatePasswordOfSchoolAdminStepDefinitions.the_school_admin_attempts_to_update_school_admin_in_the_system_with_password_p7(java.lang.String,java.lang.String)?[0m
  ?[32mThen ?[0m?[32mthe number of school admin entities in the system shall be ?[0m?[32m?[1m"1"?[0m?[32m (p7)?[0m                                                                         ?[90m# ca.mcgill.ecse.coolsupplies.features.UpdatePasswordOfSchoolAdminStepDefinitions.the_number_of_school_admin_entities_in_the_system_shall_be_p7(java.lang.String)?[0m
  ?[32mThen ?[0m?[32mthe school admin ?[0m?[32m?[1m"admin@cool.ca"?[0m?[32m with password ?[0m?[32m?[1m"!eee"?[0m?[32m shall not exist in the system (p7)?[0m                                                    ?[90m# ca.mcgill.ecse.coolsupplies.features.UpdatePasswordOfSchoolAdminStepDefinitions.the_school_admin_with_password_shall_not_exist_in_the_system_p7(java.lang.String,java.lang.String)?[0m
  ?[32mThen ?[0m?[32mthe following school admin entities shall exist in the system (p7)?[0m                                                                          ?[90m# ca.mcgill.ecse.coolsupplies.features.UpdatePasswordOfSchoolAdminStepDefinitions.the_following_school_admin_entities_shall_exist_in_the_system_p7(io.cucumber.datatable.DataTable)?[0m
  ?[32mThen ?[0m?[32mthe error ?[0m?[32m?[1m"Password must contain a special character out of !#$, an upper case character, and a lower case character."?[0m?[32m shall be raised (p7)?[0m ?[90m# ca.mcgill.ecse.coolsupplies.features.UpdatePasswordOfSchoolAdminStepDefinitions.the_error_shall_be_raised_p7(java.lang.String)?[0m
]]></system-out>
  <system-err><![CDATA[?[32m?[1m┌─────────────────────────────────────────────────────────────────────────────┐?[0m
?[32m?[1m│?[0m Share your Cucumber Report with your team at ?[36m?[1m?[4mhttps://reports.cucumber.io?[0m    ?[32m?[1m│?[0m
?[32m?[1m│?[0m Activate publishing with one of the following:                              ?[32m?[1m│?[0m
?[32m?[1m│?[0m                                                                             ?[32m?[1m│?[0m
?[32m?[1m│?[0m src/test/resources/cucumber.properties:    ?[36mcucumber.publish.enabled?[0m=?[36mtrue?[0m    ?[32m?[1m│?[0m
?[32m?[1m│?[0m Environment variable:                      ?[36mCUCUMBER_PUBLISH_ENABLED?[0m=?[36mtrue?[0m    ?[32m?[1m│?[0m
?[32m?[1m│?[0m JUnit:                                     ?[36m@CucumberOptions?[0m(publish = ?[36mtrue?[0m) ?[32m?[1m│?[0m
?[32m?[1m│?[0m                                                                             ?[32m?[1m│?[0m
?[32m?[1m│?[0m More information at ?[36mhttps://reports.cucumber.io/docs/cucumber-jvm?[0m           ?[32m?[1m│?[0m
?[32m?[1m│?[0m                                                                             ?[32m?[1m│?[0m
?[32m?[1m│?[0m To disable this message, add ?[1mcucumber.publish.quiet?[0m?[1m=?[0m?[1mtrue?[0m to                 ?[32m?[1m│?[0m
?[32m?[1m│?[0m ?[1msrc/test/resources/cucumber.properties?[0m                                      ?[32m?[1m│?[0m
?[32m?[1m└─────────────────────────────────────────────────────────────────────────────┘?[0m
]]></system-err>
</testsuite>
