<?xml version="1.0" encoding="UTF-8"?>
<testsuite name="ca.mcgill.ecse.coolsupplies.features.CucumberFeaturesTestRunner" tests="248" skipped="0" failures="143" errors="0" timestamp="2024-11-05T23:01:27" hostname="zzx.local" time="2.463">
  <properties/>
  <testcase name="Successfully add a bundle item to a grade bundle in the system(Add Bundle Item to Bundle Items of Grade Bundle " classname="ca.mcgill.ecse.coolsupplies.features.CucumberFeaturesTestRunner" time="0.12"/>
  <testcase name="Unsuccessfully add a bundle item to a gradeBundle in the system with invalid values #1(Add Bundle Item to Bundle Items of Grade Bundle " classname="ca.mcgill.ecse.coolsupplies.features.CucumberFeaturesTestRunner" time="0.019"/>
  <testcase name="Unsuccessfully add a bundle item to a gradeBundle in the system with invalid values #2(Add Bundle Item to Bundle Items of Grade Bundle " classname="ca.mcgill.ecse.coolsupplies.features.CucumberFeaturesTestRunner" time="0.013"/>
  <testcase name="Unsuccessfully add a bundle item to a gradeBundle in the system with invalid values #3(Add Bundle Item to Bundle Items of Grade Bundle " classname="ca.mcgill.ecse.coolsupplies.features.CucumberFeaturesTestRunner" time="0.014"/>
  <testcase name="Unsuccessfully add a bundle item to a gradeBundle in the system with invalid values #4(Add Bundle Item to Bundle Items of Grade Bundle " classname="ca.mcgill.ecse.coolsupplies.features.CucumberFeaturesTestRunner" time="0.013"/>
  <testcase name="Unsuccessfully add a bundle item to a gradeBundle in the system with invalid values #5(Add Bundle Item to Bundle Items of Grade Bundle " classname="ca.mcgill.ecse.coolsupplies.features.CucumberFeaturesTestRunner" time="0.01"/>
  <testcase name="Successfully add a grade to the system(Add Grade " classname="ca.mcgill.ecse.coolsupplies.features.CucumberFeaturesTestRunner" time="0.011"/>
  <testcase name="Unsuccessfully add a grade to the system with invalid values #1(Add Grade " classname="ca.mcgill.ecse.coolsupplies.features.CucumberFeaturesTestRunner" time="0.012"/>
  <testcase name="Unsuccessfully add a grade to the system with invalid values #2(Add Grade " classname="ca.mcgill.ecse.coolsupplies.features.CucumberFeaturesTestRunner" time="0.01"/>
  <testcase name="Successfully add a grade bundle to the system(Add Grade Bundle " classname="ca.mcgill.ecse.coolsupplies.features.CucumberFeaturesTestRunner" time="0.015">
    <failure message="io.cucumber.java.PendingException: TODO: implement me" type="io.cucumber.java.PendingException">io.cucumber.java.PendingException: TODO: implement me
	at app//ca.mcgill.ecse.coolsupplies.features.AddGradeBundleStepDefinitions.the_following_grade_entities_exists_in_the_system_p10(AddGradeBundleStepDefinitions.java:18)
	at ✽.the following grade entities exists in the system (p10)(file:///Users/zhengxuanzhao/IdeaProjects/ecse223-group-project-p8/src/test/resources/AddGradeBundle.feature:5)
</failure>
  </testcase>
  <testcase name="Unsuccessfully add a grade bundle to the system with invalid values #1(Add Grade Bundle " classname="ca.mcgill.ecse.coolsupplies.features.CucumberFeaturesTestRunner" time="0.012">
    <failure message="io.cucumber.java.PendingException: TODO: implement me" type="io.cucumber.java.PendingException">io.cucumber.java.PendingException: TODO: implement me
	at app//ca.mcgill.ecse.coolsupplies.features.AddGradeBundleStepDefinitions.the_following_grade_entities_exists_in_the_system_p10(AddGradeBundleStepDefinitions.java:18)
	at ✽.the following grade entities exists in the system (p10)(file:///Users/zhengxuanzhao/IdeaProjects/ecse223-group-project-p8/src/test/resources/AddGradeBundle.feature:5)
</failure>
  </testcase>
  <testcase name="Unsuccessfully add a grade bundle to the system with invalid values #2(Add Grade Bundle " classname="ca.mcgill.ecse.coolsupplies.features.CucumberFeaturesTestRunner" time="0.018">
    <failure message="io.cucumber.java.PendingException: TODO: implement me" type="io.cucumber.java.PendingException">io.cucumber.java.PendingException: TODO: implement me
	at app//ca.mcgill.ecse.coolsupplies.features.AddGradeBundleStepDefinitions.the_following_grade_entities_exists_in_the_system_p10(AddGradeBundleStepDefinitions.java:18)
	at ✽.the following grade entities exists in the system (p10)(file:///Users/zhengxuanzhao/IdeaProjects/ecse223-group-project-p8/src/test/resources/AddGradeBundle.feature:5)
</failure>
  </testcase>
  <testcase name="Unsuccessfully add a grade bundle to the system with invalid values #3(Add Grade Bundle " classname="ca.mcgill.ecse.coolsupplies.features.CucumberFeaturesTestRunner" time="0.018">
    <failure message="io.cucumber.java.PendingException: TODO: implement me" type="io.cucumber.java.PendingException">io.cucumber.java.PendingException: TODO: implement me
	at app//ca.mcgill.ecse.coolsupplies.features.AddGradeBundleStepDefinitions.the_following_grade_entities_exists_in_the_system_p10(AddGradeBundleStepDefinitions.java:18)
	at ✽.the following grade entities exists in the system (p10)(file:///Users/zhengxuanzhao/IdeaProjects/ecse223-group-project-p8/src/test/resources/AddGradeBundle.feature:5)
</failure>
  </testcase>
  <testcase name="Unsuccessfully add a grade bundle to the system with invalid values #4(Add Grade Bundle " classname="ca.mcgill.ecse.coolsupplies.features.CucumberFeaturesTestRunner" time="0.017">
    <failure message="io.cucumber.java.PendingException: TODO: implement me" type="io.cucumber.java.PendingException">io.cucumber.java.PendingException: TODO: implement me
	at app//ca.mcgill.ecse.coolsupplies.features.AddGradeBundleStepDefinitions.the_following_grade_entities_exists_in_the_system_p10(AddGradeBundleStepDefinitions.java:18)
	at ✽.the following grade entities exists in the system (p10)(file:///Users/zhengxuanzhao/IdeaProjects/ecse223-group-project-p8/src/test/resources/AddGradeBundle.feature:5)
</failure>
  </testcase>
  <testcase name="Unsuccessfully add a grade bundle to the system with invalid values #5(Add Grade Bundle " classname="ca.mcgill.ecse.coolsupplies.features.CucumberFeaturesTestRunner" time="0.014">
    <failure message="io.cucumber.java.PendingException: TODO: implement me" type="io.cucumber.java.PendingException">io.cucumber.java.PendingException: TODO: implement me
	at app//ca.mcgill.ecse.coolsupplies.features.AddGradeBundleStepDefinitions.the_following_grade_entities_exists_in_the_system_p10(AddGradeBundleStepDefinitions.java:18)
	at ✽.the following grade entities exists in the system (p10)(file:///Users/zhengxuanzhao/IdeaProjects/ecse223-group-project-p8/src/test/resources/AddGradeBundle.feature:5)
</failure>
  </testcase>
  <testcase name="Unsuccessfully add a grade bundle to the system with invalid values #6(Add Grade Bundle " classname="ca.mcgill.ecse.coolsupplies.features.CucumberFeaturesTestRunner" time="0.016">
    <failure message="io.cucumber.java.PendingException: TODO: implement me" type="io.cucumber.java.PendingException">io.cucumber.java.PendingException: TODO: implement me
	at app//ca.mcgill.ecse.coolsupplies.features.AddGradeBundleStepDefinitions.the_following_grade_entities_exists_in_the_system_p10(AddGradeBundleStepDefinitions.java:18)
	at ✽.the following grade entities exists in the system (p10)(file:///Users/zhengxuanzhao/IdeaProjects/ecse223-group-project-p8/src/test/resources/AddGradeBundle.feature:5)
</failure>
  </testcase>
  <testcase name="Successfully add an item to the system(Add Item " classname="ca.mcgill.ecse.coolsupplies.features.CucumberFeaturesTestRunner" time="0.013"/>
  <testcase name="Unsuccessfully add an item to the system with invalid values #1(Add Item " classname="ca.mcgill.ecse.coolsupplies.features.CucumberFeaturesTestRunner" time="0.01"/>
  <testcase name="Unsuccessfully add an item to the system with invalid values #2(Add Item " classname="ca.mcgill.ecse.coolsupplies.features.CucumberFeaturesTestRunner" time="0.01"/>
  <testcase name="Unsuccessfully add an item to the system with invalid values #3(Add Item " classname="ca.mcgill.ecse.coolsupplies.features.CucumberFeaturesTestRunner" time="0.009"/>
  <testcase name="Successfully add an order to the system(Add Order " classname="ca.mcgill.ecse.coolsupplies.features.CucumberFeaturesTestRunner" time="0.016"/>
  <testcase name="Unsuccessfully add an order to the system with invalid values #1(Add Order " classname="ca.mcgill.ecse.coolsupplies.features.CucumberFeaturesTestRunner" time="0.01"/>
  <testcase name="Unsuccessfully add an order to the system with invalid values #2(Add Order " classname="ca.mcgill.ecse.coolsupplies.features.CucumberFeaturesTestRunner" time="0.009"/>
  <testcase name="Unsuccessfully add an order to the system with invalid values #3(Add Order " classname="ca.mcgill.ecse.coolsupplies.features.CucumberFeaturesTestRunner" time="0.01"/>
  <testcase name="Unsuccessfully add an order to the system with invalid values #4(Add Order " classname="ca.mcgill.ecse.coolsupplies.features.CucumberFeaturesTestRunner" time="0.009"/>
  <testcase name="Unsuccessfully add an order to the system with invalid values #5(Add Order " classname="ca.mcgill.ecse.coolsupplies.features.CucumberFeaturesTestRunner" time="0.008"/>
  <testcase name="Successfully add a parent to the system(Add Parent " classname="ca.mcgill.ecse.coolsupplies.features.CucumberFeaturesTestRunner" time="0.009"/>
  <testcase name="Unsuccessfully add a parent to the system with invalid values #1(Add Parent " classname="ca.mcgill.ecse.coolsupplies.features.CucumberFeaturesTestRunner" time="0.011"/>
  <testcase name="Unsuccessfully add a parent to the system with invalid values #2(Add Parent " classname="ca.mcgill.ecse.coolsupplies.features.CucumberFeaturesTestRunner" time="0.009"/>
  <testcase name="Unsuccessfully add a parent to the system with invalid values #3(Add Parent " classname="ca.mcgill.ecse.coolsupplies.features.CucumberFeaturesTestRunner" time="0.008"/>
  <testcase name="Unsuccessfully add a parent to the system with invalid values #4(Add Parent " classname="ca.mcgill.ecse.coolsupplies.features.CucumberFeaturesTestRunner" time="0.009"/>
  <testcase name="Unsuccessfully add a parent to the system with invalid values #5(Add Parent " classname="ca.mcgill.ecse.coolsupplies.features.CucumberFeaturesTestRunner" time="0.008"/>
  <testcase name="Unsuccessfully add a parent to the system with invalid values #6(Add Parent " classname="ca.mcgill.ecse.coolsupplies.features.CucumberFeaturesTestRunner" time="0.008"/>
  <testcase name="Unsuccessfully add a parent to the system with invalid values #7(Add Parent " classname="ca.mcgill.ecse.coolsupplies.features.CucumberFeaturesTestRunner" time="0.008"/>
  <testcase name="Unsuccessfully add a parent to the system with invalid values #8(Add Parent " classname="ca.mcgill.ecse.coolsupplies.features.CucumberFeaturesTestRunner" time="0.009"/>
  <testcase name="Unsuccessfully add a parent to the system with invalid values #9(Add Parent " classname="ca.mcgill.ecse.coolsupplies.features.CucumberFeaturesTestRunner" time="0.008"/>
  <testcase name="Unsuccessfully add a parent to the system with invalid values #10(Add Parent " classname="ca.mcgill.ecse.coolsupplies.features.CucumberFeaturesTestRunner" time="0.009"/>
  <testcase name="Unsuccessfully add a parent to the system with invalid values #11(Add Parent " classname="ca.mcgill.ecse.coolsupplies.features.CucumberFeaturesTestRunner" time="0.008"/>
  <testcase name="Unsuccessfully add a parent to the system with invalid values #12(Add Parent " classname="ca.mcgill.ecse.coolsupplies.features.CucumberFeaturesTestRunner" time="0.009"/>
  <testcase name="Unsuccessfully add a parent to the system with invalid values #13(Add Parent " classname="ca.mcgill.ecse.coolsupplies.features.CucumberFeaturesTestRunner" time="0.008"/>
  <testcase name="Successfully add a student to the system(Add Student " classname="ca.mcgill.ecse.coolsupplies.features.CucumberFeaturesTestRunner" time="0.012"/>
  <testcase name="Unsuccessfully add a student to the system with invalid values #1(Add Student " classname="ca.mcgill.ecse.coolsupplies.features.CucumberFeaturesTestRunner" time="0.009"/>
  <testcase name="Unsuccessfully add a student to the system with invalid values #2(Add Student " classname="ca.mcgill.ecse.coolsupplies.features.CucumberFeaturesTestRunner" time="0.008"/>
  <testcase name="Unsuccessfully add a student to the system with invalid values #3(Add Student " classname="ca.mcgill.ecse.coolsupplies.features.CucumberFeaturesTestRunner" time="0.008"/>
  <testcase name="Successfully add a student to a parent in the system(Add Student to Students of Parent " classname="ca.mcgill.ecse.coolsupplies.features.CucumberFeaturesTestRunner" time="0.009"/>
  <testcase name="Unsuccessfully add a student that does not exist to a parent in the system(Add Student to Students of Parent " classname="ca.mcgill.ecse.coolsupplies.features.CucumberFeaturesTestRunner" time="0.009"/>
  <testcase name="Successfully delete a grade from the system(Delete Grade " classname="ca.mcgill.ecse.coolsupplies.features.CucumberFeaturesTestRunner" time="0.009"/>
  <testcase name="Unsuccessfully delete a grade that does not exist in the system(Delete Grade " classname="ca.mcgill.ecse.coolsupplies.features.CucumberFeaturesTestRunner" time="0.009"/>
  <testcase name="Successfully delete a grade bundle from the system(Delete Grade Bundle " classname="ca.mcgill.ecse.coolsupplies.features.CucumberFeaturesTestRunner" time="0.01"/>
  <testcase name="Unsuccessfully delete a grade bundle that does not exist in the system(Delete Grade Bundle " classname="ca.mcgill.ecse.coolsupplies.features.CucumberFeaturesTestRunner" time="0.01"/>
  <testcase name="Successfully delete an item from the system(Delete Item " classname="ca.mcgill.ecse.coolsupplies.features.CucumberFeaturesTestRunner" time="0.008"/>
  <testcase name="Unsuccessfully delete an item that does not exist in the system(Delete Item " classname="ca.mcgill.ecse.coolsupplies.features.CucumberFeaturesTestRunner" time="0.009"/>
  <testcase name="Successfully delete a parent from the system(Delete Parent " classname="ca.mcgill.ecse.coolsupplies.features.CucumberFeaturesTestRunner" time="0.009"/>
  <testcase name="Unsuccessfully delete a parent that does not exist in the system(Delete Parent " classname="ca.mcgill.ecse.coolsupplies.features.CucumberFeaturesTestRunner" time="0.009"/>
  <testcase name="Successfully delete a student from the system(Delete Student " classname="ca.mcgill.ecse.coolsupplies.features.CucumberFeaturesTestRunner" time="0.008"/>
  <testcase name="Unsuccessfully delete a student that does not exist in the system(Delete Student " classname="ca.mcgill.ecse.coolsupplies.features.CucumberFeaturesTestRunner" time="0.009"/>
  <testcase name="Successfully get a bundle item from the bundle items of a grade bundle in the system(Get Bundle Item from Bundle Items of Grade Bundle " classname="ca.mcgill.ecse.coolsupplies.features.CucumberFeaturesTestRunner" time="0.01"/>
  <testcase name="Successfully get all bundle items of a grade bundle in the system(Get Bundle Item from Bundle Items of Grade Bundle " classname="ca.mcgill.ecse.coolsupplies.features.CucumberFeaturesTestRunner" time="0.008"/>
  <testcase name="Unsuccessfully get a bundle item from the bundle items of a grade bundle that does not exist in the system(Get Bundle Item from Bundle Items of Grade Bundle " classname="ca.mcgill.ecse.coolsupplies.features.CucumberFeaturesTestRunner" time="0.008"/>
  <testcase name="Unsuccessfully get all bundle items of a grade bundle that does not exist in the system(Get Bundle Item from Bundle Items of Grade Bundle " classname="ca.mcgill.ecse.coolsupplies.features.CucumberFeaturesTestRunner" time="0.008"/>
  <testcase name="Unsuccessfully get a bundle item that does not exist in the bundle items of a grade bundle in the system(Get Bundle Item from Bundle Items of Grade Bundle " classname="ca.mcgill.ecse.coolsupplies.features.CucumberFeaturesTestRunner" time="0.008"/>
  <testcase name="Successfully get a grade from the system(Get Grade " classname="ca.mcgill.ecse.coolsupplies.features.CucumberFeaturesTestRunner" time="0.008"/>
  <testcase name="Unsuccessfully get a grade that does not exist in the system #1(Get Grade " classname="ca.mcgill.ecse.coolsupplies.features.CucumberFeaturesTestRunner" time="0.008"/>
  <testcase name="Unsuccessfully get a grade that does not exist in the system #2(Get Grade " classname="ca.mcgill.ecse.coolsupplies.features.CucumberFeaturesTestRunner" time="0.007"/>
  <testcase name="Successfully get all grades from the system(Get Grade " classname="ca.mcgill.ecse.coolsupplies.features.CucumberFeaturesTestRunner" time="0.008"/>
  <testcase name="Successfully get a grade bundle from the system(Get Grade Bundle " classname="ca.mcgill.ecse.coolsupplies.features.CucumberFeaturesTestRunner" time="0.01"/>
  <testcase name="Unsuccessfully get a grade bundle that does not exist in the system #1(Get Grade Bundle " classname="ca.mcgill.ecse.coolsupplies.features.CucumberFeaturesTestRunner" time="0.008"/>
  <testcase name="Unsuccessfully get a grade bundle that does not exist in the system #2(Get Grade Bundle " classname="ca.mcgill.ecse.coolsupplies.features.CucumberFeaturesTestRunner" time="0.008"/>
  <testcase name="Successfully get all bundles from the system(Get Grade Bundle " classname="ca.mcgill.ecse.coolsupplies.features.CucumberFeaturesTestRunner" time="0.008"/>
  <testcase name="Successfully get an item from the system(Get Item " classname="ca.mcgill.ecse.coolsupplies.features.CucumberFeaturesTestRunner" time="0.008"/>
  <testcase name="Unsuccessfully get an item that does not exist in the system #1(Get Item " classname="ca.mcgill.ecse.coolsupplies.features.CucumberFeaturesTestRunner" time="0.008"/>
  <testcase name="Unsuccessfully get an item that does not exist in the system #2(Get Item " classname="ca.mcgill.ecse.coolsupplies.features.CucumberFeaturesTestRunner" time="0.008"/>
  <testcase name="Successfully get all items from the system(Get Item " classname="ca.mcgill.ecse.coolsupplies.features.CucumberFeaturesTestRunner" time="0.007"/>
  <testcase name="Successfully get first order from the system" classname="ca.mcgill.ecse.coolsupplies.features.CucumberFeaturesTestRunner" time="0.01">
    <failure message="io.cucumber.java.PendingException: TODO: implement me" type="io.cucumber.java.PendingException">io.cucumber.java.PendingException: TODO: implement me
	at app//ca.mcgill.ecse.coolsupplies.features.OrderStepDefinitions.the_following_parent_entities_exist_in_the_system(OrderStepDefinitions.java:18)
	at ✽.the following parent entities exist in the system(file:///Users/zhengxuanzhao/IdeaProjects/ecse223-group-project-p8/src/test/resources/GetOrder.feature:5)
</failure>
  </testcase>
  <testcase name="Successfully get second order from the system" classname="ca.mcgill.ecse.coolsupplies.features.CucumberFeaturesTestRunner" time="0.008">
    <failure message="io.cucumber.java.PendingException: TODO: implement me" type="io.cucumber.java.PendingException">io.cucumber.java.PendingException: TODO: implement me
	at app//ca.mcgill.ecse.coolsupplies.features.OrderStepDefinitions.the_following_parent_entities_exist_in_the_system(OrderStepDefinitions.java:18)
	at ✽.the following parent entities exist in the system(file:///Users/zhengxuanzhao/IdeaProjects/ecse223-group-project-p8/src/test/resources/GetOrder.feature:5)
</failure>
  </testcase>
  <testcase name="Successfully get third order from the system" classname="ca.mcgill.ecse.coolsupplies.features.CucumberFeaturesTestRunner" time="0.009">
    <failure message="io.cucumber.java.PendingException: TODO: implement me" type="io.cucumber.java.PendingException">io.cucumber.java.PendingException: TODO: implement me
	at app//ca.mcgill.ecse.coolsupplies.features.OrderStepDefinitions.the_following_parent_entities_exist_in_the_system(OrderStepDefinitions.java:18)
	at ✽.the following parent entities exist in the system(file:///Users/zhengxuanzhao/IdeaProjects/ecse223-group-project-p8/src/test/resources/GetOrder.feature:5)
</failure>
  </testcase>
  <testcase name="Successfully get fourth order from the system" classname="ca.mcgill.ecse.coolsupplies.features.CucumberFeaturesTestRunner" time="0.008">
    <failure message="io.cucumber.java.PendingException: TODO: implement me" type="io.cucumber.java.PendingException">io.cucumber.java.PendingException: TODO: implement me
	at app//ca.mcgill.ecse.coolsupplies.features.OrderStepDefinitions.the_following_parent_entities_exist_in_the_system(OrderStepDefinitions.java:18)
	at ✽.the following parent entities exist in the system(file:///Users/zhengxuanzhao/IdeaProjects/ecse223-group-project-p8/src/test/resources/GetOrder.feature:5)
</failure>
  </testcase>
  <testcase name="Successfully get fifth order from the system" classname="ca.mcgill.ecse.coolsupplies.features.CucumberFeaturesTestRunner" time="0.009">
    <failure message="io.cucumber.java.PendingException: TODO: implement me" type="io.cucumber.java.PendingException">io.cucumber.java.PendingException: TODO: implement me
	at app//ca.mcgill.ecse.coolsupplies.features.OrderStepDefinitions.the_following_parent_entities_exist_in_the_system(OrderStepDefinitions.java:18)
	at ✽.the following parent entities exist in the system(file:///Users/zhengxuanzhao/IdeaProjects/ecse223-group-project-p8/src/test/resources/GetOrder.feature:5)
</failure>
  </testcase>
  <testcase name="Successfully get sixth order from the system" classname="ca.mcgill.ecse.coolsupplies.features.CucumberFeaturesTestRunner" time="0.008">
    <failure message="io.cucumber.java.PendingException: TODO: implement me" type="io.cucumber.java.PendingException">io.cucumber.java.PendingException: TODO: implement me
	at app//ca.mcgill.ecse.coolsupplies.features.OrderStepDefinitions.the_following_parent_entities_exist_in_the_system(OrderStepDefinitions.java:18)
	at ✽.the following parent entities exist in the system(file:///Users/zhengxuanzhao/IdeaProjects/ecse223-group-project-p8/src/test/resources/GetOrder.feature:5)
</failure>
  </testcase>
  <testcase name="Unsuccessfully get an order that does not exist in the system" classname="ca.mcgill.ecse.coolsupplies.features.CucumberFeaturesTestRunner" time="0.009">
    <failure message="io.cucumber.java.PendingException: TODO: implement me" type="io.cucumber.java.PendingException">io.cucumber.java.PendingException: TODO: implement me
	at app//ca.mcgill.ecse.coolsupplies.features.OrderStepDefinitions.the_following_parent_entities_exist_in_the_system(OrderStepDefinitions.java:18)
	at ✽.the following parent entities exist in the system(file:///Users/zhengxuanzhao/IdeaProjects/ecse223-group-project-p8/src/test/resources/GetOrder.feature:5)
</failure>
  </testcase>
  <testcase name="Successfully get all orders from the system" classname="ca.mcgill.ecse.coolsupplies.features.CucumberFeaturesTestRunner" time="0.008">
    <failure message="io.cucumber.java.PendingException: TODO: implement me" type="io.cucumber.java.PendingException">io.cucumber.java.PendingException: TODO: implement me
	at app//ca.mcgill.ecse.coolsupplies.features.OrderStepDefinitions.the_following_parent_entities_exist_in_the_system(OrderStepDefinitions.java:18)
	at ✽.the following parent entities exist in the system(file:///Users/zhengxuanzhao/IdeaProjects/ecse223-group-project-p8/src/test/resources/GetOrder.feature:5)
</failure>
  </testcase>
  <testcase name="Successfully get a parent from the system(Get Parent " classname="ca.mcgill.ecse.coolsupplies.features.CucumberFeaturesTestRunner" time="0.008"/>
  <testcase name="Unsuccessfully get a parent that does not exist in the system #1(Get Parent " classname="ca.mcgill.ecse.coolsupplies.features.CucumberFeaturesTestRunner" time="0.008"/>
  <testcase name="Unsuccessfully get a parent that does not exist in the system #2(Get Parent " classname="ca.mcgill.ecse.coolsupplies.features.CucumberFeaturesTestRunner" time="0.008"/>
  <testcase name="Successfully get all parents from the system(Get Parent " classname="ca.mcgill.ecse.coolsupplies.features.CucumberFeaturesTestRunner" time="0.008"/>
  <testcase name="Successfully get a student from the system(Get Student " classname="ca.mcgill.ecse.coolsupplies.features.CucumberFeaturesTestRunner" time="0.008"/>
  <testcase name="Unsuccessfully get a student that does not exist in the system #1(Get Student " classname="ca.mcgill.ecse.coolsupplies.features.CucumberFeaturesTestRunner" time="0.007"/>
  <testcase name="Unsuccessfully get a student that does not exist in the system #2(Get Student " classname="ca.mcgill.ecse.coolsupplies.features.CucumberFeaturesTestRunner" time="0.008"/>
  <testcase name="Successfully get all students from the system(Get Student " classname="ca.mcgill.ecse.coolsupplies.features.CucumberFeaturesTestRunner" time="0.008"/>
  <testcase name="Successfully get a student from the students of a parent in the system(Get Student from Students of Parent " classname="ca.mcgill.ecse.coolsupplies.features.CucumberFeaturesTestRunner" time="0.011"/>
  <testcase name="Successfully get all students of a parent in the system(Get Student from Students of Parent " classname="ca.mcgill.ecse.coolsupplies.features.CucumberFeaturesTestRunner" time="0.008"/>
  <testcase name="Unsuccessfully get a student from the students of a parent that does not exist in the system(Get Student from Students of Parent " classname="ca.mcgill.ecse.coolsupplies.features.CucumberFeaturesTestRunner" time="0.007"/>
  <testcase name="Unsuccessfully get all students of a parent that does not exist in the system(Get Student from Students of Parent " classname="ca.mcgill.ecse.coolsupplies.features.CucumberFeaturesTestRunner" time="0.008"/>
  <testcase name="Unsuccessfully get a student that does not exist in the students of a parent in the system(Get Student from Students of Parent " classname="ca.mcgill.ecse.coolsupplies.features.CucumberFeaturesTestRunner" time="0.007"/>
  <testcase name="Successfully update an order #1" classname="ca.mcgill.ecse.coolsupplies.features.CucumberFeaturesTestRunner" time="0.008">
    <failure message="io.cucumber.java.PendingException: TODO: implement me" type="io.cucumber.java.PendingException">io.cucumber.java.PendingException: TODO: implement me
	at app//ca.mcgill.ecse.coolsupplies.features.OrderStepDefinitions.the_following_parent_entities_exist_in_the_system(OrderStepDefinitions.java:18)
	at ✽.the following parent entities exist in the system(file:///Users/zhengxuanzhao/IdeaProjects/ecse223-group-project-p8/src/test/resources/ProcessOrder.feature:5)
</failure>
  </testcase>
  <testcase name="Successfully update an order #2" classname="ca.mcgill.ecse.coolsupplies.features.CucumberFeaturesTestRunner" time="0.009">
    <failure message="io.cucumber.java.PendingException: TODO: implement me" type="io.cucumber.java.PendingException">io.cucumber.java.PendingException: TODO: implement me
	at app//ca.mcgill.ecse.coolsupplies.features.OrderStepDefinitions.the_following_parent_entities_exist_in_the_system(OrderStepDefinitions.java:18)
	at ✽.the following parent entities exist in the system(file:///Users/zhengxuanzhao/IdeaProjects/ecse223-group-project-p8/src/test/resources/ProcessOrder.feature:5)
</failure>
  </testcase>
  <testcase name="Successfully update an order #3" classname="ca.mcgill.ecse.coolsupplies.features.CucumberFeaturesTestRunner" time="0.01">
    <failure message="io.cucumber.java.PendingException: TODO: implement me" type="io.cucumber.java.PendingException">io.cucumber.java.PendingException: TODO: implement me
	at app//ca.mcgill.ecse.coolsupplies.features.OrderStepDefinitions.the_following_parent_entities_exist_in_the_system(OrderStepDefinitions.java:18)
	at ✽.the following parent entities exist in the system(file:///Users/zhengxuanzhao/IdeaProjects/ecse223-group-project-p8/src/test/resources/ProcessOrder.feature:5)
</failure>
  </testcase>
  <testcase name="Successfully update an order #4" classname="ca.mcgill.ecse.coolsupplies.features.CucumberFeaturesTestRunner" time="0.01">
    <failure message="io.cucumber.java.PendingException: TODO: implement me" type="io.cucumber.java.PendingException">io.cucumber.java.PendingException: TODO: implement me
	at app//ca.mcgill.ecse.coolsupplies.features.OrderStepDefinitions.the_following_parent_entities_exist_in_the_system(OrderStepDefinitions.java:18)
	at ✽.the following parent entities exist in the system(file:///Users/zhengxuanzhao/IdeaProjects/ecse223-group-project-p8/src/test/resources/ProcessOrder.feature:5)
</failure>
  </testcase>
  <testcase name="Unsuccessfully update an order due to wrong input #1" classname="ca.mcgill.ecse.coolsupplies.features.CucumberFeaturesTestRunner" time="0.009">
    <failure message="io.cucumber.java.PendingException: TODO: implement me" type="io.cucumber.java.PendingException">io.cucumber.java.PendingException: TODO: implement me
	at app//ca.mcgill.ecse.coolsupplies.features.OrderStepDefinitions.the_following_parent_entities_exist_in_the_system(OrderStepDefinitions.java:18)
	at ✽.the following parent entities exist in the system(file:///Users/zhengxuanzhao/IdeaProjects/ecse223-group-project-p8/src/test/resources/ProcessOrder.feature:5)
</failure>
  </testcase>
  <testcase name="Unsuccessfully update an order due to wrong input #2" classname="ca.mcgill.ecse.coolsupplies.features.CucumberFeaturesTestRunner" time="0.009">
    <failure message="io.cucumber.java.PendingException: TODO: implement me" type="io.cucumber.java.PendingException">io.cucumber.java.PendingException: TODO: implement me
	at app//ca.mcgill.ecse.coolsupplies.features.OrderStepDefinitions.the_following_parent_entities_exist_in_the_system(OrderStepDefinitions.java:18)
	at ✽.the following parent entities exist in the system(file:///Users/zhengxuanzhao/IdeaProjects/ecse223-group-project-p8/src/test/resources/ProcessOrder.feature:5)
</failure>
  </testcase>
  <testcase name="Unsuccessfully update an order due to wrong input #3" classname="ca.mcgill.ecse.coolsupplies.features.CucumberFeaturesTestRunner" time="0.008">
    <failure message="io.cucumber.java.PendingException: TODO: implement me" type="io.cucumber.java.PendingException">io.cucumber.java.PendingException: TODO: implement me
	at app//ca.mcgill.ecse.coolsupplies.features.OrderStepDefinitions.the_following_parent_entities_exist_in_the_system(OrderStepDefinitions.java:18)
	at ✽.the following parent entities exist in the system(file:///Users/zhengxuanzhao/IdeaProjects/ecse223-group-project-p8/src/test/resources/ProcessOrder.feature:5)
</failure>
  </testcase>
  <testcase name="Unsuccessfully update an order due to non-existing order #1" classname="ca.mcgill.ecse.coolsupplies.features.CucumberFeaturesTestRunner" time="0.009">
    <failure message="io.cucumber.java.PendingException: TODO: implement me" type="io.cucumber.java.PendingException">io.cucumber.java.PendingException: TODO: implement me
	at app//ca.mcgill.ecse.coolsupplies.features.OrderStepDefinitions.the_following_parent_entities_exist_in_the_system(OrderStepDefinitions.java:18)
	at ✽.the following parent entities exist in the system(file:///Users/zhengxuanzhao/IdeaProjects/ecse223-group-project-p8/src/test/resources/ProcessOrder.feature:5)
</failure>
  </testcase>
  <testcase name="Unsuccessfully update an order due to non-existing order #2" classname="ca.mcgill.ecse.coolsupplies.features.CucumberFeaturesTestRunner" time="0.008">
    <failure message="io.cucumber.java.PendingException: TODO: implement me" type="io.cucumber.java.PendingException">io.cucumber.java.PendingException: TODO: implement me
	at app//ca.mcgill.ecse.coolsupplies.features.OrderStepDefinitions.the_following_parent_entities_exist_in_the_system(OrderStepDefinitions.java:18)
	at ✽.the following parent entities exist in the system(file:///Users/zhengxuanzhao/IdeaProjects/ecse223-group-project-p8/src/test/resources/ProcessOrder.feature:5)
</failure>
  </testcase>
  <testcase name="Unsuccessfully update an order due to wrong state #1" classname="ca.mcgill.ecse.coolsupplies.features.CucumberFeaturesTestRunner" time="0.009">
    <failure message="io.cucumber.java.PendingException: TODO: implement me" type="io.cucumber.java.PendingException">io.cucumber.java.PendingException: TODO: implement me
	at app//ca.mcgill.ecse.coolsupplies.features.OrderStepDefinitions.the_following_parent_entities_exist_in_the_system(OrderStepDefinitions.java:18)
	at ✽.the following parent entities exist in the system(file:///Users/zhengxuanzhao/IdeaProjects/ecse223-group-project-p8/src/test/resources/ProcessOrder.feature:5)
</failure>
  </testcase>
  <testcase name="Unsuccessfully update an order due to wrong state #2" classname="ca.mcgill.ecse.coolsupplies.features.CucumberFeaturesTestRunner" time="0.008">
    <failure message="io.cucumber.java.PendingException: TODO: implement me" type="io.cucumber.java.PendingException">io.cucumber.java.PendingException: TODO: implement me
	at app//ca.mcgill.ecse.coolsupplies.features.OrderStepDefinitions.the_following_parent_entities_exist_in_the_system(OrderStepDefinitions.java:18)
	at ✽.the following parent entities exist in the system(file:///Users/zhengxuanzhao/IdeaProjects/ecse223-group-project-p8/src/test/resources/ProcessOrder.feature:5)
</failure>
  </testcase>
  <testcase name="Unsuccessfully update an order due to wrong state #3" classname="ca.mcgill.ecse.coolsupplies.features.CucumberFeaturesTestRunner" time="0.009">
    <failure message="io.cucumber.java.PendingException: TODO: implement me" type="io.cucumber.java.PendingException">io.cucumber.java.PendingException: TODO: implement me
	at app//ca.mcgill.ecse.coolsupplies.features.OrderStepDefinitions.the_following_parent_entities_exist_in_the_system(OrderStepDefinitions.java:18)
	at ✽.the following parent entities exist in the system(file:///Users/zhengxuanzhao/IdeaProjects/ecse223-group-project-p8/src/test/resources/ProcessOrder.feature:5)
</failure>
  </testcase>
  <testcase name="Unsuccessfully update an order due to wrong state #4" classname="ca.mcgill.ecse.coolsupplies.features.CucumberFeaturesTestRunner" time="0.009">
    <failure message="io.cucumber.java.PendingException: TODO: implement me" type="io.cucumber.java.PendingException">io.cucumber.java.PendingException: TODO: implement me
	at app//ca.mcgill.ecse.coolsupplies.features.OrderStepDefinitions.the_following_parent_entities_exist_in_the_system(OrderStepDefinitions.java:18)
	at ✽.the following parent entities exist in the system(file:///Users/zhengxuanzhao/IdeaProjects/ecse223-group-project-p8/src/test/resources/ProcessOrder.feature:5)
</failure>
  </testcase>
  <testcase name="Successfully add an item to an order #1" classname="ca.mcgill.ecse.coolsupplies.features.CucumberFeaturesTestRunner" time="0.008">
    <failure message="io.cucumber.java.PendingException: TODO: implement me" type="io.cucumber.java.PendingException">io.cucumber.java.PendingException: TODO: implement me
	at app//ca.mcgill.ecse.coolsupplies.features.OrderStepDefinitions.the_following_parent_entities_exist_in_the_system(OrderStepDefinitions.java:18)
	at ✽.the following parent entities exist in the system(file:///Users/zhengxuanzhao/IdeaProjects/ecse223-group-project-p8/src/test/resources/ProcessOrder.feature:5)
</failure>
  </testcase>
  <testcase name="Successfully add an item to an order #2" classname="ca.mcgill.ecse.coolsupplies.features.CucumberFeaturesTestRunner" time="0.009">
    <failure message="io.cucumber.java.PendingException: TODO: implement me" type="io.cucumber.java.PendingException">io.cucumber.java.PendingException: TODO: implement me
	at app//ca.mcgill.ecse.coolsupplies.features.OrderStepDefinitions.the_following_parent_entities_exist_in_the_system(OrderStepDefinitions.java:18)
	at ✽.the following parent entities exist in the system(file:///Users/zhengxuanzhao/IdeaProjects/ecse223-group-project-p8/src/test/resources/ProcessOrder.feature:5)
</failure>
  </testcase>
  <testcase name="Successfully add an item to an order #3" classname="ca.mcgill.ecse.coolsupplies.features.CucumberFeaturesTestRunner" time="0.008">
    <failure message="io.cucumber.java.PendingException: TODO: implement me" type="io.cucumber.java.PendingException">io.cucumber.java.PendingException: TODO: implement me
	at app//ca.mcgill.ecse.coolsupplies.features.OrderStepDefinitions.the_following_parent_entities_exist_in_the_system(OrderStepDefinitions.java:18)
	at ✽.the following parent entities exist in the system(file:///Users/zhengxuanzhao/IdeaProjects/ecse223-group-project-p8/src/test/resources/ProcessOrder.feature:5)
</failure>
  </testcase>
  <testcase name="Successfully add an item to an order #4" classname="ca.mcgill.ecse.coolsupplies.features.CucumberFeaturesTestRunner" time="0.008">
    <failure message="io.cucumber.java.PendingException: TODO: implement me" type="io.cucumber.java.PendingException">io.cucumber.java.PendingException: TODO: implement me
	at app//ca.mcgill.ecse.coolsupplies.features.OrderStepDefinitions.the_following_parent_entities_exist_in_the_system(OrderStepDefinitions.java:18)
	at ✽.the following parent entities exist in the system(file:///Users/zhengxuanzhao/IdeaProjects/ecse223-group-project-p8/src/test/resources/ProcessOrder.feature:5)
</failure>
  </testcase>
  <testcase name="Unsuccessfully add an item to an order due to wrong input #1" classname="ca.mcgill.ecse.coolsupplies.features.CucumberFeaturesTestRunner" time="0.009">
    <failure message="io.cucumber.java.PendingException: TODO: implement me" type="io.cucumber.java.PendingException">io.cucumber.java.PendingException: TODO: implement me
	at app//ca.mcgill.ecse.coolsupplies.features.OrderStepDefinitions.the_following_parent_entities_exist_in_the_system(OrderStepDefinitions.java:18)
	at ✽.the following parent entities exist in the system(file:///Users/zhengxuanzhao/IdeaProjects/ecse223-group-project-p8/src/test/resources/ProcessOrder.feature:5)
</failure>
  </testcase>
  <testcase name="Unsuccessfully add an item to an order due to wrong input #2" classname="ca.mcgill.ecse.coolsupplies.features.CucumberFeaturesTestRunner" time="0.009">
    <failure message="io.cucumber.java.PendingException: TODO: implement me" type="io.cucumber.java.PendingException">io.cucumber.java.PendingException: TODO: implement me
	at app//ca.mcgill.ecse.coolsupplies.features.OrderStepDefinitions.the_following_parent_entities_exist_in_the_system(OrderStepDefinitions.java:18)
	at ✽.the following parent entities exist in the system(file:///Users/zhengxuanzhao/IdeaProjects/ecse223-group-project-p8/src/test/resources/ProcessOrder.feature:5)
</failure>
  </testcase>
  <testcase name="Unsuccessfully add an item to an order due to wrong input #3" classname="ca.mcgill.ecse.coolsupplies.features.CucumberFeaturesTestRunner" time="0.008">
    <failure message="io.cucumber.java.PendingException: TODO: implement me" type="io.cucumber.java.PendingException">io.cucumber.java.PendingException: TODO: implement me
	at app//ca.mcgill.ecse.coolsupplies.features.OrderStepDefinitions.the_following_parent_entities_exist_in_the_system(OrderStepDefinitions.java:18)
	at ✽.the following parent entities exist in the system(file:///Users/zhengxuanzhao/IdeaProjects/ecse223-group-project-p8/src/test/resources/ProcessOrder.feature:5)
</failure>
  </testcase>
  <testcase name="Unsuccessfully add an item to an order due to wrong input #4" classname="ca.mcgill.ecse.coolsupplies.features.CucumberFeaturesTestRunner" time="0.009">
    <failure message="io.cucumber.java.PendingException: TODO: implement me" type="io.cucumber.java.PendingException">io.cucumber.java.PendingException: TODO: implement me
	at app//ca.mcgill.ecse.coolsupplies.features.OrderStepDefinitions.the_following_parent_entities_exist_in_the_system(OrderStepDefinitions.java:18)
	at ✽.the following parent entities exist in the system(file:///Users/zhengxuanzhao/IdeaProjects/ecse223-group-project-p8/src/test/resources/ProcessOrder.feature:5)
</failure>
  </testcase>
  <testcase name="Unsuccessfully add an item to an order due to wrong input #5" classname="ca.mcgill.ecse.coolsupplies.features.CucumberFeaturesTestRunner" time="0.01">
    <failure message="io.cucumber.java.PendingException: TODO: implement me" type="io.cucumber.java.PendingException">io.cucumber.java.PendingException: TODO: implement me
	at app//ca.mcgill.ecse.coolsupplies.features.OrderStepDefinitions.the_following_parent_entities_exist_in_the_system(OrderStepDefinitions.java:18)
	at ✽.the following parent entities exist in the system(file:///Users/zhengxuanzhao/IdeaProjects/ecse223-group-project-p8/src/test/resources/ProcessOrder.feature:5)
</failure>
  </testcase>
  <testcase name="Unsuccessfully add an item to an order due to non-existing order #1" classname="ca.mcgill.ecse.coolsupplies.features.CucumberFeaturesTestRunner" time="0.008">
    <failure message="io.cucumber.java.PendingException: TODO: implement me" type="io.cucumber.java.PendingException">io.cucumber.java.PendingException: TODO: implement me
	at app//ca.mcgill.ecse.coolsupplies.features.OrderStepDefinitions.the_following_parent_entities_exist_in_the_system(OrderStepDefinitions.java:18)
	at ✽.the following parent entities exist in the system(file:///Users/zhengxuanzhao/IdeaProjects/ecse223-group-project-p8/src/test/resources/ProcessOrder.feature:5)
</failure>
  </testcase>
  <testcase name="Unsuccessfully add an item to an order due to non-existing order #2" classname="ca.mcgill.ecse.coolsupplies.features.CucumberFeaturesTestRunner" time="0.008">
    <failure message="io.cucumber.java.PendingException: TODO: implement me" type="io.cucumber.java.PendingException">io.cucumber.java.PendingException: TODO: implement me
	at app//ca.mcgill.ecse.coolsupplies.features.OrderStepDefinitions.the_following_parent_entities_exist_in_the_system(OrderStepDefinitions.java:18)
	at ✽.the following parent entities exist in the system(file:///Users/zhengxuanzhao/IdeaProjects/ecse223-group-project-p8/src/test/resources/ProcessOrder.feature:5)
</failure>
  </testcase>
  <testcase name="Unsuccessfully add an item to an order due to wrong state #1" classname="ca.mcgill.ecse.coolsupplies.features.CucumberFeaturesTestRunner" time="0.008">
    <failure message="io.cucumber.java.PendingException: TODO: implement me" type="io.cucumber.java.PendingException">io.cucumber.java.PendingException: TODO: implement me
	at app//ca.mcgill.ecse.coolsupplies.features.OrderStepDefinitions.the_following_parent_entities_exist_in_the_system(OrderStepDefinitions.java:18)
	at ✽.the following parent entities exist in the system(file:///Users/zhengxuanzhao/IdeaProjects/ecse223-group-project-p8/src/test/resources/ProcessOrder.feature:5)
</failure>
  </testcase>
  <testcase name="Unsuccessfully add an item to an order due to wrong state #2" classname="ca.mcgill.ecse.coolsupplies.features.CucumberFeaturesTestRunner" time="0.008">
    <failure message="io.cucumber.java.PendingException: TODO: implement me" type="io.cucumber.java.PendingException">io.cucumber.java.PendingException: TODO: implement me
	at app//ca.mcgill.ecse.coolsupplies.features.OrderStepDefinitions.the_following_parent_entities_exist_in_the_system(OrderStepDefinitions.java:18)
	at ✽.the following parent entities exist in the system(file:///Users/zhengxuanzhao/IdeaProjects/ecse223-group-project-p8/src/test/resources/ProcessOrder.feature:5)
</failure>
  </testcase>
  <testcase name="Unsuccessfully add an item to an order due to wrong state #3" classname="ca.mcgill.ecse.coolsupplies.features.CucumberFeaturesTestRunner" time="0.008">
    <failure message="io.cucumber.java.PendingException: TODO: implement me" type="io.cucumber.java.PendingException">io.cucumber.java.PendingException: TODO: implement me
	at app//ca.mcgill.ecse.coolsupplies.features.OrderStepDefinitions.the_following_parent_entities_exist_in_the_system(OrderStepDefinitions.java:18)
	at ✽.the following parent entities exist in the system(file:///Users/zhengxuanzhao/IdeaProjects/ecse223-group-project-p8/src/test/resources/ProcessOrder.feature:5)
</failure>
  </testcase>
  <testcase name="Unsuccessfully add an item to an order due to wrong state #4" classname="ca.mcgill.ecse.coolsupplies.features.CucumberFeaturesTestRunner" time="0.008">
    <failure message="io.cucumber.java.PendingException: TODO: implement me" type="io.cucumber.java.PendingException">io.cucumber.java.PendingException: TODO: implement me
	at app//ca.mcgill.ecse.coolsupplies.features.OrderStepDefinitions.the_following_parent_entities_exist_in_the_system(OrderStepDefinitions.java:18)
	at ✽.the following parent entities exist in the system(file:///Users/zhengxuanzhao/IdeaProjects/ecse223-group-project-p8/src/test/resources/ProcessOrder.feature:5)
</failure>
  </testcase>
  <testcase name="Successfully update an item in an order #1" classname="ca.mcgill.ecse.coolsupplies.features.CucumberFeaturesTestRunner" time="0.008">
    <failure message="io.cucumber.java.PendingException: TODO: implement me" type="io.cucumber.java.PendingException">io.cucumber.java.PendingException: TODO: implement me
	at app//ca.mcgill.ecse.coolsupplies.features.OrderStepDefinitions.the_following_parent_entities_exist_in_the_system(OrderStepDefinitions.java:18)
	at ✽.the following parent entities exist in the system(file:///Users/zhengxuanzhao/IdeaProjects/ecse223-group-project-p8/src/test/resources/ProcessOrder.feature:5)
</failure>
  </testcase>
  <testcase name="Successfully update an item in an order #2" classname="ca.mcgill.ecse.coolsupplies.features.CucumberFeaturesTestRunner" time="0.008">
    <failure message="io.cucumber.java.PendingException: TODO: implement me" type="io.cucumber.java.PendingException">io.cucumber.java.PendingException: TODO: implement me
	at app//ca.mcgill.ecse.coolsupplies.features.OrderStepDefinitions.the_following_parent_entities_exist_in_the_system(OrderStepDefinitions.java:18)
	at ✽.the following parent entities exist in the system(file:///Users/zhengxuanzhao/IdeaProjects/ecse223-group-project-p8/src/test/resources/ProcessOrder.feature:5)
</failure>
  </testcase>
  <testcase name="Unsuccessfully update an item in an order due to wrong input #1" classname="ca.mcgill.ecse.coolsupplies.features.CucumberFeaturesTestRunner" time="0.008">
    <failure message="io.cucumber.java.PendingException: TODO: implement me" type="io.cucumber.java.PendingException">io.cucumber.java.PendingException: TODO: implement me
	at app//ca.mcgill.ecse.coolsupplies.features.OrderStepDefinitions.the_following_parent_entities_exist_in_the_system(OrderStepDefinitions.java:18)
	at ✽.the following parent entities exist in the system(file:///Users/zhengxuanzhao/IdeaProjects/ecse223-group-project-p8/src/test/resources/ProcessOrder.feature:5)
</failure>
  </testcase>
  <testcase name="Unsuccessfully update an item in an order due to wrong input #2" classname="ca.mcgill.ecse.coolsupplies.features.CucumberFeaturesTestRunner" time="0.009">
    <failure message="io.cucumber.java.PendingException: TODO: implement me" type="io.cucumber.java.PendingException">io.cucumber.java.PendingException: TODO: implement me
	at app//ca.mcgill.ecse.coolsupplies.features.OrderStepDefinitions.the_following_parent_entities_exist_in_the_system(OrderStepDefinitions.java:18)
	at ✽.the following parent entities exist in the system(file:///Users/zhengxuanzhao/IdeaProjects/ecse223-group-project-p8/src/test/resources/ProcessOrder.feature:5)
</failure>
  </testcase>
  <testcase name="Unsuccessfully update an item in an order due to wrong input #3" classname="ca.mcgill.ecse.coolsupplies.features.CucumberFeaturesTestRunner" time="0.011">
    <failure message="io.cucumber.java.PendingException: TODO: implement me" type="io.cucumber.java.PendingException">io.cucumber.java.PendingException: TODO: implement me
	at app//ca.mcgill.ecse.coolsupplies.features.OrderStepDefinitions.the_following_parent_entities_exist_in_the_system(OrderStepDefinitions.java:18)
	at ✽.the following parent entities exist in the system(file:///Users/zhengxuanzhao/IdeaProjects/ecse223-group-project-p8/src/test/resources/ProcessOrder.feature:5)
</failure>
  </testcase>
  <testcase name="Unsuccessfully update an item in an order due to wrong input #4" classname="ca.mcgill.ecse.coolsupplies.features.CucumberFeaturesTestRunner" time="0.013">
    <failure message="io.cucumber.java.PendingException: TODO: implement me" type="io.cucumber.java.PendingException">io.cucumber.java.PendingException: TODO: implement me
	at app//ca.mcgill.ecse.coolsupplies.features.OrderStepDefinitions.the_following_parent_entities_exist_in_the_system(OrderStepDefinitions.java:18)
	at ✽.the following parent entities exist in the system(file:///Users/zhengxuanzhao/IdeaProjects/ecse223-group-project-p8/src/test/resources/ProcessOrder.feature:5)
</failure>
  </testcase>
  <testcase name="Unsuccessfully update an item in an order due to wrong input #5" classname="ca.mcgill.ecse.coolsupplies.features.CucumberFeaturesTestRunner" time="0.015">
    <failure message="io.cucumber.java.PendingException: TODO: implement me" type="io.cucumber.java.PendingException">io.cucumber.java.PendingException: TODO: implement me
	at app//ca.mcgill.ecse.coolsupplies.features.OrderStepDefinitions.the_following_parent_entities_exist_in_the_system(OrderStepDefinitions.java:18)
	at ✽.the following parent entities exist in the system(file:///Users/zhengxuanzhao/IdeaProjects/ecse223-group-project-p8/src/test/resources/ProcessOrder.feature:5)
</failure>
  </testcase>
  <testcase name="Unsuccessfully update an item in an order due to non-existing order #1" classname="ca.mcgill.ecse.coolsupplies.features.CucumberFeaturesTestRunner" time="0.015">
    <failure message="io.cucumber.java.PendingException: TODO: implement me" type="io.cucumber.java.PendingException">io.cucumber.java.PendingException: TODO: implement me
	at app//ca.mcgill.ecse.coolsupplies.features.OrderStepDefinitions.the_following_parent_entities_exist_in_the_system(OrderStepDefinitions.java:18)
	at ✽.the following parent entities exist in the system(file:///Users/zhengxuanzhao/IdeaProjects/ecse223-group-project-p8/src/test/resources/ProcessOrder.feature:5)
</failure>
  </testcase>
  <testcase name="Unsuccessfully update an item in an order due to non-existing order #2" classname="ca.mcgill.ecse.coolsupplies.features.CucumberFeaturesTestRunner" time="0.013">
    <failure message="io.cucumber.java.PendingException: TODO: implement me" type="io.cucumber.java.PendingException">io.cucumber.java.PendingException: TODO: implement me
	at app//ca.mcgill.ecse.coolsupplies.features.OrderStepDefinitions.the_following_parent_entities_exist_in_the_system(OrderStepDefinitions.java:18)
	at ✽.the following parent entities exist in the system(file:///Users/zhengxuanzhao/IdeaProjects/ecse223-group-project-p8/src/test/resources/ProcessOrder.feature:5)
</failure>
  </testcase>
  <testcase name="Unsuccessfully update an item in an order due to wrong state #1" classname="ca.mcgill.ecse.coolsupplies.features.CucumberFeaturesTestRunner" time="0.013">
    <failure message="io.cucumber.java.PendingException: TODO: implement me" type="io.cucumber.java.PendingException">io.cucumber.java.PendingException: TODO: implement me
	at app//ca.mcgill.ecse.coolsupplies.features.OrderStepDefinitions.the_following_parent_entities_exist_in_the_system(OrderStepDefinitions.java:18)
	at ✽.the following parent entities exist in the system(file:///Users/zhengxuanzhao/IdeaProjects/ecse223-group-project-p8/src/test/resources/ProcessOrder.feature:5)
</failure>
  </testcase>
  <testcase name="Unsuccessfully update an item in an order due to wrong state #2" classname="ca.mcgill.ecse.coolsupplies.features.CucumberFeaturesTestRunner" time="0.008">
    <failure message="io.cucumber.java.PendingException: TODO: implement me" type="io.cucumber.java.PendingException">io.cucumber.java.PendingException: TODO: implement me
	at app//ca.mcgill.ecse.coolsupplies.features.OrderStepDefinitions.the_following_parent_entities_exist_in_the_system(OrderStepDefinitions.java:18)
	at ✽.the following parent entities exist in the system(file:///Users/zhengxuanzhao/IdeaProjects/ecse223-group-project-p8/src/test/resources/ProcessOrder.feature:5)
</failure>
  </testcase>
  <testcase name="Unsuccessfully update an item in an order due to wrong state #3" classname="ca.mcgill.ecse.coolsupplies.features.CucumberFeaturesTestRunner" time="0.011">
    <failure message="io.cucumber.java.PendingException: TODO: implement me" type="io.cucumber.java.PendingException">io.cucumber.java.PendingException: TODO: implement me
	at app//ca.mcgill.ecse.coolsupplies.features.OrderStepDefinitions.the_following_parent_entities_exist_in_the_system(OrderStepDefinitions.java:18)
	at ✽.the following parent entities exist in the system(file:///Users/zhengxuanzhao/IdeaProjects/ecse223-group-project-p8/src/test/resources/ProcessOrder.feature:5)
</failure>
  </testcase>
  <testcase name="Unsuccessfully update an item in an order due to wrong state #4" classname="ca.mcgill.ecse.coolsupplies.features.CucumberFeaturesTestRunner" time="0.012">
    <failure message="io.cucumber.java.PendingException: TODO: implement me" type="io.cucumber.java.PendingException">io.cucumber.java.PendingException: TODO: implement me
	at app//ca.mcgill.ecse.coolsupplies.features.OrderStepDefinitions.the_following_parent_entities_exist_in_the_system(OrderStepDefinitions.java:18)
	at ✽.the following parent entities exist in the system(file:///Users/zhengxuanzhao/IdeaProjects/ecse223-group-project-p8/src/test/resources/ProcessOrder.feature:5)
</failure>
  </testcase>
  <testcase name="Successfully delete an item from an order #1" classname="ca.mcgill.ecse.coolsupplies.features.CucumberFeaturesTestRunner" time="0.011">
    <failure message="io.cucumber.java.PendingException: TODO: implement me" type="io.cucumber.java.PendingException">io.cucumber.java.PendingException: TODO: implement me
	at app//ca.mcgill.ecse.coolsupplies.features.OrderStepDefinitions.the_following_parent_entities_exist_in_the_system(OrderStepDefinitions.java:18)
	at ✽.the following parent entities exist in the system(file:///Users/zhengxuanzhao/IdeaProjects/ecse223-group-project-p8/src/test/resources/ProcessOrder.feature:5)
</failure>
  </testcase>
  <testcase name="Successfully delete an item from an order #2" classname="ca.mcgill.ecse.coolsupplies.features.CucumberFeaturesTestRunner" time="0.012">
    <failure message="io.cucumber.java.PendingException: TODO: implement me" type="io.cucumber.java.PendingException">io.cucumber.java.PendingException: TODO: implement me
	at app//ca.mcgill.ecse.coolsupplies.features.OrderStepDefinitions.the_following_parent_entities_exist_in_the_system(OrderStepDefinitions.java:18)
	at ✽.the following parent entities exist in the system(file:///Users/zhengxuanzhao/IdeaProjects/ecse223-group-project-p8/src/test/resources/ProcessOrder.feature:5)
</failure>
  </testcase>
  <testcase name="Unsuccessfully delete an item from an order due to wrong input #1" classname="ca.mcgill.ecse.coolsupplies.features.CucumberFeaturesTestRunner" time="0.011">
    <failure message="io.cucumber.java.PendingException: TODO: implement me" type="io.cucumber.java.PendingException">io.cucumber.java.PendingException: TODO: implement me
	at app//ca.mcgill.ecse.coolsupplies.features.OrderStepDefinitions.the_following_parent_entities_exist_in_the_system(OrderStepDefinitions.java:18)
	at ✽.the following parent entities exist in the system(file:///Users/zhengxuanzhao/IdeaProjects/ecse223-group-project-p8/src/test/resources/ProcessOrder.feature:5)
</failure>
  </testcase>
  <testcase name="Unsuccessfully delete an item from an order due to wrong input #2" classname="ca.mcgill.ecse.coolsupplies.features.CucumberFeaturesTestRunner" time="0.02">
    <failure message="io.cucumber.java.PendingException: TODO: implement me" type="io.cucumber.java.PendingException">io.cucumber.java.PendingException: TODO: implement me
	at app//ca.mcgill.ecse.coolsupplies.features.OrderStepDefinitions.the_following_parent_entities_exist_in_the_system(OrderStepDefinitions.java:18)
	at ✽.the following parent entities exist in the system(file:///Users/zhengxuanzhao/IdeaProjects/ecse223-group-project-p8/src/test/resources/ProcessOrder.feature:5)
</failure>
  </testcase>
  <testcase name="Unsuccessfully delete an item from an order due to wrong input #3" classname="ca.mcgill.ecse.coolsupplies.features.CucumberFeaturesTestRunner" time="0.022">
    <failure message="io.cucumber.java.PendingException: TODO: implement me" type="io.cucumber.java.PendingException">io.cucumber.java.PendingException: TODO: implement me
	at app//ca.mcgill.ecse.coolsupplies.features.OrderStepDefinitions.the_following_parent_entities_exist_in_the_system(OrderStepDefinitions.java:18)
	at ✽.the following parent entities exist in the system(file:///Users/zhengxuanzhao/IdeaProjects/ecse223-group-project-p8/src/test/resources/ProcessOrder.feature:5)
</failure>
  </testcase>
  <testcase name="Unsuccessfully delete an item from an order due to non-existing order #1" classname="ca.mcgill.ecse.coolsupplies.features.CucumberFeaturesTestRunner" time="0.015">
    <failure message="io.cucumber.java.PendingException: TODO: implement me" type="io.cucumber.java.PendingException">io.cucumber.java.PendingException: TODO: implement me
	at app//ca.mcgill.ecse.coolsupplies.features.OrderStepDefinitions.the_following_parent_entities_exist_in_the_system(OrderStepDefinitions.java:18)
	at ✽.the following parent entities exist in the system(file:///Users/zhengxuanzhao/IdeaProjects/ecse223-group-project-p8/src/test/resources/ProcessOrder.feature:5)
</failure>
  </testcase>
  <testcase name="Unsuccessfully delete an item from an order due to non-existing order #2" classname="ca.mcgill.ecse.coolsupplies.features.CucumberFeaturesTestRunner" time="0.013">
    <failure message="io.cucumber.java.PendingException: TODO: implement me" type="io.cucumber.java.PendingException">io.cucumber.java.PendingException: TODO: implement me
	at app//ca.mcgill.ecse.coolsupplies.features.OrderStepDefinitions.the_following_parent_entities_exist_in_the_system(OrderStepDefinitions.java:18)
	at ✽.the following parent entities exist in the system(file:///Users/zhengxuanzhao/IdeaProjects/ecse223-group-project-p8/src/test/resources/ProcessOrder.feature:5)
</failure>
  </testcase>
  <testcase name="Unsuccessfully delete an item from an order due to wrong state #1" classname="ca.mcgill.ecse.coolsupplies.features.CucumberFeaturesTestRunner" time="0.014">
    <failure message="io.cucumber.java.PendingException: TODO: implement me" type="io.cucumber.java.PendingException">io.cucumber.java.PendingException: TODO: implement me
	at app//ca.mcgill.ecse.coolsupplies.features.OrderStepDefinitions.the_following_parent_entities_exist_in_the_system(OrderStepDefinitions.java:18)
	at ✽.the following parent entities exist in the system(file:///Users/zhengxuanzhao/IdeaProjects/ecse223-group-project-p8/src/test/resources/ProcessOrder.feature:5)
</failure>
  </testcase>
  <testcase name="Unsuccessfully delete an item from an order due to wrong state #2" classname="ca.mcgill.ecse.coolsupplies.features.CucumberFeaturesTestRunner" time="0.014">
    <failure message="io.cucumber.java.PendingException: TODO: implement me" type="io.cucumber.java.PendingException">io.cucumber.java.PendingException: TODO: implement me
	at app//ca.mcgill.ecse.coolsupplies.features.OrderStepDefinitions.the_following_parent_entities_exist_in_the_system(OrderStepDefinitions.java:18)
	at ✽.the following parent entities exist in the system(file:///Users/zhengxuanzhao/IdeaProjects/ecse223-group-project-p8/src/test/resources/ProcessOrder.feature:5)
</failure>
  </testcase>
  <testcase name="Unsuccessfully delete an item from an order due to wrong state #3" classname="ca.mcgill.ecse.coolsupplies.features.CucumberFeaturesTestRunner" time="0.012">
    <failure message="io.cucumber.java.PendingException: TODO: implement me" type="io.cucumber.java.PendingException">io.cucumber.java.PendingException: TODO: implement me
	at app//ca.mcgill.ecse.coolsupplies.features.OrderStepDefinitions.the_following_parent_entities_exist_in_the_system(OrderStepDefinitions.java:18)
	at ✽.the following parent entities exist in the system(file:///Users/zhengxuanzhao/IdeaProjects/ecse223-group-project-p8/src/test/resources/ProcessOrder.feature:5)
</failure>
  </testcase>
  <testcase name="Unsuccessfully delete an item from an order due to wrong state #4" classname="ca.mcgill.ecse.coolsupplies.features.CucumberFeaturesTestRunner" time="0.01">
    <failure message="io.cucumber.java.PendingException: TODO: implement me" type="io.cucumber.java.PendingException">io.cucumber.java.PendingException: TODO: implement me
	at app//ca.mcgill.ecse.coolsupplies.features.OrderStepDefinitions.the_following_parent_entities_exist_in_the_system(OrderStepDefinitions.java:18)
	at ✽.the following parent entities exist in the system(file:///Users/zhengxuanzhao/IdeaProjects/ecse223-group-project-p8/src/test/resources/ProcessOrder.feature:5)
</failure>
  </testcase>
  <testcase name="Successfully pay for a started order #1" classname="ca.mcgill.ecse.coolsupplies.features.CucumberFeaturesTestRunner" time="0.011">
    <failure message="io.cucumber.java.PendingException: TODO: implement me" type="io.cucumber.java.PendingException">io.cucumber.java.PendingException: TODO: implement me
	at app//ca.mcgill.ecse.coolsupplies.features.OrderStepDefinitions.the_following_parent_entities_exist_in_the_system(OrderStepDefinitions.java:18)
	at ✽.the following parent entities exist in the system(file:///Users/zhengxuanzhao/IdeaProjects/ecse223-group-project-p8/src/test/resources/ProcessOrder.feature:5)
</failure>
  </testcase>
  <testcase name="Successfully pay for a started order #2" classname="ca.mcgill.ecse.coolsupplies.features.CucumberFeaturesTestRunner" time="0.011">
    <failure message="io.cucumber.java.PendingException: TODO: implement me" type="io.cucumber.java.PendingException">io.cucumber.java.PendingException: TODO: implement me
	at app//ca.mcgill.ecse.coolsupplies.features.OrderStepDefinitions.the_following_parent_entities_exist_in_the_system(OrderStepDefinitions.java:18)
	at ✽.the following parent entities exist in the system(file:///Users/zhengxuanzhao/IdeaProjects/ecse223-group-project-p8/src/test/resources/ProcessOrder.feature:5)
</failure>
  </testcase>
  <testcase name="Unsuccessfully pay for an order due to no items #1" classname="ca.mcgill.ecse.coolsupplies.features.CucumberFeaturesTestRunner" time="0.008">
    <failure message="io.cucumber.java.PendingException: TODO: implement me" type="io.cucumber.java.PendingException">io.cucumber.java.PendingException: TODO: implement me
	at app//ca.mcgill.ecse.coolsupplies.features.OrderStepDefinitions.the_following_parent_entities_exist_in_the_system(OrderStepDefinitions.java:18)
	at ✽.the following parent entities exist in the system(file:///Users/zhengxuanzhao/IdeaProjects/ecse223-group-project-p8/src/test/resources/ProcessOrder.feature:5)
</failure>
  </testcase>
  <testcase name="Unsuccessfully pay for an order due to no items #2" classname="ca.mcgill.ecse.coolsupplies.features.CucumberFeaturesTestRunner" time="0.008">
    <failure message="io.cucumber.java.PendingException: TODO: implement me" type="io.cucumber.java.PendingException">io.cucumber.java.PendingException: TODO: implement me
	at app//ca.mcgill.ecse.coolsupplies.features.OrderStepDefinitions.the_following_parent_entities_exist_in_the_system(OrderStepDefinitions.java:18)
	at ✽.the following parent entities exist in the system(file:///Users/zhengxuanzhao/IdeaProjects/ecse223-group-project-p8/src/test/resources/ProcessOrder.feature:5)
</failure>
  </testcase>
  <testcase name="Unsuccessfully pay for an order due to no items #3" classname="ca.mcgill.ecse.coolsupplies.features.CucumberFeaturesTestRunner" time="0.009">
    <failure message="io.cucumber.java.PendingException: TODO: implement me" type="io.cucumber.java.PendingException">io.cucumber.java.PendingException: TODO: implement me
	at app//ca.mcgill.ecse.coolsupplies.features.OrderStepDefinitions.the_following_parent_entities_exist_in_the_system(OrderStepDefinitions.java:18)
	at ✽.the following parent entities exist in the system(file:///Users/zhengxuanzhao/IdeaProjects/ecse223-group-project-p8/src/test/resources/ProcessOrder.feature:5)
</failure>
  </testcase>
  <testcase name="Unsuccessfully pay for an order due to wrong input" classname="ca.mcgill.ecse.coolsupplies.features.CucumberFeaturesTestRunner" time="0.01">
    <failure message="io.cucumber.java.PendingException: TODO: implement me" type="io.cucumber.java.PendingException">io.cucumber.java.PendingException: TODO: implement me
	at app//ca.mcgill.ecse.coolsupplies.features.OrderStepDefinitions.the_following_parent_entities_exist_in_the_system(OrderStepDefinitions.java:18)
	at ✽.the following parent entities exist in the system(file:///Users/zhengxuanzhao/IdeaProjects/ecse223-group-project-p8/src/test/resources/ProcessOrder.feature:5)
</failure>
  </testcase>
  <testcase name="Unsuccessfully pay for an order due to non-existing order #1" classname="ca.mcgill.ecse.coolsupplies.features.CucumberFeaturesTestRunner" time="0.012">
    <failure message="io.cucumber.java.PendingException: TODO: implement me" type="io.cucumber.java.PendingException">io.cucumber.java.PendingException: TODO: implement me
	at app//ca.mcgill.ecse.coolsupplies.features.OrderStepDefinitions.the_following_parent_entities_exist_in_the_system(OrderStepDefinitions.java:18)
	at ✽.the following parent entities exist in the system(file:///Users/zhengxuanzhao/IdeaProjects/ecse223-group-project-p8/src/test/resources/ProcessOrder.feature:5)
</failure>
  </testcase>
  <testcase name="Unsuccessfully pay for an order due to non-existing order #2" classname="ca.mcgill.ecse.coolsupplies.features.CucumberFeaturesTestRunner" time="0.012">
    <failure message="io.cucumber.java.PendingException: TODO: implement me" type="io.cucumber.java.PendingException">io.cucumber.java.PendingException: TODO: implement me
	at app//ca.mcgill.ecse.coolsupplies.features.OrderStepDefinitions.the_following_parent_entities_exist_in_the_system(OrderStepDefinitions.java:18)
	at ✽.the following parent entities exist in the system(file:///Users/zhengxuanzhao/IdeaProjects/ecse223-group-project-p8/src/test/resources/ProcessOrder.feature:5)
</failure>
  </testcase>
  <testcase name="Unsuccessfully pay for an order due to wrong state #1" classname="ca.mcgill.ecse.coolsupplies.features.CucumberFeaturesTestRunner" time="0.008">
    <failure message="io.cucumber.java.PendingException: TODO: implement me" type="io.cucumber.java.PendingException">io.cucumber.java.PendingException: TODO: implement me
	at app//ca.mcgill.ecse.coolsupplies.features.OrderStepDefinitions.the_following_parent_entities_exist_in_the_system(OrderStepDefinitions.java:18)
	at ✽.the following parent entities exist in the system(file:///Users/zhengxuanzhao/IdeaProjects/ecse223-group-project-p8/src/test/resources/ProcessOrder.feature:5)
</failure>
  </testcase>
  <testcase name="Unsuccessfully pay for an order due to wrong state #2" classname="ca.mcgill.ecse.coolsupplies.features.CucumberFeaturesTestRunner" time="0.008">
    <failure message="io.cucumber.java.PendingException: TODO: implement me" type="io.cucumber.java.PendingException">io.cucumber.java.PendingException: TODO: implement me
	at app//ca.mcgill.ecse.coolsupplies.features.OrderStepDefinitions.the_following_parent_entities_exist_in_the_system(OrderStepDefinitions.java:18)
	at ✽.the following parent entities exist in the system(file:///Users/zhengxuanzhao/IdeaProjects/ecse223-group-project-p8/src/test/resources/ProcessOrder.feature:5)
</failure>
  </testcase>
  <testcase name="Unsuccessfully pay for an order due to wrong state #3" classname="ca.mcgill.ecse.coolsupplies.features.CucumberFeaturesTestRunner" time="0.009">
    <failure message="io.cucumber.java.PendingException: TODO: implement me" type="io.cucumber.java.PendingException">io.cucumber.java.PendingException: TODO: implement me
	at app//ca.mcgill.ecse.coolsupplies.features.OrderStepDefinitions.the_following_parent_entities_exist_in_the_system(OrderStepDefinitions.java:18)
	at ✽.the following parent entities exist in the system(file:///Users/zhengxuanzhao/IdeaProjects/ecse223-group-project-p8/src/test/resources/ProcessOrder.feature:5)
</failure>
  </testcase>
  <testcase name="Unsuccessfully pay for an order due to wrong state #4" classname="ca.mcgill.ecse.coolsupplies.features.CucumberFeaturesTestRunner" time="0.008">
    <failure message="io.cucumber.java.PendingException: TODO: implement me" type="io.cucumber.java.PendingException">io.cucumber.java.PendingException: TODO: implement me
	at app//ca.mcgill.ecse.coolsupplies.features.OrderStepDefinitions.the_following_parent_entities_exist_in_the_system(OrderStepDefinitions.java:18)
	at ✽.the following parent entities exist in the system(file:///Users/zhengxuanzhao/IdeaProjects/ecse223-group-project-p8/src/test/resources/ProcessOrder.feature:5)
</failure>
  </testcase>
  <testcase name="Successfully cancel a started order #1" classname="ca.mcgill.ecse.coolsupplies.features.CucumberFeaturesTestRunner" time="0.008">
    <failure message="io.cucumber.java.PendingException: TODO: implement me" type="io.cucumber.java.PendingException">io.cucumber.java.PendingException: TODO: implement me
	at app//ca.mcgill.ecse.coolsupplies.features.OrderStepDefinitions.the_following_parent_entities_exist_in_the_system(OrderStepDefinitions.java:18)
	at ✽.the following parent entities exist in the system(file:///Users/zhengxuanzhao/IdeaProjects/ecse223-group-project-p8/src/test/resources/ProcessOrder.feature:5)
</failure>
  </testcase>
  <testcase name="Successfully cancel a started order #2" classname="ca.mcgill.ecse.coolsupplies.features.CucumberFeaturesTestRunner" time="0.008">
    <failure message="io.cucumber.java.PendingException: TODO: implement me" type="io.cucumber.java.PendingException">io.cucumber.java.PendingException: TODO: implement me
	at app//ca.mcgill.ecse.coolsupplies.features.OrderStepDefinitions.the_following_parent_entities_exist_in_the_system(OrderStepDefinitions.java:18)
	at ✽.the following parent entities exist in the system(file:///Users/zhengxuanzhao/IdeaProjects/ecse223-group-project-p8/src/test/resources/ProcessOrder.feature:5)
</failure>
  </testcase>
  <testcase name="Successfully cancel a started order #3" classname="ca.mcgill.ecse.coolsupplies.features.CucumberFeaturesTestRunner" time="0.009">
    <failure message="io.cucumber.java.PendingException: TODO: implement me" type="io.cucumber.java.PendingException">io.cucumber.java.PendingException: TODO: implement me
	at app//ca.mcgill.ecse.coolsupplies.features.OrderStepDefinitions.the_following_parent_entities_exist_in_the_system(OrderStepDefinitions.java:18)
	at ✽.the following parent entities exist in the system(file:///Users/zhengxuanzhao/IdeaProjects/ecse223-group-project-p8/src/test/resources/ProcessOrder.feature:5)
</failure>
  </testcase>
  <testcase name="Successfully cancel a started order #4" classname="ca.mcgill.ecse.coolsupplies.features.CucumberFeaturesTestRunner" time="0.012">
    <failure message="io.cucumber.java.PendingException: TODO: implement me" type="io.cucumber.java.PendingException">io.cucumber.java.PendingException: TODO: implement me
	at app//ca.mcgill.ecse.coolsupplies.features.OrderStepDefinitions.the_following_parent_entities_exist_in_the_system(OrderStepDefinitions.java:18)
	at ✽.the following parent entities exist in the system(file:///Users/zhengxuanzhao/IdeaProjects/ecse223-group-project-p8/src/test/resources/ProcessOrder.feature:5)
</failure>
  </testcase>
  <testcase name="Successfully cancel a paid order #1" classname="ca.mcgill.ecse.coolsupplies.features.CucumberFeaturesTestRunner" time="0.01">
    <failure message="io.cucumber.java.PendingException: TODO: implement me" type="io.cucumber.java.PendingException">io.cucumber.java.PendingException: TODO: implement me
	at app//ca.mcgill.ecse.coolsupplies.features.OrderStepDefinitions.the_following_parent_entities_exist_in_the_system(OrderStepDefinitions.java:18)
	at ✽.the following parent entities exist in the system(file:///Users/zhengxuanzhao/IdeaProjects/ecse223-group-project-p8/src/test/resources/ProcessOrder.feature:5)
</failure>
  </testcase>
  <testcase name="Successfully cancel a paid order #2" classname="ca.mcgill.ecse.coolsupplies.features.CucumberFeaturesTestRunner" time="0.016">
    <failure message="io.cucumber.java.PendingException: TODO: implement me" type="io.cucumber.java.PendingException">io.cucumber.java.PendingException: TODO: implement me
	at app//ca.mcgill.ecse.coolsupplies.features.OrderStepDefinitions.the_following_parent_entities_exist_in_the_system(OrderStepDefinitions.java:18)
	at ✽.the following parent entities exist in the system(file:///Users/zhengxuanzhao/IdeaProjects/ecse223-group-project-p8/src/test/resources/ProcessOrder.feature:5)
</failure>
  </testcase>
  <testcase name="Successfully cancel a paid order #3" classname="ca.mcgill.ecse.coolsupplies.features.CucumberFeaturesTestRunner" time="0.008">
    <failure message="io.cucumber.java.PendingException: TODO: implement me" type="io.cucumber.java.PendingException">io.cucumber.java.PendingException: TODO: implement me
	at app//ca.mcgill.ecse.coolsupplies.features.OrderStepDefinitions.the_following_parent_entities_exist_in_the_system(OrderStepDefinitions.java:18)
	at ✽.the following parent entities exist in the system(file:///Users/zhengxuanzhao/IdeaProjects/ecse223-group-project-p8/src/test/resources/ProcessOrder.feature:5)
</failure>
  </testcase>
  <testcase name="Successfully cancel a paid order #4" classname="ca.mcgill.ecse.coolsupplies.features.CucumberFeaturesTestRunner" time="0.009">
    <failure message="io.cucumber.java.PendingException: TODO: implement me" type="io.cucumber.java.PendingException">io.cucumber.java.PendingException: TODO: implement me
	at app//ca.mcgill.ecse.coolsupplies.features.OrderStepDefinitions.the_following_parent_entities_exist_in_the_system(OrderStepDefinitions.java:18)
	at ✽.the following parent entities exist in the system(file:///Users/zhengxuanzhao/IdeaProjects/ecse223-group-project-p8/src/test/resources/ProcessOrder.feature:5)
</failure>
  </testcase>
  <testcase name="Unsuccessfully cancel an order due to non-existing order #1" classname="ca.mcgill.ecse.coolsupplies.features.CucumberFeaturesTestRunner" time="0.008">
    <failure message="io.cucumber.java.PendingException: TODO: implement me" type="io.cucumber.java.PendingException">io.cucumber.java.PendingException: TODO: implement me
	at app//ca.mcgill.ecse.coolsupplies.features.OrderStepDefinitions.the_following_parent_entities_exist_in_the_system(OrderStepDefinitions.java:18)
	at ✽.the following parent entities exist in the system(file:///Users/zhengxuanzhao/IdeaProjects/ecse223-group-project-p8/src/test/resources/ProcessOrder.feature:5)
</failure>
  </testcase>
  <testcase name="Unsuccessfully cancel an order due to non-existing order #2" classname="ca.mcgill.ecse.coolsupplies.features.CucumberFeaturesTestRunner" time="0.008">
    <failure message="io.cucumber.java.PendingException: TODO: implement me" type="io.cucumber.java.PendingException">io.cucumber.java.PendingException: TODO: implement me
	at app//ca.mcgill.ecse.coolsupplies.features.OrderStepDefinitions.the_following_parent_entities_exist_in_the_system(OrderStepDefinitions.java:18)
	at ✽.the following parent entities exist in the system(file:///Users/zhengxuanzhao/IdeaProjects/ecse223-group-project-p8/src/test/resources/ProcessOrder.feature:5)
</failure>
  </testcase>
  <testcase name="Unsuccessfully cancel an order due to wrong state #1" classname="ca.mcgill.ecse.coolsupplies.features.CucumberFeaturesTestRunner" time="0.009">
    <failure message="io.cucumber.java.PendingException: TODO: implement me" type="io.cucumber.java.PendingException">io.cucumber.java.PendingException: TODO: implement me
	at app//ca.mcgill.ecse.coolsupplies.features.OrderStepDefinitions.the_following_parent_entities_exist_in_the_system(OrderStepDefinitions.java:18)
	at ✽.the following parent entities exist in the system(file:///Users/zhengxuanzhao/IdeaProjects/ecse223-group-project-p8/src/test/resources/ProcessOrder.feature:5)
</failure>
  </testcase>
  <testcase name="Unsuccessfully cancel an order due to wrong state #2" classname="ca.mcgill.ecse.coolsupplies.features.CucumberFeaturesTestRunner" time="0.011">
    <failure message="io.cucumber.java.PendingException: TODO: implement me" type="io.cucumber.java.PendingException">io.cucumber.java.PendingException: TODO: implement me
	at app//ca.mcgill.ecse.coolsupplies.features.OrderStepDefinitions.the_following_parent_entities_exist_in_the_system(OrderStepDefinitions.java:18)
	at ✽.the following parent entities exist in the system(file:///Users/zhengxuanzhao/IdeaProjects/ecse223-group-project-p8/src/test/resources/ProcessOrder.feature:5)
</failure>
  </testcase>
  <testcase name="Unsuccessfully cancel an order due to wrong state #3" classname="ca.mcgill.ecse.coolsupplies.features.CucumberFeaturesTestRunner" time="0.009">
    <failure message="io.cucumber.java.PendingException: TODO: implement me" type="io.cucumber.java.PendingException">io.cucumber.java.PendingException: TODO: implement me
	at app//ca.mcgill.ecse.coolsupplies.features.OrderStepDefinitions.the_following_parent_entities_exist_in_the_system(OrderStepDefinitions.java:18)
	at ✽.the following parent entities exist in the system(file:///Users/zhengxuanzhao/IdeaProjects/ecse223-group-project-p8/src/test/resources/ProcessOrder.feature:5)
</failure>
  </testcase>
  <testcase name="Successfully start a school year for a started order #1" classname="ca.mcgill.ecse.coolsupplies.features.CucumberFeaturesTestRunner" time="0.01">
    <failure message="io.cucumber.java.PendingException: TODO: implement me" type="io.cucumber.java.PendingException">io.cucumber.java.PendingException: TODO: implement me
	at app//ca.mcgill.ecse.coolsupplies.features.OrderStepDefinitions.the_following_parent_entities_exist_in_the_system(OrderStepDefinitions.java:18)
	at ✽.the following parent entities exist in the system(file:///Users/zhengxuanzhao/IdeaProjects/ecse223-group-project-p8/src/test/resources/ProcessOrder.feature:5)
</failure>
  </testcase>
  <testcase name="Successfully start a school year for a started order #2" classname="ca.mcgill.ecse.coolsupplies.features.CucumberFeaturesTestRunner" time="0.008">
    <failure message="io.cucumber.java.PendingException: TODO: implement me" type="io.cucumber.java.PendingException">io.cucumber.java.PendingException: TODO: implement me
	at app//ca.mcgill.ecse.coolsupplies.features.OrderStepDefinitions.the_following_parent_entities_exist_in_the_system(OrderStepDefinitions.java:18)
	at ✽.the following parent entities exist in the system(file:///Users/zhengxuanzhao/IdeaProjects/ecse223-group-project-p8/src/test/resources/ProcessOrder.feature:5)
</failure>
  </testcase>
  <testcase name="Successfully start a school year for a started order #3" classname="ca.mcgill.ecse.coolsupplies.features.CucumberFeaturesTestRunner" time="0.008">
    <failure message="io.cucumber.java.PendingException: TODO: implement me" type="io.cucumber.java.PendingException">io.cucumber.java.PendingException: TODO: implement me
	at app//ca.mcgill.ecse.coolsupplies.features.OrderStepDefinitions.the_following_parent_entities_exist_in_the_system(OrderStepDefinitions.java:18)
	at ✽.the following parent entities exist in the system(file:///Users/zhengxuanzhao/IdeaProjects/ecse223-group-project-p8/src/test/resources/ProcessOrder.feature:5)
</failure>
  </testcase>
  <testcase name="Successfully start a school year for a started order #4" classname="ca.mcgill.ecse.coolsupplies.features.CucumberFeaturesTestRunner" time="0.007">
    <failure message="io.cucumber.java.PendingException: TODO: implement me" type="io.cucumber.java.PendingException">io.cucumber.java.PendingException: TODO: implement me
	at app//ca.mcgill.ecse.coolsupplies.features.OrderStepDefinitions.the_following_parent_entities_exist_in_the_system(OrderStepDefinitions.java:18)
	at ✽.the following parent entities exist in the system(file:///Users/zhengxuanzhao/IdeaProjects/ecse223-group-project-p8/src/test/resources/ProcessOrder.feature:5)
</failure>
  </testcase>
  <testcase name="Successfully start a school year for a paid order #1" classname="ca.mcgill.ecse.coolsupplies.features.CucumberFeaturesTestRunner" time="0.008">
    <failure message="io.cucumber.java.PendingException: TODO: implement me" type="io.cucumber.java.PendingException">io.cucumber.java.PendingException: TODO: implement me
	at app//ca.mcgill.ecse.coolsupplies.features.OrderStepDefinitions.the_following_parent_entities_exist_in_the_system(OrderStepDefinitions.java:18)
	at ✽.the following parent entities exist in the system(file:///Users/zhengxuanzhao/IdeaProjects/ecse223-group-project-p8/src/test/resources/ProcessOrder.feature:5)
</failure>
  </testcase>
  <testcase name="Successfully start a school year for a paid order #2" classname="ca.mcgill.ecse.coolsupplies.features.CucumberFeaturesTestRunner" time="0.008">
    <failure message="io.cucumber.java.PendingException: TODO: implement me" type="io.cucumber.java.PendingException">io.cucumber.java.PendingException: TODO: implement me
	at app//ca.mcgill.ecse.coolsupplies.features.OrderStepDefinitions.the_following_parent_entities_exist_in_the_system(OrderStepDefinitions.java:18)
	at ✽.the following parent entities exist in the system(file:///Users/zhengxuanzhao/IdeaProjects/ecse223-group-project-p8/src/test/resources/ProcessOrder.feature:5)
</failure>
  </testcase>
  <testcase name="Successfully start a school year for a paid order #3" classname="ca.mcgill.ecse.coolsupplies.features.CucumberFeaturesTestRunner" time="0.01">
    <failure message="io.cucumber.java.PendingException: TODO: implement me" type="io.cucumber.java.PendingException">io.cucumber.java.PendingException: TODO: implement me
	at app//ca.mcgill.ecse.coolsupplies.features.OrderStepDefinitions.the_following_parent_entities_exist_in_the_system(OrderStepDefinitions.java:18)
	at ✽.the following parent entities exist in the system(file:///Users/zhengxuanzhao/IdeaProjects/ecse223-group-project-p8/src/test/resources/ProcessOrder.feature:5)
</failure>
  </testcase>
  <testcase name="Successfully start a school year for a paid order #4" classname="ca.mcgill.ecse.coolsupplies.features.CucumberFeaturesTestRunner" time="0.009">
    <failure message="io.cucumber.java.PendingException: TODO: implement me" type="io.cucumber.java.PendingException">io.cucumber.java.PendingException: TODO: implement me
	at app//ca.mcgill.ecse.coolsupplies.features.OrderStepDefinitions.the_following_parent_entities_exist_in_the_system(OrderStepDefinitions.java:18)
	at ✽.the following parent entities exist in the system(file:///Users/zhengxuanzhao/IdeaProjects/ecse223-group-project-p8/src/test/resources/ProcessOrder.feature:5)
</failure>
  </testcase>
  <testcase name="Unsuccessfully start a school year for an order due to non-existing order #1" classname="ca.mcgill.ecse.coolsupplies.features.CucumberFeaturesTestRunner" time="0.009">
    <failure message="io.cucumber.java.PendingException: TODO: implement me" type="io.cucumber.java.PendingException">io.cucumber.java.PendingException: TODO: implement me
	at app//ca.mcgill.ecse.coolsupplies.features.OrderStepDefinitions.the_following_parent_entities_exist_in_the_system(OrderStepDefinitions.java:18)
	at ✽.the following parent entities exist in the system(file:///Users/zhengxuanzhao/IdeaProjects/ecse223-group-project-p8/src/test/resources/ProcessOrder.feature:5)
</failure>
  </testcase>
  <testcase name="Unsuccessfully start a school year for an order due to non-existing order #2" classname="ca.mcgill.ecse.coolsupplies.features.CucumberFeaturesTestRunner" time="0.007">
    <failure message="io.cucumber.java.PendingException: TODO: implement me" type="io.cucumber.java.PendingException">io.cucumber.java.PendingException: TODO: implement me
	at app//ca.mcgill.ecse.coolsupplies.features.OrderStepDefinitions.the_following_parent_entities_exist_in_the_system(OrderStepDefinitions.java:18)
	at ✽.the following parent entities exist in the system(file:///Users/zhengxuanzhao/IdeaProjects/ecse223-group-project-p8/src/test/resources/ProcessOrder.feature:5)
</failure>
  </testcase>
  <testcase name="Unsuccessfully start a school year for an order due to wrong state #1" classname="ca.mcgill.ecse.coolsupplies.features.CucumberFeaturesTestRunner" time="0.008">
    <failure message="io.cucumber.java.PendingException: TODO: implement me" type="io.cucumber.java.PendingException">io.cucumber.java.PendingException: TODO: implement me
	at app//ca.mcgill.ecse.coolsupplies.features.OrderStepDefinitions.the_following_parent_entities_exist_in_the_system(OrderStepDefinitions.java:18)
	at ✽.the following parent entities exist in the system(file:///Users/zhengxuanzhao/IdeaProjects/ecse223-group-project-p8/src/test/resources/ProcessOrder.feature:5)
</failure>
  </testcase>
  <testcase name="Unsuccessfully start a school year for an order due to wrong state #2" classname="ca.mcgill.ecse.coolsupplies.features.CucumberFeaturesTestRunner" time="0.009">
    <failure message="io.cucumber.java.PendingException: TODO: implement me" type="io.cucumber.java.PendingException">io.cucumber.java.PendingException: TODO: implement me
	at app//ca.mcgill.ecse.coolsupplies.features.OrderStepDefinitions.the_following_parent_entities_exist_in_the_system(OrderStepDefinitions.java:18)
	at ✽.the following parent entities exist in the system(file:///Users/zhengxuanzhao/IdeaProjects/ecse223-group-project-p8/src/test/resources/ProcessOrder.feature:5)
</failure>
  </testcase>
  <testcase name="Unsuccessfully start a school year for an order due to wrong state #3" classname="ca.mcgill.ecse.coolsupplies.features.CucumberFeaturesTestRunner" time="0.016">
    <failure message="io.cucumber.java.PendingException: TODO: implement me" type="io.cucumber.java.PendingException">io.cucumber.java.PendingException: TODO: implement me
	at app//ca.mcgill.ecse.coolsupplies.features.OrderStepDefinitions.the_following_parent_entities_exist_in_the_system(OrderStepDefinitions.java:18)
	at ✽.the following parent entities exist in the system(file:///Users/zhengxuanzhao/IdeaProjects/ecse223-group-project-p8/src/test/resources/ProcessOrder.feature:5)
</failure>
  </testcase>
  <testcase name="Successfully pay penalty for a penalized order #1" classname="ca.mcgill.ecse.coolsupplies.features.CucumberFeaturesTestRunner" time="0.008">
    <failure message="io.cucumber.java.PendingException: TODO: implement me" type="io.cucumber.java.PendingException">io.cucumber.java.PendingException: TODO: implement me
	at app//ca.mcgill.ecse.coolsupplies.features.OrderStepDefinitions.the_following_parent_entities_exist_in_the_system(OrderStepDefinitions.java:18)
	at ✽.the following parent entities exist in the system(file:///Users/zhengxuanzhao/IdeaProjects/ecse223-group-project-p8/src/test/resources/ProcessOrder.feature:5)
</failure>
  </testcase>
  <testcase name="Successfully pay penalty for a penalized order #2" classname="ca.mcgill.ecse.coolsupplies.features.CucumberFeaturesTestRunner" time="0.008">
    <failure message="io.cucumber.java.PendingException: TODO: implement me" type="io.cucumber.java.PendingException">io.cucumber.java.PendingException: TODO: implement me
	at app//ca.mcgill.ecse.coolsupplies.features.OrderStepDefinitions.the_following_parent_entities_exist_in_the_system(OrderStepDefinitions.java:18)
	at ✽.the following parent entities exist in the system(file:///Users/zhengxuanzhao/IdeaProjects/ecse223-group-project-p8/src/test/resources/ProcessOrder.feature:5)
</failure>
  </testcase>
  <testcase name="Unsuccessfully pay penalty for an order due to wrong input #1" classname="ca.mcgill.ecse.coolsupplies.features.CucumberFeaturesTestRunner" time="0.007">
    <failure message="io.cucumber.java.PendingException: TODO: implement me" type="io.cucumber.java.PendingException">io.cucumber.java.PendingException: TODO: implement me
	at app//ca.mcgill.ecse.coolsupplies.features.OrderStepDefinitions.the_following_parent_entities_exist_in_the_system(OrderStepDefinitions.java:18)
	at ✽.the following parent entities exist in the system(file:///Users/zhengxuanzhao/IdeaProjects/ecse223-group-project-p8/src/test/resources/ProcessOrder.feature:5)
</failure>
  </testcase>
  <testcase name="Unsuccessfully pay penalty for an order due to wrong input #2" classname="ca.mcgill.ecse.coolsupplies.features.CucumberFeaturesTestRunner" time="0.008">
    <failure message="io.cucumber.java.PendingException: TODO: implement me" type="io.cucumber.java.PendingException">io.cucumber.java.PendingException: TODO: implement me
	at app//ca.mcgill.ecse.coolsupplies.features.OrderStepDefinitions.the_following_parent_entities_exist_in_the_system(OrderStepDefinitions.java:18)
	at ✽.the following parent entities exist in the system(file:///Users/zhengxuanzhao/IdeaProjects/ecse223-group-project-p8/src/test/resources/ProcessOrder.feature:5)
</failure>
  </testcase>
  <testcase name="Unsuccessfully pay penalty for an order due to non-existing order #1" classname="ca.mcgill.ecse.coolsupplies.features.CucumberFeaturesTestRunner" time="0.008">
    <failure message="io.cucumber.java.PendingException: TODO: implement me" type="io.cucumber.java.PendingException">io.cucumber.java.PendingException: TODO: implement me
	at app//ca.mcgill.ecse.coolsupplies.features.OrderStepDefinitions.the_following_parent_entities_exist_in_the_system(OrderStepDefinitions.java:18)
	at ✽.the following parent entities exist in the system(file:///Users/zhengxuanzhao/IdeaProjects/ecse223-group-project-p8/src/test/resources/ProcessOrder.feature:5)
</failure>
  </testcase>
  <testcase name="Unsuccessfully pay penalty for an order due to non-existing order #2" classname="ca.mcgill.ecse.coolsupplies.features.CucumberFeaturesTestRunner" time="0.007">
    <failure message="io.cucumber.java.PendingException: TODO: implement me" type="io.cucumber.java.PendingException">io.cucumber.java.PendingException: TODO: implement me
	at app//ca.mcgill.ecse.coolsupplies.features.OrderStepDefinitions.the_following_parent_entities_exist_in_the_system(OrderStepDefinitions.java:18)
	at ✽.the following parent entities exist in the system(file:///Users/zhengxuanzhao/IdeaProjects/ecse223-group-project-p8/src/test/resources/ProcessOrder.feature:5)
</failure>
  </testcase>
  <testcase name="Unsuccessfully pay penalty for an order due to wrong state #1" classname="ca.mcgill.ecse.coolsupplies.features.CucumberFeaturesTestRunner" time="0.008">
    <failure message="io.cucumber.java.PendingException: TODO: implement me" type="io.cucumber.java.PendingException">io.cucumber.java.PendingException: TODO: implement me
	at app//ca.mcgill.ecse.coolsupplies.features.OrderStepDefinitions.the_following_parent_entities_exist_in_the_system(OrderStepDefinitions.java:18)
	at ✽.the following parent entities exist in the system(file:///Users/zhengxuanzhao/IdeaProjects/ecse223-group-project-p8/src/test/resources/ProcessOrder.feature:5)
</failure>
  </testcase>
  <testcase name="Unsuccessfully pay penalty for an order due to wrong state #2" classname="ca.mcgill.ecse.coolsupplies.features.CucumberFeaturesTestRunner" time="0.009">
    <failure message="io.cucumber.java.PendingException: TODO: implement me" type="io.cucumber.java.PendingException">io.cucumber.java.PendingException: TODO: implement me
	at app//ca.mcgill.ecse.coolsupplies.features.OrderStepDefinitions.the_following_parent_entities_exist_in_the_system(OrderStepDefinitions.java:18)
	at ✽.the following parent entities exist in the system(file:///Users/zhengxuanzhao/IdeaProjects/ecse223-group-project-p8/src/test/resources/ProcessOrder.feature:5)
</failure>
  </testcase>
  <testcase name="Unsuccessfully pay penalty for an order due to wrong state #3" classname="ca.mcgill.ecse.coolsupplies.features.CucumberFeaturesTestRunner" time="0.008">
    <failure message="io.cucumber.java.PendingException: TODO: implement me" type="io.cucumber.java.PendingException">io.cucumber.java.PendingException: TODO: implement me
	at app//ca.mcgill.ecse.coolsupplies.features.OrderStepDefinitions.the_following_parent_entities_exist_in_the_system(OrderStepDefinitions.java:18)
	at ✽.the following parent entities exist in the system(file:///Users/zhengxuanzhao/IdeaProjects/ecse223-group-project-p8/src/test/resources/ProcessOrder.feature:5)
</failure>
  </testcase>
  <testcase name="Unsuccessfully pay penalty for an order due to wrong state #4" classname="ca.mcgill.ecse.coolsupplies.features.CucumberFeaturesTestRunner" time="0.007">
    <failure message="io.cucumber.java.PendingException: TODO: implement me" type="io.cucumber.java.PendingException">io.cucumber.java.PendingException: TODO: implement me
	at app//ca.mcgill.ecse.coolsupplies.features.OrderStepDefinitions.the_following_parent_entities_exist_in_the_system(OrderStepDefinitions.java:18)
	at ✽.the following parent entities exist in the system(file:///Users/zhengxuanzhao/IdeaProjects/ecse223-group-project-p8/src/test/resources/ProcessOrder.feature:5)
</failure>
  </testcase>
  <testcase name="Successfully pickup an order #1" classname="ca.mcgill.ecse.coolsupplies.features.CucumberFeaturesTestRunner" time="0.01">
    <failure message="io.cucumber.java.PendingException: TODO: implement me" type="io.cucumber.java.PendingException">io.cucumber.java.PendingException: TODO: implement me
	at app//ca.mcgill.ecse.coolsupplies.features.OrderStepDefinitions.the_following_parent_entities_exist_in_the_system(OrderStepDefinitions.java:18)
	at ✽.the following parent entities exist in the system(file:///Users/zhengxuanzhao/IdeaProjects/ecse223-group-project-p8/src/test/resources/ProcessOrder.feature:5)
</failure>
  </testcase>
  <testcase name="Successfully pickup an order #2" classname="ca.mcgill.ecse.coolsupplies.features.CucumberFeaturesTestRunner" time="0.011">
    <failure message="io.cucumber.java.PendingException: TODO: implement me" type="io.cucumber.java.PendingException">io.cucumber.java.PendingException: TODO: implement me
	at app//ca.mcgill.ecse.coolsupplies.features.OrderStepDefinitions.the_following_parent_entities_exist_in_the_system(OrderStepDefinitions.java:18)
	at ✽.the following parent entities exist in the system(file:///Users/zhengxuanzhao/IdeaProjects/ecse223-group-project-p8/src/test/resources/ProcessOrder.feature:5)
</failure>
  </testcase>
  <testcase name="Successfully pickup an order #3" classname="ca.mcgill.ecse.coolsupplies.features.CucumberFeaturesTestRunner" time="0.011">
    <failure message="io.cucumber.java.PendingException: TODO: implement me" type="io.cucumber.java.PendingException">io.cucumber.java.PendingException: TODO: implement me
	at app//ca.mcgill.ecse.coolsupplies.features.OrderStepDefinitions.the_following_parent_entities_exist_in_the_system(OrderStepDefinitions.java:18)
	at ✽.the following parent entities exist in the system(file:///Users/zhengxuanzhao/IdeaProjects/ecse223-group-project-p8/src/test/resources/ProcessOrder.feature:5)
</failure>
  </testcase>
  <testcase name="Successfully pickup an order #4" classname="ca.mcgill.ecse.coolsupplies.features.CucumberFeaturesTestRunner" time="0.008">
    <failure message="io.cucumber.java.PendingException: TODO: implement me" type="io.cucumber.java.PendingException">io.cucumber.java.PendingException: TODO: implement me
	at app//ca.mcgill.ecse.coolsupplies.features.OrderStepDefinitions.the_following_parent_entities_exist_in_the_system(OrderStepDefinitions.java:18)
	at ✽.the following parent entities exist in the system(file:///Users/zhengxuanzhao/IdeaProjects/ecse223-group-project-p8/src/test/resources/ProcessOrder.feature:5)
</failure>
  </testcase>
  <testcase name="Unsuccessfully pickup an order due to non-existing order #1" classname="ca.mcgill.ecse.coolsupplies.features.CucumberFeaturesTestRunner" time="0.007">
    <failure message="io.cucumber.java.PendingException: TODO: implement me" type="io.cucumber.java.PendingException">io.cucumber.java.PendingException: TODO: implement me
	at app//ca.mcgill.ecse.coolsupplies.features.OrderStepDefinitions.the_following_parent_entities_exist_in_the_system(OrderStepDefinitions.java:18)
	at ✽.the following parent entities exist in the system(file:///Users/zhengxuanzhao/IdeaProjects/ecse223-group-project-p8/src/test/resources/ProcessOrder.feature:5)
</failure>
  </testcase>
  <testcase name="Unsuccessfully pickup an order due to non-existing order #2" classname="ca.mcgill.ecse.coolsupplies.features.CucumberFeaturesTestRunner" time="0.008">
    <failure message="io.cucumber.java.PendingException: TODO: implement me" type="io.cucumber.java.PendingException">io.cucumber.java.PendingException: TODO: implement me
	at app//ca.mcgill.ecse.coolsupplies.features.OrderStepDefinitions.the_following_parent_entities_exist_in_the_system(OrderStepDefinitions.java:18)
	at ✽.the following parent entities exist in the system(file:///Users/zhengxuanzhao/IdeaProjects/ecse223-group-project-p8/src/test/resources/ProcessOrder.feature:5)
</failure>
  </testcase>
  <testcase name="Unsuccessfully pickup an order due to wrong state #1" classname="ca.mcgill.ecse.coolsupplies.features.CucumberFeaturesTestRunner" time="0.008">
    <failure message="io.cucumber.java.PendingException: TODO: implement me" type="io.cucumber.java.PendingException">io.cucumber.java.PendingException: TODO: implement me
	at app//ca.mcgill.ecse.coolsupplies.features.OrderStepDefinitions.the_following_parent_entities_exist_in_the_system(OrderStepDefinitions.java:18)
	at ✽.the following parent entities exist in the system(file:///Users/zhengxuanzhao/IdeaProjects/ecse223-group-project-p8/src/test/resources/ProcessOrder.feature:5)
</failure>
  </testcase>
  <testcase name="Unsuccessfully pickup an order due to wrong state #2" classname="ca.mcgill.ecse.coolsupplies.features.CucumberFeaturesTestRunner" time="0.008">
    <failure message="io.cucumber.java.PendingException: TODO: implement me" type="io.cucumber.java.PendingException">io.cucumber.java.PendingException: TODO: implement me
	at app//ca.mcgill.ecse.coolsupplies.features.OrderStepDefinitions.the_following_parent_entities_exist_in_the_system(OrderStepDefinitions.java:18)
	at ✽.the following parent entities exist in the system(file:///Users/zhengxuanzhao/IdeaProjects/ecse223-group-project-p8/src/test/resources/ProcessOrder.feature:5)
</failure>
  </testcase>
  <testcase name="Unsuccessfully pickup an order due to wrong state #3" classname="ca.mcgill.ecse.coolsupplies.features.CucumberFeaturesTestRunner" time="0.009">
    <failure message="io.cucumber.java.PendingException: TODO: implement me" type="io.cucumber.java.PendingException">io.cucumber.java.PendingException: TODO: implement me
	at app//ca.mcgill.ecse.coolsupplies.features.OrderStepDefinitions.the_following_parent_entities_exist_in_the_system(OrderStepDefinitions.java:18)
	at ✽.the following parent entities exist in the system(file:///Users/zhengxuanzhao/IdeaProjects/ecse223-group-project-p8/src/test/resources/ProcessOrder.feature:5)
</failure>
  </testcase>
  <testcase name="Unsuccessfully pickup an order due to wrong state #4" classname="ca.mcgill.ecse.coolsupplies.features.CucumberFeaturesTestRunner" time="0.008">
    <failure message="io.cucumber.java.PendingException: TODO: implement me" type="io.cucumber.java.PendingException">io.cucumber.java.PendingException: TODO: implement me
	at app//ca.mcgill.ecse.coolsupplies.features.OrderStepDefinitions.the_following_parent_entities_exist_in_the_system(OrderStepDefinitions.java:18)
	at ✽.the following parent entities exist in the system(file:///Users/zhengxuanzhao/IdeaProjects/ecse223-group-project-p8/src/test/resources/ProcessOrder.feature:5)
</failure>
  </testcase>
  <testcase name="Successfully remove a bundle item from the bundle items of a grade bundle in the system(Remove Bundle Item from Bundle Items of Grade Bundle " classname="ca.mcgill.ecse.coolsupplies.features.CucumberFeaturesTestRunner" time="0.007"/>
  <testcase name="Unsuccessfully remove a bundle item from the bundle items of a grade bundle that does not exist in the system(Remove Bundle Item from Bundle Items of Grade Bundle " classname="ca.mcgill.ecse.coolsupplies.features.CucumberFeaturesTestRunner" time="0.012"/>
  <testcase name="Unsuccessfully remove a bundle item that does not exist in the bundle items of a grade bundle in the system(Remove Bundle Item from Bundle Items of Grade Bundle " classname="ca.mcgill.ecse.coolsupplies.features.CucumberFeaturesTestRunner" time="0.011"/>
  <testcase name="Successfully remove a student from the students of a parent in the system(Remove Student from Students of Parent " classname="ca.mcgill.ecse.coolsupplies.features.CucumberFeaturesTestRunner" time="0.008"/>
  <testcase name="Unsuccessfully remove a student from the students of a parent that does not exist in the system(Remove Student from Students of Parent " classname="ca.mcgill.ecse.coolsupplies.features.CucumberFeaturesTestRunner" time="0.007"/>
  <testcase name="Unsuccessfully remove a student that does not exist in the students of a parent in the system(Remove Student from Students of Parent " classname="ca.mcgill.ecse.coolsupplies.features.CucumberFeaturesTestRunner" time="0.007"/>
  <testcase name="Successfully update a bundle item in a grade bundle in the system(Update Bundle Item in Bundle Items of Grade Bundle " classname="ca.mcgill.ecse.coolsupplies.features.CucumberFeaturesTestRunner" time="0.008"/>
  <testcase name="Unsuccessfully update a bundle item that does not exist in a grade bundle in the system(Update Bundle Item in Bundle Items of Grade Bundle " classname="ca.mcgill.ecse.coolsupplies.features.CucumberFeaturesTestRunner" time="0.008"/>
  <testcase name="Unsuccessfully update a bundle item in a grade bundle in the system with invalid values #1(Update Bundle Item in Bundle Items of Grade Bundle " classname="ca.mcgill.ecse.coolsupplies.features.CucumberFeaturesTestRunner" time="0.008"/>
  <testcase name="Unsuccessfully update a bundle item in a grade bundle in the system with invalid values #2(Update Bundle Item in Bundle Items of Grade Bundle " classname="ca.mcgill.ecse.coolsupplies.features.CucumberFeaturesTestRunner" time="0.011"/>
  <testcase name="Unsuccessfully update a bundle item in a grade bundle in the system with invalid values #3(Update Bundle Item in Bundle Items of Grade Bundle " classname="ca.mcgill.ecse.coolsupplies.features.CucumberFeaturesTestRunner" time="0.008"/>
  <testcase name="Successfully update a grade in the system(Update Grade " classname="ca.mcgill.ecse.coolsupplies.features.CucumberFeaturesTestRunner" time="0.008"/>
  <testcase name="Unsuccessfully update a grade that does not exist in the system(Update Grade " classname="ca.mcgill.ecse.coolsupplies.features.CucumberFeaturesTestRunner" time="0.007"/>
  <testcase name="Unsuccessfully update a grade in the system with invalid values(Update Grade " classname="ca.mcgill.ecse.coolsupplies.features.CucumberFeaturesTestRunner" time="0.009"/>
  <testcase name="Unsuccessfully update a grade in the system with a duplicate unique value(Update Grade " classname="ca.mcgill.ecse.coolsupplies.features.CucumberFeaturesTestRunner" time="0.007"/>
  <testcase name="Successfully update a grade bundle in the system(Update Grade Bundle " classname="ca.mcgill.ecse.coolsupplies.features.CucumberFeaturesTestRunner" time="0.008">
    <failure message="io.cucumber.java.PendingException: TODO: implement me" type="io.cucumber.java.PendingException">io.cucumber.java.PendingException: TODO: implement me
	at app//ca.mcgill.ecse.coolsupplies.features.AddGradeBundleStepDefinitions.the_following_grade_entities_exists_in_the_system_p10(AddGradeBundleStepDefinitions.java:18)
	at ✽.the following grade entities exists in the system (p10)(file:///Users/zhengxuanzhao/IdeaProjects/ecse223-group-project-p8/src/test/resources/UpdateGradeBundle.feature:5)
</failure>
  </testcase>
  <testcase name="Unsuccessfully update a grade bundle that does not exist in the system(Update Grade Bundle " classname="ca.mcgill.ecse.coolsupplies.features.CucumberFeaturesTestRunner" time="0.007">
    <failure message="io.cucumber.java.PendingException: TODO: implement me" type="io.cucumber.java.PendingException">io.cucumber.java.PendingException: TODO: implement me
	at app//ca.mcgill.ecse.coolsupplies.features.AddGradeBundleStepDefinitions.the_following_grade_entities_exists_in_the_system_p10(AddGradeBundleStepDefinitions.java:18)
	at ✽.the following grade entities exists in the system (p10)(file:///Users/zhengxuanzhao/IdeaProjects/ecse223-group-project-p8/src/test/resources/UpdateGradeBundle.feature:5)
</failure>
  </testcase>
  <testcase name="Unsuccessfully update a gradeBundle in the system with invalid values #1(Update Grade Bundle " classname="ca.mcgill.ecse.coolsupplies.features.CucumberFeaturesTestRunner" time="0.008">
    <failure message="io.cucumber.java.PendingException: TODO: implement me" type="io.cucumber.java.PendingException">io.cucumber.java.PendingException: TODO: implement me
	at app//ca.mcgill.ecse.coolsupplies.features.AddGradeBundleStepDefinitions.the_following_grade_entities_exists_in_the_system_p10(AddGradeBundleStepDefinitions.java:18)
	at ✽.the following grade entities exists in the system (p10)(file:///Users/zhengxuanzhao/IdeaProjects/ecse223-group-project-p8/src/test/resources/UpdateGradeBundle.feature:5)
</failure>
  </testcase>
  <testcase name="Unsuccessfully update a gradeBundle in the system with invalid values #2(Update Grade Bundle " classname="ca.mcgill.ecse.coolsupplies.features.CucumberFeaturesTestRunner" time="0.007">
    <failure message="io.cucumber.java.PendingException: TODO: implement me" type="io.cucumber.java.PendingException">io.cucumber.java.PendingException: TODO: implement me
	at app//ca.mcgill.ecse.coolsupplies.features.AddGradeBundleStepDefinitions.the_following_grade_entities_exists_in_the_system_p10(AddGradeBundleStepDefinitions.java:18)
	at ✽.the following grade entities exists in the system (p10)(file:///Users/zhengxuanzhao/IdeaProjects/ecse223-group-project-p8/src/test/resources/UpdateGradeBundle.feature:5)
</failure>
  </testcase>
  <testcase name="Unsuccessfully update a gradeBundle in the system with invalid values #3(Update Grade Bundle " classname="ca.mcgill.ecse.coolsupplies.features.CucumberFeaturesTestRunner" time="0.007">
    <failure message="io.cucumber.java.PendingException: TODO: implement me" type="io.cucumber.java.PendingException">io.cucumber.java.PendingException: TODO: implement me
	at app//ca.mcgill.ecse.coolsupplies.features.AddGradeBundleStepDefinitions.the_following_grade_entities_exists_in_the_system_p10(AddGradeBundleStepDefinitions.java:18)
	at ✽.the following grade entities exists in the system (p10)(file:///Users/zhengxuanzhao/IdeaProjects/ecse223-group-project-p8/src/test/resources/UpdateGradeBundle.feature:5)
</failure>
  </testcase>
  <testcase name="Unsuccessfully update a gradeBundle in the system with invalid values #4(Update Grade Bundle " classname="ca.mcgill.ecse.coolsupplies.features.CucumberFeaturesTestRunner" time="0.01">
    <failure message="io.cucumber.java.PendingException: TODO: implement me" type="io.cucumber.java.PendingException">io.cucumber.java.PendingException: TODO: implement me
	at app//ca.mcgill.ecse.coolsupplies.features.AddGradeBundleStepDefinitions.the_following_grade_entities_exists_in_the_system_p10(AddGradeBundleStepDefinitions.java:18)
	at ✽.the following grade entities exists in the system (p10)(file:///Users/zhengxuanzhao/IdeaProjects/ecse223-group-project-p8/src/test/resources/UpdateGradeBundle.feature:5)
</failure>
  </testcase>
  <testcase name="Unsuccessfully update a grade bundle in the system with a duplicate unique value #1(Update Grade Bundle " classname="ca.mcgill.ecse.coolsupplies.features.CucumberFeaturesTestRunner" time="0.01">
    <failure message="io.cucumber.java.PendingException: TODO: implement me" type="io.cucumber.java.PendingException">io.cucumber.java.PendingException: TODO: implement me
	at app//ca.mcgill.ecse.coolsupplies.features.AddGradeBundleStepDefinitions.the_following_grade_entities_exists_in_the_system_p10(AddGradeBundleStepDefinitions.java:18)
	at ✽.the following grade entities exists in the system (p10)(file:///Users/zhengxuanzhao/IdeaProjects/ecse223-group-project-p8/src/test/resources/UpdateGradeBundle.feature:5)
</failure>
  </testcase>
  <testcase name="Unsuccessfully update a grade bundle in the system with a duplicate unique value #2(Update Grade Bundle " classname="ca.mcgill.ecse.coolsupplies.features.CucumberFeaturesTestRunner" time="0.007">
    <failure message="io.cucumber.java.PendingException: TODO: implement me" type="io.cucumber.java.PendingException">io.cucumber.java.PendingException: TODO: implement me
	at app//ca.mcgill.ecse.coolsupplies.features.AddGradeBundleStepDefinitions.the_following_grade_entities_exists_in_the_system_p10(AddGradeBundleStepDefinitions.java:18)
	at ✽.the following grade entities exists in the system (p10)(file:///Users/zhengxuanzhao/IdeaProjects/ecse223-group-project-p8/src/test/resources/UpdateGradeBundle.feature:5)
</failure>
  </testcase>
  <testcase name="Successfully update an item in the system(Update Item " classname="ca.mcgill.ecse.coolsupplies.features.CucumberFeaturesTestRunner" time="0.008"/>
  <testcase name="Unsuccessfully update an item that does not exist in the system(Update Item " classname="ca.mcgill.ecse.coolsupplies.features.CucumberFeaturesTestRunner" time="0.008"/>
  <testcase name="Unsuccessfully update an item in the system with invalid values #1(Update Item " classname="ca.mcgill.ecse.coolsupplies.features.CucumberFeaturesTestRunner" time="0.01"/>
  <testcase name="Unsuccessfully update an item in the system with invalid values #2(Update Item " classname="ca.mcgill.ecse.coolsupplies.features.CucumberFeaturesTestRunner" time="0.01"/>
  <testcase name="Unsuccessfully update a item in the system with a duplicate unique value(Update Item " classname="ca.mcgill.ecse.coolsupplies.features.CucumberFeaturesTestRunner" time="0.007"/>
  <testcase name="Successfully update a parent in the system(Update Parent " classname="ca.mcgill.ecse.coolsupplies.features.CucumberFeaturesTestRunner" time="0.007">
    <failure message="io.cucumber.java.PendingException: TODO: implement me" type="io.cucumber.java.PendingException">io.cucumber.java.PendingException: TODO: implement me
	at app//ca.mcgill.ecse.coolsupplies.features.UpdateParentStepDefinitions.the_school_admin_attempts_to_update_parent_in_the_system_with_password_name_and_phone_number_p1(UpdateParentStepDefinitions.java:18)
	at ✽.the school admin attempts to update parent &quot;mom@gmail.com&quot; in the system with password &quot;password&quot;, name &quot;Bernard&quot;, and phone number &quot;1234568&quot; (p1)(file:///Users/zhengxuanzhao/IdeaProjects/ecse223-group-project-p8/src/test/resources/UpdateParent.feature:10)
</failure>
  </testcase>
  <testcase name="Unsuccessfully update a parent that does not exist in the system(Update Parent " classname="ca.mcgill.ecse.coolsupplies.features.CucumberFeaturesTestRunner" time="0.008">
    <failure message="io.cucumber.java.PendingException: TODO: implement me" type="io.cucumber.java.PendingException">io.cucumber.java.PendingException: TODO: implement me
	at app//ca.mcgill.ecse.coolsupplies.features.UpdateParentStepDefinitions.the_school_admin_attempts_to_update_parent_in_the_system_with_password_name_and_phone_number_p1(UpdateParentStepDefinitions.java:18)
	at ✽.the school admin attempts to update parent &quot;dad@gmail.com&quot; in the system with password &quot;password&quot;, name &quot;Bernard&quot;, and phone number &quot;1234568&quot; (p1)(file:///Users/zhengxuanzhao/IdeaProjects/ecse223-group-project-p8/src/test/resources/UpdateParent.feature:19)
</failure>
  </testcase>
  <testcase name="Unsuccessfully update a parent in the system with invalid values #1(Update Parent " classname="ca.mcgill.ecse.coolsupplies.features.CucumberFeaturesTestRunner" time="0.007">
    <failure message="io.cucumber.java.PendingException: TODO: implement me" type="io.cucumber.java.PendingException">io.cucumber.java.PendingException: TODO: implement me
	at app//ca.mcgill.ecse.coolsupplies.features.UpdateParentStepDefinitions.the_school_administrator_attempts_to_update_parent_in_the_system_with_password_name_and_phone_number_p1(UpdateParentStepDefinitions.java:11)
	at ✽.the school Administrator attempts to update parent &quot;mom@gmail.com&quot; in the system with password &quot;&quot;, name &quot;Bernard&quot;, and phone number &quot;1234567&quot; (p1)(file:///Users/zhengxuanzhao/IdeaProjects/ecse223-group-project-p8/src/test/resources/UpdateParent.feature:32)
</failure>
  </testcase>
  <testcase name="Unsuccessfully update a parent in the system with invalid values #2(Update Parent " classname="ca.mcgill.ecse.coolsupplies.features.CucumberFeaturesTestRunner" time="0.008">
    <failure message="io.cucumber.java.PendingException: TODO: implement me" type="io.cucumber.java.PendingException">io.cucumber.java.PendingException: TODO: implement me
	at app//ca.mcgill.ecse.coolsupplies.features.UpdateParentStepDefinitions.the_school_administrator_attempts_to_update_parent_in_the_system_with_password_name_and_phone_number_p1(UpdateParentStepDefinitions.java:11)
	at ✽.the school Administrator attempts to update parent &quot;mom@gmail.com&quot; in the system with password &quot;password&quot;, name &quot;&quot;, and phone number &quot;1234567&quot; (p1)(file:///Users/zhengxuanzhao/IdeaProjects/ecse223-group-project-p8/src/test/resources/UpdateParent.feature:32)
</failure>
  </testcase>
  <testcase name="Unsuccessfully update a parent in the system with invalid values #3(Update Parent " classname="ca.mcgill.ecse.coolsupplies.features.CucumberFeaturesTestRunner" time="0.009">
    <failure message="io.cucumber.java.PendingException: TODO: implement me" type="io.cucumber.java.PendingException">io.cucumber.java.PendingException: TODO: implement me
	at app//ca.mcgill.ecse.coolsupplies.features.UpdateParentStepDefinitions.the_school_administrator_attempts_to_update_parent_in_the_system_with_password_name_and_phone_number_p1(UpdateParentStepDefinitions.java:11)
	at ✽.the school Administrator attempts to update parent &quot;mom@gmail.com&quot; in the system with password &quot;password&quot;, name &quot;Bernard&quot;, and phone number &quot;999999&quot; (p1)(file:///Users/zhengxuanzhao/IdeaProjects/ecse223-group-project-p8/src/test/resources/UpdateParent.feature:32)
</failure>
  </testcase>
  <testcase name="Unsuccessfully update a parent in the system with invalid values #4(Update Parent " classname="ca.mcgill.ecse.coolsupplies.features.CucumberFeaturesTestRunner" time="0.009">
    <failure message="io.cucumber.java.PendingException: TODO: implement me" type="io.cucumber.java.PendingException">io.cucumber.java.PendingException: TODO: implement me
	at app//ca.mcgill.ecse.coolsupplies.features.UpdateParentStepDefinitions.the_school_administrator_attempts_to_update_parent_in_the_system_with_password_name_and_phone_number_p1(UpdateParentStepDefinitions.java:11)
	at ✽.the school Administrator attempts to update parent &quot;mom@gmail.com&quot; in the system with password &quot;password&quot;, name &quot;Bernard&quot;, and phone number &quot;10000000&quot; (p1)(file:///Users/zhengxuanzhao/IdeaProjects/ecse223-group-project-p8/src/test/resources/UpdateParent.feature:32)
</failure>
  </testcase>
  <testcase name="Successfully update the password of a school admin in the system(Update Password of School Admin " classname="ca.mcgill.ecse.coolsupplies.features.CucumberFeaturesTestRunner" time="0.009"/>
  <testcase name="Unsuccessfully update the password of a school admin in the system with invalid values #1(Update Password of School Admin " classname="ca.mcgill.ecse.coolsupplies.features.CucumberFeaturesTestRunner" time="0.009">
    <failure message="java.lang.AssertionError" type="java.lang.AssertionError">java.lang.AssertionError
	at org.junit.Assert.fail(Assert.java:87)
	at org.junit.Assert.assertTrue(Assert.java:42)
	at org.junit.Assert.assertFalse(Assert.java:65)
	at org.junit.Assert.assertFalse(Assert.java:75)
	at ca.mcgill.ecse.coolsupplies.features.UpdatePasswordOfSchoolAdminStepDefinitions.the_school_admin_with_password_shall_not_exist_in_the_system_p7(UpdatePasswordOfSchoolAdminStepDefinitions.java:59)
	at ✽.the school admin &quot;admin@cool.ca&quot; with password &quot;123&quot; shall not exist in the system (p7)(file:///Users/zhengxuanzhao/IdeaProjects/ecse223-group-project-p8/src/test/resources/UpdatePasswordOfSchoolAdmin.feature:21)
</failure>
  </testcase>
  <testcase name="Unsuccessfully update the password of a school admin in the system with invalid values #2(Update Password of School Admin " classname="ca.mcgill.ecse.coolsupplies.features.CucumberFeaturesTestRunner" time="0.009">
    <failure message="java.lang.AssertionError" type="java.lang.AssertionError">java.lang.AssertionError
	at org.junit.Assert.fail(Assert.java:87)
	at org.junit.Assert.assertTrue(Assert.java:42)
	at org.junit.Assert.assertFalse(Assert.java:65)
	at org.junit.Assert.assertFalse(Assert.java:75)
	at ca.mcgill.ecse.coolsupplies.features.UpdatePasswordOfSchoolAdminStepDefinitions.the_school_admin_with_password_shall_not_exist_in_the_system_p7(UpdatePasswordOfSchoolAdminStepDefinitions.java:59)
	at ✽.the school admin &quot;admin@cool.ca&quot; with password &quot;WeWe&quot; shall not exist in the system (p7)(file:///Users/zhengxuanzhao/IdeaProjects/ecse223-group-project-p8/src/test/resources/UpdatePasswordOfSchoolAdmin.feature:21)
</failure>
  </testcase>
  <testcase name="Unsuccessfully update the password of a school admin in the system with invalid values #3(Update Password of School Admin " classname="ca.mcgill.ecse.coolsupplies.features.CucumberFeaturesTestRunner" time="0.011">
    <failure message="java.lang.AssertionError" type="java.lang.AssertionError">java.lang.AssertionError
	at org.junit.Assert.fail(Assert.java:87)
	at org.junit.Assert.assertTrue(Assert.java:42)
	at org.junit.Assert.assertFalse(Assert.java:65)
	at org.junit.Assert.assertFalse(Assert.java:75)
	at ca.mcgill.ecse.coolsupplies.features.UpdatePasswordOfSchoolAdminStepDefinitions.the_school_admin_with_password_shall_not_exist_in_the_system_p7(UpdatePasswordOfSchoolAdminStepDefinitions.java:59)
	at ✽.the school admin &quot;admin@cool.ca&quot; with password &quot;!WWW&quot; shall not exist in the system (p7)(file:///Users/zhengxuanzhao/IdeaProjects/ecse223-group-project-p8/src/test/resources/UpdatePasswordOfSchoolAdmin.feature:21)
</failure>
  </testcase>
  <testcase name="Unsuccessfully update the password of a school admin in the system with invalid values #4(Update Password of School Admin " classname="ca.mcgill.ecse.coolsupplies.features.CucumberFeaturesTestRunner" time="0.007">
    <failure message="java.lang.AssertionError" type="java.lang.AssertionError">java.lang.AssertionError
	at org.junit.Assert.fail(Assert.java:87)
	at org.junit.Assert.assertTrue(Assert.java:42)
	at org.junit.Assert.assertFalse(Assert.java:65)
	at org.junit.Assert.assertFalse(Assert.java:75)
	at ca.mcgill.ecse.coolsupplies.features.UpdatePasswordOfSchoolAdminStepDefinitions.the_school_admin_with_password_shall_not_exist_in_the_system_p7(UpdatePasswordOfSchoolAdminStepDefinitions.java:59)
	at ✽.the school admin &quot;admin@cool.ca&quot; with password &quot;!eee&quot; shall not exist in the system (p7)(file:///Users/zhengxuanzhao/IdeaProjects/ecse223-group-project-p8/src/test/resources/UpdatePasswordOfSchoolAdmin.feature:21)
</failure>
  </testcase>
  <testcase name="Successfully update a student in the system(Update Student " classname="ca.mcgill.ecse.coolsupplies.features.CucumberFeaturesTestRunner" time="0.008"/>
  <testcase name="Unsuccessfully update a student that does not exist in the system(Update Student " classname="ca.mcgill.ecse.coolsupplies.features.CucumberFeaturesTestRunner" time="0.008"/>
  <testcase name="Unsuccessfully update a student in the system with invalid values #1(Update Student " classname="ca.mcgill.ecse.coolsupplies.features.CucumberFeaturesTestRunner" time="0.008"/>
  <testcase name="Unsuccessfully update a student in the system with invalid values #2(Update Student " classname="ca.mcgill.ecse.coolsupplies.features.CucumberFeaturesTestRunner" time="0.008"/>
  <testcase name="Unsuccessfully update a student in the system with a duplicate unique value(Update Student " classname="ca.mcgill.ecse.coolsupplies.features.CucumberFeaturesTestRunner" time="0.009"/>
  <system-out><![CDATA[
Scenario Outline: Successfully add a bundle item to a grade bundle in the system                                                                                        ?[90m# src/test/resources/AddBundleItemToBundleItemsOfGradeBundle.feature:27?[0m
  ?[32mGiven ?[0m?[32mthe following grade entities exists in the system (p12)?[0m                                                                                                         ?[90m# ca.mcgill.ecse.coolsupplies.features.AddBundleItemToBundleItemsOfGradeBundleStepDefinitions.the_following_grade_entities_exists_in_the_system_p12(io.cucumber.datatable.DataTable)?[0m
  ?[32mGiven ?[0m?[32mthe following item entities exists in the system (p12)?[0m                                                                                                          ?[90m# ca.mcgill.ecse.coolsupplies.features.AddBundleItemToBundleItemsOfGradeBundleStepDefinitions.the_following_item_entities_exists_in_the_system_p12(io.cucumber.datatable.DataTable)?[0m
  ?[32mGiven ?[0m?[32mthe following grade bundle entities exists in the system (p12)?[0m                                                                                                  ?[90m# ca.mcgill.ecse.coolsupplies.features.AddBundleItemToBundleItemsOfGradeBundleStepDefinitions.the_following_grade_bundle_entities_exists_in_the_system_p12(io.cucumber.datatable.DataTable)?[0m
  ?[32mGiven ?[0m?[32mthe following bundle item entities exists in the system (p12)?[0m                                                                                                   ?[90m# ca.mcgill.ecse.coolsupplies.features.AddBundleItemToBundleItemsOfGradeBundleStepDefinitions.the_following_bundle_item_entities_exists_in_the_system_p12(io.cucumber.datatable.DataTable)?[0m
  ?[32mWhen ?[0m?[32mthe school admin attempts to add a new bundle item with quantity ?[0m?[32m?[1m"5"?[0m?[32m, level ?[0m?[32m?[1m"Recommended"?[0m?[32m, and item name ?[0m?[32m?[1m"textbook"?[0m?[32m to an existing grade bundle ?[0m?[32m?[1m"Bundle 5"?[0m?[32m (p12)?[0m ?[90m# ca.mcgill.ecse.coolsupplies.features.AddBundleItemToBundleItemsOfGradeBundleStepDefinitions.the_school_admin_attempts_to_add_a_new_bundle_item_with_quantity_level_and_item_name_to_an_existing_grade_bundle_p12(java.lang.String,java.lang.String,java.lang.String,java.lang.String)?[0m
  ?[32mThen ?[0m?[32mthe number of bundle item entities in the system shall be ?[0m?[32m?[1m"2"?[0m?[32m (p12)?[0m                                                                                              ?[90m# ca.mcgill.ecse.coolsupplies.features.AddBundleItemToBundleItemsOfGradeBundleStepDefinitions.the_number_of_bundle_item_entities_in_the_system_shall_be_p12(java.lang.String)?[0m
  ?[32mThen ?[0m?[32mthe number of bundle item entities for grade bundle ?[0m?[32m?[1m"Bundle 5"?[0m?[32m in the system shall be ?[0m?[32m?[1m"2"?[0m?[32m (p12)?[0m                                                                  ?[90m# ca.mcgill.ecse.coolsupplies.features.AddBundleItemToBundleItemsOfGradeBundleStepDefinitions.the_number_of_bundle_item_entities_for_grade_bundle_in_the_system_shall_be_p12(java.lang.String,java.lang.String)?[0m
  ?[32mThen ?[0m?[32mthe bundle item with quantity ?[0m?[32m?[1m"5"?[0m?[32m, level ?[0m?[32m?[1m"Recommended"?[0m?[32m, and item name ?[0m?[32m?[1m"textbook"?[0m?[32m shall exist for grade bundle ?[0m?[32m?[1m"Bundle 5"?[0m?[32m in the system (p12)?[0m                     ?[90m# ca.mcgill.ecse.coolsupplies.features.AddBundleItemToBundleItemsOfGradeBundleStepDefinitions.the_bundle_item_with_quantity_level_and_item_name_shall_exist_for_grade_bundle_in_the_system_p12(java.lang.String,java.lang.String,java.lang.String,java.lang.String)?[0m

Scenario Outline: Unsuccessfully add a bundle item to a gradeBundle in the system with invalid values                                                       ?[90m# src/test/resources/AddBundleItemToBundleItemsOfGradeBundle.feature:37?[0m
  ?[32mGiven ?[0m?[32mthe following grade entities exists in the system (p12)?[0m                                                                                             ?[90m# ca.mcgill.ecse.coolsupplies.features.AddBundleItemToBundleItemsOfGradeBundleStepDefinitions.the_following_grade_entities_exists_in_the_system_p12(io.cucumber.datatable.DataTable)?[0m
  ?[32mGiven ?[0m?[32mthe following item entities exists in the system (p12)?[0m                                                                                              ?[90m# ca.mcgill.ecse.coolsupplies.features.AddBundleItemToBundleItemsOfGradeBundleStepDefinitions.the_following_item_entities_exists_in_the_system_p12(io.cucumber.datatable.DataTable)?[0m
  ?[32mGiven ?[0m?[32mthe following grade bundle entities exists in the system (p12)?[0m                                                                                      ?[90m# ca.mcgill.ecse.coolsupplies.features.AddBundleItemToBundleItemsOfGradeBundleStepDefinitions.the_following_grade_bundle_entities_exists_in_the_system_p12(io.cucumber.datatable.DataTable)?[0m
  ?[32mGiven ?[0m?[32mthe following bundle item entities exists in the system (p12)?[0m                                                                                       ?[90m# ca.mcgill.ecse.coolsupplies.features.AddBundleItemToBundleItemsOfGradeBundleStepDefinitions.the_following_bundle_item_entities_exists_in_the_system_p12(io.cucumber.datatable.DataTable)?[0m
  ?[32mWhen ?[0m?[32mthe school admin attempts to add a new bundle item with quantity ?[0m?[32m?[1m"0"?[0m?[32m, level ?[0m?[32m?[1m"Recommended"?[0m?[32m, and itemName ?[0m?[32m?[1m"textbook"?[0m?[32m to a gradeBundle ?[0m?[32m?[1m"Bundle 5"?[0m?[32m (p12)?[0m ?[90m# ca.mcgill.ecse.coolsupplies.features.AddBundleItemToBundleItemsOfGradeBundleStepDefinitions.the_school_admin_attempts_to_add_a_new_bundle_item_with_quantity_level_and_item_name_to_a_grade_bundle_p12(java.lang.String,java.lang.String,java.lang.String,java.lang.String)?[0m
  ?[32mThen ?[0m?[32mthe number of bundle item entities in the system shall be ?[0m?[32m?[1m"1"?[0m?[32m (p12)?[0m                                                                                  ?[90m# ca.mcgill.ecse.coolsupplies.features.AddBundleItemToBundleItemsOfGradeBundleStepDefinitions.the_number_of_bundle_item_entities_in_the_system_shall_be_p12(java.lang.String)?[0m
  ?[32mThen ?[0m?[32mthe number of bundle item entities for grade bundle ?[0m?[32m?[1m"Bundle 5"?[0m?[32m in the system shall be ?[0m?[32m?[1m"1"?[0m?[32m (p12)?[0m                                                      ?[90m# ca.mcgill.ecse.coolsupplies.features.AddBundleItemToBundleItemsOfGradeBundleStepDefinitions.the_number_of_bundle_item_entities_for_grade_bundle_in_the_system_shall_be_p12(java.lang.String,java.lang.String)?[0m
  ?[32mThen ?[0m?[32mthe error ?[0m?[32m?[1m"The quantity must be greater than 0."?[0m?[32m shall be raised (p12)?[0m                                                                               ?[90m# ca.mcgill.ecse.coolsupplies.features.AddBundleItemToBundleItemsOfGradeBundleStepDefinitions.the_error_shall_be_raised_p12(java.lang.String)?[0m

Scenario Outline: Unsuccessfully add a bundle item to a gradeBundle in the system with invalid values                                                       ?[90m# src/test/resources/AddBundleItemToBundleItemsOfGradeBundle.feature:38?[0m
  ?[32mGiven ?[0m?[32mthe following grade entities exists in the system (p12)?[0m                                                                                             ?[90m# ca.mcgill.ecse.coolsupplies.features.AddBundleItemToBundleItemsOfGradeBundleStepDefinitions.the_following_grade_entities_exists_in_the_system_p12(io.cucumber.datatable.DataTable)?[0m
  ?[32mGiven ?[0m?[32mthe following item entities exists in the system (p12)?[0m                                                                                              ?[90m# ca.mcgill.ecse.coolsupplies.features.AddBundleItemToBundleItemsOfGradeBundleStepDefinitions.the_following_item_entities_exists_in_the_system_p12(io.cucumber.datatable.DataTable)?[0m
  ?[32mGiven ?[0m?[32mthe following grade bundle entities exists in the system (p12)?[0m                                                                                      ?[90m# ca.mcgill.ecse.coolsupplies.features.AddBundleItemToBundleItemsOfGradeBundleStepDefinitions.the_following_grade_bundle_entities_exists_in_the_system_p12(io.cucumber.datatable.DataTable)?[0m
  ?[32mGiven ?[0m?[32mthe following bundle item entities exists in the system (p12)?[0m                                                                                       ?[90m# ca.mcgill.ecse.coolsupplies.features.AddBundleItemToBundleItemsOfGradeBundleStepDefinitions.the_following_bundle_item_entities_exists_in_the_system_p12(io.cucumber.datatable.DataTable)?[0m
  ?[32mWhen ?[0m?[32mthe school admin attempts to add a new bundle item with quantity ?[0m?[32m?[1m"5"?[0m?[32m, level ?[0m?[32m?[1m"notALiteral"?[0m?[32m, and itemName ?[0m?[32m?[1m"textbook"?[0m?[32m to a gradeBundle ?[0m?[32m?[1m"Bundle 5"?[0m?[32m (p12)?[0m ?[90m# ca.mcgill.ecse.coolsupplies.features.AddBundleItemToBundleItemsOfGradeBundleStepDefinitions.the_school_admin_attempts_to_add_a_new_bundle_item_with_quantity_level_and_item_name_to_a_grade_bundle_p12(java.lang.String,java.lang.String,java.lang.String,java.lang.String)?[0m
  ?[32mThen ?[0m?[32mthe number of bundle item entities in the system shall be ?[0m?[32m?[1m"1"?[0m?[32m (p12)?[0m                                                                                  ?[90m# ca.mcgill.ecse.coolsupplies.features.AddBundleItemToBundleItemsOfGradeBundleStepDefinitions.the_number_of_bundle_item_entities_in_the_system_shall_be_p12(java.lang.String)?[0m
  ?[32mThen ?[0m?[32mthe number of bundle item entities for grade bundle ?[0m?[32m?[1m"Bundle 5"?[0m?[32m in the system shall be ?[0m?[32m?[1m"1"?[0m?[32m (p12)?[0m                                                      ?[90m# ca.mcgill.ecse.coolsupplies.features.AddBundleItemToBundleItemsOfGradeBundleStepDefinitions.the_number_of_bundle_item_entities_for_grade_bundle_in_the_system_shall_be_p12(java.lang.String,java.lang.String)?[0m
  ?[32mThen ?[0m?[32mthe error ?[0m?[32m?[1m"The level must be Mandatory, Recommended, or Optional."?[0m?[32m shall be raised (p12)?[0m                                                             ?[90m# ca.mcgill.ecse.coolsupplies.features.AddBundleItemToBundleItemsOfGradeBundleStepDefinitions.the_error_shall_be_raised_p12(java.lang.String)?[0m

Scenario Outline: Unsuccessfully add a bundle item to a gradeBundle in the system with invalid values                                                       ?[90m# src/test/resources/AddBundleItemToBundleItemsOfGradeBundle.feature:39?[0m
  ?[32mGiven ?[0m?[32mthe following grade entities exists in the system (p12)?[0m                                                                                             ?[90m# ca.mcgill.ecse.coolsupplies.features.AddBundleItemToBundleItemsOfGradeBundleStepDefinitions.the_following_grade_entities_exists_in_the_system_p12(io.cucumber.datatable.DataTable)?[0m
  ?[32mGiven ?[0m?[32mthe following item entities exists in the system (p12)?[0m                                                                                              ?[90m# ca.mcgill.ecse.coolsupplies.features.AddBundleItemToBundleItemsOfGradeBundleStepDefinitions.the_following_item_entities_exists_in_the_system_p12(io.cucumber.datatable.DataTable)?[0m
  ?[32mGiven ?[0m?[32mthe following grade bundle entities exists in the system (p12)?[0m                                                                                      ?[90m# ca.mcgill.ecse.coolsupplies.features.AddBundleItemToBundleItemsOfGradeBundleStepDefinitions.the_following_grade_bundle_entities_exists_in_the_system_p12(io.cucumber.datatable.DataTable)?[0m
  ?[32mGiven ?[0m?[32mthe following bundle item entities exists in the system (p12)?[0m                                                                                       ?[90m# ca.mcgill.ecse.coolsupplies.features.AddBundleItemToBundleItemsOfGradeBundleStepDefinitions.the_following_bundle_item_entities_exists_in_the_system_p12(io.cucumber.datatable.DataTable)?[0m
  ?[32mWhen ?[0m?[32mthe school admin attempts to add a new bundle item with quantity ?[0m?[32m?[1m"5"?[0m?[32m, level ?[0m?[32m?[1m"Recommended"?[0m?[32m, and itemName ?[0m?[32m?[1m"textbook"?[0m?[32m to a gradeBundle ?[0m?[32m?[1m"Bundle 6"?[0m?[32m (p12)?[0m ?[90m# ca.mcgill.ecse.coolsupplies.features.AddBundleItemToBundleItemsOfGradeBundleStepDefinitions.the_school_admin_attempts_to_add_a_new_bundle_item_with_quantity_level_and_item_name_to_a_grade_bundle_p12(java.lang.String,java.lang.String,java.lang.String,java.lang.String)?[0m
  ?[32mThen ?[0m?[32mthe number of bundle item entities in the system shall be ?[0m?[32m?[1m"1"?[0m?[32m (p12)?[0m                                                                                  ?[90m# ca.mcgill.ecse.coolsupplies.features.AddBundleItemToBundleItemsOfGradeBundleStepDefinitions.the_number_of_bundle_item_entities_in_the_system_shall_be_p12(java.lang.String)?[0m
  ?[32mThen ?[0m?[32mthe number of bundle item entities for grade bundle ?[0m?[32m?[1m"Bundle 6"?[0m?[32m in the system shall be ?[0m?[32m?[1m"0"?[0m?[32m (p12)?[0m                                                      ?[90m# ca.mcgill.ecse.coolsupplies.features.AddBundleItemToBundleItemsOfGradeBundleStepDefinitions.the_number_of_bundle_item_entities_for_grade_bundle_in_the_system_shall_be_p12(java.lang.String,java.lang.String)?[0m
  ?[32mThen ?[0m?[32mthe error ?[0m?[32m?[1m"The grade bundle does not exist."?[0m?[32m shall be raised (p12)?[0m                                                                                   ?[90m# ca.mcgill.ecse.coolsupplies.features.AddBundleItemToBundleItemsOfGradeBundleStepDefinitions.the_error_shall_be_raised_p12(java.lang.String)?[0m

Scenario Outline: Unsuccessfully add a bundle item to a gradeBundle in the system with invalid values                                                     ?[90m# src/test/resources/AddBundleItemToBundleItemsOfGradeBundle.feature:40?[0m
  ?[32mGiven ?[0m?[32mthe following grade entities exists in the system (p12)?[0m                                                                                           ?[90m# ca.mcgill.ecse.coolsupplies.features.AddBundleItemToBundleItemsOfGradeBundleStepDefinitions.the_following_grade_entities_exists_in_the_system_p12(io.cucumber.datatable.DataTable)?[0m
  ?[32mGiven ?[0m?[32mthe following item entities exists in the system (p12)?[0m                                                                                            ?[90m# ca.mcgill.ecse.coolsupplies.features.AddBundleItemToBundleItemsOfGradeBundleStepDefinitions.the_following_item_entities_exists_in_the_system_p12(io.cucumber.datatable.DataTable)?[0m
  ?[32mGiven ?[0m?[32mthe following grade bundle entities exists in the system (p12)?[0m                                                                                    ?[90m# ca.mcgill.ecse.coolsupplies.features.AddBundleItemToBundleItemsOfGradeBundleStepDefinitions.the_following_grade_bundle_entities_exists_in_the_system_p12(io.cucumber.datatable.DataTable)?[0m
  ?[32mGiven ?[0m?[32mthe following bundle item entities exists in the system (p12)?[0m                                                                                     ?[90m# ca.mcgill.ecse.coolsupplies.features.AddBundleItemToBundleItemsOfGradeBundleStepDefinitions.the_following_bundle_item_entities_exists_in_the_system_p12(io.cucumber.datatable.DataTable)?[0m
  ?[32mWhen ?[0m?[32mthe school admin attempts to add a new bundle item with quantity ?[0m?[32m?[1m"5"?[0m?[32m, level ?[0m?[32m?[1m"Recommended"?[0m?[32m, and itemName ?[0m?[32m?[1m"pencil"?[0m?[32m to a gradeBundle ?[0m?[32m?[1m"Bundle 5"?[0m?[32m (p12)?[0m ?[90m# ca.mcgill.ecse.coolsupplies.features.AddBundleItemToBundleItemsOfGradeBundleStepDefinitions.the_school_admin_attempts_to_add_a_new_bundle_item_with_quantity_level_and_item_name_to_a_grade_bundle_p12(java.lang.String,java.lang.String,java.lang.String,java.lang.String)?[0m
  ?[32mThen ?[0m?[32mthe number of bundle item entities in the system shall be ?[0m?[32m?[1m"1"?[0m?[32m (p12)?[0m                                                                                ?[90m# ca.mcgill.ecse.coolsupplies.features.AddBundleItemToBundleItemsOfGradeBundleStepDefinitions.the_number_of_bundle_item_entities_in_the_system_shall_be_p12(java.lang.String)?[0m
  ?[32mThen ?[0m?[32mthe number of bundle item entities for grade bundle ?[0m?[32m?[1m"Bundle 5"?[0m?[32m in the system shall be ?[0m?[32m?[1m"1"?[0m?[32m (p12)?[0m                                                    ?[90m# ca.mcgill.ecse.coolsupplies.features.AddBundleItemToBundleItemsOfGradeBundleStepDefinitions.the_number_of_bundle_item_entities_for_grade_bundle_in_the_system_shall_be_p12(java.lang.String,java.lang.String)?[0m
  ?[32mThen ?[0m?[32mthe error ?[0m?[32m?[1m"The item already exists for the bundle."?[0m?[32m shall be raised (p12)?[0m                                                                          ?[90m# ca.mcgill.ecse.coolsupplies.features.AddBundleItemToBundleItemsOfGradeBundleStepDefinitions.the_error_shall_be_raised_p12(java.lang.String)?[0m

Scenario Outline: Unsuccessfully add a bundle item to a gradeBundle in the system with invalid values                                                               ?[90m# src/test/resources/AddBundleItemToBundleItemsOfGradeBundle.feature:41?[0m
  ?[32mGiven ?[0m?[32mthe following grade entities exists in the system (p12)?[0m                                                                                                     ?[90m# ca.mcgill.ecse.coolsupplies.features.AddBundleItemToBundleItemsOfGradeBundleStepDefinitions.the_following_grade_entities_exists_in_the_system_p12(io.cucumber.datatable.DataTable)?[0m
  ?[32mGiven ?[0m?[32mthe following item entities exists in the system (p12)?[0m                                                                                                      ?[90m# ca.mcgill.ecse.coolsupplies.features.AddBundleItemToBundleItemsOfGradeBundleStepDefinitions.the_following_item_entities_exists_in_the_system_p12(io.cucumber.datatable.DataTable)?[0m
  ?[32mGiven ?[0m?[32mthe following grade bundle entities exists in the system (p12)?[0m                                                                                              ?[90m# ca.mcgill.ecse.coolsupplies.features.AddBundleItemToBundleItemsOfGradeBundleStepDefinitions.the_following_grade_bundle_entities_exists_in_the_system_p12(io.cucumber.datatable.DataTable)?[0m
  ?[32mGiven ?[0m?[32mthe following bundle item entities exists in the system (p12)?[0m                                                                                               ?[90m# ca.mcgill.ecse.coolsupplies.features.AddBundleItemToBundleItemsOfGradeBundleStepDefinitions.the_following_bundle_item_entities_exists_in_the_system_p12(io.cucumber.datatable.DataTable)?[0m
  ?[32mWhen ?[0m?[32mthe school admin attempts to add a new bundle item with quantity ?[0m?[32m?[1m"5"?[0m?[32m, level ?[0m?[32m?[1m"Recommended"?[0m?[32m, and itemName ?[0m?[32m?[1m"science textbook"?[0m?[32m to a gradeBundle ?[0m?[32m?[1m"Bundle 5"?[0m?[32m (p12)?[0m ?[90m# ca.mcgill.ecse.coolsupplies.features.AddBundleItemToBundleItemsOfGradeBundleStepDefinitions.the_school_admin_attempts_to_add_a_new_bundle_item_with_quantity_level_and_item_name_to_a_grade_bundle_p12(java.lang.String,java.lang.String,java.lang.String,java.lang.String)?[0m
  ?[32mThen ?[0m?[32mthe number of bundle item entities in the system shall be ?[0m?[32m?[1m"1"?[0m?[32m (p12)?[0m                                                                                          ?[90m# ca.mcgill.ecse.coolsupplies.features.AddBundleItemToBundleItemsOfGradeBundleStepDefinitions.the_number_of_bundle_item_entities_in_the_system_shall_be_p12(java.lang.String)?[0m
  ?[32mThen ?[0m?[32mthe number of bundle item entities for grade bundle ?[0m?[32m?[1m"Bundle 5"?[0m?[32m in the system shall be ?[0m?[32m?[1m"1"?[0m?[32m (p12)?[0m                                                              ?[90m# ca.mcgill.ecse.coolsupplies.features.AddBundleItemToBundleItemsOfGradeBundleStepDefinitions.the_number_of_bundle_item_entities_for_grade_bundle_in_the_system_shall_be_p12(java.lang.String,java.lang.String)?[0m
  ?[32mThen ?[0m?[32mthe error ?[0m?[32m?[1m"The item does not exist."?[0m?[32m shall be raised (p12)?[0m                                                                                                   ?[90m# ca.mcgill.ecse.coolsupplies.features.AddBundleItemToBundleItemsOfGradeBundleStepDefinitions.the_error_shall_be_raised_p12(java.lang.String)?[0m

Scenario Outline: Successfully add a grade to the system                                 ?[90m# src/test/resources/AddGrade.feature:16?[0m
  ?[32mGiven ?[0m?[32mthe following grade entities exists in the system (p13)?[0m                          ?[90m# ca.mcgill.ecse.coolsupplies.features.AddGradeStepDefinitions.the_following_grade_entities_exists_in_the_system_p13(io.cucumber.datatable.DataTable)?[0m
  ?[32mWhen ?[0m?[32mthe school admin attempts to add a new grade in the system with level ?[0m?[32m?[1m"6th"?[0m?[32m (p13)?[0m ?[90m# ca.mcgill.ecse.coolsupplies.features.AddGradeStepDefinitions.the_school_admin_attempts_to_add_a_new_grade_in_the_system_with_level_p13(java.lang.String)?[0m
  ?[32mThen ?[0m?[32mthe number of grade entities in the system shall be ?[0m?[32m?[1m"2"?[0m?[32m (p13)?[0m                     ?[90m# ca.mcgill.ecse.coolsupplies.features.AddGradeStepDefinitions.the_number_of_grade_entities_in_the_system_shall_be_p13(java.lang.String)?[0m
  ?[32mThen ?[0m?[32mthe grade ?[0m?[32m?[1m"6th"?[0m?[32m shall exist in the system (p13)?[0m                                   ?[90m# ca.mcgill.ecse.coolsupplies.features.AddGradeStepDefinitions.the_grade_shall_exist_in_the_system_p13(java.lang.String)?[0m

Scenario Outline: Unsuccessfully add a grade to the system with invalid values           ?[90m# src/test/resources/AddGrade.feature:25?[0m
  ?[32mGiven ?[0m?[32mthe following grade entities exists in the system (p13)?[0m                          ?[90m# ca.mcgill.ecse.coolsupplies.features.AddGradeStepDefinitions.the_following_grade_entities_exists_in_the_system_p13(io.cucumber.datatable.DataTable)?[0m
  ?[32mWhen ?[0m?[32mthe school admin attempts to add a new grade in the system with level ?[0m?[32m?[1m"5th"?[0m?[32m (p13)?[0m ?[90m# ca.mcgill.ecse.coolsupplies.features.AddGradeStepDefinitions.the_school_admin_attempts_to_add_a_new_grade_in_the_system_with_level_p13(java.lang.String)?[0m
  ?[32mThen ?[0m?[32mthe number of grade entities in the system shall be ?[0m?[32m?[1m"1"?[0m?[32m (p13)?[0m                     ?[90m# ca.mcgill.ecse.coolsupplies.features.AddGradeStepDefinitions.the_number_of_grade_entities_in_the_system_shall_be_p13(java.lang.String)?[0m
  ?[32mThen ?[0m?[32mthe error ?[0m?[32m?[1m"The level must be unique."?[0m?[32m shall be raised (p13)?[0m                       ?[90m# ca.mcgill.ecse.coolsupplies.features.AddGradeStepDefinitions.the_error_shall_be_raised_p13(java.lang.String)?[0m

Scenario Outline: Unsuccessfully add a grade to the system with invalid values        ?[90m# src/test/resources/AddGrade.feature:26?[0m
  ?[32mGiven ?[0m?[32mthe following grade entities exists in the system (p13)?[0m                       ?[90m# ca.mcgill.ecse.coolsupplies.features.AddGradeStepDefinitions.the_following_grade_entities_exists_in_the_system_p13(io.cucumber.datatable.DataTable)?[0m
  ?[32mWhen ?[0m?[32mthe school admin attempts to add a new grade in the system with level ?[0m?[32m?[1m""?[0m?[32m (p13)?[0m ?[90m# ca.mcgill.ecse.coolsupplies.features.AddGradeStepDefinitions.the_school_admin_attempts_to_add_a_new_grade_in_the_system_with_level_p13(java.lang.String)?[0m
  ?[32mThen ?[0m?[32mthe number of grade entities in the system shall be ?[0m?[32m?[1m"1"?[0m?[32m (p13)?[0m                  ?[90m# ca.mcgill.ecse.coolsupplies.features.AddGradeStepDefinitions.the_number_of_grade_entities_in_the_system_shall_be_p13(java.lang.String)?[0m
  ?[32mThen ?[0m?[32mthe error ?[0m?[32m?[1m"The level must not be empty."?[0m?[32m shall be raised (p13)?[0m                 ?[90m# ca.mcgill.ecse.coolsupplies.features.AddGradeStepDefinitions.the_error_shall_be_raised_p13(java.lang.String)?[0m

Scenario Outline: Successfully add a grade bundle to the system                                                                          ?[90m# src/test/resources/AddGradeBundle.feature:20?[0m
  ?[33mGiven ?[0m?[33mthe following grade entities exists in the system (p10)?[0m                                                                          ?[90m# ca.mcgill.ecse.coolsupplies.features.AddGradeBundleStepDefinitions.the_following_grade_entities_exists_in_the_system_p10(io.cucumber.datatable.DataTable)?[0m
      ?[33mio.cucumber.java.PendingException: TODO: implement me
	at ca.mcgill.ecse.coolsupplies.features.AddGradeBundleStepDefinitions.the_following_grade_entities_exists_in_the_system_p10(AddGradeBundleStepDefinitions.java:18)
	at ✽.the following grade entities exists in the system (p10)(file:///Users/zhengxuanzhao/IdeaProjects/ecse223-group-project-p8/src/test/resources/AddGradeBundle.feature:5)
?[0m
  ?[36mGiven ?[0m?[36mthe following grade bundle entities exists in the system (p10)?[0m                                                                   ?[90m# ca.mcgill.ecse.coolsupplies.features.AddGradeBundleStepDefinitions.the_following_grade_bundle_entities_exists_in_the_system_p10(io.cucumber.datatable.DataTable)?[0m
  ?[36mWhen ?[0m?[36mthe school admin attempts to add a new grade bundle in the system with name ?[0m?[36m?[1m"Bundle 6"?[0m?[36m, discount ?[0m?[36m?[1m"0"?[0m?[36m, and grade level ?[0m?[36m?[1m"6th"?[0m?[36m (p10)?[0m ?[90m# ca.mcgill.ecse.coolsupplies.features.AddGradeBundleStepDefinitions.the_school_admin_attempts_to_add_a_new_grade_bundle_in_the_system_with_name_discount_and_grade_level_p10(java.lang.String,java.lang.String,java.lang.String)?[0m
  ?[36mThen ?[0m?[36mthe number of grade bundle entities in the system shall be ?[0m?[36m?[1m"2"?[0m?[36m (p10)?[0m                                                              ?[90m# ca.mcgill.ecse.coolsupplies.features.AddGradeBundleStepDefinitions.the_number_of_grade_bundle_entities_in_the_system_shall_be_p10(java.lang.String)?[0m
  ?[36mThen ?[0m?[36mthe grade bundle ?[0m?[36m?[1m"Bundle 6"?[0m?[36m with discount ?[0m?[36m?[1m"0"?[0m?[36m and grade level ?[0m?[36m?[1m"6th"?[0m?[36m shall exist in the system (p10)?[0m                               ?[90m# ca.mcgill.ecse.coolsupplies.features.AddGradeBundleStepDefinitions.the_grade_bundle_with_discount_and_grade_level_shall_exist_in_the_system_p10(java.lang.String,java.lang.String,java.lang.String)?[0m

Scenario Outline: Unsuccessfully add a grade bundle to the system with invalid values                                                    ?[90m# src/test/resources/AddGradeBundle.feature:29?[0m
  ?[33mGiven ?[0m?[33mthe following grade entities exists in the system (p10)?[0m                                                                          ?[90m# ca.mcgill.ecse.coolsupplies.features.AddGradeBundleStepDefinitions.the_following_grade_entities_exists_in_the_system_p10(io.cucumber.datatable.DataTable)?[0m
      ?[33mio.cucumber.java.PendingException: TODO: implement me
	at ca.mcgill.ecse.coolsupplies.features.AddGradeBundleStepDefinitions.the_following_grade_entities_exists_in_the_system_p10(AddGradeBundleStepDefinitions.java:18)
	at ✽.the following grade entities exists in the system (p10)(file:///Users/zhengxuanzhao/IdeaProjects/ecse223-group-project-p8/src/test/resources/AddGradeBundle.feature:5)
?[0m
  ?[36mGiven ?[0m?[36mthe following grade bundle entities exists in the system (p10)?[0m                                                                   ?[90m# ca.mcgill.ecse.coolsupplies.features.AddGradeBundleStepDefinitions.the_following_grade_bundle_entities_exists_in_the_system_p10(io.cucumber.datatable.DataTable)?[0m
  ?[36mWhen ?[0m?[36mthe school admin attempts to add a new grade bundle in the system with name ?[0m?[36m?[1m"Bundle 5"?[0m?[36m, discount ?[0m?[36m?[1m"0"?[0m?[36m, and grade level ?[0m?[36m?[1m"6th"?[0m?[36m (p10)?[0m ?[90m# ca.mcgill.ecse.coolsupplies.features.AddGradeBundleStepDefinitions.the_school_admin_attempts_to_add_a_new_grade_bundle_in_the_system_with_name_discount_and_grade_level_p10(java.lang.String,java.lang.String,java.lang.String)?[0m
  ?[36mThen ?[0m?[36mthe number of grade bundle entities in the system shall be ?[0m?[36m?[1m"1"?[0m?[36m (p10)?[0m                                                              ?[90m# ca.mcgill.ecse.coolsupplies.features.AddGradeBundleStepDefinitions.the_number_of_grade_bundle_entities_in_the_system_shall_be_p10(java.lang.String)?[0m
  ?[36mThen ?[0m?[36mthe error ?[0m?[36m?[1m"The name must be unique."?[0m?[36m shall be raised (p10)?[0m                                                                        ?[90m# ca.mcgill.ecse.coolsupplies.features.AddGradeBundleStepDefinitions.the_error_shall_be_raised_p10(java.lang.String)?[0m

Scenario Outline: Unsuccessfully add a grade bundle to the system with invalid values                                            ?[90m# src/test/resources/AddGradeBundle.feature:30?[0m
  ?[33mGiven ?[0m?[33mthe following grade entities exists in the system (p10)?[0m                                                                  ?[90m# ca.mcgill.ecse.coolsupplies.features.AddGradeBundleStepDefinitions.the_following_grade_entities_exists_in_the_system_p10(io.cucumber.datatable.DataTable)?[0m
      ?[33mio.cucumber.java.PendingException: TODO: implement me
	at ca.mcgill.ecse.coolsupplies.features.AddGradeBundleStepDefinitions.the_following_grade_entities_exists_in_the_system_p10(AddGradeBundleStepDefinitions.java:18)
	at ✽.the following grade entities exists in the system (p10)(file:///Users/zhengxuanzhao/IdeaProjects/ecse223-group-project-p8/src/test/resources/AddGradeBundle.feature:5)
?[0m
  ?[36mGiven ?[0m?[36mthe following grade bundle entities exists in the system (p10)?[0m                                                           ?[90m# ca.mcgill.ecse.coolsupplies.features.AddGradeBundleStepDefinitions.the_following_grade_bundle_entities_exists_in_the_system_p10(io.cucumber.datatable.DataTable)?[0m
  ?[36mWhen ?[0m?[36mthe school admin attempts to add a new grade bundle in the system with name ?[0m?[36m?[1m""?[0m?[36m, discount ?[0m?[36m?[1m"0"?[0m?[36m, and grade level ?[0m?[36m?[1m"6th"?[0m?[36m (p10)?[0m ?[90m# ca.mcgill.ecse.coolsupplies.features.AddGradeBundleStepDefinitions.the_school_admin_attempts_to_add_a_new_grade_bundle_in_the_system_with_name_discount_and_grade_level_p10(java.lang.String,java.lang.String,java.lang.String)?[0m
  ?[36mThen ?[0m?[36mthe number of grade bundle entities in the system shall be ?[0m?[36m?[1m"1"?[0m?[36m (p10)?[0m                                                      ?[90m# ca.mcgill.ecse.coolsupplies.features.AddGradeBundleStepDefinitions.the_number_of_grade_bundle_entities_in_the_system_shall_be_p10(java.lang.String)?[0m
  ?[36mThen ?[0m?[36mthe error ?[0m?[36m?[1m"The name must not be empty."?[0m?[36m shall be raised (p10)?[0m                                                             ?[90m# ca.mcgill.ecse.coolsupplies.features.AddGradeBundleStepDefinitions.the_error_shall_be_raised_p10(java.lang.String)?[0m

Scenario Outline: Unsuccessfully add a grade bundle to the system with invalid values                                                     ?[90m# src/test/resources/AddGradeBundle.feature:31?[0m
  ?[33mGiven ?[0m?[33mthe following grade entities exists in the system (p10)?[0m                                                                           ?[90m# ca.mcgill.ecse.coolsupplies.features.AddGradeBundleStepDefinitions.the_following_grade_entities_exists_in_the_system_p10(io.cucumber.datatable.DataTable)?[0m
      ?[33mio.cucumber.java.PendingException: TODO: implement me
	at ca.mcgill.ecse.coolsupplies.features.AddGradeBundleStepDefinitions.the_following_grade_entities_exists_in_the_system_p10(AddGradeBundleStepDefinitions.java:18)
	at ✽.the following grade entities exists in the system (p10)(file:///Users/zhengxuanzhao/IdeaProjects/ecse223-group-project-p8/src/test/resources/AddGradeBundle.feature:5)
?[0m
  ?[36mGiven ?[0m?[36mthe following grade bundle entities exists in the system (p10)?[0m                                                                    ?[90m# ca.mcgill.ecse.coolsupplies.features.AddGradeBundleStepDefinitions.the_following_grade_bundle_entities_exists_in_the_system_p10(io.cucumber.datatable.DataTable)?[0m
  ?[36mWhen ?[0m?[36mthe school admin attempts to add a new grade bundle in the system with name ?[0m?[36m?[1m"Bundle 6"?[0m?[36m, discount ?[0m?[36m?[1m"-1"?[0m?[36m, and grade level ?[0m?[36m?[1m"6th"?[0m?[36m (p10)?[0m ?[90m# ca.mcgill.ecse.coolsupplies.features.AddGradeBundleStepDefinitions.the_school_admin_attempts_to_add_a_new_grade_bundle_in_the_system_with_name_discount_and_grade_level_p10(java.lang.String,java.lang.String,java.lang.String)?[0m
  ?[36mThen ?[0m?[36mthe number of grade bundle entities in the system shall be ?[0m?[36m?[1m"1"?[0m?[36m (p10)?[0m                                                               ?[90m# ca.mcgill.ecse.coolsupplies.features.AddGradeBundleStepDefinitions.the_number_of_grade_bundle_entities_in_the_system_shall_be_p10(java.lang.String)?[0m
  ?[36mThen ?[0m?[36mthe error ?[0m?[36m?[1m"The discount must be greater than or equal to 0 and less than or equal to 100."?[0m?[36m shall be raised (p10)?[0m                   ?[90m# ca.mcgill.ecse.coolsupplies.features.AddGradeBundleStepDefinitions.the_error_shall_be_raised_p10(java.lang.String)?[0m

Scenario Outline: Unsuccessfully add a grade bundle to the system with invalid values                                                      ?[90m# src/test/resources/AddGradeBundle.feature:32?[0m
  ?[33mGiven ?[0m?[33mthe following grade entities exists in the system (p10)?[0m                                                                            ?[90m# ca.mcgill.ecse.coolsupplies.features.AddGradeBundleStepDefinitions.the_following_grade_entities_exists_in_the_system_p10(io.cucumber.datatable.DataTable)?[0m
      ?[33mio.cucumber.java.PendingException: TODO: implement me
	at ca.mcgill.ecse.coolsupplies.features.AddGradeBundleStepDefinitions.the_following_grade_entities_exists_in_the_system_p10(AddGradeBundleStepDefinitions.java:18)
	at ✽.the following grade entities exists in the system (p10)(file:///Users/zhengxuanzhao/IdeaProjects/ecse223-group-project-p8/src/test/resources/AddGradeBundle.feature:5)
?[0m
  ?[36mGiven ?[0m?[36mthe following grade bundle entities exists in the system (p10)?[0m                                                                     ?[90m# ca.mcgill.ecse.coolsupplies.features.AddGradeBundleStepDefinitions.the_following_grade_bundle_entities_exists_in_the_system_p10(io.cucumber.datatable.DataTable)?[0m
  ?[36mWhen ?[0m?[36mthe school admin attempts to add a new grade bundle in the system with name ?[0m?[36m?[1m"Bundle 6"?[0m?[36m, discount ?[0m?[36m?[1m"101"?[0m?[36m, and grade level ?[0m?[36m?[1m"6th"?[0m?[36m (p10)?[0m ?[90m# ca.mcgill.ecse.coolsupplies.features.AddGradeBundleStepDefinitions.the_school_admin_attempts_to_add_a_new_grade_bundle_in_the_system_with_name_discount_and_grade_level_p10(java.lang.String,java.lang.String,java.lang.String)?[0m
  ?[36mThen ?[0m?[36mthe number of grade bundle entities in the system shall be ?[0m?[36m?[1m"1"?[0m?[36m (p10)?[0m                                                                ?[90m# ca.mcgill.ecse.coolsupplies.features.AddGradeBundleStepDefinitions.the_number_of_grade_bundle_entities_in_the_system_shall_be_p10(java.lang.String)?[0m
  ?[36mThen ?[0m?[36mthe error ?[0m?[36m?[1m"The discount must be greater than or equal to 0 and less than or equal to 100."?[0m?[36m shall be raised (p10)?[0m                    ?[90m# ca.mcgill.ecse.coolsupplies.features.AddGradeBundleStepDefinitions.the_error_shall_be_raised_p10(java.lang.String)?[0m

Scenario Outline: Unsuccessfully add a grade bundle to the system with invalid values                                                    ?[90m# src/test/resources/AddGradeBundle.feature:33?[0m
  ?[33mGiven ?[0m?[33mthe following grade entities exists in the system (p10)?[0m                                                                          ?[90m# ca.mcgill.ecse.coolsupplies.features.AddGradeBundleStepDefinitions.the_following_grade_entities_exists_in_the_system_p10(io.cucumber.datatable.DataTable)?[0m
      ?[33mio.cucumber.java.PendingException: TODO: implement me
	at ca.mcgill.ecse.coolsupplies.features.AddGradeBundleStepDefinitions.the_following_grade_entities_exists_in_the_system_p10(AddGradeBundleStepDefinitions.java:18)
	at ✽.the following grade entities exists in the system (p10)(file:///Users/zhengxuanzhao/IdeaProjects/ecse223-group-project-p8/src/test/resources/AddGradeBundle.feature:5)
?[0m
  ?[36mGiven ?[0m?[36mthe following grade bundle entities exists in the system (p10)?[0m                                                                   ?[90m# ca.mcgill.ecse.coolsupplies.features.AddGradeBundleStepDefinitions.the_following_grade_bundle_entities_exists_in_the_system_p10(io.cucumber.datatable.DataTable)?[0m
  ?[36mWhen ?[0m?[36mthe school admin attempts to add a new grade bundle in the system with name ?[0m?[36m?[1m"Bundle 6"?[0m?[36m, discount ?[0m?[36m?[1m"0"?[0m?[36m, and grade level ?[0m?[36m?[1m"7th"?[0m?[36m (p10)?[0m ?[90m# ca.mcgill.ecse.coolsupplies.features.AddGradeBundleStepDefinitions.the_school_admin_attempts_to_add_a_new_grade_bundle_in_the_system_with_name_discount_and_grade_level_p10(java.lang.String,java.lang.String,java.lang.String)?[0m
  ?[36mThen ?[0m?[36mthe number of grade bundle entities in the system shall be ?[0m?[36m?[1m"1"?[0m?[36m (p10)?[0m                                                              ?[90m# ca.mcgill.ecse.coolsupplies.features.AddGradeBundleStepDefinitions.the_number_of_grade_bundle_entities_in_the_system_shall_be_p10(java.lang.String)?[0m
  ?[36mThen ?[0m?[36mthe error ?[0m?[36m?[1m"The grade does not exist."?[0m?[36m shall be raised (p10)?[0m                                                                       ?[90m# ca.mcgill.ecse.coolsupplies.features.AddGradeBundleStepDefinitions.the_error_shall_be_raised_p10(java.lang.String)?[0m

Scenario Outline: Unsuccessfully add a grade bundle to the system with invalid values                                                    ?[90m# src/test/resources/AddGradeBundle.feature:34?[0m
  ?[33mGiven ?[0m?[33mthe following grade entities exists in the system (p10)?[0m                                                                          ?[90m# ca.mcgill.ecse.coolsupplies.features.AddGradeBundleStepDefinitions.the_following_grade_entities_exists_in_the_system_p10(io.cucumber.datatable.DataTable)?[0m
      ?[33mio.cucumber.java.PendingException: TODO: implement me
	at ca.mcgill.ecse.coolsupplies.features.AddGradeBundleStepDefinitions.the_following_grade_entities_exists_in_the_system_p10(AddGradeBundleStepDefinitions.java:18)
	at ✽.the following grade entities exists in the system (p10)(file:///Users/zhengxuanzhao/IdeaProjects/ecse223-group-project-p8/src/test/resources/AddGradeBundle.feature:5)
?[0m
  ?[36mGiven ?[0m?[36mthe following grade bundle entities exists in the system (p10)?[0m                                                                   ?[90m# ca.mcgill.ecse.coolsupplies.features.AddGradeBundleStepDefinitions.the_following_grade_bundle_entities_exists_in_the_system_p10(io.cucumber.datatable.DataTable)?[0m
  ?[36mWhen ?[0m?[36mthe school admin attempts to add a new grade bundle in the system with name ?[0m?[36m?[1m"Bundle 6"?[0m?[36m, discount ?[0m?[36m?[1m"0"?[0m?[36m, and grade level ?[0m?[36m?[1m"5th"?[0m?[36m (p10)?[0m ?[90m# ca.mcgill.ecse.coolsupplies.features.AddGradeBundleStepDefinitions.the_school_admin_attempts_to_add_a_new_grade_bundle_in_the_system_with_name_discount_and_grade_level_p10(java.lang.String,java.lang.String,java.lang.String)?[0m
  ?[36mThen ?[0m?[36mthe number of grade bundle entities in the system shall be ?[0m?[36m?[1m"1"?[0m?[36m (p10)?[0m                                                              ?[90m# ca.mcgill.ecse.coolsupplies.features.AddGradeBundleStepDefinitions.the_number_of_grade_bundle_entities_in_the_system_shall_be_p10(java.lang.String)?[0m
  ?[36mThen ?[0m?[36mthe error ?[0m?[36m?[1m"A bundle already exists for the grade."?[0m?[36m shall be raised (p10)?[0m                                                          ?[90m# ca.mcgill.ecse.coolsupplies.features.AddGradeBundleStepDefinitions.the_error_shall_be_raised_p10(java.lang.String)?[0m

Scenario Outline: Successfully add an item to the system                                                    ?[90m# src/test/resources/AddItem.feature:16?[0m
  ?[32mGiven ?[0m?[32mthe following item entities exists in the system (p14)?[0m                                              ?[90m# ca.mcgill.ecse.coolsupplies.features.AddItemStepDefinitions.the_following_item_entities_exists_in_the_system_p14(io.cucumber.datatable.DataTable)?[0m
  ?[32mWhen ?[0m?[32mthe school admin attempts to add a new item in the system with name ?[0m?[32m?[1m"textbook"?[0m?[32m and price ?[0m?[32m?[1m"150"?[0m?[32m (p14)?[0m ?[90m# ca.mcgill.ecse.coolsupplies.features.AddItemStepDefinitions.the_school_admin_attempts_to_add_a_new_item_in_the_system_with_name_and_price_p14(java.lang.String,java.lang.String)?[0m
  ?[32mThen ?[0m?[32mthe number of item entities in the system shall be ?[0m?[32m?[1m"2"?[0m?[32m (p14)?[0m                                         ?[90m# ca.mcgill.ecse.coolsupplies.features.AddItemStepDefinitions.the_number_of_item_entities_in_the_system_shall_be_p14(java.lang.String)?[0m
  ?[32mThen ?[0m?[32mthe item ?[0m?[32m?[1m"textbook"?[0m?[32m with price ?[0m?[32m?[1m"150"?[0m?[32m shall exist in the system (p14)?[0m                                 ?[90m# ca.mcgill.ecse.coolsupplies.features.AddItemStepDefinitions.the_item_with_price_shall_exist_in_the_system_p14(java.lang.String,java.lang.String)?[0m

Scenario Outline: Unsuccessfully add an item to the system with invalid values                            ?[90m# src/test/resources/AddItem.feature:25?[0m
  ?[32mGiven ?[0m?[32mthe following item entities exists in the system (p14)?[0m                                            ?[90m# ca.mcgill.ecse.coolsupplies.features.AddItemStepDefinitions.the_following_item_entities_exists_in_the_system_p14(io.cucumber.datatable.DataTable)?[0m
  ?[32mWhen ?[0m?[32mthe school admin attempts to add a new item in the system with name ?[0m?[32m?[1m"pencil"?[0m?[32m and price ?[0m?[32m?[1m"150"?[0m?[32m (p14)?[0m ?[90m# ca.mcgill.ecse.coolsupplies.features.AddItemStepDefinitions.the_school_admin_attempts_to_add_a_new_item_in_the_system_with_name_and_price_p14(java.lang.String,java.lang.String)?[0m
  ?[32mThen ?[0m?[32mthe number of item entities in the system shall be ?[0m?[32m?[1m"1"?[0m?[32m (p14)?[0m                                       ?[90m# ca.mcgill.ecse.coolsupplies.features.AddItemStepDefinitions.the_number_of_item_entities_in_the_system_shall_be_p14(java.lang.String)?[0m
  ?[32mThen ?[0m?[32mthe error ?[0m?[32m?[1m"The name must be unique."?[0m?[32m shall be raised (p14)?[0m                                         ?[90m# ca.mcgill.ecse.coolsupplies.features.AddItemStepDefinitions.the_error_shall_be_raised_p14(java.lang.String)?[0m

Scenario Outline: Unsuccessfully add an item to the system with invalid values                      ?[90m# src/test/resources/AddItem.feature:26?[0m
  ?[32mGiven ?[0m?[32mthe following item entities exists in the system (p14)?[0m                                      ?[90m# ca.mcgill.ecse.coolsupplies.features.AddItemStepDefinitions.the_following_item_entities_exists_in_the_system_p14(io.cucumber.datatable.DataTable)?[0m
  ?[32mWhen ?[0m?[32mthe school admin attempts to add a new item in the system with name ?[0m?[32m?[1m""?[0m?[32m and price ?[0m?[32m?[1m"150"?[0m?[32m (p14)?[0m ?[90m# ca.mcgill.ecse.coolsupplies.features.AddItemStepDefinitions.the_school_admin_attempts_to_add_a_new_item_in_the_system_with_name_and_price_p14(java.lang.String,java.lang.String)?[0m
  ?[32mThen ?[0m?[32mthe number of item entities in the system shall be ?[0m?[32m?[1m"1"?[0m?[32m (p14)?[0m                                 ?[90m# ca.mcgill.ecse.coolsupplies.features.AddItemStepDefinitions.the_number_of_item_entities_in_the_system_shall_be_p14(java.lang.String)?[0m
  ?[32mThen ?[0m?[32mthe error ?[0m?[32m?[1m"The name must not be empty."?[0m?[32m shall be raised (p14)?[0m                                ?[90m# ca.mcgill.ecse.coolsupplies.features.AddItemStepDefinitions.the_error_shall_be_raised_p14(java.lang.String)?[0m

Scenario Outline: Unsuccessfully add an item to the system with invalid values                             ?[90m# src/test/resources/AddItem.feature:27?[0m
  ?[32mGiven ?[0m?[32mthe following item entities exists in the system (p14)?[0m                                             ?[90m# ca.mcgill.ecse.coolsupplies.features.AddItemStepDefinitions.the_following_item_entities_exists_in_the_system_p14(io.cucumber.datatable.DataTable)?[0m
  ?[32mWhen ?[0m?[32mthe school admin attempts to add a new item in the system with name ?[0m?[32m?[1m"textbook"?[0m?[32m and price ?[0m?[32m?[1m"-1"?[0m?[32m (p14)?[0m ?[90m# ca.mcgill.ecse.coolsupplies.features.AddItemStepDefinitions.the_school_admin_attempts_to_add_a_new_item_in_the_system_with_name_and_price_p14(java.lang.String,java.lang.String)?[0m
  ?[32mThen ?[0m?[32mthe number of item entities in the system shall be ?[0m?[32m?[1m"1"?[0m?[32m (p14)?[0m                                        ?[90m# ca.mcgill.ecse.coolsupplies.features.AddItemStepDefinitions.the_number_of_item_entities_in_the_system_shall_be_p14(java.lang.String)?[0m
  ?[32mThen ?[0m?[32mthe error ?[0m?[32m?[1m"The price must be greater than or equal to 0."?[0m?[32m shall be raised (p14)?[0m                     ?[90m# ca.mcgill.ecse.coolsupplies.features.AddItemStepDefinitions.the_error_shall_be_raised_p14(java.lang.String)?[0m

Scenario Outline: Successfully add an order to the system                                                                                                                         ?[90m# src/test/resources/AddOrder.feature:28?[0m
  ?[32mGiven ?[0m?[32mthe following parent entities exists in the system (p15)?[0m                                                                                                                  ?[90m# ca.mcgill.ecse.coolsupplies.features.AddOrderStepDefinitions.the_following_parent_entities_exists_in_the_system_p15(io.cucumber.datatable.DataTable)?[0m
  ?[32mGiven ?[0m?[32mthe following grade entities exists in the system (p15)?[0m                                                                                                                   ?[90m# ca.mcgill.ecse.coolsupplies.features.AddOrderStepDefinitions.the_following_grade_entities_exists_in_the_system_p15(io.cucumber.datatable.DataTable)?[0m
  ?[32mGiven ?[0m?[32mthe following student entities exists in the system (p15)?[0m                                                                                                                 ?[90m# ca.mcgill.ecse.coolsupplies.features.AddOrderStepDefinitions.the_following_student_entities_exists_in_the_system_p15(io.cucumber.datatable.DataTable)?[0m
  ?[32mGiven ?[0m?[32mthe following student entities exist for a parent in the system (p15)?[0m                                                                                                     ?[90m# ca.mcgill.ecse.coolsupplies.features.AddOrderStepDefinitions.the_following_student_entities_exist_for_a_parent_in_the_system_p15(io.cucumber.datatable.DataTable)?[0m
  ?[32mGiven ?[0m?[32mthe following order entities exists in the system (p15)?[0m                                                                                                                   ?[90m# ca.mcgill.ecse.coolsupplies.features.AddOrderStepDefinitions.the_following_order_entities_exists_in_the_system_p15(io.cucumber.datatable.DataTable)?[0m
  ?[32mWhen ?[0m?[32mthe parent attempts to add a new order in the system with number ?[0m?[32m?[1m"2"?[0m?[32m, date ?[0m?[32m?[1m"2024-01-31"?[0m?[32m, level ?[0m?[32m?[1m"Recommended"?[0m?[32m, parent email ?[0m?[32m?[1m"mom@gmail.com"?[0m?[32m, and student name ?[0m?[32m?[1m"Aaron"?[0m?[32m (p15)?[0m ?[90m# ca.mcgill.ecse.coolsupplies.features.AddOrderStepDefinitions.the_parent_attempts_to_add_a_new_order_in_the_system_with_number_date_level_parent_email_and_student_name_p15(java.lang.String,java.lang.String,java.lang.String,java.lang.String,java.lang.String)?[0m
  ?[32mThen ?[0m?[32mthe number of order entities in the system shall be ?[0m?[32m?[1m"2"?[0m?[32m (p15)?[0m                                                                                                              ?[90m# ca.mcgill.ecse.coolsupplies.features.AddOrderStepDefinitions.the_number_of_order_entities_in_the_system_shall_be_p15(java.lang.String)?[0m
  ?[32mThen ?[0m?[32mthe order ?[0m?[32m?[1m"2"?[0m?[32m with date ?[0m?[32m?[1m"2024-01-31"?[0m?[32m, level ?[0m?[32m?[1m"Recommended"?[0m?[32m, parent email ?[0m?[32m?[1m"mom@gmail.com"?[0m?[32m, and student name ?[0m?[32m?[1m"Aaron"?[0m?[32m shall exist in the system (p15)?[0m                          ?[90m# ca.mcgill.ecse.coolsupplies.features.AddOrderStepDefinitions.the_order_with_date_level_parent_email_and_student_name_shall_exist_in_the_system_p15(java.lang.String,java.lang.String,java.lang.String,java.lang.String,java.lang.String)?[0m

Scenario Outline: Unsuccessfully add an order to the system with invalid values                                                                                                   ?[90m# src/test/resources/AddOrder.feature:37?[0m
  ?[32mGiven ?[0m?[32mthe following parent entities exists in the system (p15)?[0m                                                                                                                  ?[90m# ca.mcgill.ecse.coolsupplies.features.AddOrderStepDefinitions.the_following_parent_entities_exists_in_the_system_p15(io.cucumber.datatable.DataTable)?[0m
  ?[32mGiven ?[0m?[32mthe following grade entities exists in the system (p15)?[0m                                                                                                                   ?[90m# ca.mcgill.ecse.coolsupplies.features.AddOrderStepDefinitions.the_following_grade_entities_exists_in_the_system_p15(io.cucumber.datatable.DataTable)?[0m
  ?[32mGiven ?[0m?[32mthe following student entities exists in the system (p15)?[0m                                                                                                                 ?[90m# ca.mcgill.ecse.coolsupplies.features.AddOrderStepDefinitions.the_following_student_entities_exists_in_the_system_p15(io.cucumber.datatable.DataTable)?[0m
  ?[32mGiven ?[0m?[32mthe following student entities exist for a parent in the system (p15)?[0m                                                                                                     ?[90m# ca.mcgill.ecse.coolsupplies.features.AddOrderStepDefinitions.the_following_student_entities_exist_for_a_parent_in_the_system_p15(io.cucumber.datatable.DataTable)?[0m
  ?[32mGiven ?[0m?[32mthe following order entities exists in the system (p15)?[0m                                                                                                                   ?[90m# ca.mcgill.ecse.coolsupplies.features.AddOrderStepDefinitions.the_following_order_entities_exists_in_the_system_p15(io.cucumber.datatable.DataTable)?[0m
  ?[32mWhen ?[0m?[32mthe parent attempts to add a new order in the system with number ?[0m?[32m?[1m"1"?[0m?[32m, date ?[0m?[32m?[1m"2024-01-31"?[0m?[32m, level ?[0m?[32m?[1m"Recommended"?[0m?[32m, parent email ?[0m?[32m?[1m"mom@gmail.com"?[0m?[32m, and student name ?[0m?[32m?[1m"Aaron"?[0m?[32m (p15)?[0m ?[90m# ca.mcgill.ecse.coolsupplies.features.AddOrderStepDefinitions.the_parent_attempts_to_add_a_new_order_in_the_system_with_number_date_level_parent_email_and_student_name_p15(java.lang.String,java.lang.String,java.lang.String,java.lang.String,java.lang.String)?[0m
  ?[32mThen ?[0m?[32mthe number of order entities in the system shall be ?[0m?[32m?[1m"1"?[0m?[32m (p15)?[0m                                                                                                              ?[90m# ca.mcgill.ecse.coolsupplies.features.AddOrderStepDefinitions.the_number_of_order_entities_in_the_system_shall_be_p15(java.lang.String)?[0m
  ?[32mThen ?[0m?[32mthe error ?[0m?[32m?[1m"The number must be unique."?[0m?[32m shall be raised (p15)?[0m                                                                                                               ?[90m# ca.mcgill.ecse.coolsupplies.features.AddOrderStepDefinitions.the_error_shall_be_raised_p15(java.lang.String)?[0m

Scenario Outline: Unsuccessfully add an order to the system with invalid values                                                                                                   ?[90m# src/test/resources/AddOrder.feature:38?[0m
  ?[32mGiven ?[0m?[32mthe following parent entities exists in the system (p15)?[0m                                                                                                                  ?[90m# ca.mcgill.ecse.coolsupplies.features.AddOrderStepDefinitions.the_following_parent_entities_exists_in_the_system_p15(io.cucumber.datatable.DataTable)?[0m
  ?[32mGiven ?[0m?[32mthe following grade entities exists in the system (p15)?[0m                                                                                                                   ?[90m# ca.mcgill.ecse.coolsupplies.features.AddOrderStepDefinitions.the_following_grade_entities_exists_in_the_system_p15(io.cucumber.datatable.DataTable)?[0m
  ?[32mGiven ?[0m?[32mthe following student entities exists in the system (p15)?[0m                                                                                                                 ?[90m# ca.mcgill.ecse.coolsupplies.features.AddOrderStepDefinitions.the_following_student_entities_exists_in_the_system_p15(io.cucumber.datatable.DataTable)?[0m
  ?[32mGiven ?[0m?[32mthe following student entities exist for a parent in the system (p15)?[0m                                                                                                     ?[90m# ca.mcgill.ecse.coolsupplies.features.AddOrderStepDefinitions.the_following_student_entities_exist_for_a_parent_in_the_system_p15(io.cucumber.datatable.DataTable)?[0m
  ?[32mGiven ?[0m?[32mthe following order entities exists in the system (p15)?[0m                                                                                                                   ?[90m# ca.mcgill.ecse.coolsupplies.features.AddOrderStepDefinitions.the_following_order_entities_exists_in_the_system_p15(io.cucumber.datatable.DataTable)?[0m
  ?[32mWhen ?[0m?[32mthe parent attempts to add a new order in the system with number ?[0m?[32m?[1m"0"?[0m?[32m, date ?[0m?[32m?[1m"2024-01-31"?[0m?[32m, level ?[0m?[32m?[1m"Recommended"?[0m?[32m, parent email ?[0m?[32m?[1m"mom@gmail.com"?[0m?[32m, and student name ?[0m?[32m?[1m"Aaron"?[0m?[32m (p15)?[0m ?[90m# ca.mcgill.ecse.coolsupplies.features.AddOrderStepDefinitions.the_parent_attempts_to_add_a_new_order_in_the_system_with_number_date_level_parent_email_and_student_name_p15(java.lang.String,java.lang.String,java.lang.String,java.lang.String,java.lang.String)?[0m
  ?[32mThen ?[0m?[32mthe number of order entities in the system shall be ?[0m?[32m?[1m"1"?[0m?[32m (p15)?[0m                                                                                                              ?[90m# ca.mcgill.ecse.coolsupplies.features.AddOrderStepDefinitions.the_number_of_order_entities_in_the_system_shall_be_p15(java.lang.String)?[0m
  ?[32mThen ?[0m?[32mthe error ?[0m?[32m?[1m"The number must be greater than 0."?[0m?[32m shall be raised (p15)?[0m                                                                                                       ?[90m# ca.mcgill.ecse.coolsupplies.features.AddOrderStepDefinitions.the_error_shall_be_raised_p15(java.lang.String)?[0m

Scenario Outline: Unsuccessfully add an order to the system with invalid values                                                                                                   ?[90m# src/test/resources/AddOrder.feature:39?[0m
  ?[32mGiven ?[0m?[32mthe following parent entities exists in the system (p15)?[0m                                                                                                                  ?[90m# ca.mcgill.ecse.coolsupplies.features.AddOrderStepDefinitions.the_following_parent_entities_exists_in_the_system_p15(io.cucumber.datatable.DataTable)?[0m
  ?[32mGiven ?[0m?[32mthe following grade entities exists in the system (p15)?[0m                                                                                                                   ?[90m# ca.mcgill.ecse.coolsupplies.features.AddOrderStepDefinitions.the_following_grade_entities_exists_in_the_system_p15(io.cucumber.datatable.DataTable)?[0m
  ?[32mGiven ?[0m?[32mthe following student entities exists in the system (p15)?[0m                                                                                                                 ?[90m# ca.mcgill.ecse.coolsupplies.features.AddOrderStepDefinitions.the_following_student_entities_exists_in_the_system_p15(io.cucumber.datatable.DataTable)?[0m
  ?[32mGiven ?[0m?[32mthe following student entities exist for a parent in the system (p15)?[0m                                                                                                     ?[90m# ca.mcgill.ecse.coolsupplies.features.AddOrderStepDefinitions.the_following_student_entities_exist_for_a_parent_in_the_system_p15(io.cucumber.datatable.DataTable)?[0m
  ?[32mGiven ?[0m?[32mthe following order entities exists in the system (p15)?[0m                                                                                                                   ?[90m# ca.mcgill.ecse.coolsupplies.features.AddOrderStepDefinitions.the_following_order_entities_exists_in_the_system_p15(io.cucumber.datatable.DataTable)?[0m
  ?[32mWhen ?[0m?[32mthe parent attempts to add a new order in the system with number ?[0m?[32m?[1m"2"?[0m?[32m, date ?[0m?[32m?[1m"2024-01-31"?[0m?[32m, level ?[0m?[32m?[1m"notALiteral"?[0m?[32m, parent email ?[0m?[32m?[1m"mom@gmail.com"?[0m?[32m, and student name ?[0m?[32m?[1m"Aaron"?[0m?[32m (p15)?[0m ?[90m# ca.mcgill.ecse.coolsupplies.features.AddOrderStepDefinitions.the_parent_attempts_to_add_a_new_order_in_the_system_with_number_date_level_parent_email_and_student_name_p15(java.lang.String,java.lang.String,java.lang.String,java.lang.String,java.lang.String)?[0m
  ?[32mThen ?[0m?[32mthe number of order entities in the system shall be ?[0m?[32m?[1m"1"?[0m?[32m (p15)?[0m                                                                                                              ?[90m# ca.mcgill.ecse.coolsupplies.features.AddOrderStepDefinitions.the_number_of_order_entities_in_the_system_shall_be_p15(java.lang.String)?[0m
  ?[32mThen ?[0m?[32mthe error ?[0m?[32m?[1m"The level must be Mandatory, Recommended, or Optional."?[0m?[32m shall be raised (p15)?[0m                                                                                   ?[90m# ca.mcgill.ecse.coolsupplies.features.AddOrderStepDefinitions.the_error_shall_be_raised_p15(java.lang.String)?[0m

Scenario Outline: Unsuccessfully add an order to the system with invalid values                                                                                                   ?[90m# src/test/resources/AddOrder.feature:40?[0m
  ?[32mGiven ?[0m?[32mthe following parent entities exists in the system (p15)?[0m                                                                                                                  ?[90m# ca.mcgill.ecse.coolsupplies.features.AddOrderStepDefinitions.the_following_parent_entities_exists_in_the_system_p15(io.cucumber.datatable.DataTable)?[0m
  ?[32mGiven ?[0m?[32mthe following grade entities exists in the system (p15)?[0m                                                                                                                   ?[90m# ca.mcgill.ecse.coolsupplies.features.AddOrderStepDefinitions.the_following_grade_entities_exists_in_the_system_p15(io.cucumber.datatable.DataTable)?[0m
  ?[32mGiven ?[0m?[32mthe following student entities exists in the system (p15)?[0m                                                                                                                 ?[90m# ca.mcgill.ecse.coolsupplies.features.AddOrderStepDefinitions.the_following_student_entities_exists_in_the_system_p15(io.cucumber.datatable.DataTable)?[0m
  ?[32mGiven ?[0m?[32mthe following student entities exist for a parent in the system (p15)?[0m                                                                                                     ?[90m# ca.mcgill.ecse.coolsupplies.features.AddOrderStepDefinitions.the_following_student_entities_exist_for_a_parent_in_the_system_p15(io.cucumber.datatable.DataTable)?[0m
  ?[32mGiven ?[0m?[32mthe following order entities exists in the system (p15)?[0m                                                                                                                   ?[90m# ca.mcgill.ecse.coolsupplies.features.AddOrderStepDefinitions.the_following_order_entities_exists_in_the_system_p15(io.cucumber.datatable.DataTable)?[0m
  ?[32mWhen ?[0m?[32mthe parent attempts to add a new order in the system with number ?[0m?[32m?[1m"2"?[0m?[32m, date ?[0m?[32m?[1m"2024-01-31"?[0m?[32m, level ?[0m?[32m?[1m"Recommended"?[0m?[32m, parent email ?[0m?[32m?[1m"dad@gmail.com"?[0m?[32m, and student name ?[0m?[32m?[1m"Aaron"?[0m?[32m (p15)?[0m ?[90m# ca.mcgill.ecse.coolsupplies.features.AddOrderStepDefinitions.the_parent_attempts_to_add_a_new_order_in_the_system_with_number_date_level_parent_email_and_student_name_p15(java.lang.String,java.lang.String,java.lang.String,java.lang.String,java.lang.String)?[0m
  ?[32mThen ?[0m?[32mthe number of order entities in the system shall be ?[0m?[32m?[1m"1"?[0m?[32m (p15)?[0m                                                                                                              ?[90m# ca.mcgill.ecse.coolsupplies.features.AddOrderStepDefinitions.the_number_of_order_entities_in_the_system_shall_be_p15(java.lang.String)?[0m
  ?[32mThen ?[0m?[32mthe error ?[0m?[32m?[1m"The parent does not exist."?[0m?[32m shall be raised (p15)?[0m                                                                                                               ?[90m# ca.mcgill.ecse.coolsupplies.features.AddOrderStepDefinitions.the_error_shall_be_raised_p15(java.lang.String)?[0m

Scenario Outline: Unsuccessfully add an order to the system with invalid values                                                                                                     ?[90m# src/test/resources/AddOrder.feature:41?[0m
  ?[32mGiven ?[0m?[32mthe following parent entities exists in the system (p15)?[0m                                                                                                                    ?[90m# ca.mcgill.ecse.coolsupplies.features.AddOrderStepDefinitions.the_following_parent_entities_exists_in_the_system_p15(io.cucumber.datatable.DataTable)?[0m
  ?[32mGiven ?[0m?[32mthe following grade entities exists in the system (p15)?[0m                                                                                                                     ?[90m# ca.mcgill.ecse.coolsupplies.features.AddOrderStepDefinitions.the_following_grade_entities_exists_in_the_system_p15(io.cucumber.datatable.DataTable)?[0m
  ?[32mGiven ?[0m?[32mthe following student entities exists in the system (p15)?[0m                                                                                                                   ?[90m# ca.mcgill.ecse.coolsupplies.features.AddOrderStepDefinitions.the_following_student_entities_exists_in_the_system_p15(io.cucumber.datatable.DataTable)?[0m
  ?[32mGiven ?[0m?[32mthe following student entities exist for a parent in the system (p15)?[0m                                                                                                       ?[90m# ca.mcgill.ecse.coolsupplies.features.AddOrderStepDefinitions.the_following_student_entities_exist_for_a_parent_in_the_system_p15(io.cucumber.datatable.DataTable)?[0m
  ?[32mGiven ?[0m?[32mthe following order entities exists in the system (p15)?[0m                                                                                                                     ?[90m# ca.mcgill.ecse.coolsupplies.features.AddOrderStepDefinitions.the_following_order_entities_exists_in_the_system_p15(io.cucumber.datatable.DataTable)?[0m
  ?[32mWhen ?[0m?[32mthe parent attempts to add a new order in the system with number ?[0m?[32m?[1m"2"?[0m?[32m, date ?[0m?[32m?[1m"2024-01-31"?[0m?[32m, level ?[0m?[32m?[1m"Recommended"?[0m?[32m, parent email ?[0m?[32m?[1m"mom@gmail.com"?[0m?[32m, and student name ?[0m?[32m?[1m"Barbara"?[0m?[32m (p15)?[0m ?[90m# ca.mcgill.ecse.coolsupplies.features.AddOrderStepDefinitions.the_parent_attempts_to_add_a_new_order_in_the_system_with_number_date_level_parent_email_and_student_name_p15(java.lang.String,java.lang.String,java.lang.String,java.lang.String,java.lang.String)?[0m
  ?[32mThen ?[0m?[32mthe number of order entities in the system shall be ?[0m?[32m?[1m"1"?[0m?[32m (p15)?[0m                                                                                                                ?[90m# ca.mcgill.ecse.coolsupplies.features.AddOrderStepDefinitions.the_number_of_order_entities_in_the_system_shall_be_p15(java.lang.String)?[0m
  ?[32mThen ?[0m?[32mthe error ?[0m?[32m?[1m"The student does not exist."?[0m?[32m shall be raised (p15)?[0m                                                                                                                ?[90m# ca.mcgill.ecse.coolsupplies.features.AddOrderStepDefinitions.the_error_shall_be_raised_p15(java.lang.String)?[0m

Scenario Outline: Successfully add a parent to the system                                                                                                          ?[90m# src/test/resources/AddParent.feature:16?[0m
  ?[32mGiven ?[0m?[32mthe following parent entities exists in the system (p1)?[0m                                                                                                    ?[90m# ca.mcgill.ecse.coolsupplies.features.AddParentStepDefinitions.the_following_parent_entities_exists_in_the_system_p1(io.cucumber.datatable.DataTable)?[0m
  ?[32mWhen ?[0m?[32mthe parent attempts to add a new parent in the system with email ?[0m?[32m?[1m"jane.doe@gmail.com"?[0m?[32m, password ?[0m?[32m?[1m"password"?[0m?[32m, name ?[0m?[32m?[1m"Bernard"?[0m?[32m, and phone number ?[0m?[32m?[1m"1234568"?[0m?[32m (p1)?[0m ?[90m# ca.mcgill.ecse.coolsupplies.features.AddParentStepDefinitions.the_parent_attempts_to_add_a_new_parent_in_the_system_with_email_password_name_and_phone_number_p1(java.lang.String,java.lang.String,java.lang.String,java.lang.String)?[0m
  ?[32mThen ?[0m?[32mthe number of parent entities in the system shall be ?[0m?[32m?[1m"2"?[0m?[32m (p1)?[0m                                                                                               ?[90m# ca.mcgill.ecse.coolsupplies.features.AddParentStepDefinitions.the_number_of_parent_entities_in_the_system_shall_be_p1(java.lang.String)?[0m
  ?[32mThen ?[0m?[32mthe parent ?[0m?[32m?[1m"jane.doe@gmail.com"?[0m?[32m with password ?[0m?[32m?[1m"password"?[0m?[32m, name ?[0m?[32m?[1m"Bernard"?[0m?[32m, and phone number ?[0m?[32m?[1m"1234568"?[0m?[32m shall exist in the system (p1)?[0m                         ?[90m# ca.mcgill.ecse.coolsupplies.features.AddParentStepDefinitions.the_parent_with_password_name_and_phone_number_shall_exist_in_the_system_p1(java.lang.String,java.lang.String,java.lang.String,java.lang.String)?[0m

Scenario Outline: Unsuccessfully add a parent to the system with invalid values                                                                                    ?[90m# src/test/resources/AddParent.feature:25?[0m
  ?[32mGiven ?[0m?[32mthe following parent entities exists in the system (p1)?[0m                                                                                                    ?[90m# ca.mcgill.ecse.coolsupplies.features.AddParentStepDefinitions.the_following_parent_entities_exists_in_the_system_p1(io.cucumber.datatable.DataTable)?[0m
  ?[32mWhen ?[0m?[32mthe parent attempts to add a new parent in the system with email ?[0m?[32m?[1m"john.doe@gmail.com"?[0m?[32m, password ?[0m?[32m?[1m"password"?[0m?[32m, name ?[0m?[32m?[1m"Bernard"?[0m?[32m, and phone number ?[0m?[32m?[1m"1234567"?[0m?[32m (p1)?[0m ?[90m# ca.mcgill.ecse.coolsupplies.features.AddParentStepDefinitions.the_parent_attempts_to_add_a_new_parent_in_the_system_with_email_password_name_and_phone_number_p1(java.lang.String,java.lang.String,java.lang.String,java.lang.String)?[0m
  ?[32mThen ?[0m?[32mthe number of parent entities in the system shall be ?[0m?[32m?[1m"1"?[0m?[32m (p1)?[0m                                                                                               ?[90m# ca.mcgill.ecse.coolsupplies.features.AddParentStepDefinitions.the_number_of_parent_entities_in_the_system_shall_be_p1(java.lang.String)?[0m
  ?[32mThen ?[0m?[32mthe error ?[0m?[32m?[1m"The email must be unique."?[0m?[32m shall be raised (p1)?[0m                                                                                                  ?[90m# ca.mcgill.ecse.coolsupplies.features.AddParentStepDefinitions.the_error_shall_be_raised_p1(java.lang.String)?[0m

Scenario Outline: Unsuccessfully add a parent to the system with invalid values                                                                  ?[90m# src/test/resources/AddParent.feature:26?[0m
  ?[32mGiven ?[0m?[32mthe following parent entities exists in the system (p1)?[0m                                                                                  ?[90m# ca.mcgill.ecse.coolsupplies.features.AddParentStepDefinitions.the_following_parent_entities_exists_in_the_system_p1(io.cucumber.datatable.DataTable)?[0m
  ?[32mWhen ?[0m?[32mthe parent attempts to add a new parent in the system with email ?[0m?[32m?[1m""?[0m?[32m, password ?[0m?[32m?[1m"password"?[0m?[32m, name ?[0m?[32m?[1m"Bernard"?[0m?[32m, and phone number ?[0m?[32m?[1m"1234567"?[0m?[32m (p1)?[0m ?[90m# ca.mcgill.ecse.coolsupplies.features.AddParentStepDefinitions.the_parent_attempts_to_add_a_new_parent_in_the_system_with_email_password_name_and_phone_number_p1(java.lang.String,java.lang.String,java.lang.String,java.lang.String)?[0m
  ?[32mThen ?[0m?[32mthe number of parent entities in the system shall be ?[0m?[32m?[1m"1"?[0m?[32m (p1)?[0m                                                                             ?[90m# ca.mcgill.ecse.coolsupplies.features.AddParentStepDefinitions.the_number_of_parent_entities_in_the_system_shall_be_p1(java.lang.String)?[0m
  ?[32mThen ?[0m?[32mthe error ?[0m?[32m?[1m"The email must not be empty."?[0m?[32m shall be raised (p1)?[0m                                                                             ?[90m# ca.mcgill.ecse.coolsupplies.features.AddParentStepDefinitions.the_error_shall_be_raised_p1(java.lang.String)?[0m

Scenario Outline: Unsuccessfully add a parent to the system with invalid values                                                                               ?[90m# src/test/resources/AddParent.feature:27?[0m
  ?[32mGiven ?[0m?[32mthe following parent entities exists in the system (p1)?[0m                                                                                               ?[90m# ca.mcgill.ecse.coolsupplies.features.AddParentStepDefinitions.the_following_parent_entities_exists_in_the_system_p1(io.cucumber.datatable.DataTable)?[0m
  ?[32mWhen ?[0m?[32mthe parent attempts to add a new parent in the system with email ?[0m?[32m?[1m"admin@cool.ca"?[0m?[32m, password ?[0m?[32m?[1m"password"?[0m?[32m, name ?[0m?[32m?[1m"Bernard"?[0m?[32m, and phone number ?[0m?[32m?[1m"1234567"?[0m?[32m (p1)?[0m ?[90m# ca.mcgill.ecse.coolsupplies.features.AddParentStepDefinitions.the_parent_attempts_to_add_a_new_parent_in_the_system_with_email_password_name_and_phone_number_p1(java.lang.String,java.lang.String,java.lang.String,java.lang.String)?[0m
  ?[32mThen ?[0m?[32mthe number of parent entities in the system shall be ?[0m?[32m?[1m"1"?[0m?[32m (p1)?[0m                                                                                          ?[90m# ca.mcgill.ecse.coolsupplies.features.AddParentStepDefinitions.the_number_of_parent_entities_in_the_system_shall_be_p1(java.lang.String)?[0m
  ?[32mThen ?[0m?[32mthe error ?[0m?[32m?[1m"The email must not be admin@cool.ca."?[0m?[32m shall be raised (p1)?[0m                                                                                  ?[90m# ca.mcgill.ecse.coolsupplies.features.AddParentStepDefinitions.the_error_shall_be_raised_p1(java.lang.String)?[0m

Scenario Outline: Unsuccessfully add a parent to the system with invalid values                                                                                 ?[90m# src/test/resources/AddParent.feature:28?[0m
  ?[32mGiven ?[0m?[32mthe following parent entities exists in the system (p1)?[0m                                                                                                 ?[90m# ca.mcgill.ecse.coolsupplies.features.AddParentStepDefinitions.the_following_parent_entities_exists_in_the_system_p1(io.cucumber.datatable.DataTable)?[0m
  ?[32mWhen ?[0m?[32mthe parent attempts to add a new parent in the system with email ?[0m?[32m?[1m"john @gmail.com"?[0m?[32m, password ?[0m?[32m?[1m"password"?[0m?[32m, name ?[0m?[32m?[1m"Bernard"?[0m?[32m, and phone number ?[0m?[32m?[1m"1234567"?[0m?[32m (p1)?[0m ?[90m# ca.mcgill.ecse.coolsupplies.features.AddParentStepDefinitions.the_parent_attempts_to_add_a_new_parent_in_the_system_with_email_password_name_and_phone_number_p1(java.lang.String,java.lang.String,java.lang.String,java.lang.String)?[0m
  ?[32mThen ?[0m?[32mthe number of parent entities in the system shall be ?[0m?[32m?[1m"1"?[0m?[32m (p1)?[0m                                                                                            ?[90m# ca.mcgill.ecse.coolsupplies.features.AddParentStepDefinitions.the_number_of_parent_entities_in_the_system_shall_be_p1(java.lang.String)?[0m
  ?[32mThen ?[0m?[32mthe error ?[0m?[32m?[1m"The email must not contain spaces."?[0m?[32m shall be raised (p1)?[0m                                                                                      ?[90m# ca.mcgill.ecse.coolsupplies.features.AddParentStepDefinitions.the_error_shall_be_raised_p1(java.lang.String)?[0m

Scenario Outline: Unsuccessfully add a parent to the system with invalid values                                                                                 ?[90m# src/test/resources/AddParent.feature:29?[0m
  ?[32mGiven ?[0m?[32mthe following parent entities exists in the system (p1)?[0m                                                                                                 ?[90m# ca.mcgill.ecse.coolsupplies.features.AddParentStepDefinitions.the_following_parent_entities_exists_in_the_system_p1(io.cucumber.datatable.DataTable)?[0m
  ?[32mWhen ?[0m?[32mthe parent attempts to add a new parent in the system with email ?[0m?[32m?[1m"dony@gmail@.com"?[0m?[32m, password ?[0m?[32m?[1m"password"?[0m?[32m, name ?[0m?[32m?[1m"Bernard"?[0m?[32m, and phone number ?[0m?[32m?[1m"1234567"?[0m?[32m (p1)?[0m ?[90m# ca.mcgill.ecse.coolsupplies.features.AddParentStepDefinitions.the_parent_attempts_to_add_a_new_parent_in_the_system_with_email_password_name_and_phone_number_p1(java.lang.String,java.lang.String,java.lang.String,java.lang.String)?[0m
  ?[32mThen ?[0m?[32mthe number of parent entities in the system shall be ?[0m?[32m?[1m"1"?[0m?[32m (p1)?[0m                                                                                            ?[90m# ca.mcgill.ecse.coolsupplies.features.AddParentStepDefinitions.the_number_of_parent_entities_in_the_system_shall_be_p1(java.lang.String)?[0m
  ?[32mThen ?[0m?[32mthe error ?[0m?[32m?[1m"The email must be well-formed."?[0m?[32m shall be raised (p1)?[0m                                                                                          ?[90m# ca.mcgill.ecse.coolsupplies.features.AddParentStepDefinitions.the_error_shall_be_raised_p1(java.lang.String)?[0m

Scenario Outline: Unsuccessfully add a parent to the system with invalid values                                                                             ?[90m# src/test/resources/AddParent.feature:30?[0m
  ?[32mGiven ?[0m?[32mthe following parent entities exists in the system (p1)?[0m                                                                                             ?[90m# ca.mcgill.ecse.coolsupplies.features.AddParentStepDefinitions.the_following_parent_entities_exists_in_the_system_p1(io.cucumber.datatable.DataTable)?[0m
  ?[32mWhen ?[0m?[32mthe parent attempts to add a new parent in the system with email ?[0m?[32m?[1m"kyle@gmail."?[0m?[32m, password ?[0m?[32m?[1m"password"?[0m?[32m, name ?[0m?[32m?[1m"Bernard"?[0m?[32m, and phone number ?[0m?[32m?[1m"1234567"?[0m?[32m (p1)?[0m ?[90m# ca.mcgill.ecse.coolsupplies.features.AddParentStepDefinitions.the_parent_attempts_to_add_a_new_parent_in_the_system_with_email_password_name_and_phone_number_p1(java.lang.String,java.lang.String,java.lang.String,java.lang.String)?[0m
  ?[32mThen ?[0m?[32mthe number of parent entities in the system shall be ?[0m?[32m?[1m"1"?[0m?[32m (p1)?[0m                                                                                        ?[90m# ca.mcgill.ecse.coolsupplies.features.AddParentStepDefinitions.the_number_of_parent_entities_in_the_system_shall_be_p1(java.lang.String)?[0m
  ?[32mThen ?[0m?[32mthe error ?[0m?[32m?[1m"The email must be well-formed."?[0m?[32m shall be raised (p1)?[0m                                                                                      ?[90m# ca.mcgill.ecse.coolsupplies.features.AddParentStepDefinitions.the_error_shall_be_raised_p1(java.lang.String)?[0m

Scenario Outline: Unsuccessfully add a parent to the system with invalid values                                                                                ?[90m# src/test/resources/AddParent.feature:31?[0m
  ?[32mGiven ?[0m?[32mthe following parent entities exists in the system (p1)?[0m                                                                                                ?[90m# ca.mcgill.ecse.coolsupplies.features.AddParentStepDefinitions.the_following_parent_entities_exists_in_the_system_p1(io.cucumber.datatable.DataTable)?[0m
  ?[32mWhen ?[0m?[32mthe parent attempts to add a new parent in the system with email ?[0m?[32m?[1m"greg.gmail@com"?[0m?[32m, password ?[0m?[32m?[1m"password"?[0m?[32m, name ?[0m?[32m?[1m"Bernard"?[0m?[32m, and phone number ?[0m?[32m?[1m"1234567"?[0m?[32m (p1)?[0m ?[90m# ca.mcgill.ecse.coolsupplies.features.AddParentStepDefinitions.the_parent_attempts_to_add_a_new_parent_in_the_system_with_email_password_name_and_phone_number_p1(java.lang.String,java.lang.String,java.lang.String,java.lang.String)?[0m
  ?[32mThen ?[0m?[32mthe number of parent entities in the system shall be ?[0m?[32m?[1m"1"?[0m?[32m (p1)?[0m                                                                                           ?[90m# ca.mcgill.ecse.coolsupplies.features.AddParentStepDefinitions.the_number_of_parent_entities_in_the_system_shall_be_p1(java.lang.String)?[0m
  ?[32mThen ?[0m?[32mthe error ?[0m?[32m?[1m"The email must be well-formed."?[0m?[32m shall be raised (p1)?[0m                                                                                         ?[90m# ca.mcgill.ecse.coolsupplies.features.AddParentStepDefinitions.the_error_shall_be_raised_p1(java.lang.String)?[0m

Scenario Outline: Unsuccessfully add a parent to the system with invalid values                                                                            ?[90m# src/test/resources/AddParent.feature:32?[0m
  ?[32mGiven ?[0m?[32mthe following parent entities exists in the system (p1)?[0m                                                                                            ?[90m# ca.mcgill.ecse.coolsupplies.features.AddParentStepDefinitions.the_following_parent_entities_exists_in_the_system_p1(io.cucumber.datatable.DataTable)?[0m
  ?[32mWhen ?[0m?[32mthe parent attempts to add a new parent in the system with email ?[0m?[32m?[1m"@gmail.com"?[0m?[32m, password ?[0m?[32m?[1m"password"?[0m?[32m, name ?[0m?[32m?[1m"Bernard"?[0m?[32m, and phone number ?[0m?[32m?[1m"1234567"?[0m?[32m (p1)?[0m ?[90m# ca.mcgill.ecse.coolsupplies.features.AddParentStepDefinitions.the_parent_attempts_to_add_a_new_parent_in_the_system_with_email_password_name_and_phone_number_p1(java.lang.String,java.lang.String,java.lang.String,java.lang.String)?[0m
  ?[32mThen ?[0m?[32mthe number of parent entities in the system shall be ?[0m?[32m?[1m"1"?[0m?[32m (p1)?[0m                                                                                       ?[90m# ca.mcgill.ecse.coolsupplies.features.AddParentStepDefinitions.the_number_of_parent_entities_in_the_system_shall_be_p1(java.lang.String)?[0m
  ?[32mThen ?[0m?[32mthe error ?[0m?[32m?[1m"The email must be well-formed."?[0m?[32m shall be raised (p1)?[0m                                                                                     ?[90m# ca.mcgill.ecse.coolsupplies.features.AddParentStepDefinitions.the_error_shall_be_raised_p1(java.lang.String)?[0m

Scenario Outline: Unsuccessfully add a parent to the system with invalid values                                                                           ?[90m# src/test/resources/AddParent.feature:33?[0m
  ?[32mGiven ?[0m?[32mthe following parent entities exists in the system (p1)?[0m                                                                                           ?[90m# ca.mcgill.ecse.coolsupplies.features.AddParentStepDefinitions.the_following_parent_entities_exists_in_the_system_p1(io.cucumber.datatable.DataTable)?[0m
  ?[32mWhen ?[0m?[32mthe parent attempts to add a new parent in the system with email ?[0m?[32m?[1m"karl@.com"?[0m?[32m, password ?[0m?[32m?[1m"password"?[0m?[32m, name ?[0m?[32m?[1m"Bernard"?[0m?[32m, and phone number ?[0m?[32m?[1m"1234567"?[0m?[32m (p1)?[0m ?[90m# ca.mcgill.ecse.coolsupplies.features.AddParentStepDefinitions.the_parent_attempts_to_add_a_new_parent_in_the_system_with_email_password_name_and_phone_number_p1(java.lang.String,java.lang.String,java.lang.String,java.lang.String)?[0m
  ?[32mThen ?[0m?[32mthe number of parent entities in the system shall be ?[0m?[32m?[1m"1"?[0m?[32m (p1)?[0m                                                                                      ?[90m# ca.mcgill.ecse.coolsupplies.features.AddParentStepDefinitions.the_number_of_parent_entities_in_the_system_shall_be_p1(java.lang.String)?[0m
  ?[32mThen ?[0m?[32mthe error ?[0m?[32m?[1m"The email must be well-formed."?[0m?[32m shall be raised (p1)?[0m                                                                                    ?[90m# ca.mcgill.ecse.coolsupplies.features.AddParentStepDefinitions.the_error_shall_be_raised_p1(java.lang.String)?[0m

Scenario Outline: Unsuccessfully add a parent to the system with invalid values                                                                            ?[90m# src/test/resources/AddParent.feature:34?[0m
  ?[32mGiven ?[0m?[32mthe following parent entities exists in the system (p1)?[0m                                                                                            ?[90m# ca.mcgill.ecse.coolsupplies.features.AddParentStepDefinitions.the_following_parent_entities_exists_in_the_system_p1(io.cucumber.datatable.DataTable)?[0m
  ?[32mWhen ?[0m?[32mthe parent attempts to add a new parent in the system with email ?[0m?[32m?[1m"jane.doe@gmail.com"?[0m?[32m, password ?[0m?[32m?[1m""?[0m?[32m, name ?[0m?[32m?[1m"Bernard"?[0m?[32m, and phone number ?[0m?[32m?[1m"1234567"?[0m?[32m (p1)?[0m ?[90m# ca.mcgill.ecse.coolsupplies.features.AddParentStepDefinitions.the_parent_attempts_to_add_a_new_parent_in_the_system_with_email_password_name_and_phone_number_p1(java.lang.String,java.lang.String,java.lang.String,java.lang.String)?[0m
  ?[32mThen ?[0m?[32mthe number of parent entities in the system shall be ?[0m?[32m?[1m"1"?[0m?[32m (p1)?[0m                                                                                       ?[90m# ca.mcgill.ecse.coolsupplies.features.AddParentStepDefinitions.the_number_of_parent_entities_in_the_system_shall_be_p1(java.lang.String)?[0m
  ?[32mThen ?[0m?[32mthe error ?[0m?[32m?[1m"The password must not be empty."?[0m?[32m shall be raised (p1)?[0m                                                                                    ?[90m# ca.mcgill.ecse.coolsupplies.features.AddParentStepDefinitions.the_error_shall_be_raised_p1(java.lang.String)?[0m

Scenario Outline: Unsuccessfully add a parent to the system with invalid values                                                                             ?[90m# src/test/resources/AddParent.feature:35?[0m
  ?[32mGiven ?[0m?[32mthe following parent entities exists in the system (p1)?[0m                                                                                             ?[90m# ca.mcgill.ecse.coolsupplies.features.AddParentStepDefinitions.the_following_parent_entities_exists_in_the_system_p1(io.cucumber.datatable.DataTable)?[0m
  ?[32mWhen ?[0m?[32mthe parent attempts to add a new parent in the system with email ?[0m?[32m?[1m"jane.doe@gmail.com"?[0m?[32m, password ?[0m?[32m?[1m"password"?[0m?[32m, name ?[0m?[32m?[1m""?[0m?[32m, and phone number ?[0m?[32m?[1m"1234567"?[0m?[32m (p1)?[0m ?[90m# ca.mcgill.ecse.coolsupplies.features.AddParentStepDefinitions.the_parent_attempts_to_add_a_new_parent_in_the_system_with_email_password_name_and_phone_number_p1(java.lang.String,java.lang.String,java.lang.String,java.lang.String)?[0m
  ?[32mThen ?[0m?[32mthe number of parent entities in the system shall be ?[0m?[32m?[1m"1"?[0m?[32m (p1)?[0m                                                                                        ?[90m# ca.mcgill.ecse.coolsupplies.features.AddParentStepDefinitions.the_number_of_parent_entities_in_the_system_shall_be_p1(java.lang.String)?[0m
  ?[32mThen ?[0m?[32mthe error ?[0m?[32m?[1m"The name must not be empty."?[0m?[32m shall be raised (p1)?[0m                                                                                         ?[90m# ca.mcgill.ecse.coolsupplies.features.AddParentStepDefinitions.the_error_shall_be_raised_p1(java.lang.String)?[0m

Scenario Outline: Unsuccessfully add a parent to the system with invalid values                                                                                   ?[90m# src/test/resources/AddParent.feature:36?[0m
  ?[32mGiven ?[0m?[32mthe following parent entities exists in the system (p1)?[0m                                                                                                   ?[90m# ca.mcgill.ecse.coolsupplies.features.AddParentStepDefinitions.the_following_parent_entities_exists_in_the_system_p1(io.cucumber.datatable.DataTable)?[0m
  ?[32mWhen ?[0m?[32mthe parent attempts to add a new parent in the system with email ?[0m?[32m?[1m"jane.doe@gmail.com"?[0m?[32m, password ?[0m?[32m?[1m"password"?[0m?[32m, name ?[0m?[32m?[1m"Bernard"?[0m?[32m, and phone number ?[0m?[32m?[1m"999999"?[0m?[32m (p1)?[0m ?[90m# ca.mcgill.ecse.coolsupplies.features.AddParentStepDefinitions.the_parent_attempts_to_add_a_new_parent_in_the_system_with_email_password_name_and_phone_number_p1(java.lang.String,java.lang.String,java.lang.String,java.lang.String)?[0m
  ?[32mThen ?[0m?[32mthe number of parent entities in the system shall be ?[0m?[32m?[1m"1"?[0m?[32m (p1)?[0m                                                                                              ?[90m# ca.mcgill.ecse.coolsupplies.features.AddParentStepDefinitions.the_number_of_parent_entities_in_the_system_shall_be_p1(java.lang.String)?[0m
  ?[32mThen ?[0m?[32mthe error ?[0m?[32m?[1m"The phone number must be seven digits."?[0m?[32m shall be raised (p1)?[0m                                                                                    ?[90m# ca.mcgill.ecse.coolsupplies.features.AddParentStepDefinitions.the_error_shall_be_raised_p1(java.lang.String)?[0m

Scenario Outline: Unsuccessfully add a parent to the system with invalid values                                                                                     ?[90m# src/test/resources/AddParent.feature:37?[0m
  ?[32mGiven ?[0m?[32mthe following parent entities exists in the system (p1)?[0m                                                                                                     ?[90m# ca.mcgill.ecse.coolsupplies.features.AddParentStepDefinitions.the_following_parent_entities_exists_in_the_system_p1(io.cucumber.datatable.DataTable)?[0m
  ?[32mWhen ?[0m?[32mthe parent attempts to add a new parent in the system with email ?[0m?[32m?[1m"jane.doe@gmail.com"?[0m?[32m, password ?[0m?[32m?[1m"password"?[0m?[32m, name ?[0m?[32m?[1m"Bernard"?[0m?[32m, and phone number ?[0m?[32m?[1m"10000000"?[0m?[32m (p1)?[0m ?[90m# ca.mcgill.ecse.coolsupplies.features.AddParentStepDefinitions.the_parent_attempts_to_add_a_new_parent_in_the_system_with_email_password_name_and_phone_number_p1(java.lang.String,java.lang.String,java.lang.String,java.lang.String)?[0m
  ?[32mThen ?[0m?[32mthe number of parent entities in the system shall be ?[0m?[32m?[1m"1"?[0m?[32m (p1)?[0m                                                                                                ?[90m# ca.mcgill.ecse.coolsupplies.features.AddParentStepDefinitions.the_number_of_parent_entities_in_the_system_shall_be_p1(java.lang.String)?[0m
  ?[32mThen ?[0m?[32mthe error ?[0m?[32m?[1m"The phone number must be seven digits."?[0m?[32m shall be raised (p1)?[0m                                                                                      ?[90m# ca.mcgill.ecse.coolsupplies.features.AddParentStepDefinitions.the_error_shall_be_raised_p1(java.lang.String)?[0m

Scenario Outline: Successfully add a student to the system                                                                 ?[90m# src/test/resources/AddStudent.feature:19?[0m
  ?[32mGiven ?[0m?[32mthe following grade entities exists in the system (p4)?[0m                                                             ?[90m# ca.mcgill.ecse.coolsupplies.features.AddStudentStepDefinitions.the_following_grade_entities_exists_in_the_system_p4(io.cucumber.datatable.DataTable)?[0m
  ?[32mGiven ?[0m?[32mthe following student entities exists in the system (p4)?[0m                                                           ?[90m# ca.mcgill.ecse.coolsupplies.features.AddStudentStepDefinitions.the_following_student_entities_exists_in_the_system_p4(io.cucumber.datatable.DataTable)?[0m
  ?[32mWhen ?[0m?[32mthe school administrator attempts to add a new student in the system with name ?[0m?[32m?[1m"Barbara"?[0m?[32m and grade level ?[0m?[32m?[1m"5th"?[0m?[32m (p4)?[0m ?[90m# ca.mcgill.ecse.coolsupplies.features.AddStudentStepDefinitions.the_school_administrator_attempts_to_add_a_new_student_in_the_system_with_name_and_grade_level_p4(java.lang.String,java.lang.String)?[0m
  ?[32mThen ?[0m?[32mthe number of student entities in the system shall be ?[0m?[32m?[1m"2"?[0m?[32m (p4)?[0m                                                      ?[90m# ca.mcgill.ecse.coolsupplies.features.AddStudentStepDefinitions.the_number_of_student_entities_in_the_system_shall_be_p4(java.lang.String)?[0m
  ?[32mThen ?[0m?[32mthe student ?[0m?[32m?[1m"Barbara"?[0m?[32m with grade level ?[0m?[32m?[1m"5th"?[0m?[32m shall exist in the system (p4)?[0m                                         ?[90m# ca.mcgill.ecse.coolsupplies.features.AddStudentStepDefinitions.the_student_with_grade_level_shall_exist_in_the_system_p4(java.lang.String,java.lang.String)?[0m

Scenario Outline: Unsuccessfully add a student to the system with invalid values                                 ?[90m# src/test/resources/AddStudent.feature:28?[0m
  ?[32mGiven ?[0m?[32mthe following grade entities exists in the system (p4)?[0m                                                   ?[90m# ca.mcgill.ecse.coolsupplies.features.AddStudentStepDefinitions.the_following_grade_entities_exists_in_the_system_p4(io.cucumber.datatable.DataTable)?[0m
  ?[32mGiven ?[0m?[32mthe following student entities exists in the system (p4)?[0m                                                 ?[90m# ca.mcgill.ecse.coolsupplies.features.AddStudentStepDefinitions.the_following_student_entities_exists_in_the_system_p4(io.cucumber.datatable.DataTable)?[0m
  ?[32mWhen ?[0m?[32mthe school admin attempts to add a new student in the system with name ?[0m?[32m?[1m"Aaron"?[0m?[32m and grade level ?[0m?[32m?[1m"5th"?[0m?[32m (p4)?[0m ?[90m# ca.mcgill.ecse.coolsupplies.features.AddStudentStepDefinitions.the_school_admin_attempts_to_add_a_new_student_in_the_system_with_name_and_grade_level_p4(java.lang.String,java.lang.String)?[0m
  ?[32mThen ?[0m?[32mthe number of student entities in the system shall be ?[0m?[32m?[1m"1"?[0m?[32m (p4)?[0m                                            ?[90m# ca.mcgill.ecse.coolsupplies.features.AddStudentStepDefinitions.the_number_of_student_entities_in_the_system_shall_be_p4(java.lang.String)?[0m
  ?[32mThen ?[0m?[32mthe error ?[0m?[32m?[1m"The name must be unique."?[0m?[32m shall be raised (p4)?[0m                                                 ?[90m# ca.mcgill.ecse.coolsupplies.features.AddStudentStepDefinitions.the_error_shall_be_raised_p4(java.lang.String)?[0m

Scenario Outline: Unsuccessfully add a student to the system with invalid values                            ?[90m# src/test/resources/AddStudent.feature:29?[0m
  ?[32mGiven ?[0m?[32mthe following grade entities exists in the system (p4)?[0m                                              ?[90m# ca.mcgill.ecse.coolsupplies.features.AddStudentStepDefinitions.the_following_grade_entities_exists_in_the_system_p4(io.cucumber.datatable.DataTable)?[0m
  ?[32mGiven ?[0m?[32mthe following student entities exists in the system (p4)?[0m                                            ?[90m# ca.mcgill.ecse.coolsupplies.features.AddStudentStepDefinitions.the_following_student_entities_exists_in_the_system_p4(io.cucumber.datatable.DataTable)?[0m
  ?[32mWhen ?[0m?[32mthe school admin attempts to add a new student in the system with name ?[0m?[32m?[1m""?[0m?[32m and grade level ?[0m?[32m?[1m"5th"?[0m?[32m (p4)?[0m ?[90m# ca.mcgill.ecse.coolsupplies.features.AddStudentStepDefinitions.the_school_admin_attempts_to_add_a_new_student_in_the_system_with_name_and_grade_level_p4(java.lang.String,java.lang.String)?[0m
  ?[32mThen ?[0m?[32mthe number of student entities in the system shall be ?[0m?[32m?[1m"1"?[0m?[32m (p4)?[0m                                       ?[90m# ca.mcgill.ecse.coolsupplies.features.AddStudentStepDefinitions.the_number_of_student_entities_in_the_system_shall_be_p4(java.lang.String)?[0m
  ?[32mThen ?[0m?[32mthe error ?[0m?[32m?[1m"The name must not be empty."?[0m?[32m shall be raised (p4)?[0m                                         ?[90m# ca.mcgill.ecse.coolsupplies.features.AddStudentStepDefinitions.the_error_shall_be_raised_p4(java.lang.String)?[0m

Scenario Outline: Unsuccessfully add a student to the system with invalid values                                   ?[90m# src/test/resources/AddStudent.feature:30?[0m
  ?[32mGiven ?[0m?[32mthe following grade entities exists in the system (p4)?[0m                                                     ?[90m# ca.mcgill.ecse.coolsupplies.features.AddStudentStepDefinitions.the_following_grade_entities_exists_in_the_system_p4(io.cucumber.datatable.DataTable)?[0m
  ?[32mGiven ?[0m?[32mthe following student entities exists in the system (p4)?[0m                                                   ?[90m# ca.mcgill.ecse.coolsupplies.features.AddStudentStepDefinitions.the_following_student_entities_exists_in_the_system_p4(io.cucumber.datatable.DataTable)?[0m
  ?[32mWhen ?[0m?[32mthe school admin attempts to add a new student in the system with name ?[0m?[32m?[1m"Barbara"?[0m?[32m and grade level ?[0m?[32m?[1m"6th"?[0m?[32m (p4)?[0m ?[90m# ca.mcgill.ecse.coolsupplies.features.AddStudentStepDefinitions.the_school_admin_attempts_to_add_a_new_student_in_the_system_with_name_and_grade_level_p4(java.lang.String,java.lang.String)?[0m
  ?[32mThen ?[0m?[32mthe number of student entities in the system shall be ?[0m?[32m?[1m"1"?[0m?[32m (p4)?[0m                                              ?[90m# ca.mcgill.ecse.coolsupplies.features.AddStudentStepDefinitions.the_number_of_student_entities_in_the_system_shall_be_p4(java.lang.String)?[0m
  ?[32mThen ?[0m?[32mthe error ?[0m?[32m?[1m"The grade does not exist."?[0m?[32m shall be raised (p4)?[0m                                                  ?[90m# ca.mcgill.ecse.coolsupplies.features.AddStudentStepDefinitions.the_error_shall_be_raised_p4(java.lang.String)?[0m

Scenario Outline: Successfully add a student to a parent in the system                                    ?[90m# src/test/resources/AddStudentToStudentsOfParent.feature:23?[0m
  ?[32mGiven ?[0m?[32mthe following parent entities exists in the system (p16)?[0m                                          ?[90m# ca.mcgill.ecse.coolsupplies.features.AddStudentToStudentsOfParentStepDefinitions.the_following_parent_entities_exists_in_the_system_p16(io.cucumber.datatable.DataTable)?[0m
  ?[32mGiven ?[0m?[32mthe following grade entities exists in the system (p16)?[0m                                           ?[90m# ca.mcgill.ecse.coolsupplies.features.AddStudentToStudentsOfParentStepDefinitions.the_following_grade_entities_exists_in_the_system_p16(io.cucumber.datatable.DataTable)?[0m
  ?[32mGiven ?[0m?[32mthe following student entities exists in the system (p16)?[0m                                         ?[90m# ca.mcgill.ecse.coolsupplies.features.AddStudentToStudentsOfParentStepDefinitions.the_following_student_entities_exists_in_the_system_p16(io.cucumber.datatable.DataTable)?[0m
  ?[32mWhen ?[0m?[32mthe parent attempts to add a student with name ?[0m?[32m?[1m"Aaron"?[0m?[32m to an existing parent ?[0m?[32m?[1m"mom@gmail.com"?[0m?[32m (p16)?[0m ?[90m# ca.mcgill.ecse.coolsupplies.features.AddStudentToStudentsOfParentStepDefinitions.the_parent_attempts_to_add_a_student_with_name_to_an_existing_parent_p16(java.lang.String,java.lang.String)?[0m
  ?[32mThen ?[0m?[32mthe number of student entities in the system shall be ?[0m?[32m?[1m"1"?[0m?[32m (p16)?[0m                                    ?[90m# ca.mcgill.ecse.coolsupplies.features.AddStudentToStudentsOfParentStepDefinitions.the_number_of_student_entities_in_the_system_shall_be_p16(java.lang.String)?[0m
  ?[32mThen ?[0m?[32mthe number of student entities for parent ?[0m?[32m?[1m"mom@gmail.com"?[0m?[32m in the system shall be ?[0m?[32m?[1m"1"?[0m?[32m (p16)?[0m         ?[90m# ca.mcgill.ecse.coolsupplies.features.AddStudentToStudentsOfParentStepDefinitions.the_number_of_student_entities_for_parent_in_the_system_shall_be_p16(java.lang.String,java.lang.String)?[0m
  ?[32mThen ?[0m?[32mthe student ?[0m?[32m?[1m"Aaron"?[0m?[32m shall exist for parent ?[0m?[32m?[1m"mom@gmail.com"?[0m?[32m in the system (p16)?[0m                     ?[90m# ca.mcgill.ecse.coolsupplies.features.AddStudentToStudentsOfParentStepDefinitions.the_student_shall_exist_for_parent_in_the_system_p16(java.lang.String,java.lang.String)?[0m

Scenario Outline: Unsuccessfully add a student that does not exist to a parent in the system                ?[90m# src/test/resources/AddStudentToStudentsOfParent.feature:34?[0m
  ?[32mGiven ?[0m?[32mthe following parent entities exists in the system (p16)?[0m                                            ?[90m# ca.mcgill.ecse.coolsupplies.features.AddStudentToStudentsOfParentStepDefinitions.the_following_parent_entities_exists_in_the_system_p16(io.cucumber.datatable.DataTable)?[0m
  ?[32mGiven ?[0m?[32mthe following grade entities exists in the system (p16)?[0m                                             ?[90m# ca.mcgill.ecse.coolsupplies.features.AddStudentToStudentsOfParentStepDefinitions.the_following_grade_entities_exists_in_the_system_p16(io.cucumber.datatable.DataTable)?[0m
  ?[32mGiven ?[0m?[32mthe following student entities exists in the system (p16)?[0m                                           ?[90m# ca.mcgill.ecse.coolsupplies.features.AddStudentToStudentsOfParentStepDefinitions.the_following_student_entities_exists_in_the_system_p16(io.cucumber.datatable.DataTable)?[0m
  ?[32mWhen ?[0m?[32mthe parent attempts to add a student with name ?[0m?[32m?[1m"Barbara"?[0m?[32m to an existing parent ?[0m?[32m?[1m"mom@gmail.com"?[0m?[32m (p16)?[0m ?[90m# ca.mcgill.ecse.coolsupplies.features.AddStudentToStudentsOfParentStepDefinitions.the_parent_attempts_to_add_a_student_with_name_to_an_existing_parent_p16(java.lang.String,java.lang.String)?[0m
  ?[32mThen ?[0m?[32mthe number of student entities in the system shall be ?[0m?[32m?[1m"1"?[0m?[32m (p16)?[0m                                      ?[90m# ca.mcgill.ecse.coolsupplies.features.AddStudentToStudentsOfParentStepDefinitions.the_number_of_student_entities_in_the_system_shall_be_p16(java.lang.String)?[0m
  ?[32mThen ?[0m?[32mthe number of student entities for parent ?[0m?[32m?[1m"mom@gmail.com"?[0m?[32m in the system shall be ?[0m?[32m?[1m"0"?[0m?[32m (p16)?[0m           ?[90m# ca.mcgill.ecse.coolsupplies.features.AddStudentToStudentsOfParentStepDefinitions.the_number_of_student_entities_for_parent_in_the_system_shall_be_p16(java.lang.String,java.lang.String)?[0m
  ?[32mThen ?[0m?[32mthe student ?[0m?[32m?[1m"Barbara"?[0m?[32m shall not exist for parent ?[0m?[32m?[1m"mom@gmail.com"?[0m?[32m in the system (p16)?[0m                 ?[90m# ca.mcgill.ecse.coolsupplies.features.AddStudentToStudentsOfParentStepDefinitions.the_student_shall_not_exist_for_parent_in_the_system_p16(java.lang.String,java.lang.String)?[0m
  ?[32mThen ?[0m?[32mthe error ?[0m?[32m?[1m"The student does not exist."?[0m?[32m shall be raised (p16)?[0m                                        ?[90m# ca.mcgill.ecse.coolsupplies.features.AddStudentToStudentsOfParentStepDefinitions.the_error_shall_be_raised_p16(java.lang.String)?[0m

Scenario: Successfully delete a grade from the system                                      ?[90m# src/test/resources/DeleteGrade.feature:9?[0m
  ?[32mGiven ?[0m?[32mthe following grade entities exists in the system (p2)?[0m                             ?[90m# ca.mcgill.ecse.coolsupplies.features.DeleteGradeStepDefinitions.the_following_grade_entities_exists_in_the_system_p2(io.cucumber.datatable.DataTable)?[0m
  ?[32mWhen ?[0m?[32mthe school admin attempts to delete from the system the grade with level ?[0m?[32m?[1m"5th"?[0m?[32m (p2)?[0m ?[90m# ca.mcgill.ecse.coolsupplies.features.DeleteGradeStepDefinitions.the_school_admin_attempts_to_delete_from_the_system_the_grade_with_level_p2(java.lang.String)?[0m
0
  ?[32mThen ?[0m?[32mthe number of grade entities in the system shall be ?[0m?[32m?[1m"0"?[0m?[32m (p2)?[0m                        ?[90m# ca.mcgill.ecse.coolsupplies.features.DeleteGradeStepDefinitions.the_number_of_grade_entities_in_the_system_shall_be_p2(java.lang.String)?[0m

Scenario: Unsuccessfully delete a grade that does not exist in the system                  ?[90m# src/test/resources/DeleteGrade.feature:13?[0m
  ?[32mGiven ?[0m?[32mthe following grade entities exists in the system (p2)?[0m                             ?[90m# ca.mcgill.ecse.coolsupplies.features.DeleteGradeStepDefinitions.the_following_grade_entities_exists_in_the_system_p2(io.cucumber.datatable.DataTable)?[0m
  ?[32mWhen ?[0m?[32mthe school admin attempts to delete from the system the grade with level ?[0m?[32m?[1m"6th"?[0m?[32m (p2)?[0m ?[90m# ca.mcgill.ecse.coolsupplies.features.DeleteGradeStepDefinitions.the_school_admin_attempts_to_delete_from_the_system_the_grade_with_level_p2(java.lang.String)?[0m
1
  ?[32mThen ?[0m?[32mthe number of grade entities in the system shall be ?[0m?[32m?[1m"1"?[0m?[32m (p2)?[0m                        ?[90m# ca.mcgill.ecse.coolsupplies.features.DeleteGradeStepDefinitions.the_number_of_grade_entities_in_the_system_shall_be_p2(java.lang.String)?[0m
  ?[32mThen ?[0m?[32mthe following grade entities shall exist in the system (p2)?[0m                         ?[90m# ca.mcgill.ecse.coolsupplies.features.DeleteGradeStepDefinitions.the_following_grade_entities_shall_exist_in_the_system_p2(io.cucumber.datatable.DataTable)?[0m
  ?[32mThen ?[0m?[32mthe error ?[0m?[32m?[1m"The grade does not exist."?[0m?[32m shall be raised (p2)?[0m                          ?[90m# ca.mcgill.ecse.coolsupplies.features.DeleteGradeStepDefinitions.the_error_shall_be_raised_p2(java.lang.String)?[0m

Scenario: Successfully delete a grade bundle from the system                                         ?[90m# src/test/resources/DeleteGradeBundle.feature:12?[0m
  ?[32mGiven ?[0m?[32mthe following grade entities exists in the system (p9)?[0m                                       ?[90m# ca.mcgill.ecse.coolsupplies.features.DeleteGradeBundleStepDefinitions.the_following_grade_entities_exists_in_the_system_p9(io.cucumber.datatable.DataTable)?[0m
  ?[32mGiven ?[0m?[32mthe following grade bundle entities exists in the system (p9)?[0m                                ?[90m# ca.mcgill.ecse.coolsupplies.features.DeleteGradeBundleStepDefinitions.the_following_grade_bundle_entities_exists_in_the_system_p9(io.cucumber.datatable.DataTable)?[0m
  ?[32mWhen ?[0m?[32mthe school admin attempts to delete from the system the gradeBundle with name ?[0m?[32m?[1m"Bundle 5"?[0m?[32m (p9)?[0m ?[90m# ca.mcgill.ecse.coolsupplies.features.DeleteGradeBundleStepDefinitions.the_school_admin_attempts_to_delete_from_the_system_the_grade_bundle_with_name_p9(java.lang.String)?[0m
  ?[32mThen ?[0m?[32mthe number of grade bundle entities in the system shall be ?[0m?[32m?[1m"0"?[0m?[32m (p9)?[0m                           ?[90m# ca.mcgill.ecse.coolsupplies.features.DeleteGradeBundleStepDefinitions.the_number_of_grade_bundle_entities_in_the_system_shall_be_p9(java.lang.String)?[0m

Scenario: Unsuccessfully delete a grade bundle that does not exist in the system                     ?[90m# src/test/resources/DeleteGradeBundle.feature:16?[0m
  ?[32mGiven ?[0m?[32mthe following grade entities exists in the system (p9)?[0m                                       ?[90m# ca.mcgill.ecse.coolsupplies.features.DeleteGradeBundleStepDefinitions.the_following_grade_entities_exists_in_the_system_p9(io.cucumber.datatable.DataTable)?[0m
  ?[32mGiven ?[0m?[32mthe following grade bundle entities exists in the system (p9)?[0m                                ?[90m# ca.mcgill.ecse.coolsupplies.features.DeleteGradeBundleStepDefinitions.the_following_grade_bundle_entities_exists_in_the_system_p9(io.cucumber.datatable.DataTable)?[0m
  ?[32mWhen ?[0m?[32mthe school admin attempts to delete from the system the gradeBundle with name ?[0m?[32m?[1m"Bundle 6"?[0m?[32m (p9)?[0m ?[90m# ca.mcgill.ecse.coolsupplies.features.DeleteGradeBundleStepDefinitions.the_school_admin_attempts_to_delete_from_the_system_the_grade_bundle_with_name_p9(java.lang.String)?[0m
  ?[32mThen ?[0m?[32mthe number of grade bundle entities in the system shall be ?[0m?[32m?[1m"1"?[0m?[32m (p9)?[0m                           ?[90m# ca.mcgill.ecse.coolsupplies.features.DeleteGradeBundleStepDefinitions.the_number_of_grade_bundle_entities_in_the_system_shall_be_p9(java.lang.String)?[0m
  ?[32mThen ?[0m?[32mthe following grade bundle entities shall exist in the system (p9)?[0m                            ?[90m# ca.mcgill.ecse.coolsupplies.features.DeleteGradeBundleStepDefinitions.the_following_grade_bundle_entities_shall_exist_in_the_system_p9(io.cucumber.datatable.DataTable)?[0m
  ?[32mThen ?[0m?[32mthe error ?[0m?[32m?[1m"The grade bundle does not exist."?[0m?[32m shall be raised (p9)?[0m                             ?[90m# ca.mcgill.ecse.coolsupplies.features.DeleteGradeBundleStepDefinitions.the_error_shall_be_raised_p9(java.lang.String)?[0m

Scenario: Successfully delete an item from the system                                       ?[90m# src/test/resources/DeleteItem.feature:9?[0m
  ?[32mGiven ?[0m?[32mthe following item entities exists in the system (p6)?[0m                               ?[90m# ca.mcgill.ecse.coolsupplies.features.DeleteItemStepDefinitions.the_following_item_entities_exists_in_the_system_p6(io.cucumber.datatable.DataTable)?[0m
  ?[32mWhen ?[0m?[32mthe school admin attempts to delete from the system the item with name ?[0m?[32m?[1m"pencil"?[0m?[32m (p6)?[0m ?[90m# ca.mcgill.ecse.coolsupplies.features.DeleteItemStepDefinitions.the_school_admin_attempts_to_delete_from_the_system_the_item_with_name_p6(java.lang.String)?[0m
  ?[32mThen ?[0m?[32mthe number of item entities in the system shall be ?[0m?[32m?[1m"0"?[0m?[32m (p6)?[0m                          ?[90m# ca.mcgill.ecse.coolsupplies.features.DeleteItemStepDefinitions.the_number_of_item_entities_in_the_system_shall_be_p6(java.lang.String)?[0m

Scenario: Unsuccessfully delete an item that does not exist in the system                             ?[90m# src/test/resources/DeleteItem.feature:13?[0m
  ?[32mGiven ?[0m?[32mthe following item entities exists in the system (p6)?[0m                                         ?[90m# ca.mcgill.ecse.coolsupplies.features.DeleteItemStepDefinitions.the_following_item_entities_exists_in_the_system_p6(io.cucumber.datatable.DataTable)?[0m
  ?[32mWhen ?[0m?[32mthe school admin attempts to delete from the system the item with name ?[0m?[32m?[1m"science textbook"?[0m?[32m (p6)?[0m ?[90m# ca.mcgill.ecse.coolsupplies.features.DeleteItemStepDefinitions.the_school_admin_attempts_to_delete_from_the_system_the_item_with_name_p6(java.lang.String)?[0m
  ?[32mThen ?[0m?[32mthe number of item entities in the system shall be ?[0m?[32m?[1m"1"?[0m?[32m (p6)?[0m                                    ?[90m# ca.mcgill.ecse.coolsupplies.features.DeleteItemStepDefinitions.the_number_of_item_entities_in_the_system_shall_be_p6(java.lang.String)?[0m
  ?[32mThen ?[0m?[32mthe following item entities shall exist in the system (p6)?[0m                                     ?[90m# ca.mcgill.ecse.coolsupplies.features.DeleteItemStepDefinitions.the_following_item_entities_shall_exist_in_the_system_p6(io.cucumber.datatable.DataTable)?[0m
  ?[32mThen ?[0m?[32mthe error ?[0m?[32m?[1m"The item does not exist."?[0m?[32m shall be raised (p6)?[0m                                      ?[90m# ca.mcgill.ecse.coolsupplies.features.DeleteItemStepDefinitions.the_error_shall_be_raised_p6(java.lang.String)?[0m

Scenario: Successfully delete a parent from the system                                                        ?[90m# src/test/resources/DeleteParent.feature:9?[0m
  ?[32mGiven ?[0m?[32mthe following parent entities exists in the system (p8)?[0m                                               ?[90m# ca.mcgill.ecse.coolsupplies.features.DeleteParentStepDefinitions.the_following_parent_entities_exists_in_the_system_p8(io.cucumber.datatable.DataTable)?[0m
  ?[32mWhen ?[0m?[32mthe school Administrator attempts to delete from the system the parent with email ?[0m?[32m?[1m"mom@gmail.com"?[0m?[32m (p8)?[0m ?[90m# ca.mcgill.ecse.coolsupplies.features.DeleteParentStepDefinitions.the_school_administrator_attempts_to_delete_from_the_system_the_parent_with_email_p8(java.lang.String)?[0m
  ?[32mThen ?[0m?[32mthe number of parent entities in the system shall be ?[0m?[32m?[1m"0"?[0m?[32m (p8)?[0m                                          ?[90m# ca.mcgill.ecse.coolsupplies.features.DeleteParentStepDefinitions.the_number_of_parent_entities_in_the_system_shall_be_p8(java.lang.String)?[0m

Scenario: Unsuccessfully delete a parent that does not exist in the system                                    ?[90m# src/test/resources/DeleteParent.feature:13?[0m
  ?[32mGiven ?[0m?[32mthe following parent entities exists in the system (p8)?[0m                                               ?[90m# ca.mcgill.ecse.coolsupplies.features.DeleteParentStepDefinitions.the_following_parent_entities_exists_in_the_system_p8(io.cucumber.datatable.DataTable)?[0m
  ?[32mWhen ?[0m?[32mthe school Administrator attempts to delete from the system the parent with email ?[0m?[32m?[1m"dad@gmail.com"?[0m?[32m (p8)?[0m ?[90m# ca.mcgill.ecse.coolsupplies.features.DeleteParentStepDefinitions.the_school_administrator_attempts_to_delete_from_the_system_the_parent_with_email_p8(java.lang.String)?[0m
  ?[32mThen ?[0m?[32mthe number of parent entities in the system shall be ?[0m?[32m?[1m"1"?[0m?[32m (p8)?[0m                                          ?[90m# ca.mcgill.ecse.coolsupplies.features.DeleteParentStepDefinitions.the_number_of_parent_entities_in_the_system_shall_be_p8(java.lang.String)?[0m
  ?[32mThen ?[0m?[32mthe following parent entities shall exist in the system (p8)?[0m                                           ?[90m# ca.mcgill.ecse.coolsupplies.features.DeleteParentStepDefinitions.the_following_parent_entities_shall_exist_in_the_system_p8(io.cucumber.datatable.DataTable)?[0m
  ?[32mThen ?[0m?[32mthe error ?[0m?[32m?[1m"The parent does not exist."?[0m?[32m shall be raised (p8)?[0m                                            ?[90m# ca.mcgill.ecse.coolsupplies.features.DeleteParentStepDefinitions.the_error_shall_be_raised_p8(java.lang.String)?[0m

Scenario: Successfully delete a student from the system                                       ?[90m# src/test/resources/DeleteStudent.feature:12?[0m
  ?[32mGiven ?[0m?[32mthe following grade entities exists in the system (p5)?[0m                                ?[90m# ca.mcgill.ecse.coolsupplies.features.DeleteStudentStepDefinitions.the_following_grade_entities_exists_in_the_system_p5(io.cucumber.datatable.DataTable)?[0m
  ?[32mGiven ?[0m?[32mthe following student entities exists in the system (p5)?[0m                              ?[90m# ca.mcgill.ecse.coolsupplies.features.DeleteStudentStepDefinitions.the_following_student_entities_exists_in_the_system_p5(io.cucumber.datatable.DataTable)?[0m
  ?[32mWhen ?[0m?[32mthe school admin attempts to delete from the system the student with name ?[0m?[32m?[1m"Aaron"?[0m?[32m (p5)?[0m ?[90m# ca.mcgill.ecse.coolsupplies.features.DeleteStudentStepDefinitions.the_school_admin_attempts_to_delete_from_the_system_the_student_with_name_p5(java.lang.String)?[0m
  ?[32mThen ?[0m?[32mthe number of student entities in the system shall be ?[0m?[32m?[1m"0"?[0m?[32m (p5)?[0m                         ?[90m# ca.mcgill.ecse.coolsupplies.features.DeleteStudentStepDefinitions.the_number_of_student_entities_in_the_system_shall_be_p5(java.lang.String)?[0m

Scenario: Unsuccessfully delete a student that does not exist in the system                     ?[90m# src/test/resources/DeleteStudent.feature:16?[0m
  ?[32mGiven ?[0m?[32mthe following grade entities exists in the system (p5)?[0m                                  ?[90m# ca.mcgill.ecse.coolsupplies.features.DeleteStudentStepDefinitions.the_following_grade_entities_exists_in_the_system_p5(io.cucumber.datatable.DataTable)?[0m
  ?[32mGiven ?[0m?[32mthe following student entities exists in the system (p5)?[0m                                ?[90m# ca.mcgill.ecse.coolsupplies.features.DeleteStudentStepDefinitions.the_following_student_entities_exists_in_the_system_p5(io.cucumber.datatable.DataTable)?[0m
  ?[32mWhen ?[0m?[32mthe school admin attempts to delete from the system the student with name ?[0m?[32m?[1m"Barbara"?[0m?[32m (p5)?[0m ?[90m# ca.mcgill.ecse.coolsupplies.features.DeleteStudentStepDefinitions.the_school_admin_attempts_to_delete_from_the_system_the_student_with_name_p5(java.lang.String)?[0m
  ?[32mThen ?[0m?[32mthe number of student entities in the system shall be ?[0m?[32m?[1m"1"?[0m?[32m (p5)?[0m                           ?[90m# ca.mcgill.ecse.coolsupplies.features.DeleteStudentStepDefinitions.the_number_of_student_entities_in_the_system_shall_be_p5(java.lang.String)?[0m
  ?[32mThen ?[0m?[32mthe following student entities shall exist in the system (p5)?[0m                            ?[90m# ca.mcgill.ecse.coolsupplies.features.DeleteStudentStepDefinitions.the_following_student_entities_shall_exist_in_the_system_p5(io.cucumber.datatable.DataTable)?[0m
  ?[32mThen ?[0m?[32mthe error ?[0m?[32m?[1m"The student does not exist."?[0m?[32m shall be raised (p5)?[0m                             ?[90m# ca.mcgill.ecse.coolsupplies.features.DeleteStudentStepDefinitions.the_error_shall_be_raised_p5(java.lang.String)?[0m

Scenario: Successfully get a bundle item from the bundle items of a grade bundle in the system                          ?[90m# src/test/resources/GetBundleItemFromBundleItemsOfGradeBundle.feature:25?[0m
  ?[32mGiven ?[0m?[32mthe following grade entities exists in the system (p11)?[0m                                                         ?[90m# ca.mcgill.ecse.coolsupplies.features.GetBundleItemFromBundleItemsOfGradeBundleStepDefinitions.the_following_grade_entities_exists_in_the_system_p11(io.cucumber.datatable.DataTable)?[0m
  ?[32mGiven ?[0m?[32mthe following item entities exists in the system (p11)?[0m                                                          ?[90m# ca.mcgill.ecse.coolsupplies.features.GetBundleItemFromBundleItemsOfGradeBundleStepDefinitions.the_following_item_entities_exists_in_the_system_p11(io.cucumber.datatable.DataTable)?[0m
  ?[32mGiven ?[0m?[32mthe following grade bundle entities exists in the system (p11)?[0m                                                  ?[90m# ca.mcgill.ecse.coolsupplies.features.GetBundleItemFromBundleItemsOfGradeBundleStepDefinitions.the_following_grade_bundle_entities_exists_in_the_system_p11(io.cucumber.datatable.DataTable)?[0m
  ?[32mGiven ?[0m?[32mthe following bundle item entities exists in the system (p11)?[0m                                                   ?[90m# ca.mcgill.ecse.coolsupplies.features.GetBundleItemFromBundleItemsOfGradeBundleStepDefinitions.the_following_bundle_item_entities_exists_in_the_system_p11(io.cucumber.datatable.DataTable)?[0m
  ?[32mWhen ?[0m?[32mthe school admin attempts to get a bundle item with name ?[0m?[32m?[1m"pencil"?[0m?[32m from a grade bundle with name ?[0m?[32m?[1m"Bundle 5"?[0m?[32m (p11)?[0m ?[90m# ca.mcgill.ecse.coolsupplies.features.GetBundleItemFromBundleItemsOfGradeBundleStepDefinitions.the_school_admin_attempts_to_get_a_bundle_item_with_name_from_a_grade_bundle_with_name_p11(java.lang.String,java.lang.String)?[0m
  ?[32mThen ?[0m?[32mthe number of bundle item entities in the system shall be ?[0m?[32m?[1m"4"?[0m?[32m (p11)?[0m                                              ?[90m# ca.mcgill.ecse.coolsupplies.features.GetBundleItemFromBundleItemsOfGradeBundleStepDefinitions.the_number_of_bundle_item_entities_in_the_system_shall_be_p11(java.lang.String)?[0m
  ?[32mThen ?[0m?[32mthe number of bundle item entities for grade bundle ?[0m?[32m?[1m"Bundle 5"?[0m?[32m in the system shall be ?[0m?[32m?[1m"3"?[0m?[32m (p11)?[0m                  ?[90m# ca.mcgill.ecse.coolsupplies.features.GetBundleItemFromBundleItemsOfGradeBundleStepDefinitions.the_number_of_bundle_item_entities_for_grade_bundle_in_the_system_shall_be_p11(java.lang.String,java.lang.String)?[0m
  ?[32mThen ?[0m?[32mthe following bundle item entities shall be presented (p11)?[0m                                                      ?[90m# ca.mcgill.ecse.coolsupplies.features.GetBundleItemFromBundleItemsOfGradeBundleStepDefinitions.the_following_bundle_item_entities_shall_be_presented_p11(io.cucumber.datatable.DataTable)?[0m

Scenario: Successfully get all bundle items of a grade bundle in the system                             ?[90m# src/test/resources/GetBundleItemFromBundleItemsOfGradeBundle.feature:33?[0m
  ?[32mGiven ?[0m?[32mthe following grade entities exists in the system (p11)?[0m                                         ?[90m# ca.mcgill.ecse.coolsupplies.features.GetBundleItemFromBundleItemsOfGradeBundleStepDefinitions.the_following_grade_entities_exists_in_the_system_p11(io.cucumber.datatable.DataTable)?[0m
  ?[32mGiven ?[0m?[32mthe following item entities exists in the system (p11)?[0m                                          ?[90m# ca.mcgill.ecse.coolsupplies.features.GetBundleItemFromBundleItemsOfGradeBundleStepDefinitions.the_following_item_entities_exists_in_the_system_p11(io.cucumber.datatable.DataTable)?[0m
  ?[32mGiven ?[0m?[32mthe following grade bundle entities exists in the system (p11)?[0m                                  ?[90m# ca.mcgill.ecse.coolsupplies.features.GetBundleItemFromBundleItemsOfGradeBundleStepDefinitions.the_following_grade_bundle_entities_exists_in_the_system_p11(io.cucumber.datatable.DataTable)?[0m
  ?[32mGiven ?[0m?[32mthe following bundle item entities exists in the system (p11)?[0m                                   ?[90m# ca.mcgill.ecse.coolsupplies.features.GetBundleItemFromBundleItemsOfGradeBundleStepDefinitions.the_following_bundle_item_entities_exists_in_the_system_p11(io.cucumber.datatable.DataTable)?[0m
  ?[32mWhen ?[0m?[32mthe school admin attempts to get all bundle items from a grade bundle with name ?[0m?[32m?[1m"Bundle 5"?[0m?[32m (p11)?[0m ?[90m# ca.mcgill.ecse.coolsupplies.features.GetBundleItemFromBundleItemsOfGradeBundleStepDefinitions.the_school_admin_attempts_to_get_all_bundle_items_from_a_grade_bundle_with_name_p11(java.lang.String)?[0m
  ?[32mThen ?[0m?[32mthe number of bundle item entities in the system shall be ?[0m?[32m?[1m"4"?[0m?[32m (p11)?[0m                              ?[90m# ca.mcgill.ecse.coolsupplies.features.GetBundleItemFromBundleItemsOfGradeBundleStepDefinitions.the_number_of_bundle_item_entities_in_the_system_shall_be_p11(java.lang.String)?[0m
  ?[32mThen ?[0m?[32mthe number of bundle item entities for grade bundle ?[0m?[32m?[1m"Bundle 5"?[0m?[32m in the system shall be ?[0m?[32m?[1m"3"?[0m?[32m (p11)?[0m  ?[90m# ca.mcgill.ecse.coolsupplies.features.GetBundleItemFromBundleItemsOfGradeBundleStepDefinitions.the_number_of_bundle_item_entities_for_grade_bundle_in_the_system_shall_be_p11(java.lang.String,java.lang.String)?[0m
  ?[32mThen ?[0m?[32mthe following bundle item entities shall be presented (p11)?[0m                                      ?[90m# ca.mcgill.ecse.coolsupplies.features.GetBundleItemFromBundleItemsOfGradeBundleStepDefinitions.the_following_bundle_item_entities_shall_be_presented_p11(io.cucumber.datatable.DataTable)?[0m

Scenario: Unsuccessfully get a bundle item from the bundle items of a grade bundle that does not exist in the system    ?[90m# src/test/resources/GetBundleItemFromBundleItemsOfGradeBundle.feature:43?[0m
  ?[32mGiven ?[0m?[32mthe following grade entities exists in the system (p11)?[0m                                                         ?[90m# ca.mcgill.ecse.coolsupplies.features.GetBundleItemFromBundleItemsOfGradeBundleStepDefinitions.the_following_grade_entities_exists_in_the_system_p11(io.cucumber.datatable.DataTable)?[0m
  ?[32mGiven ?[0m?[32mthe following item entities exists in the system (p11)?[0m                                                          ?[90m# ca.mcgill.ecse.coolsupplies.features.GetBundleItemFromBundleItemsOfGradeBundleStepDefinitions.the_following_item_entities_exists_in_the_system_p11(io.cucumber.datatable.DataTable)?[0m
  ?[32mGiven ?[0m?[32mthe following grade bundle entities exists in the system (p11)?[0m                                                  ?[90m# ca.mcgill.ecse.coolsupplies.features.GetBundleItemFromBundleItemsOfGradeBundleStepDefinitions.the_following_grade_bundle_entities_exists_in_the_system_p11(io.cucumber.datatable.DataTable)?[0m
  ?[32mGiven ?[0m?[32mthe following bundle item entities exists in the system (p11)?[0m                                                   ?[90m# ca.mcgill.ecse.coolsupplies.features.GetBundleItemFromBundleItemsOfGradeBundleStepDefinitions.the_following_bundle_item_entities_exists_in_the_system_p11(io.cucumber.datatable.DataTable)?[0m
  ?[32mWhen ?[0m?[32mthe school admin attempts to get a bundle item with name ?[0m?[32m?[1m"pencil"?[0m?[32m from a grade bundle with name ?[0m?[32m?[1m"Bundle 7"?[0m?[32m (p11)?[0m ?[90m# ca.mcgill.ecse.coolsupplies.features.GetBundleItemFromBundleItemsOfGradeBundleStepDefinitions.the_school_admin_attempts_to_get_a_bundle_item_with_name_from_a_grade_bundle_with_name_p11(java.lang.String,java.lang.String)?[0m
  ?[32mThen ?[0m?[32mthe number of bundle item entities in the system shall be ?[0m?[32m?[1m"4"?[0m?[32m (p11)?[0m                                              ?[90m# ca.mcgill.ecse.coolsupplies.features.GetBundleItemFromBundleItemsOfGradeBundleStepDefinitions.the_number_of_bundle_item_entities_in_the_system_shall_be_p11(java.lang.String)?[0m
  ?[32mThen ?[0m?[32mno bundle item entities shall be presented (p11)?[0m                                                                 ?[90m# ca.mcgill.ecse.coolsupplies.features.GetBundleItemFromBundleItemsOfGradeBundleStepDefinitions.no_bundle_item_entities_shall_be_presented_p11()?[0m

Scenario: Unsuccessfully get all bundle items of a grade bundle that does not exist in the system       ?[90m# src/test/resources/GetBundleItemFromBundleItemsOfGradeBundle.feature:48?[0m
  ?[32mGiven ?[0m?[32mthe following grade entities exists in the system (p11)?[0m                                         ?[90m# ca.mcgill.ecse.coolsupplies.features.GetBundleItemFromBundleItemsOfGradeBundleStepDefinitions.the_following_grade_entities_exists_in_the_system_p11(io.cucumber.datatable.DataTable)?[0m
  ?[32mGiven ?[0m?[32mthe following item entities exists in the system (p11)?[0m                                          ?[90m# ca.mcgill.ecse.coolsupplies.features.GetBundleItemFromBundleItemsOfGradeBundleStepDefinitions.the_following_item_entities_exists_in_the_system_p11(io.cucumber.datatable.DataTable)?[0m
  ?[32mGiven ?[0m?[32mthe following grade bundle entities exists in the system (p11)?[0m                                  ?[90m# ca.mcgill.ecse.coolsupplies.features.GetBundleItemFromBundleItemsOfGradeBundleStepDefinitions.the_following_grade_bundle_entities_exists_in_the_system_p11(io.cucumber.datatable.DataTable)?[0m
  ?[32mGiven ?[0m?[32mthe following bundle item entities exists in the system (p11)?[0m                                   ?[90m# ca.mcgill.ecse.coolsupplies.features.GetBundleItemFromBundleItemsOfGradeBundleStepDefinitions.the_following_bundle_item_entities_exists_in_the_system_p11(io.cucumber.datatable.DataTable)?[0m
  ?[32mWhen ?[0m?[32mthe school admin attempts to get all bundle items from a grade bundle with name ?[0m?[32m?[1m"Bundle 7"?[0m?[32m (p11)?[0m ?[90m# ca.mcgill.ecse.coolsupplies.features.GetBundleItemFromBundleItemsOfGradeBundleStepDefinitions.the_school_admin_attempts_to_get_all_bundle_items_from_a_grade_bundle_with_name_p11(java.lang.String)?[0m
  ?[32mThen ?[0m?[32mthe number of bundle item entities in the system shall be ?[0m?[32m?[1m"4"?[0m?[32m (p11)?[0m                              ?[90m# ca.mcgill.ecse.coolsupplies.features.GetBundleItemFromBundleItemsOfGradeBundleStepDefinitions.the_number_of_bundle_item_entities_in_the_system_shall_be_p11(java.lang.String)?[0m
  ?[32mThen ?[0m?[32mno bundle item entities shall be presented (p11)?[0m                                                 ?[90m# ca.mcgill.ecse.coolsupplies.features.GetBundleItemFromBundleItemsOfGradeBundleStepDefinitions.no_bundle_item_entities_shall_be_presented_p11()?[0m

Scenario: Unsuccessfully get a bundle item that does not exist in the bundle items of a grade bundle in the system        ?[90m# src/test/resources/GetBundleItemFromBundleItemsOfGradeBundle.feature:53?[0m
  ?[32mGiven ?[0m?[32mthe following grade entities exists in the system (p11)?[0m                                                           ?[90m# ca.mcgill.ecse.coolsupplies.features.GetBundleItemFromBundleItemsOfGradeBundleStepDefinitions.the_following_grade_entities_exists_in_the_system_p11(io.cucumber.datatable.DataTable)?[0m
  ?[32mGiven ?[0m?[32mthe following item entities exists in the system (p11)?[0m                                                            ?[90m# ca.mcgill.ecse.coolsupplies.features.GetBundleItemFromBundleItemsOfGradeBundleStepDefinitions.the_following_item_entities_exists_in_the_system_p11(io.cucumber.datatable.DataTable)?[0m
  ?[32mGiven ?[0m?[32mthe following grade bundle entities exists in the system (p11)?[0m                                                    ?[90m# ca.mcgill.ecse.coolsupplies.features.GetBundleItemFromBundleItemsOfGradeBundleStepDefinitions.the_following_grade_bundle_entities_exists_in_the_system_p11(io.cucumber.datatable.DataTable)?[0m
  ?[32mGiven ?[0m?[32mthe following bundle item entities exists in the system (p11)?[0m                                                     ?[90m# ca.mcgill.ecse.coolsupplies.features.GetBundleItemFromBundleItemsOfGradeBundleStepDefinitions.the_following_bundle_item_entities_exists_in_the_system_p11(io.cucumber.datatable.DataTable)?[0m
  ?[32mWhen ?[0m?[32mthe school admin attempts to get a bundle item with name ?[0m?[32m?[1m"textbook"?[0m?[32m from a grade bundle with name ?[0m?[32m?[1m"Bundle 6"?[0m?[32m (p11)?[0m ?[90m# ca.mcgill.ecse.coolsupplies.features.GetBundleItemFromBundleItemsOfGradeBundleStepDefinitions.the_school_admin_attempts_to_get_a_bundle_item_with_name_from_a_grade_bundle_with_name_p11(java.lang.String,java.lang.String)?[0m
  ?[32mThen ?[0m?[32mthe number of bundle item entities in the system shall be ?[0m?[32m?[1m"4"?[0m?[32m (p11)?[0m                                                ?[90m# ca.mcgill.ecse.coolsupplies.features.GetBundleItemFromBundleItemsOfGradeBundleStepDefinitions.the_number_of_bundle_item_entities_in_the_system_shall_be_p11(java.lang.String)?[0m
  ?[32mThen ?[0m?[32mthe number of bundle item entities for grade bundle ?[0m?[32m?[1m"Bundle 6"?[0m?[32m in the system shall be ?[0m?[32m?[1m"1"?[0m?[32m (p11)?[0m                    ?[90m# ca.mcgill.ecse.coolsupplies.features.GetBundleItemFromBundleItemsOfGradeBundleStepDefinitions.the_number_of_bundle_item_entities_for_grade_bundle_in_the_system_shall_be_p11(java.lang.String,java.lang.String)?[0m
  ?[32mThen ?[0m?[32mno bundle item entities shall be presented (p11)?[0m                                                                   ?[90m# ca.mcgill.ecse.coolsupplies.features.GetBundleItemFromBundleItemsOfGradeBundleStepDefinitions.no_bundle_item_entities_shall_be_presented_p11()?[0m

Scenario: Successfully get a grade from the system                                      ?[90m# src/test/resources/GetGrade.feature:10?[0m
  ?[32mGiven ?[0m?[32mthe following grade entities exists in the system (p2)?[0m                          ?[90m# ca.mcgill.ecse.coolsupplies.features.DeleteGradeStepDefinitions.the_following_grade_entities_exists_in_the_system_p2(io.cucumber.datatable.DataTable)?[0m
  ?[32mWhen ?[0m?[32mthe school admin attempts to get from the system the grade with level ?[0m?[32m?[1m"5th"?[0m?[32m (p2)?[0m ?[90m# ca.mcgill.ecse.coolsupplies.features.GetGradeStepDefinitions.the_school_admin_attempts_to_get_from_the_system_the_grade_with_level_p2(java.lang.String)?[0m
2
  ?[32mThen ?[0m?[32mthe number of grade entities in the system shall be ?[0m?[32m?[1m"2"?[0m?[32m (p2)?[0m                     ?[90m# ca.mcgill.ecse.coolsupplies.features.DeleteGradeStepDefinitions.the_number_of_grade_entities_in_the_system_shall_be_p2(java.lang.String)?[0m
  ?[32mThen ?[0m?[32mthe following grade entities shall be presented (p2)?[0m                             ?[90m# ca.mcgill.ecse.coolsupplies.features.GetGradeStepDefinitions.the_following_grade_entities_shall_be_presented_p2(io.cucumber.datatable.DataTable)?[0m

Scenario Outline: Unsuccessfully get a grade that does not exist in the system          ?[90m# src/test/resources/GetGrade.feature:24?[0m
  ?[32mGiven ?[0m?[32mthe following grade entities exists in the system (p2)?[0m                          ?[90m# ca.mcgill.ecse.coolsupplies.features.DeleteGradeStepDefinitions.the_following_grade_entities_exists_in_the_system_p2(io.cucumber.datatable.DataTable)?[0m
  ?[32mWhen ?[0m?[32mthe school admin attempts to get from the system the grade with level ?[0m?[32m?[1m"7th"?[0m?[32m (p2)?[0m ?[90m# ca.mcgill.ecse.coolsupplies.features.GetGradeStepDefinitions.the_school_admin_attempts_to_get_from_the_system_the_grade_with_level_p2(java.lang.String)?[0m
2
  ?[32mThen ?[0m?[32mthe number of grade entities in the system shall be ?[0m?[32m?[1m"2"?[0m?[32m (p2)?[0m                     ?[90m# ca.mcgill.ecse.coolsupplies.features.DeleteGradeStepDefinitions.the_number_of_grade_entities_in_the_system_shall_be_p2(java.lang.String)?[0m
  ?[32mThen ?[0m?[32mno grade entities shall be presented (p2)?[0m                                        ?[90m# ca.mcgill.ecse.coolsupplies.features.GetGradeStepDefinitions.no_grade_entities_shall_be_presented_p2()?[0m

Scenario Outline: Unsuccessfully get a grade that does not exist in the system        ?[90m# src/test/resources/GetGrade.feature:25?[0m
  ?[32mGiven ?[0m?[32mthe following grade entities exists in the system (p2)?[0m                        ?[90m# ca.mcgill.ecse.coolsupplies.features.DeleteGradeStepDefinitions.the_following_grade_entities_exists_in_the_system_p2(io.cucumber.datatable.DataTable)?[0m
  ?[32mWhen ?[0m?[32mthe school admin attempts to get from the system the grade with level ?[0m?[32m?[1m"5"?[0m?[32m (p2)?[0m ?[90m# ca.mcgill.ecse.coolsupplies.features.GetGradeStepDefinitions.the_school_admin_attempts_to_get_from_the_system_the_grade_with_level_p2(java.lang.String)?[0m
2
  ?[32mThen ?[0m?[32mthe number of grade entities in the system shall be ?[0m?[32m?[1m"2"?[0m?[32m (p2)?[0m                   ?[90m# ca.mcgill.ecse.coolsupplies.features.DeleteGradeStepDefinitions.the_number_of_grade_entities_in_the_system_shall_be_p2(java.lang.String)?[0m
  ?[32mThen ?[0m?[32mno grade entities shall be presented (p2)?[0m                                      ?[90m# ca.mcgill.ecse.coolsupplies.features.GetGradeStepDefinitions.no_grade_entities_shall_be_presented_p2()?[0m

Scenario: Successfully get all grades from the system                       ?[90m# src/test/resources/GetGrade.feature:27?[0m
  ?[32mGiven ?[0m?[32mthe following grade entities exists in the system (p2)?[0m              ?[90m# ca.mcgill.ecse.coolsupplies.features.DeleteGradeStepDefinitions.the_following_grade_entities_exists_in_the_system_p2(io.cucumber.datatable.DataTable)?[0m
  ?[32mWhen ?[0m?[32mthe school admin attempts to get from the system all the grades (p2)?[0m ?[90m# ca.mcgill.ecse.coolsupplies.features.GetGradeStepDefinitions.the_school_admin_attempts_to_get_from_the_system_all_the_grades_p2()?[0m
2
  ?[32mThen ?[0m?[32mthe number of grade entities in the system shall be ?[0m?[32m?[1m"2"?[0m?[32m (p2)?[0m         ?[90m# ca.mcgill.ecse.coolsupplies.features.DeleteGradeStepDefinitions.the_number_of_grade_entities_in_the_system_shall_be_p2(java.lang.String)?[0m
  ?[32mThen ?[0m?[32mthe following grade entities shall be presented (p2)?[0m                 ?[90m# ca.mcgill.ecse.coolsupplies.features.GetGradeStepDefinitions.the_following_grade_entities_shall_be_presented_p2(io.cucumber.datatable.DataTable)?[0m

Scenario: Successfully get a grade bundle from the system                                          ?[90m# src/test/resources/GetGradeBundle.feature:14?[0m
  ?[32mGiven ?[0m?[32mthe following grade entities exists in the system (p9)?[0m                                     ?[90m# ca.mcgill.ecse.coolsupplies.features.DeleteGradeBundleStepDefinitions.the_following_grade_entities_exists_in_the_system_p9(io.cucumber.datatable.DataTable)?[0m
  ?[32mGiven ?[0m?[32mthe following grade bundle entities exists in the system (p9)?[0m                              ?[90m# ca.mcgill.ecse.coolsupplies.features.DeleteGradeBundleStepDefinitions.the_following_grade_bundle_entities_exists_in_the_system_p9(io.cucumber.datatable.DataTable)?[0m
  ?[32mWhen ?[0m?[32mthe school admin attempts to get from the system the grade bundle with name ?[0m?[32m?[1m"Bundle 6"?[0m?[32m (p9)?[0m ?[90m# ca.mcgill.ecse.coolsupplies.features.GetGradeBundleStepDefinitions.the_school_admin_attempts_to_get_from_the_system_the_grade_bundle_with_name_p9(java.lang.String)?[0m
  ?[32mThen ?[0m?[32mthe number of grade bundle entities in the system shall be ?[0m?[32m?[1m"2"?[0m?[32m (p9)?[0m                         ?[90m# ca.mcgill.ecse.coolsupplies.features.DeleteGradeBundleStepDefinitions.the_number_of_grade_bundle_entities_in_the_system_shall_be_p9(java.lang.String)?[0m
  ?[32mThen ?[0m?[32mthe following grade bundle entities shall be presented (p9)?[0m                                 ?[90m# ca.mcgill.ecse.coolsupplies.features.GetGradeBundleStepDefinitions.the_following_grade_bundle_entities_shall_be_presented_p9(io.cucumber.datatable.DataTable)?[0m

Scenario Outline: Unsuccessfully get a grade bundle that does not exist in the system              ?[90m# src/test/resources/GetGradeBundle.feature:28?[0m
  ?[32mGiven ?[0m?[32mthe following grade entities exists in the system (p9)?[0m                                     ?[90m# ca.mcgill.ecse.coolsupplies.features.DeleteGradeBundleStepDefinitions.the_following_grade_entities_exists_in_the_system_p9(io.cucumber.datatable.DataTable)?[0m
  ?[32mGiven ?[0m?[32mthe following grade bundle entities exists in the system (p9)?[0m                              ?[90m# ca.mcgill.ecse.coolsupplies.features.DeleteGradeBundleStepDefinitions.the_following_grade_bundle_entities_exists_in_the_system_p9(io.cucumber.datatable.DataTable)?[0m
  ?[32mWhen ?[0m?[32mthe school admin attempts to get from the system the grade bundle with name ?[0m?[32m?[1m"Bundle 7"?[0m?[32m (p9)?[0m ?[90m# ca.mcgill.ecse.coolsupplies.features.GetGradeBundleStepDefinitions.the_school_admin_attempts_to_get_from_the_system_the_grade_bundle_with_name_p9(java.lang.String)?[0m
  ?[32mThen ?[0m?[32mthe number of grade bundle entities in the system shall be ?[0m?[32m?[1m"2"?[0m?[32m (p9)?[0m                         ?[90m# ca.mcgill.ecse.coolsupplies.features.DeleteGradeBundleStepDefinitions.the_number_of_grade_bundle_entities_in_the_system_shall_be_p9(java.lang.String)?[0m
  ?[32mThen ?[0m?[32mno grade bundle entities shall be presented (p9)?[0m                                            ?[90m# ca.mcgill.ecse.coolsupplies.features.GetGradeBundleStepDefinitions.no_grade_bundle_entities_shall_be_presented_p9()?[0m

Scenario Outline: Unsuccessfully get a grade bundle that does not exist in the system              ?[90m# src/test/resources/GetGradeBundle.feature:29?[0m
  ?[32mGiven ?[0m?[32mthe following grade entities exists in the system (p9)?[0m                                     ?[90m# ca.mcgill.ecse.coolsupplies.features.DeleteGradeBundleStepDefinitions.the_following_grade_entities_exists_in_the_system_p9(io.cucumber.datatable.DataTable)?[0m
  ?[32mGiven ?[0m?[32mthe following grade bundle entities exists in the system (p9)?[0m                              ?[90m# ca.mcgill.ecse.coolsupplies.features.DeleteGradeBundleStepDefinitions.the_following_grade_bundle_entities_exists_in_the_system_p9(io.cucumber.datatable.DataTable)?[0m
  ?[32mWhen ?[0m?[32mthe school admin attempts to get from the system the grade bundle with name ?[0m?[32m?[1m"bundle 5"?[0m?[32m (p9)?[0m ?[90m# ca.mcgill.ecse.coolsupplies.features.GetGradeBundleStepDefinitions.the_school_admin_attempts_to_get_from_the_system_the_grade_bundle_with_name_p9(java.lang.String)?[0m
  ?[32mThen ?[0m?[32mthe number of grade bundle entities in the system shall be ?[0m?[32m?[1m"2"?[0m?[32m (p9)?[0m                         ?[90m# ca.mcgill.ecse.coolsupplies.features.DeleteGradeBundleStepDefinitions.the_number_of_grade_bundle_entities_in_the_system_shall_be_p9(java.lang.String)?[0m
  ?[32mThen ?[0m?[32mno grade bundle entities shall be presented (p9)?[0m                                            ?[90m# ca.mcgill.ecse.coolsupplies.features.GetGradeBundleStepDefinitions.no_grade_bundle_entities_shall_be_presented_p9()?[0m

Scenario: Successfully get all bundles from the system                       ?[90m# src/test/resources/GetGradeBundle.feature:31?[0m
  ?[32mGiven ?[0m?[32mthe following grade entities exists in the system (p9)?[0m               ?[90m# ca.mcgill.ecse.coolsupplies.features.DeleteGradeBundleStepDefinitions.the_following_grade_entities_exists_in_the_system_p9(io.cucumber.datatable.DataTable)?[0m
  ?[32mGiven ?[0m?[32mthe following grade bundle entities exists in the system (p9)?[0m        ?[90m# ca.mcgill.ecse.coolsupplies.features.DeleteGradeBundleStepDefinitions.the_following_grade_bundle_entities_exists_in_the_system_p9(io.cucumber.datatable.DataTable)?[0m
  ?[32mWhen ?[0m?[32mthe school admin attempts to get from the system all the bundles (p9)?[0m ?[90m# ca.mcgill.ecse.coolsupplies.features.GetGradeBundleStepDefinitions.the_school_admin_attempts_to_get_from_the_system_all_the_bundles_p9()?[0m
  ?[32mThen ?[0m?[32mthe number of grade bundle entities in the system shall be ?[0m?[32m?[1m"2"?[0m?[32m (p9)?[0m   ?[90m# ca.mcgill.ecse.coolsupplies.features.DeleteGradeBundleStepDefinitions.the_number_of_grade_bundle_entities_in_the_system_shall_be_p9(java.lang.String)?[0m
  ?[32mThen ?[0m?[32mthe following grade bundle entities shall be presented (p9)?[0m           ?[90m# ca.mcgill.ecse.coolsupplies.features.GetGradeBundleStepDefinitions.the_following_grade_bundle_entities_shall_be_presented_p9(io.cucumber.datatable.DataTable)?[0m

Scenario: Successfully get an item from the system                                       ?[90m# src/test/resources/GetItem.feature:10?[0m
  ?[32mGiven ?[0m?[32mthe following item entities exists in the system (p6)?[0m                            ?[90m# ca.mcgill.ecse.coolsupplies.features.DeleteItemStepDefinitions.the_following_item_entities_exists_in_the_system_p6(io.cucumber.datatable.DataTable)?[0m
  ?[32mWhen ?[0m?[32mthe school admin attempts to get from the system the item with name ?[0m?[32m?[1m"pencil"?[0m?[32m (p6)?[0m ?[90m# ca.mcgill.ecse.coolsupplies.features.GetItemStepDefinitions.the_school_admin_attempts_to_get_from_the_system_the_item_with_name_p6(java.lang.String)?[0m
  ?[32mThen ?[0m?[32mthe number of item entities in the system shall be ?[0m?[32m?[1m"2"?[0m?[32m (p6)?[0m                       ?[90m# ca.mcgill.ecse.coolsupplies.features.DeleteItemStepDefinitions.the_number_of_item_entities_in_the_system_shall_be_p6(java.lang.String)?[0m
  ?[32mThen ?[0m?[32mthe following item entities shall be presented (p6)?[0m                               ?[90m# ca.mcgill.ecse.coolsupplies.features.GetItemStepDefinitions.the_following_item_entities_shall_be_presented_p6(io.cucumber.datatable.DataTable)?[0m

Scenario Outline: Unsuccessfully get an item that does not exist in the system             ?[90m# src/test/resources/GetItem.feature:24?[0m
  ?[32mGiven ?[0m?[32mthe following item entities exists in the system (p6)?[0m                              ?[90m# ca.mcgill.ecse.coolsupplies.features.DeleteItemStepDefinitions.the_following_item_entities_exists_in_the_system_p6(io.cucumber.datatable.DataTable)?[0m
  ?[32mWhen ?[0m?[32mthe school admin attempts to get from the system the item with name ?[0m?[32m?[1m"textbook"?[0m?[32m (p6)?[0m ?[90m# ca.mcgill.ecse.coolsupplies.features.GetItemStepDefinitions.the_school_admin_attempts_to_get_from_the_system_the_item_with_name_p6(java.lang.String)?[0m
  ?[32mThen ?[0m?[32mthe number of item entities in the system shall be ?[0m?[32m?[1m"2"?[0m?[32m (p6)?[0m                         ?[90m# ca.mcgill.ecse.coolsupplies.features.DeleteItemStepDefinitions.the_number_of_item_entities_in_the_system_shall_be_p6(java.lang.String)?[0m
  ?[32mThen ?[0m?[32mno item entities shall be presented (p6)?[0m                                            ?[90m# ca.mcgill.ecse.coolsupplies.features.GetItemStepDefinitions.no_item_entities_shall_be_presented_p6()?[0m

Scenario Outline: Unsuccessfully get an item that does not exist in the system            ?[90m# src/test/resources/GetItem.feature:25?[0m
  ?[32mGiven ?[0m?[32mthe following item entities exists in the system (p6)?[0m                             ?[90m# ca.mcgill.ecse.coolsupplies.features.DeleteItemStepDefinitions.the_following_item_entities_exists_in_the_system_p6(io.cucumber.datatable.DataTable)?[0m
  ?[32mWhen ?[0m?[32mthe school admin attempts to get from the system the item with name ?[0m?[32m?[1m"PenCile"?[0m?[32m (p6)?[0m ?[90m# ca.mcgill.ecse.coolsupplies.features.GetItemStepDefinitions.the_school_admin_attempts_to_get_from_the_system_the_item_with_name_p6(java.lang.String)?[0m
  ?[32mThen ?[0m?[32mthe number of item entities in the system shall be ?[0m?[32m?[1m"2"?[0m?[32m (p6)?[0m                        ?[90m# ca.mcgill.ecse.coolsupplies.features.DeleteItemStepDefinitions.the_number_of_item_entities_in_the_system_shall_be_p6(java.lang.String)?[0m
  ?[32mThen ?[0m?[32mno item entities shall be presented (p6)?[0m                                           ?[90m# ca.mcgill.ecse.coolsupplies.features.GetItemStepDefinitions.no_item_entities_shall_be_presented_p6()?[0m

Scenario: Successfully get all items from the system                       ?[90m# src/test/resources/GetItem.feature:27?[0m
  ?[32mGiven ?[0m?[32mthe following item entities exists in the system (p6)?[0m              ?[90m# ca.mcgill.ecse.coolsupplies.features.DeleteItemStepDefinitions.the_following_item_entities_exists_in_the_system_p6(io.cucumber.datatable.DataTable)?[0m
  ?[32mWhen ?[0m?[32mthe school admin attempts to get from the system all the items (p6)?[0m ?[90m# ca.mcgill.ecse.coolsupplies.features.GetItemStepDefinitions.the_school_admin_attempts_to_get_from_the_system_all_the_items_p6()?[0m
  ?[32mThen ?[0m?[32mthe number of item entities in the system shall be ?[0m?[32m?[1m"2"?[0m?[32m (p6)?[0m         ?[90m# ca.mcgill.ecse.coolsupplies.features.DeleteItemStepDefinitions.the_number_of_item_entities_in_the_system_shall_be_p6(java.lang.String)?[0m
  ?[32mThen ?[0m?[32mthe following item entities shall be presented (p6)?[0m                 ?[90m# ca.mcgill.ecse.coolsupplies.features.GetItemStepDefinitions.the_following_item_entities_shall_be_presented_p6(io.cucumber.datatable.DataTable)?[0m

Scenario: Successfully get first order from the system                            ?[90m# src/test/resources/GetOrder.feature:57?[0m
  ?[33mGiven ?[0m?[33mthe following parent entities exist in the system?[0m                         ?[90m# ca.mcgill.ecse.coolsupplies.features.OrderStepDefinitions.the_following_parent_entities_exist_in_the_system(io.cucumber.datatable.DataTable)?[0m
      ?[33mio.cucumber.java.PendingException: TODO: implement me
	at ca.mcgill.ecse.coolsupplies.features.OrderStepDefinitions.the_following_parent_entities_exist_in_the_system(OrderStepDefinitions.java:18)
	at ✽.the following parent entities exist in the system(file:///Users/zhengxuanzhao/IdeaProjects/ecse223-group-project-p8/src/test/resources/GetOrder.feature:5)
?[0m
  ?[36mGiven ?[0m?[36mthe following grade entities exist in the system?[0m                          ?[90m# ca.mcgill.ecse.coolsupplies.features.OrderStepDefinitions.the_following_grade_entities_exist_in_the_system(io.cucumber.datatable.DataTable)?[0m
  ?[36mGiven ?[0m?[36mthe following student entities exist in the system?[0m                        ?[90m# ca.mcgill.ecse.coolsupplies.features.OrderStepDefinitions.the_following_student_entities_exist_in_the_system(io.cucumber.datatable.DataTable)?[0m
  ?[36mGiven ?[0m?[36mthe following student entities exist for a parent in the system?[0m           ?[90m# ca.mcgill.ecse.coolsupplies.features.OrderStepDefinitions.the_following_student_entities_exist_for_a_parent_in_the_system(io.cucumber.datatable.DataTable)?[0m
  ?[36mGiven ?[0m?[36mthe following item entities exist in the system?[0m                           ?[90m# ca.mcgill.ecse.coolsupplies.features.OrderStepDefinitions.the_following_item_entities_exist_in_the_system(io.cucumber.datatable.DataTable)?[0m
  ?[36mGiven ?[0m?[36mthe following grade bundle entities exist in the system?[0m                   ?[90m# ca.mcgill.ecse.coolsupplies.features.OrderStepDefinitions.the_following_grade_bundle_entities_exist_in_the_system(io.cucumber.datatable.DataTable)?[0m
  ?[36mGiven ?[0m?[36mthe following bundle item entities exist in the system?[0m                    ?[90m# ca.mcgill.ecse.coolsupplies.features.OrderStepDefinitions.the_following_bundle_item_entities_exist_in_the_system(io.cucumber.datatable.DataTable)?[0m
  ?[36mGiven ?[0m?[36mthe following order entities exist in the system?[0m                          ?[90m# ca.mcgill.ecse.coolsupplies.features.OrderStepDefinitions.the_following_order_entities_exist_in_the_system(io.cucumber.datatable.DataTable)?[0m
  ?[36mGiven ?[0m?[36mthe following order item entities exist in the system?[0m                     ?[90m# ca.mcgill.ecse.coolsupplies.features.OrderStepDefinitions.the_following_order_item_entities_exist_in_the_system(io.cucumber.datatable.DataTable)?[0m
  ?[36mWhen ?[0m?[36mthe parent attempts to get from the system the order with number ?[0m?[36m?[1m"1"?[0m       ?[90m# ca.mcgill.ecse.coolsupplies.features.OrderStepDefinitions.the_parent_attempts_to_get_from_the_system_the_order_with_number(java.lang.String)?[0m
  ?[36mThen ?[0m?[36mthe number of orders in the system shall be ?[0m?[36m?[1m"6"?[0m                            ?[90m# ca.mcgill.ecse.coolsupplies.features.OrderStepDefinitions.the_number_of_orders_in_the_system_shall_be(java.lang.String)?[0m
  ?[36mThen ?[0m?[36mthe following order entities shall be presented?[0m                            ?[90m# ca.mcgill.ecse.coolsupplies.features.OrderStepDefinitions.the_following_order_entities_shall_be_presented(io.cucumber.datatable.DataTable)?[0m
  ?[36mThen ?[0m?[36mthe following order items shall be presented for the order with number ?[0m?[36m?[1m"1"?[0m ?[90m# ca.mcgill.ecse.coolsupplies.features.OrderStepDefinitions.the_following_order_items_shall_be_presented_for_the_order_with_number(java.lang.String,io.cucumber.datatable.DataTable)?[0m

Scenario: Successfully get second order from the system                           ?[90m# src/test/resources/GetOrder.feature:68?[0m
  ?[33mGiven ?[0m?[33mthe following parent entities exist in the system?[0m                         ?[90m# ca.mcgill.ecse.coolsupplies.features.OrderStepDefinitions.the_following_parent_entities_exist_in_the_system(io.cucumber.datatable.DataTable)?[0m
      ?[33mio.cucumber.java.PendingException: TODO: implement me
	at ca.mcgill.ecse.coolsupplies.features.OrderStepDefinitions.the_following_parent_entities_exist_in_the_system(OrderStepDefinitions.java:18)
	at ✽.the following parent entities exist in the system(file:///Users/zhengxuanzhao/IdeaProjects/ecse223-group-project-p8/src/test/resources/GetOrder.feature:5)
?[0m
  ?[36mGiven ?[0m?[36mthe following grade entities exist in the system?[0m                          ?[90m# ca.mcgill.ecse.coolsupplies.features.OrderStepDefinitions.the_following_grade_entities_exist_in_the_system(io.cucumber.datatable.DataTable)?[0m
  ?[36mGiven ?[0m?[36mthe following student entities exist in the system?[0m                        ?[90m# ca.mcgill.ecse.coolsupplies.features.OrderStepDefinitions.the_following_student_entities_exist_in_the_system(io.cucumber.datatable.DataTable)?[0m
  ?[36mGiven ?[0m?[36mthe following student entities exist for a parent in the system?[0m           ?[90m# ca.mcgill.ecse.coolsupplies.features.OrderStepDefinitions.the_following_student_entities_exist_for_a_parent_in_the_system(io.cucumber.datatable.DataTable)?[0m
  ?[36mGiven ?[0m?[36mthe following item entities exist in the system?[0m                           ?[90m# ca.mcgill.ecse.coolsupplies.features.OrderStepDefinitions.the_following_item_entities_exist_in_the_system(io.cucumber.datatable.DataTable)?[0m
  ?[36mGiven ?[0m?[36mthe following grade bundle entities exist in the system?[0m                   ?[90m# ca.mcgill.ecse.coolsupplies.features.OrderStepDefinitions.the_following_grade_bundle_entities_exist_in_the_system(io.cucumber.datatable.DataTable)?[0m
  ?[36mGiven ?[0m?[36mthe following bundle item entities exist in the system?[0m                    ?[90m# ca.mcgill.ecse.coolsupplies.features.OrderStepDefinitions.the_following_bundle_item_entities_exist_in_the_system(io.cucumber.datatable.DataTable)?[0m
  ?[36mGiven ?[0m?[36mthe following order entities exist in the system?[0m                          ?[90m# ca.mcgill.ecse.coolsupplies.features.OrderStepDefinitions.the_following_order_entities_exist_in_the_system(io.cucumber.datatable.DataTable)?[0m
  ?[36mGiven ?[0m?[36mthe following order item entities exist in the system?[0m                     ?[90m# ca.mcgill.ecse.coolsupplies.features.OrderStepDefinitions.the_following_order_item_entities_exist_in_the_system(io.cucumber.datatable.DataTable)?[0m
  ?[36mWhen ?[0m?[36mthe parent attempts to get from the system the order with number ?[0m?[36m?[1m"2"?[0m       ?[90m# ca.mcgill.ecse.coolsupplies.features.OrderStepDefinitions.the_parent_attempts_to_get_from_the_system_the_order_with_number(java.lang.String)?[0m
  ?[36mThen ?[0m?[36mthe number of orders in the system shall be ?[0m?[36m?[1m"6"?[0m                            ?[90m# ca.mcgill.ecse.coolsupplies.features.OrderStepDefinitions.the_number_of_orders_in_the_system_shall_be(java.lang.String)?[0m
  ?[36mThen ?[0m?[36mthe following order entities shall be presented?[0m                            ?[90m# ca.mcgill.ecse.coolsupplies.features.OrderStepDefinitions.the_following_order_entities_shall_be_presented(io.cucumber.datatable.DataTable)?[0m
  ?[36mThen ?[0m?[36mthe following order items shall be presented for the order with number ?[0m?[36m?[1m"2"?[0m ?[90m# ca.mcgill.ecse.coolsupplies.features.OrderStepDefinitions.the_following_order_items_shall_be_presented_for_the_order_with_number(java.lang.String,io.cucumber.datatable.DataTable)?[0m

Scenario: Successfully get third order from the system                            ?[90m# src/test/resources/GetOrder.feature:78?[0m
  ?[33mGiven ?[0m?[33mthe following parent entities exist in the system?[0m                         ?[90m# ca.mcgill.ecse.coolsupplies.features.OrderStepDefinitions.the_following_parent_entities_exist_in_the_system(io.cucumber.datatable.DataTable)?[0m
      ?[33mio.cucumber.java.PendingException: TODO: implement me
	at ca.mcgill.ecse.coolsupplies.features.OrderStepDefinitions.the_following_parent_entities_exist_in_the_system(OrderStepDefinitions.java:18)
	at ✽.the following parent entities exist in the system(file:///Users/zhengxuanzhao/IdeaProjects/ecse223-group-project-p8/src/test/resources/GetOrder.feature:5)
?[0m
  ?[36mGiven ?[0m?[36mthe following grade entities exist in the system?[0m                          ?[90m# ca.mcgill.ecse.coolsupplies.features.OrderStepDefinitions.the_following_grade_entities_exist_in_the_system(io.cucumber.datatable.DataTable)?[0m
  ?[36mGiven ?[0m?[36mthe following student entities exist in the system?[0m                        ?[90m# ca.mcgill.ecse.coolsupplies.features.OrderStepDefinitions.the_following_student_entities_exist_in_the_system(io.cucumber.datatable.DataTable)?[0m
  ?[36mGiven ?[0m?[36mthe following student entities exist for a parent in the system?[0m           ?[90m# ca.mcgill.ecse.coolsupplies.features.OrderStepDefinitions.the_following_student_entities_exist_for_a_parent_in_the_system(io.cucumber.datatable.DataTable)?[0m
  ?[36mGiven ?[0m?[36mthe following item entities exist in the system?[0m                           ?[90m# ca.mcgill.ecse.coolsupplies.features.OrderStepDefinitions.the_following_item_entities_exist_in_the_system(io.cucumber.datatable.DataTable)?[0m
  ?[36mGiven ?[0m?[36mthe following grade bundle entities exist in the system?[0m                   ?[90m# ca.mcgill.ecse.coolsupplies.features.OrderStepDefinitions.the_following_grade_bundle_entities_exist_in_the_system(io.cucumber.datatable.DataTable)?[0m
  ?[36mGiven ?[0m?[36mthe following bundle item entities exist in the system?[0m                    ?[90m# ca.mcgill.ecse.coolsupplies.features.OrderStepDefinitions.the_following_bundle_item_entities_exist_in_the_system(io.cucumber.datatable.DataTable)?[0m
  ?[36mGiven ?[0m?[36mthe following order entities exist in the system?[0m                          ?[90m# ca.mcgill.ecse.coolsupplies.features.OrderStepDefinitions.the_following_order_entities_exist_in_the_system(io.cucumber.datatable.DataTable)?[0m
  ?[36mGiven ?[0m?[36mthe following order item entities exist in the system?[0m                     ?[90m# ca.mcgill.ecse.coolsupplies.features.OrderStepDefinitions.the_following_order_item_entities_exist_in_the_system(io.cucumber.datatable.DataTable)?[0m
  ?[36mWhen ?[0m?[36mthe parent attempts to get from the system the order with number ?[0m?[36m?[1m"3"?[0m       ?[90m# ca.mcgill.ecse.coolsupplies.features.OrderStepDefinitions.the_parent_attempts_to_get_from_the_system_the_order_with_number(java.lang.String)?[0m
  ?[36mThen ?[0m?[36mthe number of orders in the system shall be ?[0m?[36m?[1m"6"?[0m                            ?[90m# ca.mcgill.ecse.coolsupplies.features.OrderStepDefinitions.the_number_of_orders_in_the_system_shall_be(java.lang.String)?[0m
  ?[36mThen ?[0m?[36mthe following order entities shall be presented?[0m                            ?[90m# ca.mcgill.ecse.coolsupplies.features.OrderStepDefinitions.the_following_order_entities_shall_be_presented(io.cucumber.datatable.DataTable)?[0m
  ?[36mThen ?[0m?[36mthe following order items shall be presented for the order with number ?[0m?[36m?[1m"3"?[0m ?[90m# ca.mcgill.ecse.coolsupplies.features.OrderStepDefinitions.the_following_order_items_shall_be_presented_for_the_order_with_number(java.lang.String,io.cucumber.datatable.DataTable)?[0m

Scenario: Successfully get fourth order from the system                           ?[90m# src/test/resources/GetOrder.feature:89?[0m
  ?[33mGiven ?[0m?[33mthe following parent entities exist in the system?[0m                         ?[90m# ca.mcgill.ecse.coolsupplies.features.OrderStepDefinitions.the_following_parent_entities_exist_in_the_system(io.cucumber.datatable.DataTable)?[0m
      ?[33mio.cucumber.java.PendingException: TODO: implement me
	at ca.mcgill.ecse.coolsupplies.features.OrderStepDefinitions.the_following_parent_entities_exist_in_the_system(OrderStepDefinitions.java:18)
	at ✽.the following parent entities exist in the system(file:///Users/zhengxuanzhao/IdeaProjects/ecse223-group-project-p8/src/test/resources/GetOrder.feature:5)
?[0m
  ?[36mGiven ?[0m?[36mthe following grade entities exist in the system?[0m                          ?[90m# ca.mcgill.ecse.coolsupplies.features.OrderStepDefinitions.the_following_grade_entities_exist_in_the_system(io.cucumber.datatable.DataTable)?[0m
  ?[36mGiven ?[0m?[36mthe following student entities exist in the system?[0m                        ?[90m# ca.mcgill.ecse.coolsupplies.features.OrderStepDefinitions.the_following_student_entities_exist_in_the_system(io.cucumber.datatable.DataTable)?[0m
  ?[36mGiven ?[0m?[36mthe following student entities exist for a parent in the system?[0m           ?[90m# ca.mcgill.ecse.coolsupplies.features.OrderStepDefinitions.the_following_student_entities_exist_for_a_parent_in_the_system(io.cucumber.datatable.DataTable)?[0m
  ?[36mGiven ?[0m?[36mthe following item entities exist in the system?[0m                           ?[90m# ca.mcgill.ecse.coolsupplies.features.OrderStepDefinitions.the_following_item_entities_exist_in_the_system(io.cucumber.datatable.DataTable)?[0m
  ?[36mGiven ?[0m?[36mthe following grade bundle entities exist in the system?[0m                   ?[90m# ca.mcgill.ecse.coolsupplies.features.OrderStepDefinitions.the_following_grade_bundle_entities_exist_in_the_system(io.cucumber.datatable.DataTable)?[0m
  ?[36mGiven ?[0m?[36mthe following bundle item entities exist in the system?[0m                    ?[90m# ca.mcgill.ecse.coolsupplies.features.OrderStepDefinitions.the_following_bundle_item_entities_exist_in_the_system(io.cucumber.datatable.DataTable)?[0m
  ?[36mGiven ?[0m?[36mthe following order entities exist in the system?[0m                          ?[90m# ca.mcgill.ecse.coolsupplies.features.OrderStepDefinitions.the_following_order_entities_exist_in_the_system(io.cucumber.datatable.DataTable)?[0m
  ?[36mGiven ?[0m?[36mthe following order item entities exist in the system?[0m                     ?[90m# ca.mcgill.ecse.coolsupplies.features.OrderStepDefinitions.the_following_order_item_entities_exist_in_the_system(io.cucumber.datatable.DataTable)?[0m
  ?[36mWhen ?[0m?[36mthe parent attempts to get from the system the order with number ?[0m?[36m?[1m"4"?[0m       ?[90m# ca.mcgill.ecse.coolsupplies.features.OrderStepDefinitions.the_parent_attempts_to_get_from_the_system_the_order_with_number(java.lang.String)?[0m
  ?[36mThen ?[0m?[36mthe number of orders in the system shall be ?[0m?[36m?[1m"6"?[0m                            ?[90m# ca.mcgill.ecse.coolsupplies.features.OrderStepDefinitions.the_number_of_orders_in_the_system_shall_be(java.lang.String)?[0m
  ?[36mThen ?[0m?[36mthe following order entities shall be presented?[0m                            ?[90m# ca.mcgill.ecse.coolsupplies.features.OrderStepDefinitions.the_following_order_entities_shall_be_presented(io.cucumber.datatable.DataTable)?[0m
  ?[36mThen ?[0m?[36mthe following order items shall be presented for the order with number ?[0m?[36m?[1m"4"?[0m ?[90m# ca.mcgill.ecse.coolsupplies.features.OrderStepDefinitions.the_following_order_items_shall_be_presented_for_the_order_with_number(java.lang.String,io.cucumber.datatable.DataTable)?[0m

Scenario: Successfully get fifth order from the system                            ?[90m# src/test/resources/GetOrder.feature:99?[0m
  ?[33mGiven ?[0m?[33mthe following parent entities exist in the system?[0m                         ?[90m# ca.mcgill.ecse.coolsupplies.features.OrderStepDefinitions.the_following_parent_entities_exist_in_the_system(io.cucumber.datatable.DataTable)?[0m
      ?[33mio.cucumber.java.PendingException: TODO: implement me
	at ca.mcgill.ecse.coolsupplies.features.OrderStepDefinitions.the_following_parent_entities_exist_in_the_system(OrderStepDefinitions.java:18)
	at ✽.the following parent entities exist in the system(file:///Users/zhengxuanzhao/IdeaProjects/ecse223-group-project-p8/src/test/resources/GetOrder.feature:5)
?[0m
  ?[36mGiven ?[0m?[36mthe following grade entities exist in the system?[0m                          ?[90m# ca.mcgill.ecse.coolsupplies.features.OrderStepDefinitions.the_following_grade_entities_exist_in_the_system(io.cucumber.datatable.DataTable)?[0m
  ?[36mGiven ?[0m?[36mthe following student entities exist in the system?[0m                        ?[90m# ca.mcgill.ecse.coolsupplies.features.OrderStepDefinitions.the_following_student_entities_exist_in_the_system(io.cucumber.datatable.DataTable)?[0m
  ?[36mGiven ?[0m?[36mthe following student entities exist for a parent in the system?[0m           ?[90m# ca.mcgill.ecse.coolsupplies.features.OrderStepDefinitions.the_following_student_entities_exist_for_a_parent_in_the_system(io.cucumber.datatable.DataTable)?[0m
  ?[36mGiven ?[0m?[36mthe following item entities exist in the system?[0m                           ?[90m# ca.mcgill.ecse.coolsupplies.features.OrderStepDefinitions.the_following_item_entities_exist_in_the_system(io.cucumber.datatable.DataTable)?[0m
  ?[36mGiven ?[0m?[36mthe following grade bundle entities exist in the system?[0m                   ?[90m# ca.mcgill.ecse.coolsupplies.features.OrderStepDefinitions.the_following_grade_bundle_entities_exist_in_the_system(io.cucumber.datatable.DataTable)?[0m
  ?[36mGiven ?[0m?[36mthe following bundle item entities exist in the system?[0m                    ?[90m# ca.mcgill.ecse.coolsupplies.features.OrderStepDefinitions.the_following_bundle_item_entities_exist_in_the_system(io.cucumber.datatable.DataTable)?[0m
  ?[36mGiven ?[0m?[36mthe following order entities exist in the system?[0m                          ?[90m# ca.mcgill.ecse.coolsupplies.features.OrderStepDefinitions.the_following_order_entities_exist_in_the_system(io.cucumber.datatable.DataTable)?[0m
  ?[36mGiven ?[0m?[36mthe following order item entities exist in the system?[0m                     ?[90m# ca.mcgill.ecse.coolsupplies.features.OrderStepDefinitions.the_following_order_item_entities_exist_in_the_system(io.cucumber.datatable.DataTable)?[0m
  ?[36mWhen ?[0m?[36mthe parent attempts to get from the system the order with number ?[0m?[36m?[1m"5"?[0m       ?[90m# ca.mcgill.ecse.coolsupplies.features.OrderStepDefinitions.the_parent_attempts_to_get_from_the_system_the_order_with_number(java.lang.String)?[0m
  ?[36mThen ?[0m?[36mthe number of orders in the system shall be ?[0m?[36m?[1m"6"?[0m                            ?[90m# ca.mcgill.ecse.coolsupplies.features.OrderStepDefinitions.the_number_of_orders_in_the_system_shall_be(java.lang.String)?[0m
  ?[36mThen ?[0m?[36mthe following order entities shall be presented?[0m                            ?[90m# ca.mcgill.ecse.coolsupplies.features.OrderStepDefinitions.the_following_order_entities_shall_be_presented(io.cucumber.datatable.DataTable)?[0m
  ?[36mThen ?[0m?[36mthe following order items shall be presented for the order with number ?[0m?[36m?[1m"5"?[0m ?[90m# ca.mcgill.ecse.coolsupplies.features.OrderStepDefinitions.the_following_order_items_shall_be_presented_for_the_order_with_number(java.lang.String,io.cucumber.datatable.DataTable)?[0m

Scenario: Successfully get sixth order from the system                            ?[90m# src/test/resources/GetOrder.feature:110?[0m
  ?[33mGiven ?[0m?[33mthe following parent entities exist in the system?[0m                         ?[90m# ca.mcgill.ecse.coolsupplies.features.OrderStepDefinitions.the_following_parent_entities_exist_in_the_system(io.cucumber.datatable.DataTable)?[0m
      ?[33mio.cucumber.java.PendingException: TODO: implement me
	at ca.mcgill.ecse.coolsupplies.features.OrderStepDefinitions.the_following_parent_entities_exist_in_the_system(OrderStepDefinitions.java:18)
	at ✽.the following parent entities exist in the system(file:///Users/zhengxuanzhao/IdeaProjects/ecse223-group-project-p8/src/test/resources/GetOrder.feature:5)
?[0m
  ?[36mGiven ?[0m?[36mthe following grade entities exist in the system?[0m                          ?[90m# ca.mcgill.ecse.coolsupplies.features.OrderStepDefinitions.the_following_grade_entities_exist_in_the_system(io.cucumber.datatable.DataTable)?[0m
  ?[36mGiven ?[0m?[36mthe following student entities exist in the system?[0m                        ?[90m# ca.mcgill.ecse.coolsupplies.features.OrderStepDefinitions.the_following_student_entities_exist_in_the_system(io.cucumber.datatable.DataTable)?[0m
  ?[36mGiven ?[0m?[36mthe following student entities exist for a parent in the system?[0m           ?[90m# ca.mcgill.ecse.coolsupplies.features.OrderStepDefinitions.the_following_student_entities_exist_for_a_parent_in_the_system(io.cucumber.datatable.DataTable)?[0m
  ?[36mGiven ?[0m?[36mthe following item entities exist in the system?[0m                           ?[90m# ca.mcgill.ecse.coolsupplies.features.OrderStepDefinitions.the_following_item_entities_exist_in_the_system(io.cucumber.datatable.DataTable)?[0m
  ?[36mGiven ?[0m?[36mthe following grade bundle entities exist in the system?[0m                   ?[90m# ca.mcgill.ecse.coolsupplies.features.OrderStepDefinitions.the_following_grade_bundle_entities_exist_in_the_system(io.cucumber.datatable.DataTable)?[0m
  ?[36mGiven ?[0m?[36mthe following bundle item entities exist in the system?[0m                    ?[90m# ca.mcgill.ecse.coolsupplies.features.OrderStepDefinitions.the_following_bundle_item_entities_exist_in_the_system(io.cucumber.datatable.DataTable)?[0m
  ?[36mGiven ?[0m?[36mthe following order entities exist in the system?[0m                          ?[90m# ca.mcgill.ecse.coolsupplies.features.OrderStepDefinitions.the_following_order_entities_exist_in_the_system(io.cucumber.datatable.DataTable)?[0m
  ?[36mGiven ?[0m?[36mthe following order item entities exist in the system?[0m                     ?[90m# ca.mcgill.ecse.coolsupplies.features.OrderStepDefinitions.the_following_order_item_entities_exist_in_the_system(io.cucumber.datatable.DataTable)?[0m
  ?[36mWhen ?[0m?[36mthe parent attempts to get from the system the order with number ?[0m?[36m?[1m"6"?[0m       ?[90m# ca.mcgill.ecse.coolsupplies.features.OrderStepDefinitions.the_parent_attempts_to_get_from_the_system_the_order_with_number(java.lang.String)?[0m
  ?[36mThen ?[0m?[36mthe number of orders in the system shall be ?[0m?[36m?[1m"6"?[0m                            ?[90m# ca.mcgill.ecse.coolsupplies.features.OrderStepDefinitions.the_number_of_orders_in_the_system_shall_be(java.lang.String)?[0m
  ?[36mThen ?[0m?[36mthe following order entities shall be presented?[0m                            ?[90m# ca.mcgill.ecse.coolsupplies.features.OrderStepDefinitions.the_following_order_entities_shall_be_presented(io.cucumber.datatable.DataTable)?[0m
  ?[36mThen ?[0m?[36mthe following order items shall be presented for the order with number ?[0m?[36m?[1m"6"?[0m ?[90m# ca.mcgill.ecse.coolsupplies.features.OrderStepDefinitions.the_following_order_items_shall_be_presented_for_the_order_with_number(java.lang.String,io.cucumber.datatable.DataTable)?[0m

Scenario: Unsuccessfully get an order that does not exist in the system     ?[90m# src/test/resources/GetOrder.feature:122?[0m
  ?[33mGiven ?[0m?[33mthe following parent entities exist in the system?[0m                   ?[90m# ca.mcgill.ecse.coolsupplies.features.OrderStepDefinitions.the_following_parent_entities_exist_in_the_system(io.cucumber.datatable.DataTable)?[0m
      ?[33mio.cucumber.java.PendingException: TODO: implement me
	at ca.mcgill.ecse.coolsupplies.features.OrderStepDefinitions.the_following_parent_entities_exist_in_the_system(OrderStepDefinitions.java:18)
	at ✽.the following parent entities exist in the system(file:///Users/zhengxuanzhao/IdeaProjects/ecse223-group-project-p8/src/test/resources/GetOrder.feature:5)
?[0m
  ?[36mGiven ?[0m?[36mthe following grade entities exist in the system?[0m                    ?[90m# ca.mcgill.ecse.coolsupplies.features.OrderStepDefinitions.the_following_grade_entities_exist_in_the_system(io.cucumber.datatable.DataTable)?[0m
  ?[36mGiven ?[0m?[36mthe following student entities exist in the system?[0m                  ?[90m# ca.mcgill.ecse.coolsupplies.features.OrderStepDefinitions.the_following_student_entities_exist_in_the_system(io.cucumber.datatable.DataTable)?[0m
  ?[36mGiven ?[0m?[36mthe following student entities exist for a parent in the system?[0m     ?[90m# ca.mcgill.ecse.coolsupplies.features.OrderStepDefinitions.the_following_student_entities_exist_for_a_parent_in_the_system(io.cucumber.datatable.DataTable)?[0m
  ?[36mGiven ?[0m?[36mthe following item entities exist in the system?[0m                     ?[90m# ca.mcgill.ecse.coolsupplies.features.OrderStepDefinitions.the_following_item_entities_exist_in_the_system(io.cucumber.datatable.DataTable)?[0m
  ?[36mGiven ?[0m?[36mthe following grade bundle entities exist in the system?[0m             ?[90m# ca.mcgill.ecse.coolsupplies.features.OrderStepDefinitions.the_following_grade_bundle_entities_exist_in_the_system(io.cucumber.datatable.DataTable)?[0m
  ?[36mGiven ?[0m?[36mthe following bundle item entities exist in the system?[0m              ?[90m# ca.mcgill.ecse.coolsupplies.features.OrderStepDefinitions.the_following_bundle_item_entities_exist_in_the_system(io.cucumber.datatable.DataTable)?[0m
  ?[36mGiven ?[0m?[36mthe following order entities exist in the system?[0m                    ?[90m# ca.mcgill.ecse.coolsupplies.features.OrderStepDefinitions.the_following_order_entities_exist_in_the_system(io.cucumber.datatable.DataTable)?[0m
  ?[36mGiven ?[0m?[36mthe following order item entities exist in the system?[0m               ?[90m# ca.mcgill.ecse.coolsupplies.features.OrderStepDefinitions.the_following_order_item_entities_exist_in_the_system(io.cucumber.datatable.DataTable)?[0m
  ?[36mWhen ?[0m?[36mthe parent attempts to get from the system the order with number ?[0m?[36m?[1m"7"?[0m ?[90m# ca.mcgill.ecse.coolsupplies.features.OrderStepDefinitions.the_parent_attempts_to_get_from_the_system_the_order_with_number(java.lang.String)?[0m
  ?[36mThen ?[0m?[36mthe number of orders in the system shall be ?[0m?[36m?[1m"6"?[0m                      ?[90m# ca.mcgill.ecse.coolsupplies.features.OrderStepDefinitions.the_number_of_orders_in_the_system_shall_be(java.lang.String)?[0m
  ?[36mThen ?[0m?[36mno order entities shall be presented?[0m                                 ?[90m# ca.mcgill.ecse.coolsupplies.features.OrderStepDefinitions.no_order_entities_shall_be_presented()?[0m

Scenario: Successfully get all orders from the system                             ?[90m# src/test/resources/GetOrder.feature:127?[0m
  ?[33mGiven ?[0m?[33mthe following parent entities exist in the system?[0m                         ?[90m# ca.mcgill.ecse.coolsupplies.features.OrderStepDefinitions.the_following_parent_entities_exist_in_the_system(io.cucumber.datatable.DataTable)?[0m
      ?[33mio.cucumber.java.PendingException: TODO: implement me
	at ca.mcgill.ecse.coolsupplies.features.OrderStepDefinitions.the_following_parent_entities_exist_in_the_system(OrderStepDefinitions.java:18)
	at ✽.the following parent entities exist in the system(file:///Users/zhengxuanzhao/IdeaProjects/ecse223-group-project-p8/src/test/resources/GetOrder.feature:5)
?[0m
  ?[36mGiven ?[0m?[36mthe following grade entities exist in the system?[0m                          ?[90m# ca.mcgill.ecse.coolsupplies.features.OrderStepDefinitions.the_following_grade_entities_exist_in_the_system(io.cucumber.datatable.DataTable)?[0m
  ?[36mGiven ?[0m?[36mthe following student entities exist in the system?[0m                        ?[90m# ca.mcgill.ecse.coolsupplies.features.OrderStepDefinitions.the_following_student_entities_exist_in_the_system(io.cucumber.datatable.DataTable)?[0m
  ?[36mGiven ?[0m?[36mthe following student entities exist for a parent in the system?[0m           ?[90m# ca.mcgill.ecse.coolsupplies.features.OrderStepDefinitions.the_following_student_entities_exist_for_a_parent_in_the_system(io.cucumber.datatable.DataTable)?[0m
  ?[36mGiven ?[0m?[36mthe following item entities exist in the system?[0m                           ?[90m# ca.mcgill.ecse.coolsupplies.features.OrderStepDefinitions.the_following_item_entities_exist_in_the_system(io.cucumber.datatable.DataTable)?[0m
  ?[36mGiven ?[0m?[36mthe following grade bundle entities exist in the system?[0m                   ?[90m# ca.mcgill.ecse.coolsupplies.features.OrderStepDefinitions.the_following_grade_bundle_entities_exist_in_the_system(io.cucumber.datatable.DataTable)?[0m
  ?[36mGiven ?[0m?[36mthe following bundle item entities exist in the system?[0m                    ?[90m# ca.mcgill.ecse.coolsupplies.features.OrderStepDefinitions.the_following_bundle_item_entities_exist_in_the_system(io.cucumber.datatable.DataTable)?[0m
  ?[36mGiven ?[0m?[36mthe following order entities exist in the system?[0m                          ?[90m# ca.mcgill.ecse.coolsupplies.features.OrderStepDefinitions.the_following_order_entities_exist_in_the_system(io.cucumber.datatable.DataTable)?[0m
  ?[36mGiven ?[0m?[36mthe following order item entities exist in the system?[0m                     ?[90m# ca.mcgill.ecse.coolsupplies.features.OrderStepDefinitions.the_following_order_item_entities_exist_in_the_system(io.cucumber.datatable.DataTable)?[0m
  ?[36mWhen ?[0m?[36mthe school admin attempts to get from the system all orders?[0m                ?[90m# ca.mcgill.ecse.coolsupplies.features.OrderStepDefinitions.the_school_admin_attempts_to_get_from_the_system_all_orders()?[0m
  ?[36mThen ?[0m?[36mthe number of orders in the system shall be ?[0m?[36m?[1m"6"?[0m                            ?[90m# ca.mcgill.ecse.coolsupplies.features.OrderStepDefinitions.the_number_of_orders_in_the_system_shall_be(java.lang.String)?[0m
  ?[36mThen ?[0m?[36mthe following order entities shall be presented?[0m                            ?[90m# ca.mcgill.ecse.coolsupplies.features.OrderStepDefinitions.the_following_order_entities_shall_be_presented(io.cucumber.datatable.DataTable)?[0m
  ?[36mThen ?[0m?[36mthe following order items shall be presented for the order with number ?[0m?[36m?[1m"1"?[0m ?[90m# ca.mcgill.ecse.coolsupplies.features.OrderStepDefinitions.the_following_order_items_shall_be_presented_for_the_order_with_number(java.lang.String,io.cucumber.datatable.DataTable)?[0m
  ?[36mThen ?[0m?[36mthe following order items shall be presented for the order with number ?[0m?[36m?[1m"2"?[0m ?[90m# ca.mcgill.ecse.coolsupplies.features.OrderStepDefinitions.the_following_order_items_shall_be_presented_for_the_order_with_number(java.lang.String,io.cucumber.datatable.DataTable)?[0m
  ?[36mThen ?[0m?[36mthe following order items shall be presented for the order with number ?[0m?[36m?[1m"3"?[0m ?[90m# ca.mcgill.ecse.coolsupplies.features.OrderStepDefinitions.the_following_order_items_shall_be_presented_for_the_order_with_number(java.lang.String,io.cucumber.datatable.DataTable)?[0m
  ?[36mThen ?[0m?[36mthe following order items shall be presented for the order with number ?[0m?[36m?[1m"4"?[0m ?[90m# ca.mcgill.ecse.coolsupplies.features.OrderStepDefinitions.the_following_order_items_shall_be_presented_for_the_order_with_number(java.lang.String,io.cucumber.datatable.DataTable)?[0m
  ?[36mThen ?[0m?[36mthe following order items shall be presented for the order with number ?[0m?[36m?[1m"5"?[0m ?[90m# ca.mcgill.ecse.coolsupplies.features.OrderStepDefinitions.the_following_order_items_shall_be_presented_for_the_order_with_number(java.lang.String,io.cucumber.datatable.DataTable)?[0m
  ?[36mThen ?[0m?[36mthe following order items shall be presented for the order with number ?[0m?[36m?[1m"6"?[0m ?[90m# ca.mcgill.ecse.coolsupplies.features.OrderStepDefinitions.the_following_order_items_shall_be_presented_for_the_order_with_number(java.lang.String,io.cucumber.datatable.DataTable)?[0m

Scenario: Successfully get a parent from the system                                                ?[90m# src/test/resources/GetParent.feature:10?[0m
  ?[32mGiven ?[0m?[32mthe following parent entities exists in the system (p8)?[0m                                    ?[90m# ca.mcgill.ecse.coolsupplies.features.DeleteParentStepDefinitions.the_following_parent_entities_exists_in_the_system_p8(io.cucumber.datatable.DataTable)?[0m
  ?[32mWhen ?[0m?[32mthe school admin attempts to get from the system the parent with email ?[0m?[32m?[1m"mom@gmail.com"?[0m?[32m (p8)?[0m ?[90m# ca.mcgill.ecse.coolsupplies.features.GetParentStepDefinitions.the_school_admin_attempts_to_get_from_the_system_the_parent_with_email_p8(java.lang.String)?[0m
  ?[32mThen ?[0m?[32mthe number of parent entities in the system shall be ?[0m?[32m?[1m"2"?[0m?[32m (p8)?[0m                               ?[90m# ca.mcgill.ecse.coolsupplies.features.DeleteParentStepDefinitions.the_number_of_parent_entities_in_the_system_shall_be_p8(java.lang.String)?[0m
  ?[32mThen ?[0m?[32mthe following parent entities shall be presented (p8)?[0m                                       ?[90m# ca.mcgill.ecse.coolsupplies.features.GetParentStepDefinitions.the_following_parent_entities_shall_be_presented_p8(io.cucumber.datatable.DataTable)?[0m

Scenario Outline: Unsuccessfully get a parent that does not exist in the system                      ?[90m# src/test/resources/GetParent.feature:24?[0m
  ?[32mGiven ?[0m?[32mthe following parent entities exists in the system (p8)?[0m                                      ?[90m# ca.mcgill.ecse.coolsupplies.features.DeleteParentStepDefinitions.the_following_parent_entities_exists_in_the_system_p8(io.cucumber.datatable.DataTable)?[0m
  ?[32mWhen ?[0m?[32mthe school admin attempts to get from the system the parent with email ?[0m?[32m?[1m"uncle@gmail.com"?[0m?[32m (p8)?[0m ?[90m# ca.mcgill.ecse.coolsupplies.features.GetParentStepDefinitions.the_school_admin_attempts_to_get_from_the_system_the_parent_with_email_p8(java.lang.String)?[0m
  ?[32mThen ?[0m?[32mthe number of parent entities in the system shall be ?[0m?[32m?[1m"2"?[0m?[32m (p8)?[0m                                 ?[90m# ca.mcgill.ecse.coolsupplies.features.DeleteParentStepDefinitions.the_number_of_parent_entities_in_the_system_shall_be_p8(java.lang.String)?[0m
  ?[32mThen ?[0m?[32mno parent entities shall be presented (p8)?[0m                                                    ?[90m# ca.mcgill.ecse.coolsupplies.features.GetParentStepDefinitions.no_parent_entities_shall_be_presented_p8()?[0m

Scenario Outline: Unsuccessfully get a parent that does not exist in the system                     ?[90m# src/test/resources/GetParent.feature:25?[0m
  ?[32mGiven ?[0m?[32mthe following parent entities exists in the system (p8)?[0m                                     ?[90m# ca.mcgill.ecse.coolsupplies.features.DeleteParentStepDefinitions.the_following_parent_entities_exists_in_the_system_p8(io.cucumber.datatable.DataTable)?[0m
  ?[32mWhen ?[0m?[32mthe school admin attempts to get from the system the parent with email ?[0m?[32m?[1m"aunt@gmail.com"?[0m?[32m (p8)?[0m ?[90m# ca.mcgill.ecse.coolsupplies.features.GetParentStepDefinitions.the_school_admin_attempts_to_get_from_the_system_the_parent_with_email_p8(java.lang.String)?[0m
  ?[32mThen ?[0m?[32mthe number of parent entities in the system shall be ?[0m?[32m?[1m"2"?[0m?[32m (p8)?[0m                                ?[90m# ca.mcgill.ecse.coolsupplies.features.DeleteParentStepDefinitions.the_number_of_parent_entities_in_the_system_shall_be_p8(java.lang.String)?[0m
  ?[32mThen ?[0m?[32mno parent entities shall be presented (p8)?[0m                                                   ?[90m# ca.mcgill.ecse.coolsupplies.features.GetParentStepDefinitions.no_parent_entities_shall_be_presented_p8()?[0m

Scenario: Successfully get all parents from the system                       ?[90m# src/test/resources/GetParent.feature:27?[0m
  ?[32mGiven ?[0m?[32mthe following parent entities exists in the system (p8)?[0m              ?[90m# ca.mcgill.ecse.coolsupplies.features.DeleteParentStepDefinitions.the_following_parent_entities_exists_in_the_system_p8(io.cucumber.datatable.DataTable)?[0m
  ?[32mWhen ?[0m?[32mthe school admin attempts to get from the system all the parents (p8)?[0m ?[90m# ca.mcgill.ecse.coolsupplies.features.GetParentStepDefinitions.the_school_admin_attempts_to_get_from_the_system_all_the_parents_p8()?[0m
  ?[32mThen ?[0m?[32mthe number of parent entities in the system shall be ?[0m?[32m?[1m"2"?[0m?[32m (p8)?[0m         ?[90m# ca.mcgill.ecse.coolsupplies.features.DeleteParentStepDefinitions.the_number_of_parent_entities_in_the_system_shall_be_p8(java.lang.String)?[0m
  ?[32mThen ?[0m?[32mthe following parent entities shall be presented (p8)?[0m                 ?[90m# ca.mcgill.ecse.coolsupplies.features.GetParentStepDefinitions.the_following_parent_entities_shall_be_presented_p8(io.cucumber.datatable.DataTable)?[0m

Scenario: Successfully get a student from the system                                       ?[90m# src/test/resources/GetStudent.feature:13?[0m
  ?[32mGiven ?[0m?[32mthe following grade entities exists in the system (p5)?[0m                             ?[90m# ca.mcgill.ecse.coolsupplies.features.DeleteStudentStepDefinitions.the_following_grade_entities_exists_in_the_system_p5(io.cucumber.datatable.DataTable)?[0m
  ?[32mGiven ?[0m?[32mthe following student entities exists in the system (p5)?[0m                           ?[90m# ca.mcgill.ecse.coolsupplies.features.DeleteStudentStepDefinitions.the_following_student_entities_exists_in_the_system_p5(io.cucumber.datatable.DataTable)?[0m
  ?[32mWhen ?[0m?[32mthe school admin attempts to get from the system the student with name ?[0m?[32m?[1m"Aaron"?[0m?[32m (p5)?[0m ?[90m# ca.mcgill.ecse.coolsupplies.features.GetStudentStepDefinitions.the_school_admin_attempts_to_get_from_the_system_the_student_with_name_p5(java.lang.String)?[0m
  ?[32mThen ?[0m?[32mthe number of student entities in the system shall be ?[0m?[32m?[1m"2"?[0m?[32m (p5)?[0m                      ?[90m# ca.mcgill.ecse.coolsupplies.features.DeleteStudentStepDefinitions.the_number_of_student_entities_in_the_system_shall_be_p5(java.lang.String)?[0m
  ?[32mThen ?[0m?[32mthe following student entities shall be presented (p5)?[0m                              ?[90m# ca.mcgill.ecse.coolsupplies.features.GetStudentStepDefinitions.the_following_student_entities_shall_be_presented_p5(io.cucumber.datatable.DataTable)?[0m

Scenario Outline: Unsuccessfully get a student that does not exist in the system         ?[90m# src/test/resources/GetStudent.feature:27?[0m
  ?[32mGiven ?[0m?[32mthe following grade entities exists in the system (p5)?[0m                           ?[90m# ca.mcgill.ecse.coolsupplies.features.DeleteStudentStepDefinitions.the_following_grade_entities_exists_in_the_system_p5(io.cucumber.datatable.DataTable)?[0m
  ?[32mGiven ?[0m?[32mthe following student entities exists in the system (p5)?[0m                         ?[90m# ca.mcgill.ecse.coolsupplies.features.DeleteStudentStepDefinitions.the_following_student_entities_exists_in_the_system_p5(io.cucumber.datatable.DataTable)?[0m
  ?[32mWhen ?[0m?[32mthe school admin attempts to get from the system the student with name ?[0m?[32m?[1m"Cat"?[0m?[32m (p5)?[0m ?[90m# ca.mcgill.ecse.coolsupplies.features.GetStudentStepDefinitions.the_school_admin_attempts_to_get_from_the_system_the_student_with_name_p5(java.lang.String)?[0m
  ?[32mThen ?[0m?[32mthe number of student entities in the system shall be ?[0m?[32m?[1m"2"?[0m?[32m (p5)?[0m                    ?[90m# ca.mcgill.ecse.coolsupplies.features.DeleteStudentStepDefinitions.the_number_of_student_entities_in_the_system_shall_be_p5(java.lang.String)?[0m
  ?[32mThen ?[0m?[32mno student entities shall be presented (p5)?[0m                                       ?[90m# ca.mcgill.ecse.coolsupplies.features.GetStudentStepDefinitions.no_student_entities_shall_be_presented_p5()?[0m

Scenario Outline: Unsuccessfully get a student that does not exist in the system           ?[90m# src/test/resources/GetStudent.feature:28?[0m
  ?[32mGiven ?[0m?[32mthe following grade entities exists in the system (p5)?[0m                             ?[90m# ca.mcgill.ecse.coolsupplies.features.DeleteStudentStepDefinitions.the_following_grade_entities_exists_in_the_system_p5(io.cucumber.datatable.DataTable)?[0m
  ?[32mGiven ?[0m?[32mthe following student entities exists in the system (p5)?[0m                           ?[90m# ca.mcgill.ecse.coolsupplies.features.DeleteStudentStepDefinitions.the_following_student_entities_exists_in_the_system_p5(io.cucumber.datatable.DataTable)?[0m
  ?[32mWhen ?[0m?[32mthe school admin attempts to get from the system the student with name ?[0m?[32m?[1m"aaron"?[0m?[32m (p5)?[0m ?[90m# ca.mcgill.ecse.coolsupplies.features.GetStudentStepDefinitions.the_school_admin_attempts_to_get_from_the_system_the_student_with_name_p5(java.lang.String)?[0m
  ?[32mThen ?[0m?[32mthe number of student entities in the system shall be ?[0m?[32m?[1m"2"?[0m?[32m (p5)?[0m                      ?[90m# ca.mcgill.ecse.coolsupplies.features.DeleteStudentStepDefinitions.the_number_of_student_entities_in_the_system_shall_be_p5(java.lang.String)?[0m
  ?[32mThen ?[0m?[32mno student entities shall be presented (p5)?[0m                                         ?[90m# ca.mcgill.ecse.coolsupplies.features.GetStudentStepDefinitions.no_student_entities_shall_be_presented_p5()?[0m

Scenario: Successfully get all students from the system                       ?[90m# src/test/resources/GetStudent.feature:30?[0m
  ?[32mGiven ?[0m?[32mthe following grade entities exists in the system (p5)?[0m                ?[90m# ca.mcgill.ecse.coolsupplies.features.DeleteStudentStepDefinitions.the_following_grade_entities_exists_in_the_system_p5(io.cucumber.datatable.DataTable)?[0m
  ?[32mGiven ?[0m?[32mthe following student entities exists in the system (p5)?[0m              ?[90m# ca.mcgill.ecse.coolsupplies.features.DeleteStudentStepDefinitions.the_following_student_entities_exists_in_the_system_p5(io.cucumber.datatable.DataTable)?[0m
  ?[32mWhen ?[0m?[32mthe school admin attempts to get from the system all the students (p5)?[0m ?[90m# ca.mcgill.ecse.coolsupplies.features.GetStudentStepDefinitions.the_school_admin_attempts_to_get_from_the_system_all_the_students_p5()?[0m
  ?[32mThen ?[0m?[32mthe number of student entities in the system shall be ?[0m?[32m?[1m"2"?[0m?[32m (p5)?[0m         ?[90m# ca.mcgill.ecse.coolsupplies.features.DeleteStudentStepDefinitions.the_number_of_student_entities_in_the_system_shall_be_p5(java.lang.String)?[0m
  ?[32mThen ?[0m?[32mthe following student entities shall be presented (p5)?[0m                 ?[90m# ca.mcgill.ecse.coolsupplies.features.GetStudentStepDefinitions.the_following_student_entities_shall_be_presented_p5(io.cucumber.datatable.DataTable)?[0m

Scenario: Successfully get a student from the students of a parent in the system                            ?[90m# src/test/resources/GetStudentFromStudentsOfParent.feature:21?[0m
  ?[32mGiven ?[0m?[32mthe following parent entities exists in the system (p3)?[0m                                             ?[90m# ca.mcgill.ecse.coolsupplies.features.GetStudentFromStudentsOfParentStepDefinition.the_following_parent_entities_exists_in_the_system_p3(io.cucumber.datatable.DataTable)?[0m
  ?[32mGiven ?[0m?[32mthe following grade entities exists in the system (p3)?[0m                                              ?[90m# ca.mcgill.ecse.coolsupplies.features.GetStudentFromStudentsOfParentStepDefinition.the_following_grade_entities_exists_in_the_system_p3(io.cucumber.datatable.DataTable)?[0m
  ?[32mGiven ?[0m?[32mthe following student entities exists in the system (p3)?[0m                                            ?[90m# ca.mcgill.ecse.coolsupplies.features.GetStudentFromStudentsOfParentStepDefinition.the_following_student_entities_exists_in_the_system_p3(io.cucumber.datatable.DataTable)?[0m
  ?[32mGiven ?[0m?[32mthe following student entities exist for a parent in the system (p3)?[0m                                ?[90m# ca.mcgill.ecse.coolsupplies.features.GetStudentFromStudentsOfParentStepDefinition.the_following_student_entities_exist_for_a_parent_in_the_system_p3(io.cucumber.datatable.DataTable)?[0m
  ?[32mWhen ?[0m?[32mthe parent attempts to get a student with name ?[0m?[32m?[1m"Aaron"?[0m?[32m from a parent with email ?[0m?[32m?[1m"mom@gmail.com"?[0m?[32m (p3)?[0m ?[90m# ca.mcgill.ecse.coolsupplies.features.GetStudentFromStudentsOfParentStepDefinition.the_parent_attempts_to_get_a_student_with_name_from_a_parent_with_email_p3(java.lang.String,java.lang.String)?[0m
  ?[32mThen ?[0m?[32mthe number of student entities in the system shall be ?[0m?[32m?[1m"3"?[0m?[32m (p3)?[0m                                       ?[90m# ca.mcgill.ecse.coolsupplies.features.GetStudentFromStudentsOfParentStepDefinition.the_number_of_student_entities_in_the_system_shall_be_p3(java.lang.String)?[0m
  ?[32mThen ?[0m?[32mthe number of student entities for parent ?[0m?[32m?[1m"mom@gmail.com"?[0m?[32m in the system shall be ?[0m?[32m?[1m"2"?[0m?[32m (p3)?[0m            ?[90m# ca.mcgill.ecse.coolsupplies.features.GetStudentFromStudentsOfParentStepDefinition.the_number_of_student_entities_for_parent_in_the_system_shall_be_p3(java.lang.String,java.lang.String)?[0m
  ?[32mThen ?[0m?[32mthe following student entities shall be presented (p3)?[0m                                               ?[90m# ca.mcgill.ecse.coolsupplies.features.GetStudentFromStudentsOfParentStepDefinition.the_following_student_entities_shall_be_presented_p3(io.cucumber.datatable.DataTable)?[0m

Scenario: Successfully get all students of a parent in the system                                ?[90m# src/test/resources/GetStudentFromStudentsOfParent.feature:29?[0m
  ?[32mGiven ?[0m?[32mthe following parent entities exists in the system (p3)?[0m                                  ?[90m# ca.mcgill.ecse.coolsupplies.features.GetStudentFromStudentsOfParentStepDefinition.the_following_parent_entities_exists_in_the_system_p3(io.cucumber.datatable.DataTable)?[0m
  ?[32mGiven ?[0m?[32mthe following grade entities exists in the system (p3)?[0m                                   ?[90m# ca.mcgill.ecse.coolsupplies.features.GetStudentFromStudentsOfParentStepDefinition.the_following_grade_entities_exists_in_the_system_p3(io.cucumber.datatable.DataTable)?[0m
  ?[32mGiven ?[0m?[32mthe following student entities exists in the system (p3)?[0m                                 ?[90m# ca.mcgill.ecse.coolsupplies.features.GetStudentFromStudentsOfParentStepDefinition.the_following_student_entities_exists_in_the_system_p3(io.cucumber.datatable.DataTable)?[0m
  ?[32mGiven ?[0m?[32mthe following student entities exist for a parent in the system (p3)?[0m                     ?[90m# ca.mcgill.ecse.coolsupplies.features.GetStudentFromStudentsOfParentStepDefinition.the_following_student_entities_exist_for_a_parent_in_the_system_p3(io.cucumber.datatable.DataTable)?[0m
  ?[32mWhen ?[0m?[32mthe parent attempts to get all students from a parent with email ?[0m?[32m?[1m"mom@gmail.com"?[0m?[32m (p3)?[0m     ?[90m# ca.mcgill.ecse.coolsupplies.features.GetStudentFromStudentsOfParentStepDefinition.the_parent_attempts_to_get_all_students_from_a_parent_with_email_p3(java.lang.String)?[0m
  ?[32mThen ?[0m?[32mthe number of student entities in the system shall be ?[0m?[32m?[1m"3"?[0m?[32m (p3)?[0m                            ?[90m# ca.mcgill.ecse.coolsupplies.features.GetStudentFromStudentsOfParentStepDefinition.the_number_of_student_entities_in_the_system_shall_be_p3(java.lang.String)?[0m
  ?[32mThen ?[0m?[32mthe number of student entities for parent ?[0m?[32m?[1m"mom@gmail.com"?[0m?[32m in the system shall be ?[0m?[32m?[1m"2"?[0m?[32m (p3)?[0m ?[90m# ca.mcgill.ecse.coolsupplies.features.GetStudentFromStudentsOfParentStepDefinition.the_number_of_student_entities_for_parent_in_the_system_shall_be_p3(java.lang.String,java.lang.String)?[0m
  ?[32mThen ?[0m?[32mthe following student entities shall be presented (p3)?[0m                                    ?[90m# ca.mcgill.ecse.coolsupplies.features.GetStudentFromStudentsOfParentStepDefinition.the_following_student_entities_shall_be_presented_p3(io.cucumber.datatable.DataTable)?[0m

Scenario: Unsuccessfully get a student from the students of a parent that does not exist in the system        ?[90m# src/test/resources/GetStudentFromStudentsOfParent.feature:38?[0m
  ?[32mGiven ?[0m?[32mthe following parent entities exists in the system (p3)?[0m                                               ?[90m# ca.mcgill.ecse.coolsupplies.features.GetStudentFromStudentsOfParentStepDefinition.the_following_parent_entities_exists_in_the_system_p3(io.cucumber.datatable.DataTable)?[0m
  ?[32mGiven ?[0m?[32mthe following grade entities exists in the system (p3)?[0m                                                ?[90m# ca.mcgill.ecse.coolsupplies.features.GetStudentFromStudentsOfParentStepDefinition.the_following_grade_entities_exists_in_the_system_p3(io.cucumber.datatable.DataTable)?[0m
  ?[32mGiven ?[0m?[32mthe following student entities exists in the system (p3)?[0m                                              ?[90m# ca.mcgill.ecse.coolsupplies.features.GetStudentFromStudentsOfParentStepDefinition.the_following_student_entities_exists_in_the_system_p3(io.cucumber.datatable.DataTable)?[0m
  ?[32mGiven ?[0m?[32mthe following student entities exist for a parent in the system (p3)?[0m                                  ?[90m# ca.mcgill.ecse.coolsupplies.features.GetStudentFromStudentsOfParentStepDefinition.the_following_student_entities_exist_for_a_parent_in_the_system_p3(io.cucumber.datatable.DataTable)?[0m
  ?[32mWhen ?[0m?[32mthe parent attempts to get a student with name ?[0m?[32m?[1m"Aaron"?[0m?[32m from a parent with email ?[0m?[32m?[1m"uncle@gmail.com"?[0m?[32m (p3)?[0m ?[90m# ca.mcgill.ecse.coolsupplies.features.GetStudentFromStudentsOfParentStepDefinition.the_parent_attempts_to_get_a_student_with_name_from_a_parent_with_email_p3(java.lang.String,java.lang.String)?[0m
  ?[32mThen ?[0m?[32mthe number of student entities in the system shall be ?[0m?[32m?[1m"3"?[0m?[32m (p3)?[0m                                         ?[90m# ca.mcgill.ecse.coolsupplies.features.GetStudentFromStudentsOfParentStepDefinition.the_number_of_student_entities_in_the_system_shall_be_p3(java.lang.String)?[0m
  ?[32mThen ?[0m?[32mno student entities shall be presented (p3)?[0m                                                            ?[90m# ca.mcgill.ecse.coolsupplies.features.GetStudentFromStudentsOfParentStepDefinition.no_student_entities_shall_be_presented_p3()?[0m

Scenario: Unsuccessfully get all students of a parent that does not exist in the system        ?[90m# src/test/resources/GetStudentFromStudentsOfParent.feature:43?[0m
  ?[32mGiven ?[0m?[32mthe following parent entities exists in the system (p3)?[0m                                ?[90m# ca.mcgill.ecse.coolsupplies.features.GetStudentFromStudentsOfParentStepDefinition.the_following_parent_entities_exists_in_the_system_p3(io.cucumber.datatable.DataTable)?[0m
  ?[32mGiven ?[0m?[32mthe following grade entities exists in the system (p3)?[0m                                 ?[90m# ca.mcgill.ecse.coolsupplies.features.GetStudentFromStudentsOfParentStepDefinition.the_following_grade_entities_exists_in_the_system_p3(io.cucumber.datatable.DataTable)?[0m
  ?[32mGiven ?[0m?[32mthe following student entities exists in the system (p3)?[0m                               ?[90m# ca.mcgill.ecse.coolsupplies.features.GetStudentFromStudentsOfParentStepDefinition.the_following_student_entities_exists_in_the_system_p3(io.cucumber.datatable.DataTable)?[0m
  ?[32mGiven ?[0m?[32mthe following student entities exist for a parent in the system (p3)?[0m                   ?[90m# ca.mcgill.ecse.coolsupplies.features.GetStudentFromStudentsOfParentStepDefinition.the_following_student_entities_exist_for_a_parent_in_the_system_p3(io.cucumber.datatable.DataTable)?[0m
  ?[32mWhen ?[0m?[32mthe parent attempts to get all students from a parent with email ?[0m?[32m?[1m"uncle@gmail.com"?[0m?[32m (p3)?[0m ?[90m# ca.mcgill.ecse.coolsupplies.features.GetStudentFromStudentsOfParentStepDefinition.the_parent_attempts_to_get_all_students_from_a_parent_with_email_p3(java.lang.String)?[0m
  ?[32mThen ?[0m?[32mthe number of student entities in the system shall be ?[0m?[32m?[1m"3"?[0m?[32m (p3)?[0m                          ?[90m# ca.mcgill.ecse.coolsupplies.features.GetStudentFromStudentsOfParentStepDefinition.the_number_of_student_entities_in_the_system_shall_be_p3(java.lang.String)?[0m
  ?[32mThen ?[0m?[32mno student entities shall be presented (p3)?[0m                                             ?[90m# ca.mcgill.ecse.coolsupplies.features.GetStudentFromStudentsOfParentStepDefinition.no_student_entities_shall_be_presented_p3()?[0m

Scenario: Unsuccessfully get a student that does not exist in the students of a parent in the system       ?[90m# src/test/resources/GetStudentFromStudentsOfParent.feature:48?[0m
  ?[32mGiven ?[0m?[32mthe following parent entities exists in the system (p3)?[0m                                            ?[90m# ca.mcgill.ecse.coolsupplies.features.GetStudentFromStudentsOfParentStepDefinition.the_following_parent_entities_exists_in_the_system_p3(io.cucumber.datatable.DataTable)?[0m
  ?[32mGiven ?[0m?[32mthe following grade entities exists in the system (p3)?[0m                                             ?[90m# ca.mcgill.ecse.coolsupplies.features.GetStudentFromStudentsOfParentStepDefinition.the_following_grade_entities_exists_in_the_system_p3(io.cucumber.datatable.DataTable)?[0m
  ?[32mGiven ?[0m?[32mthe following student entities exists in the system (p3)?[0m                                           ?[90m# ca.mcgill.ecse.coolsupplies.features.GetStudentFromStudentsOfParentStepDefinition.the_following_student_entities_exists_in_the_system_p3(io.cucumber.datatable.DataTable)?[0m
  ?[32mGiven ?[0m?[32mthe following student entities exist for a parent in the system (p3)?[0m                               ?[90m# ca.mcgill.ecse.coolsupplies.features.GetStudentFromStudentsOfParentStepDefinition.the_following_student_entities_exist_for_a_parent_in_the_system_p3(io.cucumber.datatable.DataTable)?[0m
  ?[32mWhen ?[0m?[32mthe parent attempts to get a student with name ?[0m?[32m?[1m"Carl"?[0m?[32m from a parent with email ?[0m?[32m?[1m"mom@gmail.com"?[0m?[32m (p3)?[0m ?[90m# ca.mcgill.ecse.coolsupplies.features.GetStudentFromStudentsOfParentStepDefinition.the_parent_attempts_to_get_a_student_with_name_from_a_parent_with_email_p3(java.lang.String,java.lang.String)?[0m
  ?[32mThen ?[0m?[32mthe number of student entities in the system shall be ?[0m?[32m?[1m"3"?[0m?[32m (p3)?[0m                                      ?[90m# ca.mcgill.ecse.coolsupplies.features.GetStudentFromStudentsOfParentStepDefinition.the_number_of_student_entities_in_the_system_shall_be_p3(java.lang.String)?[0m
  ?[32mThen ?[0m?[32mthe number of student entities for parent ?[0m?[32m?[1m"mom@gmail.com"?[0m?[32m in the system shall be ?[0m?[32m?[1m"2"?[0m?[32m (p3)?[0m           ?[90m# ca.mcgill.ecse.coolsupplies.features.GetStudentFromStudentsOfParentStepDefinition.the_number_of_student_entities_for_parent_in_the_system_shall_be_p3(java.lang.String,java.lang.String)?[0m
  ?[32mThen ?[0m?[32mno student entities shall be presented (p3)?[0m                                                         ?[90m# ca.mcgill.ecse.coolsupplies.features.GetStudentFromStudentsOfParentStepDefinition.no_student_entities_shall_be_presented_p3()?[0m

Scenario Outline: Successfully update an order                                                                              ?[90m# src/test/resources/ProcessOrder.feature:58?[0m
  ?[33mGiven ?[0m?[33mthe following parent entities exist in the system?[0m                                                                   ?[90m# ca.mcgill.ecse.coolsupplies.features.OrderStepDefinitions.the_following_parent_entities_exist_in_the_system(io.cucumber.datatable.DataTable)?[0m
      ?[33mio.cucumber.java.PendingException: TODO: implement me
	at ca.mcgill.ecse.coolsupplies.features.OrderStepDefinitions.the_following_parent_entities_exist_in_the_system(OrderStepDefinitions.java:18)
	at ✽.the following parent entities exist in the system(file:///Users/zhengxuanzhao/IdeaProjects/ecse223-group-project-p8/src/test/resources/ProcessOrder.feature:5)
?[0m
  ?[36mGiven ?[0m?[36mthe following grade entities exist in the system?[0m                                                                    ?[90m# ca.mcgill.ecse.coolsupplies.features.OrderStepDefinitions.the_following_grade_entities_exist_in_the_system(io.cucumber.datatable.DataTable)?[0m
  ?[36mGiven ?[0m?[36mthe following student entities exist in the system?[0m                                                                  ?[90m# ca.mcgill.ecse.coolsupplies.features.OrderStepDefinitions.the_following_student_entities_exist_in_the_system(io.cucumber.datatable.DataTable)?[0m
  ?[36mGiven ?[0m?[36mthe following student entities exist for a parent in the system?[0m                                                     ?[90m# ca.mcgill.ecse.coolsupplies.features.OrderStepDefinitions.the_following_student_entities_exist_for_a_parent_in_the_system(io.cucumber.datatable.DataTable)?[0m
  ?[36mGiven ?[0m?[36mthe following item entities exist in the system?[0m                                                                     ?[90m# ca.mcgill.ecse.coolsupplies.features.OrderStepDefinitions.the_following_item_entities_exist_in_the_system(io.cucumber.datatable.DataTable)?[0m
  ?[36mGiven ?[0m?[36mthe following grade bundle entities exist in the system?[0m                                                             ?[90m# ca.mcgill.ecse.coolsupplies.features.OrderStepDefinitions.the_following_grade_bundle_entities_exist_in_the_system(io.cucumber.datatable.DataTable)?[0m
  ?[36mGiven ?[0m?[36mthe following bundle item entities exist in the system?[0m                                                              ?[90m# ca.mcgill.ecse.coolsupplies.features.OrderStepDefinitions.the_following_bundle_item_entities_exist_in_the_system(io.cucumber.datatable.DataTable)?[0m
  ?[36mGiven ?[0m?[36mthe following order entities exist in the system?[0m                                                                    ?[90m# ca.mcgill.ecse.coolsupplies.features.OrderStepDefinitions.the_following_order_entities_exist_in_the_system(io.cucumber.datatable.DataTable)?[0m
  ?[36mGiven ?[0m?[36mthe following order item entities exist in the system?[0m                                                               ?[90m# ca.mcgill.ecse.coolsupplies.features.OrderStepDefinitions.the_following_order_item_entities_exist_in_the_system(io.cucumber.datatable.DataTable)?[0m
  ?[36mGiven ?[0m?[36mthe order ?[0m?[36m?[1m"1"?[0m?[36m is marked as ?[0m?[36m?[1m"Started"?[0m                                                                                ?[90m# ca.mcgill.ecse.coolsupplies.features.OrderStepDefinitions.the_order_is_marked_as(java.lang.String,java.lang.String)?[0m
  ?[36mWhen ?[0m?[36mthe parent attempts to update an order with number ?[0m?[36m?[1m"1"?[0m?[36m to purchase level ?[0m?[36m?[1m"Recommended"?[0m?[36m and student with name ?[0m?[36m?[1m"Aaron"?[0m ?[90m# ca.mcgill.ecse.coolsupplies.features.OrderStepDefinitions.the_parent_attempts_to_update_an_order_with_number_to_purchase_level_and_student_with_name(java.lang.String,java.lang.String,java.lang.String)?[0m
  ?[36mThen ?[0m?[36mthe order ?[0m?[36m?[1m"1"?[0m?[36m shall be marked as ?[0m?[36m?[1m"Started"?[0m                                                                           ?[90m# ca.mcgill.ecse.coolsupplies.features.OrderStepDefinitions.the_order_shall_be_marked_as(java.lang.String,java.lang.String)?[0m
  ?[36mThen ?[0m?[36mthe number of orders in the system shall be ?[0m?[36m?[1m"4"?[0m                                                                      ?[90m# ca.mcgill.ecse.coolsupplies.features.OrderStepDefinitions.the_number_of_orders_in_the_system_shall_be(java.lang.String)?[0m
  ?[36mThen ?[0m?[36mthe order ?[0m?[36m?[1m"1"?[0m?[36m shall contain level ?[0m?[36m?[1m"Recommended"?[0m?[36m and student ?[0m?[36m?[1m"Aaron"?[0m                                                  ?[90m# ca.mcgill.ecse.coolsupplies.features.OrderStepDefinitions.the_order_shall_contain_level_and_student(java.lang.String,java.lang.String,java.lang.String)?[0m

Scenario Outline: Successfully update an order                                                                              ?[90m# src/test/resources/ProcessOrder.feature:59?[0m
  ?[33mGiven ?[0m?[33mthe following parent entities exist in the system?[0m                                                                   ?[90m# ca.mcgill.ecse.coolsupplies.features.OrderStepDefinitions.the_following_parent_entities_exist_in_the_system(io.cucumber.datatable.DataTable)?[0m
      ?[33mio.cucumber.java.PendingException: TODO: implement me
	at ca.mcgill.ecse.coolsupplies.features.OrderStepDefinitions.the_following_parent_entities_exist_in_the_system(OrderStepDefinitions.java:18)
	at ✽.the following parent entities exist in the system(file:///Users/zhengxuanzhao/IdeaProjects/ecse223-group-project-p8/src/test/resources/ProcessOrder.feature:5)
?[0m
  ?[36mGiven ?[0m?[36mthe following grade entities exist in the system?[0m                                                                    ?[90m# ca.mcgill.ecse.coolsupplies.features.OrderStepDefinitions.the_following_grade_entities_exist_in_the_system(io.cucumber.datatable.DataTable)?[0m
  ?[36mGiven ?[0m?[36mthe following student entities exist in the system?[0m                                                                  ?[90m# ca.mcgill.ecse.coolsupplies.features.OrderStepDefinitions.the_following_student_entities_exist_in_the_system(io.cucumber.datatable.DataTable)?[0m
  ?[36mGiven ?[0m?[36mthe following student entities exist for a parent in the system?[0m                                                     ?[90m# ca.mcgill.ecse.coolsupplies.features.OrderStepDefinitions.the_following_student_entities_exist_for_a_parent_in_the_system(io.cucumber.datatable.DataTable)?[0m
  ?[36mGiven ?[0m?[36mthe following item entities exist in the system?[0m                                                                     ?[90m# ca.mcgill.ecse.coolsupplies.features.OrderStepDefinitions.the_following_item_entities_exist_in_the_system(io.cucumber.datatable.DataTable)?[0m
  ?[36mGiven ?[0m?[36mthe following grade bundle entities exist in the system?[0m                                                             ?[90m# ca.mcgill.ecse.coolsupplies.features.OrderStepDefinitions.the_following_grade_bundle_entities_exist_in_the_system(io.cucumber.datatable.DataTable)?[0m
  ?[36mGiven ?[0m?[36mthe following bundle item entities exist in the system?[0m                                                              ?[90m# ca.mcgill.ecse.coolsupplies.features.OrderStepDefinitions.the_following_bundle_item_entities_exist_in_the_system(io.cucumber.datatable.DataTable)?[0m
  ?[36mGiven ?[0m?[36mthe following order entities exist in the system?[0m                                                                    ?[90m# ca.mcgill.ecse.coolsupplies.features.OrderStepDefinitions.the_following_order_entities_exist_in_the_system(io.cucumber.datatable.DataTable)?[0m
  ?[36mGiven ?[0m?[36mthe following order item entities exist in the system?[0m                                                               ?[90m# ca.mcgill.ecse.coolsupplies.features.OrderStepDefinitions.the_following_order_item_entities_exist_in_the_system(io.cucumber.datatable.DataTable)?[0m
  ?[36mGiven ?[0m?[36mthe order ?[0m?[36m?[1m"2"?[0m?[36m is marked as ?[0m?[36m?[1m"Started"?[0m                                                                                ?[90m# ca.mcgill.ecse.coolsupplies.features.OrderStepDefinitions.the_order_is_marked_as(java.lang.String,java.lang.String)?[0m
  ?[36mWhen ?[0m?[36mthe parent attempts to update an order with number ?[0m?[36m?[1m"2"?[0m?[36m to purchase level ?[0m?[36m?[1m"Recommended"?[0m?[36m and student with name ?[0m?[36m?[1m"Wendy"?[0m ?[90m# ca.mcgill.ecse.coolsupplies.features.OrderStepDefinitions.the_parent_attempts_to_update_an_order_with_number_to_purchase_level_and_student_with_name(java.lang.String,java.lang.String,java.lang.String)?[0m
  ?[36mThen ?[0m?[36mthe order ?[0m?[36m?[1m"2"?[0m?[36m shall be marked as ?[0m?[36m?[1m"Started"?[0m                                                                           ?[90m# ca.mcgill.ecse.coolsupplies.features.OrderStepDefinitions.the_order_shall_be_marked_as(java.lang.String,java.lang.String)?[0m
  ?[36mThen ?[0m?[36mthe number of orders in the system shall be ?[0m?[36m?[1m"4"?[0m                                                                      ?[90m# ca.mcgill.ecse.coolsupplies.features.OrderStepDefinitions.the_number_of_orders_in_the_system_shall_be(java.lang.String)?[0m
  ?[36mThen ?[0m?[36mthe order ?[0m?[36m?[1m"2"?[0m?[36m shall contain level ?[0m?[36m?[1m"Recommended"?[0m?[36m and student ?[0m?[36m?[1m"Wendy"?[0m                                                  ?[90m# ca.mcgill.ecse.coolsupplies.features.OrderStepDefinitions.the_order_shall_contain_level_and_student(java.lang.String,java.lang.String,java.lang.String)?[0m

Scenario Outline: Successfully update an order                                                                           ?[90m# src/test/resources/ProcessOrder.feature:60?[0m
  ?[33mGiven ?[0m?[33mthe following parent entities exist in the system?[0m                                                                ?[90m# ca.mcgill.ecse.coolsupplies.features.OrderStepDefinitions.the_following_parent_entities_exist_in_the_system(io.cucumber.datatable.DataTable)?[0m
      ?[33mio.cucumber.java.PendingException: TODO: implement me
	at ca.mcgill.ecse.coolsupplies.features.OrderStepDefinitions.the_following_parent_entities_exist_in_the_system(OrderStepDefinitions.java:18)
	at ✽.the following parent entities exist in the system(file:///Users/zhengxuanzhao/IdeaProjects/ecse223-group-project-p8/src/test/resources/ProcessOrder.feature:5)
?[0m
  ?[36mGiven ?[0m?[36mthe following grade entities exist in the system?[0m                                                                 ?[90m# ca.mcgill.ecse.coolsupplies.features.OrderStepDefinitions.the_following_grade_entities_exist_in_the_system(io.cucumber.datatable.DataTable)?[0m
  ?[36mGiven ?[0m?[36mthe following student entities exist in the system?[0m                                                               ?[90m# ca.mcgill.ecse.coolsupplies.features.OrderStepDefinitions.the_following_student_entities_exist_in_the_system(io.cucumber.datatable.DataTable)?[0m
  ?[36mGiven ?[0m?[36mthe following student entities exist for a parent in the system?[0m                                                  ?[90m# ca.mcgill.ecse.coolsupplies.features.OrderStepDefinitions.the_following_student_entities_exist_for_a_parent_in_the_system(io.cucumber.datatable.DataTable)?[0m
  ?[36mGiven ?[0m?[36mthe following item entities exist in the system?[0m                                                                  ?[90m# ca.mcgill.ecse.coolsupplies.features.OrderStepDefinitions.the_following_item_entities_exist_in_the_system(io.cucumber.datatable.DataTable)?[0m
  ?[36mGiven ?[0m?[36mthe following grade bundle entities exist in the system?[0m                                                          ?[90m# ca.mcgill.ecse.coolsupplies.features.OrderStepDefinitions.the_following_grade_bundle_entities_exist_in_the_system(io.cucumber.datatable.DataTable)?[0m
  ?[36mGiven ?[0m?[36mthe following bundle item entities exist in the system?[0m                                                           ?[90m# ca.mcgill.ecse.coolsupplies.features.OrderStepDefinitions.the_following_bundle_item_entities_exist_in_the_system(io.cucumber.datatable.DataTable)?[0m
  ?[36mGiven ?[0m?[36mthe following order entities exist in the system?[0m                                                                 ?[90m# ca.mcgill.ecse.coolsupplies.features.OrderStepDefinitions.the_following_order_entities_exist_in_the_system(io.cucumber.datatable.DataTable)?[0m
  ?[36mGiven ?[0m?[36mthe following order item entities exist in the system?[0m                                                            ?[90m# ca.mcgill.ecse.coolsupplies.features.OrderStepDefinitions.the_following_order_item_entities_exist_in_the_system(io.cucumber.datatable.DataTable)?[0m
  ?[36mGiven ?[0m?[36mthe order ?[0m?[36m?[1m"3"?[0m?[36m is marked as ?[0m?[36m?[1m"Started"?[0m                                                                             ?[90m# ca.mcgill.ecse.coolsupplies.features.OrderStepDefinitions.the_order_is_marked_as(java.lang.String,java.lang.String)?[0m
  ?[36mWhen ?[0m?[36mthe parent attempts to update an order with number ?[0m?[36m?[1m"3"?[0m?[36m to purchase level ?[0m?[36m?[1m"Optional"?[0m?[36m and student with name ?[0m?[36m?[1m"Aaron"?[0m ?[90m# ca.mcgill.ecse.coolsupplies.features.OrderStepDefinitions.the_parent_attempts_to_update_an_order_with_number_to_purchase_level_and_student_with_name(java.lang.String,java.lang.String,java.lang.String)?[0m
  ?[36mThen ?[0m?[36mthe order ?[0m?[36m?[1m"3"?[0m?[36m shall be marked as ?[0m?[36m?[1m"Started"?[0m                                                                        ?[90m# ca.mcgill.ecse.coolsupplies.features.OrderStepDefinitions.the_order_shall_be_marked_as(java.lang.String,java.lang.String)?[0m
  ?[36mThen ?[0m?[36mthe number of orders in the system shall be ?[0m?[36m?[1m"4"?[0m                                                                   ?[90m# ca.mcgill.ecse.coolsupplies.features.OrderStepDefinitions.the_number_of_orders_in_the_system_shall_be(java.lang.String)?[0m
  ?[36mThen ?[0m?[36mthe order ?[0m?[36m?[1m"3"?[0m?[36m shall contain level ?[0m?[36m?[1m"Optional"?[0m?[36m and student ?[0m?[36m?[1m"Aaron"?[0m                                                  ?[90m# ca.mcgill.ecse.coolsupplies.features.OrderStepDefinitions.the_order_shall_contain_level_and_student(java.lang.String,java.lang.String,java.lang.String)?[0m

Scenario Outline: Successfully update an order                                                                           ?[90m# src/test/resources/ProcessOrder.feature:61?[0m
  ?[33mGiven ?[0m?[33mthe following parent entities exist in the system?[0m                                                                ?[90m# ca.mcgill.ecse.coolsupplies.features.OrderStepDefinitions.the_following_parent_entities_exist_in_the_system(io.cucumber.datatable.DataTable)?[0m
      ?[33mio.cucumber.java.PendingException: TODO: implement me
	at ca.mcgill.ecse.coolsupplies.features.OrderStepDefinitions.the_following_parent_entities_exist_in_the_system(OrderStepDefinitions.java:18)
	at ✽.the following parent entities exist in the system(file:///Users/zhengxuanzhao/IdeaProjects/ecse223-group-project-p8/src/test/resources/ProcessOrder.feature:5)
?[0m
  ?[36mGiven ?[0m?[36mthe following grade entities exist in the system?[0m                                                                 ?[90m# ca.mcgill.ecse.coolsupplies.features.OrderStepDefinitions.the_following_grade_entities_exist_in_the_system(io.cucumber.datatable.DataTable)?[0m
  ?[36mGiven ?[0m?[36mthe following student entities exist in the system?[0m                                                               ?[90m# ca.mcgill.ecse.coolsupplies.features.OrderStepDefinitions.the_following_student_entities_exist_in_the_system(io.cucumber.datatable.DataTable)?[0m
  ?[36mGiven ?[0m?[36mthe following student entities exist for a parent in the system?[0m                                                  ?[90m# ca.mcgill.ecse.coolsupplies.features.OrderStepDefinitions.the_following_student_entities_exist_for_a_parent_in_the_system(io.cucumber.datatable.DataTable)?[0m
  ?[36mGiven ?[0m?[36mthe following item entities exist in the system?[0m                                                                  ?[90m# ca.mcgill.ecse.coolsupplies.features.OrderStepDefinitions.the_following_item_entities_exist_in_the_system(io.cucumber.datatable.DataTable)?[0m
  ?[36mGiven ?[0m?[36mthe following grade bundle entities exist in the system?[0m                                                          ?[90m# ca.mcgill.ecse.coolsupplies.features.OrderStepDefinitions.the_following_grade_bundle_entities_exist_in_the_system(io.cucumber.datatable.DataTable)?[0m
  ?[36mGiven ?[0m?[36mthe following bundle item entities exist in the system?[0m                                                           ?[90m# ca.mcgill.ecse.coolsupplies.features.OrderStepDefinitions.the_following_bundle_item_entities_exist_in_the_system(io.cucumber.datatable.DataTable)?[0m
  ?[36mGiven ?[0m?[36mthe following order entities exist in the system?[0m                                                                 ?[90m# ca.mcgill.ecse.coolsupplies.features.OrderStepDefinitions.the_following_order_entities_exist_in_the_system(io.cucumber.datatable.DataTable)?[0m
  ?[36mGiven ?[0m?[36mthe following order item entities exist in the system?[0m                                                            ?[90m# ca.mcgill.ecse.coolsupplies.features.OrderStepDefinitions.the_following_order_item_entities_exist_in_the_system(io.cucumber.datatable.DataTable)?[0m
  ?[36mGiven ?[0m?[36mthe order ?[0m?[36m?[1m"4"?[0m?[36m is marked as ?[0m?[36m?[1m"Started"?[0m                                                                             ?[90m# ca.mcgill.ecse.coolsupplies.features.OrderStepDefinitions.the_order_is_marked_as(java.lang.String,java.lang.String)?[0m
  ?[36mWhen ?[0m?[36mthe parent attempts to update an order with number ?[0m?[36m?[1m"4"?[0m?[36m to purchase level ?[0m?[36m?[1m"Optional"?[0m?[36m and student with name ?[0m?[36m?[1m"Sarah"?[0m ?[90m# ca.mcgill.ecse.coolsupplies.features.OrderStepDefinitions.the_parent_attempts_to_update_an_order_with_number_to_purchase_level_and_student_with_name(java.lang.String,java.lang.String,java.lang.String)?[0m
  ?[36mThen ?[0m?[36mthe order ?[0m?[36m?[1m"4"?[0m?[36m shall be marked as ?[0m?[36m?[1m"Started"?[0m                                                                        ?[90m# ca.mcgill.ecse.coolsupplies.features.OrderStepDefinitions.the_order_shall_be_marked_as(java.lang.String,java.lang.String)?[0m
  ?[36mThen ?[0m?[36mthe number of orders in the system shall be ?[0m?[36m?[1m"4"?[0m                                                                   ?[90m# ca.mcgill.ecse.coolsupplies.features.OrderStepDefinitions.the_number_of_orders_in_the_system_shall_be(java.lang.String)?[0m
  ?[36mThen ?[0m?[36mthe order ?[0m?[36m?[1m"4"?[0m?[36m shall contain level ?[0m?[36m?[1m"Optional"?[0m?[36m and student ?[0m?[36m?[1m"Sarah"?[0m                                                  ?[90m# ca.mcgill.ecse.coolsupplies.features.OrderStepDefinitions.the_order_shall_contain_level_and_student(java.lang.String,java.lang.String,java.lang.String)?[0m

Scenario Outline: Unsuccessfully update an order due to wrong input                                                         ?[90m# src/test/resources/ProcessOrder.feature:73?[0m
  ?[33mGiven ?[0m?[33mthe following parent entities exist in the system?[0m                                                                   ?[90m# ca.mcgill.ecse.coolsupplies.features.OrderStepDefinitions.the_following_parent_entities_exist_in_the_system(io.cucumber.datatable.DataTable)?[0m
      ?[33mio.cucumber.java.PendingException: TODO: implement me
	at ca.mcgill.ecse.coolsupplies.features.OrderStepDefinitions.the_following_parent_entities_exist_in_the_system(OrderStepDefinitions.java:18)
	at ✽.the following parent entities exist in the system(file:///Users/zhengxuanzhao/IdeaProjects/ecse223-group-project-p8/src/test/resources/ProcessOrder.feature:5)
?[0m
  ?[36mGiven ?[0m?[36mthe following grade entities exist in the system?[0m                                                                    ?[90m# ca.mcgill.ecse.coolsupplies.features.OrderStepDefinitions.the_following_grade_entities_exist_in_the_system(io.cucumber.datatable.DataTable)?[0m
  ?[36mGiven ?[0m?[36mthe following student entities exist in the system?[0m                                                                  ?[90m# ca.mcgill.ecse.coolsupplies.features.OrderStepDefinitions.the_following_student_entities_exist_in_the_system(io.cucumber.datatable.DataTable)?[0m
  ?[36mGiven ?[0m?[36mthe following student entities exist for a parent in the system?[0m                                                     ?[90m# ca.mcgill.ecse.coolsupplies.features.OrderStepDefinitions.the_following_student_entities_exist_for_a_parent_in_the_system(io.cucumber.datatable.DataTable)?[0m
  ?[36mGiven ?[0m?[36mthe following item entities exist in the system?[0m                                                                     ?[90m# ca.mcgill.ecse.coolsupplies.features.OrderStepDefinitions.the_following_item_entities_exist_in_the_system(io.cucumber.datatable.DataTable)?[0m
  ?[36mGiven ?[0m?[36mthe following grade bundle entities exist in the system?[0m                                                             ?[90m# ca.mcgill.ecse.coolsupplies.features.OrderStepDefinitions.the_following_grade_bundle_entities_exist_in_the_system(io.cucumber.datatable.DataTable)?[0m
  ?[36mGiven ?[0m?[36mthe following bundle item entities exist in the system?[0m                                                              ?[90m# ca.mcgill.ecse.coolsupplies.features.OrderStepDefinitions.the_following_bundle_item_entities_exist_in_the_system(io.cucumber.datatable.DataTable)?[0m
  ?[36mGiven ?[0m?[36mthe following order entities exist in the system?[0m                                                                    ?[90m# ca.mcgill.ecse.coolsupplies.features.OrderStepDefinitions.the_following_order_entities_exist_in_the_system(io.cucumber.datatable.DataTable)?[0m
  ?[36mGiven ?[0m?[36mthe following order item entities exist in the system?[0m                                                               ?[90m# ca.mcgill.ecse.coolsupplies.features.OrderStepDefinitions.the_following_order_item_entities_exist_in_the_system(io.cucumber.datatable.DataTable)?[0m
  ?[36mGiven ?[0m?[36mthe order ?[0m?[36m?[1m"1"?[0m?[36m is marked as ?[0m?[36m?[1m"Started"?[0m                                                                                ?[90m# ca.mcgill.ecse.coolsupplies.features.OrderStepDefinitions.the_order_is_marked_as(java.lang.String,java.lang.String)?[0m
  ?[36mWhen ?[0m?[36mthe parent attempts to update an order with number ?[0m?[36m?[1m"1"?[0m?[36m to purchase level ?[0m?[36m?[1m"Recommended"?[0m?[36m and student with name ?[0m?[36m?[1m"Sarah"?[0m ?[90m# ca.mcgill.ecse.coolsupplies.features.OrderStepDefinitions.the_parent_attempts_to_update_an_order_with_number_to_purchase_level_and_student_with_name(java.lang.String,java.lang.String,java.lang.String)?[0m
  ?[36mThen ?[0m?[36mthe order ?[0m?[36m?[1m"1"?[0m?[36m shall be marked as ?[0m?[36m?[1m"Started"?[0m                                                                           ?[90m# ca.mcgill.ecse.coolsupplies.features.OrderStepDefinitions.the_order_shall_be_marked_as(java.lang.String,java.lang.String)?[0m
  ?[36mThen ?[0m?[36mthe number of orders in the system shall be ?[0m?[36m?[1m"4"?[0m                                                                      ?[90m# ca.mcgill.ecse.coolsupplies.features.OrderStepDefinitions.the_number_of_orders_in_the_system_shall_be(java.lang.String)?[0m
  ?[36mThen ?[0m?[36mthe order ?[0m?[36m?[1m"1"?[0m?[36m shall contain level ?[0m?[36m?[1m"Mandatory"?[0m?[36m and student ?[0m?[36m?[1m"Aaron"?[0m                                                    ?[90m# ca.mcgill.ecse.coolsupplies.features.OrderStepDefinitions.the_order_shall_contain_level_and_student(java.lang.String,java.lang.String,java.lang.String)?[0m
  ?[36mThen ?[0m?[36mthe error ?[0m?[36m?[1m"Student Sarah is not a child of the parent mom@gmail.com."?[0m?[36m shall be raised?[0m                                ?[90m# ca.mcgill.ecse.coolsupplies.features.OrderStepDefinitions.the_error_shall_be_raised(java.lang.String)?[0m

Scenario Outline: Unsuccessfully update an order due to wrong input                                                      ?[90m# src/test/resources/ProcessOrder.feature:74?[0m
  ?[33mGiven ?[0m?[33mthe following parent entities exist in the system?[0m                                                                ?[90m# ca.mcgill.ecse.coolsupplies.features.OrderStepDefinitions.the_following_parent_entities_exist_in_the_system(io.cucumber.datatable.DataTable)?[0m
      ?[33mio.cucumber.java.PendingException: TODO: implement me
	at ca.mcgill.ecse.coolsupplies.features.OrderStepDefinitions.the_following_parent_entities_exist_in_the_system(OrderStepDefinitions.java:18)
	at ✽.the following parent entities exist in the system(file:///Users/zhengxuanzhao/IdeaProjects/ecse223-group-project-p8/src/test/resources/ProcessOrder.feature:5)
?[0m
  ?[36mGiven ?[0m?[36mthe following grade entities exist in the system?[0m                                                                 ?[90m# ca.mcgill.ecse.coolsupplies.features.OrderStepDefinitions.the_following_grade_entities_exist_in_the_system(io.cucumber.datatable.DataTable)?[0m
  ?[36mGiven ?[0m?[36mthe following student entities exist in the system?[0m                                                               ?[90m# ca.mcgill.ecse.coolsupplies.features.OrderStepDefinitions.the_following_student_entities_exist_in_the_system(io.cucumber.datatable.DataTable)?[0m
  ?[36mGiven ?[0m?[36mthe following student entities exist for a parent in the system?[0m                                                  ?[90m# ca.mcgill.ecse.coolsupplies.features.OrderStepDefinitions.the_following_student_entities_exist_for_a_parent_in_the_system(io.cucumber.datatable.DataTable)?[0m
  ?[36mGiven ?[0m?[36mthe following item entities exist in the system?[0m                                                                  ?[90m# ca.mcgill.ecse.coolsupplies.features.OrderStepDefinitions.the_following_item_entities_exist_in_the_system(io.cucumber.datatable.DataTable)?[0m
  ?[36mGiven ?[0m?[36mthe following grade bundle entities exist in the system?[0m                                                          ?[90m# ca.mcgill.ecse.coolsupplies.features.OrderStepDefinitions.the_following_grade_bundle_entities_exist_in_the_system(io.cucumber.datatable.DataTable)?[0m
  ?[36mGiven ?[0m?[36mthe following bundle item entities exist in the system?[0m                                                           ?[90m# ca.mcgill.ecse.coolsupplies.features.OrderStepDefinitions.the_following_bundle_item_entities_exist_in_the_system(io.cucumber.datatable.DataTable)?[0m
  ?[36mGiven ?[0m?[36mthe following order entities exist in the system?[0m                                                                 ?[90m# ca.mcgill.ecse.coolsupplies.features.OrderStepDefinitions.the_following_order_entities_exist_in_the_system(io.cucumber.datatable.DataTable)?[0m
  ?[36mGiven ?[0m?[36mthe following order item entities exist in the system?[0m                                                            ?[90m# ca.mcgill.ecse.coolsupplies.features.OrderStepDefinitions.the_following_order_item_entities_exist_in_the_system(io.cucumber.datatable.DataTable)?[0m
  ?[36mGiven ?[0m?[36mthe order ?[0m?[36m?[1m"1"?[0m?[36m is marked as ?[0m?[36m?[1m"Started"?[0m                                                                             ?[90m# ca.mcgill.ecse.coolsupplies.features.OrderStepDefinitions.the_order_is_marked_as(java.lang.String,java.lang.String)?[0m
  ?[36mWhen ?[0m?[36mthe parent attempts to update an order with number ?[0m?[36m?[1m"1"?[0m?[36m to purchase level ?[0m?[36m?[1m"NotExist"?[0m?[36m and student with name ?[0m?[36m?[1m"Aaron"?[0m ?[90m# ca.mcgill.ecse.coolsupplies.features.OrderStepDefinitions.the_parent_attempts_to_update_an_order_with_number_to_purchase_level_and_student_with_name(java.lang.String,java.lang.String,java.lang.String)?[0m
  ?[36mThen ?[0m?[36mthe order ?[0m?[36m?[1m"1"?[0m?[36m shall be marked as ?[0m?[36m?[1m"Started"?[0m                                                                        ?[90m# ca.mcgill.ecse.coolsupplies.features.OrderStepDefinitions.the_order_shall_be_marked_as(java.lang.String,java.lang.String)?[0m
  ?[36mThen ?[0m?[36mthe number of orders in the system shall be ?[0m?[36m?[1m"4"?[0m                                                                   ?[90m# ca.mcgill.ecse.coolsupplies.features.OrderStepDefinitions.the_number_of_orders_in_the_system_shall_be(java.lang.String)?[0m
  ?[36mThen ?[0m?[36mthe order ?[0m?[36m?[1m"1"?[0m?[36m shall contain level ?[0m?[36m?[1m"Mandatory"?[0m?[36m and student ?[0m?[36m?[1m"Aaron"?[0m                                                 ?[90m# ca.mcgill.ecse.coolsupplies.features.OrderStepDefinitions.the_order_shall_contain_level_and_student(java.lang.String,java.lang.String,java.lang.String)?[0m
  ?[36mThen ?[0m?[36mthe error ?[0m?[36m?[1m"Purchase level NotExist does not exist."?[0m?[36m shall be raised?[0m                                               ?[90m# ca.mcgill.ecse.coolsupplies.features.OrderStepDefinitions.the_error_shall_be_raised(java.lang.String)?[0m

Scenario Outline: Unsuccessfully update an order due to wrong input                                                      ?[90m# src/test/resources/ProcessOrder.feature:75?[0m
  ?[33mGiven ?[0m?[33mthe following parent entities exist in the system?[0m                                                                ?[90m# ca.mcgill.ecse.coolsupplies.features.OrderStepDefinitions.the_following_parent_entities_exist_in_the_system(io.cucumber.datatable.DataTable)?[0m
      ?[33mio.cucumber.java.PendingException: TODO: implement me
	at ca.mcgill.ecse.coolsupplies.features.OrderStepDefinitions.the_following_parent_entities_exist_in_the_system(OrderStepDefinitions.java:18)
	at ✽.the following parent entities exist in the system(file:///Users/zhengxuanzhao/IdeaProjects/ecse223-group-project-p8/src/test/resources/ProcessOrder.feature:5)
?[0m
  ?[36mGiven ?[0m?[36mthe following grade entities exist in the system?[0m                                                                 ?[90m# ca.mcgill.ecse.coolsupplies.features.OrderStepDefinitions.the_following_grade_entities_exist_in_the_system(io.cucumber.datatable.DataTable)?[0m
  ?[36mGiven ?[0m?[36mthe following student entities exist in the system?[0m                                                               ?[90m# ca.mcgill.ecse.coolsupplies.features.OrderStepDefinitions.the_following_student_entities_exist_in_the_system(io.cucumber.datatable.DataTable)?[0m
  ?[36mGiven ?[0m?[36mthe following student entities exist for a parent in the system?[0m                                                  ?[90m# ca.mcgill.ecse.coolsupplies.features.OrderStepDefinitions.the_following_student_entities_exist_for_a_parent_in_the_system(io.cucumber.datatable.DataTable)?[0m
  ?[36mGiven ?[0m?[36mthe following item entities exist in the system?[0m                                                                  ?[90m# ca.mcgill.ecse.coolsupplies.features.OrderStepDefinitions.the_following_item_entities_exist_in_the_system(io.cucumber.datatable.DataTable)?[0m
  ?[36mGiven ?[0m?[36mthe following grade bundle entities exist in the system?[0m                                                          ?[90m# ca.mcgill.ecse.coolsupplies.features.OrderStepDefinitions.the_following_grade_bundle_entities_exist_in_the_system(io.cucumber.datatable.DataTable)?[0m
  ?[36mGiven ?[0m?[36mthe following bundle item entities exist in the system?[0m                                                           ?[90m# ca.mcgill.ecse.coolsupplies.features.OrderStepDefinitions.the_following_bundle_item_entities_exist_in_the_system(io.cucumber.datatable.DataTable)?[0m
  ?[36mGiven ?[0m?[36mthe following order entities exist in the system?[0m                                                                 ?[90m# ca.mcgill.ecse.coolsupplies.features.OrderStepDefinitions.the_following_order_entities_exist_in_the_system(io.cucumber.datatable.DataTable)?[0m
  ?[36mGiven ?[0m?[36mthe following order item entities exist in the system?[0m                                                            ?[90m# ca.mcgill.ecse.coolsupplies.features.OrderStepDefinitions.the_following_order_item_entities_exist_in_the_system(io.cucumber.datatable.DataTable)?[0m
  ?[36mGiven ?[0m?[36mthe order ?[0m?[36m?[1m"1"?[0m?[36m is marked as ?[0m?[36m?[1m"Started"?[0m                                                                             ?[90m# ca.mcgill.ecse.coolsupplies.features.OrderStepDefinitions.the_order_is_marked_as(java.lang.String,java.lang.String)?[0m
  ?[36mWhen ?[0m?[36mthe parent attempts to update an order with number ?[0m?[36m?[1m"1"?[0m?[36m to purchase level ?[0m?[36m?[1m"Optional"?[0m?[36m and student with name ?[0m?[36m?[1m"David"?[0m ?[90m# ca.mcgill.ecse.coolsupplies.features.OrderStepDefinitions.the_parent_attempts_to_update_an_order_with_number_to_purchase_level_and_student_with_name(java.lang.String,java.lang.String,java.lang.String)?[0m
  ?[36mThen ?[0m?[36mthe order ?[0m?[36m?[1m"1"?[0m?[36m shall be marked as ?[0m?[36m?[1m"Started"?[0m                                                                        ?[90m# ca.mcgill.ecse.coolsupplies.features.OrderStepDefinitions.the_order_shall_be_marked_as(java.lang.String,java.lang.String)?[0m
  ?[36mThen ?[0m?[36mthe number of orders in the system shall be ?[0m?[36m?[1m"4"?[0m                                                                   ?[90m# ca.mcgill.ecse.coolsupplies.features.OrderStepDefinitions.the_number_of_orders_in_the_system_shall_be(java.lang.String)?[0m
  ?[36mThen ?[0m?[36mthe order ?[0m?[36m?[1m"1"?[0m?[36m shall contain level ?[0m?[36m?[1m"Mandatory"?[0m?[36m and student ?[0m?[36m?[1m"Aaron"?[0m                                                 ?[90m# ca.mcgill.ecse.coolsupplies.features.OrderStepDefinitions.the_order_shall_contain_level_and_student(java.lang.String,java.lang.String,java.lang.String)?[0m
  ?[36mThen ?[0m?[36mthe error ?[0m?[36m?[1m"Student David does not exist."?[0m?[36m shall be raised?[0m                                                         ?[90m# ca.mcgill.ecse.coolsupplies.features.OrderStepDefinitions.the_error_shall_be_raised(java.lang.String)?[0m

Scenario Outline: Unsuccessfully update an order due to non-existing order                                                ?[90m# src/test/resources/ProcessOrder.feature:84?[0m
  ?[33mGiven ?[0m?[33mthe following parent entities exist in the system?[0m                                                                 ?[90m# ca.mcgill.ecse.coolsupplies.features.OrderStepDefinitions.the_following_parent_entities_exist_in_the_system(io.cucumber.datatable.DataTable)?[0m
      ?[33mio.cucumber.java.PendingException: TODO: implement me
	at ca.mcgill.ecse.coolsupplies.features.OrderStepDefinitions.the_following_parent_entities_exist_in_the_system(OrderStepDefinitions.java:18)
	at ✽.the following parent entities exist in the system(file:///Users/zhengxuanzhao/IdeaProjects/ecse223-group-project-p8/src/test/resources/ProcessOrder.feature:5)
?[0m
  ?[36mGiven ?[0m?[36mthe following grade entities exist in the system?[0m                                                                  ?[90m# ca.mcgill.ecse.coolsupplies.features.OrderStepDefinitions.the_following_grade_entities_exist_in_the_system(io.cucumber.datatable.DataTable)?[0m
  ?[36mGiven ?[0m?[36mthe following student entities exist in the system?[0m                                                                ?[90m# ca.mcgill.ecse.coolsupplies.features.OrderStepDefinitions.the_following_student_entities_exist_in_the_system(io.cucumber.datatable.DataTable)?[0m
  ?[36mGiven ?[0m?[36mthe following student entities exist for a parent in the system?[0m                                                   ?[90m# ca.mcgill.ecse.coolsupplies.features.OrderStepDefinitions.the_following_student_entities_exist_for_a_parent_in_the_system(io.cucumber.datatable.DataTable)?[0m
  ?[36mGiven ?[0m?[36mthe following item entities exist in the system?[0m                                                                   ?[90m# ca.mcgill.ecse.coolsupplies.features.OrderStepDefinitions.the_following_item_entities_exist_in_the_system(io.cucumber.datatable.DataTable)?[0m
  ?[36mGiven ?[0m?[36mthe following grade bundle entities exist in the system?[0m                                                           ?[90m# ca.mcgill.ecse.coolsupplies.features.OrderStepDefinitions.the_following_grade_bundle_entities_exist_in_the_system(io.cucumber.datatable.DataTable)?[0m
  ?[36mGiven ?[0m?[36mthe following bundle item entities exist in the system?[0m                                                            ?[90m# ca.mcgill.ecse.coolsupplies.features.OrderStepDefinitions.the_following_bundle_item_entities_exist_in_the_system(io.cucumber.datatable.DataTable)?[0m
  ?[36mGiven ?[0m?[36mthe following order entities exist in the system?[0m                                                                  ?[90m# ca.mcgill.ecse.coolsupplies.features.OrderStepDefinitions.the_following_order_entities_exist_in_the_system(io.cucumber.datatable.DataTable)?[0m
  ?[36mGiven ?[0m?[36mthe following order item entities exist in the system?[0m                                                             ?[90m# ca.mcgill.ecse.coolsupplies.features.OrderStepDefinitions.the_following_order_item_entities_exist_in_the_system(io.cucumber.datatable.DataTable)?[0m
  ?[36mWhen ?[0m?[36mthe parent attempts to update an order with number ?[0m?[36m?[1m"10"?[0m?[36m to purchase level ?[0m?[36m?[1m"Optional"?[0m?[36m and student with name ?[0m?[36m?[1m"Aaron"?[0m ?[90m# ca.mcgill.ecse.coolsupplies.features.OrderStepDefinitions.the_parent_attempts_to_update_an_order_with_number_to_purchase_level_and_student_with_name(java.lang.String,java.lang.String,java.lang.String)?[0m
  ?[36mThen ?[0m?[36mthe number of orders in the system shall be ?[0m?[36m?[1m"4"?[0m                                                                    ?[90m# ca.mcgill.ecse.coolsupplies.features.OrderStepDefinitions.the_number_of_orders_in_the_system_shall_be(java.lang.String)?[0m
  ?[36mThen ?[0m?[36mthe error ?[0m?[36m?[1m"Order 10 does not exist"?[0m?[36m shall be raised?[0m                                                                ?[90m# ca.mcgill.ecse.coolsupplies.features.OrderStepDefinitions.the_error_shall_be_raised(java.lang.String)?[0m

Scenario Outline: Unsuccessfully update an order due to non-existing order                                                ?[90m# src/test/resources/ProcessOrder.feature:85?[0m
  ?[33mGiven ?[0m?[33mthe following parent entities exist in the system?[0m                                                                 ?[90m# ca.mcgill.ecse.coolsupplies.features.OrderStepDefinitions.the_following_parent_entities_exist_in_the_system(io.cucumber.datatable.DataTable)?[0m
      ?[33mio.cucumber.java.PendingException: TODO: implement me
	at ca.mcgill.ecse.coolsupplies.features.OrderStepDefinitions.the_following_parent_entities_exist_in_the_system(OrderStepDefinitions.java:18)
	at ✽.the following parent entities exist in the system(file:///Users/zhengxuanzhao/IdeaProjects/ecse223-group-project-p8/src/test/resources/ProcessOrder.feature:5)
?[0m
  ?[36mGiven ?[0m?[36mthe following grade entities exist in the system?[0m                                                                  ?[90m# ca.mcgill.ecse.coolsupplies.features.OrderStepDefinitions.the_following_grade_entities_exist_in_the_system(io.cucumber.datatable.DataTable)?[0m
  ?[36mGiven ?[0m?[36mthe following student entities exist in the system?[0m                                                                ?[90m# ca.mcgill.ecse.coolsupplies.features.OrderStepDefinitions.the_following_student_entities_exist_in_the_system(io.cucumber.datatable.DataTable)?[0m
  ?[36mGiven ?[0m?[36mthe following student entities exist for a parent in the system?[0m                                                   ?[90m# ca.mcgill.ecse.coolsupplies.features.OrderStepDefinitions.the_following_student_entities_exist_for_a_parent_in_the_system(io.cucumber.datatable.DataTable)?[0m
  ?[36mGiven ?[0m?[36mthe following item entities exist in the system?[0m                                                                   ?[90m# ca.mcgill.ecse.coolsupplies.features.OrderStepDefinitions.the_following_item_entities_exist_in_the_system(io.cucumber.datatable.DataTable)?[0m
  ?[36mGiven ?[0m?[36mthe following grade bundle entities exist in the system?[0m                                                           ?[90m# ca.mcgill.ecse.coolsupplies.features.OrderStepDefinitions.the_following_grade_bundle_entities_exist_in_the_system(io.cucumber.datatable.DataTable)?[0m
  ?[36mGiven ?[0m?[36mthe following bundle item entities exist in the system?[0m                                                            ?[90m# ca.mcgill.ecse.coolsupplies.features.OrderStepDefinitions.the_following_bundle_item_entities_exist_in_the_system(io.cucumber.datatable.DataTable)?[0m
  ?[36mGiven ?[0m?[36mthe following order entities exist in the system?[0m                                                                  ?[90m# ca.mcgill.ecse.coolsupplies.features.OrderStepDefinitions.the_following_order_entities_exist_in_the_system(io.cucumber.datatable.DataTable)?[0m
  ?[36mGiven ?[0m?[36mthe following order item entities exist in the system?[0m                                                             ?[90m# ca.mcgill.ecse.coolsupplies.features.OrderStepDefinitions.the_following_order_item_entities_exist_in_the_system(io.cucumber.datatable.DataTable)?[0m
  ?[36mWhen ?[0m?[36mthe parent attempts to update an order with number ?[0m?[36m?[1m"20"?[0m?[36m to purchase level ?[0m?[36m?[1m"Optional"?[0m?[36m and student with name ?[0m?[36m?[1m"Aaron"?[0m ?[90m# ca.mcgill.ecse.coolsupplies.features.OrderStepDefinitions.the_parent_attempts_to_update_an_order_with_number_to_purchase_level_and_student_with_name(java.lang.String,java.lang.String,java.lang.String)?[0m
  ?[36mThen ?[0m?[36mthe number of orders in the system shall be ?[0m?[36m?[1m"4"?[0m                                                                    ?[90m# ca.mcgill.ecse.coolsupplies.features.OrderStepDefinitions.the_number_of_orders_in_the_system_shall_be(java.lang.String)?[0m
  ?[36mThen ?[0m?[36mthe error ?[0m?[36m?[1m"Order 20 does not exist"?[0m?[36m shall be raised?[0m                                                                ?[90m# ca.mcgill.ecse.coolsupplies.features.OrderStepDefinitions.the_error_shall_be_raised(java.lang.String)?[0m

Scenario Outline: Unsuccessfully update an order due to wrong state                                                         ?[90m# src/test/resources/ProcessOrder.feature:97?[0m
  ?[33mGiven ?[0m?[33mthe following parent entities exist in the system?[0m                                                                   ?[90m# ca.mcgill.ecse.coolsupplies.features.OrderStepDefinitions.the_following_parent_entities_exist_in_the_system(io.cucumber.datatable.DataTable)?[0m
      ?[33mio.cucumber.java.PendingException: TODO: implement me
	at ca.mcgill.ecse.coolsupplies.features.OrderStepDefinitions.the_following_parent_entities_exist_in_the_system(OrderStepDefinitions.java:18)
	at ✽.the following parent entities exist in the system(file:///Users/zhengxuanzhao/IdeaProjects/ecse223-group-project-p8/src/test/resources/ProcessOrder.feature:5)
?[0m
  ?[36mGiven ?[0m?[36mthe following grade entities exist in the system?[0m                                                                    ?[90m# ca.mcgill.ecse.coolsupplies.features.OrderStepDefinitions.the_following_grade_entities_exist_in_the_system(io.cucumber.datatable.DataTable)?[0m
  ?[36mGiven ?[0m?[36mthe following student entities exist in the system?[0m                                                                  ?[90m# ca.mcgill.ecse.coolsupplies.features.OrderStepDefinitions.the_following_student_entities_exist_in_the_system(io.cucumber.datatable.DataTable)?[0m
  ?[36mGiven ?[0m?[36mthe following student entities exist for a parent in the system?[0m                                                     ?[90m# ca.mcgill.ecse.coolsupplies.features.OrderStepDefinitions.the_following_student_entities_exist_for_a_parent_in_the_system(io.cucumber.datatable.DataTable)?[0m
  ?[36mGiven ?[0m?[36mthe following item entities exist in the system?[0m                                                                     ?[90m# ca.mcgill.ecse.coolsupplies.features.OrderStepDefinitions.the_following_item_entities_exist_in_the_system(io.cucumber.datatable.DataTable)?[0m
  ?[36mGiven ?[0m?[36mthe following grade bundle entities exist in the system?[0m                                                             ?[90m# ca.mcgill.ecse.coolsupplies.features.OrderStepDefinitions.the_following_grade_bundle_entities_exist_in_the_system(io.cucumber.datatable.DataTable)?[0m
  ?[36mGiven ?[0m?[36mthe following bundle item entities exist in the system?[0m                                                              ?[90m# ca.mcgill.ecse.coolsupplies.features.OrderStepDefinitions.the_following_bundle_item_entities_exist_in_the_system(io.cucumber.datatable.DataTable)?[0m
  ?[36mGiven ?[0m?[36mthe following order entities exist in the system?[0m                                                                    ?[90m# ca.mcgill.ecse.coolsupplies.features.OrderStepDefinitions.the_following_order_entities_exist_in_the_system(io.cucumber.datatable.DataTable)?[0m
  ?[36mGiven ?[0m?[36mthe following order item entities exist in the system?[0m                                                               ?[90m# ca.mcgill.ecse.coolsupplies.features.OrderStepDefinitions.the_following_order_item_entities_exist_in_the_system(io.cucumber.datatable.DataTable)?[0m
  ?[36mGiven ?[0m?[36mthe order ?[0m?[36m?[1m"1"?[0m?[36m is marked as ?[0m?[36m?[1m"Paid"?[0m                                                                                   ?[90m# ca.mcgill.ecse.coolsupplies.features.OrderStepDefinitions.the_order_is_marked_as(java.lang.String,java.lang.String)?[0m
  ?[36mWhen ?[0m?[36mthe parent attempts to update an order with number ?[0m?[36m?[1m"1"?[0m?[36m to purchase level ?[0m?[36m?[1m"Recommended"?[0m?[36m and student with name ?[0m?[36m?[1m"Aaron"?[0m ?[90m# ca.mcgill.ecse.coolsupplies.features.OrderStepDefinitions.the_parent_attempts_to_update_an_order_with_number_to_purchase_level_and_student_with_name(java.lang.String,java.lang.String,java.lang.String)?[0m
  ?[36mThen ?[0m?[36mthe order ?[0m?[36m?[1m"1"?[0m?[36m shall be marked as ?[0m?[36m?[1m"Paid"?[0m                                                                              ?[90m# ca.mcgill.ecse.coolsupplies.features.OrderStepDefinitions.the_order_shall_be_marked_as(java.lang.String,java.lang.String)?[0m
  ?[36mThen ?[0m?[36mthe number of orders in the system shall be ?[0m?[36m?[1m"4"?[0m                                                                      ?[90m# ca.mcgill.ecse.coolsupplies.features.OrderStepDefinitions.the_number_of_orders_in_the_system_shall_be(java.lang.String)?[0m
  ?[36mThen ?[0m?[36mthe order ?[0m?[36m?[1m"1"?[0m?[36m shall contain level ?[0m?[36m?[1m"Mandatory"?[0m?[36m and student ?[0m?[36m?[1m"Aaron"?[0m                                                    ?[90m# ca.mcgill.ecse.coolsupplies.features.OrderStepDefinitions.the_order_shall_contain_level_and_student(java.lang.String,java.lang.String,java.lang.String)?[0m
  ?[36mThen ?[0m?[36mthe error ?[0m?[36m?[1m"Cannot update a paid order"?[0m?[36m shall be raised?[0m                                                               ?[90m# ca.mcgill.ecse.coolsupplies.features.OrderStepDefinitions.the_error_shall_be_raised(java.lang.String)?[0m

Scenario Outline: Unsuccessfully update an order due to wrong state                                                         ?[90m# src/test/resources/ProcessOrder.feature:98?[0m
  ?[33mGiven ?[0m?[33mthe following parent entities exist in the system?[0m                                                                   ?[90m# ca.mcgill.ecse.coolsupplies.features.OrderStepDefinitions.the_following_parent_entities_exist_in_the_system(io.cucumber.datatable.DataTable)?[0m
      ?[33mio.cucumber.java.PendingException: TODO: implement me
	at ca.mcgill.ecse.coolsupplies.features.OrderStepDefinitions.the_following_parent_entities_exist_in_the_system(OrderStepDefinitions.java:18)
	at ✽.the following parent entities exist in the system(file:///Users/zhengxuanzhao/IdeaProjects/ecse223-group-project-p8/src/test/resources/ProcessOrder.feature:5)
?[0m
  ?[36mGiven ?[0m?[36mthe following grade entities exist in the system?[0m                                                                    ?[90m# ca.mcgill.ecse.coolsupplies.features.OrderStepDefinitions.the_following_grade_entities_exist_in_the_system(io.cucumber.datatable.DataTable)?[0m
  ?[36mGiven ?[0m?[36mthe following student entities exist in the system?[0m                                                                  ?[90m# ca.mcgill.ecse.coolsupplies.features.OrderStepDefinitions.the_following_student_entities_exist_in_the_system(io.cucumber.datatable.DataTable)?[0m
  ?[36mGiven ?[0m?[36mthe following student entities exist for a parent in the system?[0m                                                     ?[90m# ca.mcgill.ecse.coolsupplies.features.OrderStepDefinitions.the_following_student_entities_exist_for_a_parent_in_the_system(io.cucumber.datatable.DataTable)?[0m
  ?[36mGiven ?[0m?[36mthe following item entities exist in the system?[0m                                                                     ?[90m# ca.mcgill.ecse.coolsupplies.features.OrderStepDefinitions.the_following_item_entities_exist_in_the_system(io.cucumber.datatable.DataTable)?[0m
  ?[36mGiven ?[0m?[36mthe following grade bundle entities exist in the system?[0m                                                             ?[90m# ca.mcgill.ecse.coolsupplies.features.OrderStepDefinitions.the_following_grade_bundle_entities_exist_in_the_system(io.cucumber.datatable.DataTable)?[0m
  ?[36mGiven ?[0m?[36mthe following bundle item entities exist in the system?[0m                                                              ?[90m# ca.mcgill.ecse.coolsupplies.features.OrderStepDefinitions.the_following_bundle_item_entities_exist_in_the_system(io.cucumber.datatable.DataTable)?[0m
  ?[36mGiven ?[0m?[36mthe following order entities exist in the system?[0m                                                                    ?[90m# ca.mcgill.ecse.coolsupplies.features.OrderStepDefinitions.the_following_order_entities_exist_in_the_system(io.cucumber.datatable.DataTable)?[0m
  ?[36mGiven ?[0m?[36mthe following order item entities exist in the system?[0m                                                               ?[90m# ca.mcgill.ecse.coolsupplies.features.OrderStepDefinitions.the_following_order_item_entities_exist_in_the_system(io.cucumber.datatable.DataTable)?[0m
  ?[36mGiven ?[0m?[36mthe order ?[0m?[36m?[1m"1"?[0m?[36m is marked as ?[0m?[36m?[1m"Penalized"?[0m                                                                              ?[90m# ca.mcgill.ecse.coolsupplies.features.OrderStepDefinitions.the_order_is_marked_as(java.lang.String,java.lang.String)?[0m
  ?[36mWhen ?[0m?[36mthe parent attempts to update an order with number ?[0m?[36m?[1m"1"?[0m?[36m to purchase level ?[0m?[36m?[1m"Recommended"?[0m?[36m and student with name ?[0m?[36m?[1m"Aaron"?[0m ?[90m# ca.mcgill.ecse.coolsupplies.features.OrderStepDefinitions.the_parent_attempts_to_update_an_order_with_number_to_purchase_level_and_student_with_name(java.lang.String,java.lang.String,java.lang.String)?[0m
  ?[36mThen ?[0m?[36mthe order ?[0m?[36m?[1m"1"?[0m?[36m shall be marked as ?[0m?[36m?[1m"Penalized"?[0m                                                                         ?[90m# ca.mcgill.ecse.coolsupplies.features.OrderStepDefinitions.the_order_shall_be_marked_as(java.lang.String,java.lang.String)?[0m
  ?[36mThen ?[0m?[36mthe number of orders in the system shall be ?[0m?[36m?[1m"4"?[0m                                                                      ?[90m# ca.mcgill.ecse.coolsupplies.features.OrderStepDefinitions.the_number_of_orders_in_the_system_shall_be(java.lang.String)?[0m
  ?[36mThen ?[0m?[36mthe order ?[0m?[36m?[1m"1"?[0m?[36m shall contain level ?[0m?[36m?[1m"Mandatory"?[0m?[36m and student ?[0m?[36m?[1m"Aaron"?[0m                                                    ?[90m# ca.mcgill.ecse.coolsupplies.features.OrderStepDefinitions.the_order_shall_contain_level_and_student(java.lang.String,java.lang.String,java.lang.String)?[0m
  ?[36mThen ?[0m?[36mthe error ?[0m?[36m?[1m"Cannot update a penalized order"?[0m?[36m shall be raised?[0m                                                          ?[90m# ca.mcgill.ecse.coolsupplies.features.OrderStepDefinitions.the_error_shall_be_raised(java.lang.String)?[0m

Scenario Outline: Unsuccessfully update an order due to wrong state                                                         ?[90m# src/test/resources/ProcessOrder.feature:99?[0m
  ?[33mGiven ?[0m?[33mthe following parent entities exist in the system?[0m                                                                   ?[90m# ca.mcgill.ecse.coolsupplies.features.OrderStepDefinitions.the_following_parent_entities_exist_in_the_system(io.cucumber.datatable.DataTable)?[0m
      ?[33mio.cucumber.java.PendingException: TODO: implement me
	at ca.mcgill.ecse.coolsupplies.features.OrderStepDefinitions.the_following_parent_entities_exist_in_the_system(OrderStepDefinitions.java:18)
	at ✽.the following parent entities exist in the system(file:///Users/zhengxuanzhao/IdeaProjects/ecse223-group-project-p8/src/test/resources/ProcessOrder.feature:5)
?[0m
  ?[36mGiven ?[0m?[36mthe following grade entities exist in the system?[0m                                                                    ?[90m# ca.mcgill.ecse.coolsupplies.features.OrderStepDefinitions.the_following_grade_entities_exist_in_the_system(io.cucumber.datatable.DataTable)?[0m
  ?[36mGiven ?[0m?[36mthe following student entities exist in the system?[0m                                                                  ?[90m# ca.mcgill.ecse.coolsupplies.features.OrderStepDefinitions.the_following_student_entities_exist_in_the_system(io.cucumber.datatable.DataTable)?[0m
  ?[36mGiven ?[0m?[36mthe following student entities exist for a parent in the system?[0m                                                     ?[90m# ca.mcgill.ecse.coolsupplies.features.OrderStepDefinitions.the_following_student_entities_exist_for_a_parent_in_the_system(io.cucumber.datatable.DataTable)?[0m
  ?[36mGiven ?[0m?[36mthe following item entities exist in the system?[0m                                                                     ?[90m# ca.mcgill.ecse.coolsupplies.features.OrderStepDefinitions.the_following_item_entities_exist_in_the_system(io.cucumber.datatable.DataTable)?[0m
  ?[36mGiven ?[0m?[36mthe following grade bundle entities exist in the system?[0m                                                             ?[90m# ca.mcgill.ecse.coolsupplies.features.OrderStepDefinitions.the_following_grade_bundle_entities_exist_in_the_system(io.cucumber.datatable.DataTable)?[0m
  ?[36mGiven ?[0m?[36mthe following bundle item entities exist in the system?[0m                                                              ?[90m# ca.mcgill.ecse.coolsupplies.features.OrderStepDefinitions.the_following_bundle_item_entities_exist_in_the_system(io.cucumber.datatable.DataTable)?[0m
  ?[36mGiven ?[0m?[36mthe following order entities exist in the system?[0m                                                                    ?[90m# ca.mcgill.ecse.coolsupplies.features.OrderStepDefinitions.the_following_order_entities_exist_in_the_system(io.cucumber.datatable.DataTable)?[0m
  ?[36mGiven ?[0m?[36mthe following order item entities exist in the system?[0m                                                               ?[90m# ca.mcgill.ecse.coolsupplies.features.OrderStepDefinitions.the_following_order_item_entities_exist_in_the_system(io.cucumber.datatable.DataTable)?[0m
  ?[36mGiven ?[0m?[36mthe order ?[0m?[36m?[1m"1"?[0m?[36m is marked as ?[0m?[36m?[1m"Prepared"?[0m                                                                               ?[90m# ca.mcgill.ecse.coolsupplies.features.OrderStepDefinitions.the_order_is_marked_as(java.lang.String,java.lang.String)?[0m
  ?[36mWhen ?[0m?[36mthe parent attempts to update an order with number ?[0m?[36m?[1m"1"?[0m?[36m to purchase level ?[0m?[36m?[1m"Recommended"?[0m?[36m and student with name ?[0m?[36m?[1m"Aaron"?[0m ?[90m# ca.mcgill.ecse.coolsupplies.features.OrderStepDefinitions.the_parent_attempts_to_update_an_order_with_number_to_purchase_level_and_student_with_name(java.lang.String,java.lang.String,java.lang.String)?[0m
  ?[36mThen ?[0m?[36mthe order ?[0m?[36m?[1m"1"?[0m?[36m shall be marked as ?[0m?[36m?[1m"Prepared"?[0m                                                                          ?[90m# ca.mcgill.ecse.coolsupplies.features.OrderStepDefinitions.the_order_shall_be_marked_as(java.lang.String,java.lang.String)?[0m
  ?[36mThen ?[0m?[36mthe number of orders in the system shall be ?[0m?[36m?[1m"4"?[0m                                                                      ?[90m# ca.mcgill.ecse.coolsupplies.features.OrderStepDefinitions.the_number_of_orders_in_the_system_shall_be(java.lang.String)?[0m
  ?[36mThen ?[0m?[36mthe order ?[0m?[36m?[1m"1"?[0m?[36m shall contain level ?[0m?[36m?[1m"Mandatory"?[0m?[36m and student ?[0m?[36m?[1m"Aaron"?[0m                                                    ?[90m# ca.mcgill.ecse.coolsupplies.features.OrderStepDefinitions.the_order_shall_contain_level_and_student(java.lang.String,java.lang.String,java.lang.String)?[0m
  ?[36mThen ?[0m?[36mthe error ?[0m?[36m?[1m"Cannot update a prepared order"?[0m?[36m shall be raised?[0m                                                           ?[90m# ca.mcgill.ecse.coolsupplies.features.OrderStepDefinitions.the_error_shall_be_raised(java.lang.String)?[0m

Scenario Outline: Unsuccessfully update an order due to wrong state                                                         ?[90m# src/test/resources/ProcessOrder.feature:100?[0m
  ?[33mGiven ?[0m?[33mthe following parent entities exist in the system?[0m                                                                   ?[90m# ca.mcgill.ecse.coolsupplies.features.OrderStepDefinitions.the_following_parent_entities_exist_in_the_system(io.cucumber.datatable.DataTable)?[0m
      ?[33mio.cucumber.java.PendingException: TODO: implement me
	at ca.mcgill.ecse.coolsupplies.features.OrderStepDefinitions.the_following_parent_entities_exist_in_the_system(OrderStepDefinitions.java:18)
	at ✽.the following parent entities exist in the system(file:///Users/zhengxuanzhao/IdeaProjects/ecse223-group-project-p8/src/test/resources/ProcessOrder.feature:5)
?[0m
  ?[36mGiven ?[0m?[36mthe following grade entities exist in the system?[0m                                                                    ?[90m# ca.mcgill.ecse.coolsupplies.features.OrderStepDefinitions.the_following_grade_entities_exist_in_the_system(io.cucumber.datatable.DataTable)?[0m
  ?[36mGiven ?[0m?[36mthe following student entities exist in the system?[0m                                                                  ?[90m# ca.mcgill.ecse.coolsupplies.features.OrderStepDefinitions.the_following_student_entities_exist_in_the_system(io.cucumber.datatable.DataTable)?[0m
  ?[36mGiven ?[0m?[36mthe following student entities exist for a parent in the system?[0m                                                     ?[90m# ca.mcgill.ecse.coolsupplies.features.OrderStepDefinitions.the_following_student_entities_exist_for_a_parent_in_the_system(io.cucumber.datatable.DataTable)?[0m
  ?[36mGiven ?[0m?[36mthe following item entities exist in the system?[0m                                                                     ?[90m# ca.mcgill.ecse.coolsupplies.features.OrderStepDefinitions.the_following_item_entities_exist_in_the_system(io.cucumber.datatable.DataTable)?[0m
  ?[36mGiven ?[0m?[36mthe following grade bundle entities exist in the system?[0m                                                             ?[90m# ca.mcgill.ecse.coolsupplies.features.OrderStepDefinitions.the_following_grade_bundle_entities_exist_in_the_system(io.cucumber.datatable.DataTable)?[0m
  ?[36mGiven ?[0m?[36mthe following bundle item entities exist in the system?[0m                                                              ?[90m# ca.mcgill.ecse.coolsupplies.features.OrderStepDefinitions.the_following_bundle_item_entities_exist_in_the_system(io.cucumber.datatable.DataTable)?[0m
  ?[36mGiven ?[0m?[36mthe following order entities exist in the system?[0m                                                                    ?[90m# ca.mcgill.ecse.coolsupplies.features.OrderStepDefinitions.the_following_order_entities_exist_in_the_system(io.cucumber.datatable.DataTable)?[0m
  ?[36mGiven ?[0m?[36mthe following order item entities exist in the system?[0m                                                               ?[90m# ca.mcgill.ecse.coolsupplies.features.OrderStepDefinitions.the_following_order_item_entities_exist_in_the_system(io.cucumber.datatable.DataTable)?[0m
  ?[36mGiven ?[0m?[36mthe order ?[0m?[36m?[1m"1"?[0m?[36m is marked as ?[0m?[36m?[1m"PickedUp"?[0m                                                                               ?[90m# ca.mcgill.ecse.coolsupplies.features.OrderStepDefinitions.the_order_is_marked_as(java.lang.String,java.lang.String)?[0m
  ?[36mWhen ?[0m?[36mthe parent attempts to update an order with number ?[0m?[36m?[1m"1"?[0m?[36m to purchase level ?[0m?[36m?[1m"Recommended"?[0m?[36m and student with name ?[0m?[36m?[1m"Aaron"?[0m ?[90m# ca.mcgill.ecse.coolsupplies.features.OrderStepDefinitions.the_parent_attempts_to_update_an_order_with_number_to_purchase_level_and_student_with_name(java.lang.String,java.lang.String,java.lang.String)?[0m
  ?[36mThen ?[0m?[36mthe order ?[0m?[36m?[1m"1"?[0m?[36m shall be marked as ?[0m?[36m?[1m"PickedUp"?[0m                                                                          ?[90m# ca.mcgill.ecse.coolsupplies.features.OrderStepDefinitions.the_order_shall_be_marked_as(java.lang.String,java.lang.String)?[0m
  ?[36mThen ?[0m?[36mthe number of orders in the system shall be ?[0m?[36m?[1m"4"?[0m                                                                      ?[90m# ca.mcgill.ecse.coolsupplies.features.OrderStepDefinitions.the_number_of_orders_in_the_system_shall_be(java.lang.String)?[0m
  ?[36mThen ?[0m?[36mthe order ?[0m?[36m?[1m"1"?[0m?[36m shall contain level ?[0m?[36m?[1m"Mandatory"?[0m?[36m and student ?[0m?[36m?[1m"Aaron"?[0m                                                    ?[90m# ca.mcgill.ecse.coolsupplies.features.OrderStepDefinitions.the_order_shall_contain_level_and_student(java.lang.String,java.lang.String,java.lang.String)?[0m
  ?[36mThen ?[0m?[36mthe error ?[0m?[36m?[1m"Cannot update a picked up order"?[0m?[36m shall be raised?[0m                                                          ?[90m# ca.mcgill.ecse.coolsupplies.features.OrderStepDefinitions.the_error_shall_be_raised(java.lang.String)?[0m

Scenario Outline: Successfully add an item to an order                                ?[90m# src/test/resources/ProcessOrder.feature:112?[0m
  ?[33mGiven ?[0m?[33mthe following parent entities exist in the system?[0m                             ?[90m# ca.mcgill.ecse.coolsupplies.features.OrderStepDefinitions.the_following_parent_entities_exist_in_the_system(io.cucumber.datatable.DataTable)?[0m
      ?[33mio.cucumber.java.PendingException: TODO: implement me
	at ca.mcgill.ecse.coolsupplies.features.OrderStepDefinitions.the_following_parent_entities_exist_in_the_system(OrderStepDefinitions.java:18)
	at ✽.the following parent entities exist in the system(file:///Users/zhengxuanzhao/IdeaProjects/ecse223-group-project-p8/src/test/resources/ProcessOrder.feature:5)
?[0m
  ?[36mGiven ?[0m?[36mthe following grade entities exist in the system?[0m                              ?[90m# ca.mcgill.ecse.coolsupplies.features.OrderStepDefinitions.the_following_grade_entities_exist_in_the_system(io.cucumber.datatable.DataTable)?[0m
  ?[36mGiven ?[0m?[36mthe following student entities exist in the system?[0m                            ?[90m# ca.mcgill.ecse.coolsupplies.features.OrderStepDefinitions.the_following_student_entities_exist_in_the_system(io.cucumber.datatable.DataTable)?[0m
  ?[36mGiven ?[0m?[36mthe following student entities exist for a parent in the system?[0m               ?[90m# ca.mcgill.ecse.coolsupplies.features.OrderStepDefinitions.the_following_student_entities_exist_for_a_parent_in_the_system(io.cucumber.datatable.DataTable)?[0m
  ?[36mGiven ?[0m?[36mthe following item entities exist in the system?[0m                               ?[90m# ca.mcgill.ecse.coolsupplies.features.OrderStepDefinitions.the_following_item_entities_exist_in_the_system(io.cucumber.datatable.DataTable)?[0m
  ?[36mGiven ?[0m?[36mthe following grade bundle entities exist in the system?[0m                       ?[90m# ca.mcgill.ecse.coolsupplies.features.OrderStepDefinitions.the_following_grade_bundle_entities_exist_in_the_system(io.cucumber.datatable.DataTable)?[0m
  ?[36mGiven ?[0m?[36mthe following bundle item entities exist in the system?[0m                        ?[90m# ca.mcgill.ecse.coolsupplies.features.OrderStepDefinitions.the_following_bundle_item_entities_exist_in_the_system(io.cucumber.datatable.DataTable)?[0m
  ?[36mGiven ?[0m?[36mthe following order entities exist in the system?[0m                              ?[90m# ca.mcgill.ecse.coolsupplies.features.OrderStepDefinitions.the_following_order_entities_exist_in_the_system(io.cucumber.datatable.DataTable)?[0m
  ?[36mGiven ?[0m?[36mthe following order item entities exist in the system?[0m                         ?[90m# ca.mcgill.ecse.coolsupplies.features.OrderStepDefinitions.the_following_order_item_entities_exist_in_the_system(io.cucumber.datatable.DataTable)?[0m
  ?[36mGiven ?[0m?[36mthe order ?[0m?[36m?[1m"1"?[0m?[36m is marked as ?[0m?[36m?[1m"Started"?[0m                                          ?[90m# ca.mcgill.ecse.coolsupplies.features.OrderStepDefinitions.the_order_is_marked_as(java.lang.String,java.lang.String)?[0m
  ?[36mWhen ?[0m?[36mthe parent attempts to add an item ?[0m?[36m?[1m"pencil"?[0m?[36m with quantity ?[0m?[36m?[1m"3"?[0m?[36m to the order ?[0m?[36m?[1m"1"?[0m ?[90m# ca.mcgill.ecse.coolsupplies.features.OrderStepDefinitions.the_parent_attempts_to_add_an_item_with_quantity_to_the_order(java.lang.String,java.lang.String,java.lang.String)?[0m
  ?[36mThen ?[0m?[36mthe order ?[0m?[36m?[1m"1"?[0m?[36m shall be marked as ?[0m?[36m?[1m"Started"?[0m                                     ?[90m# ca.mcgill.ecse.coolsupplies.features.OrderStepDefinitions.the_order_shall_be_marked_as(java.lang.String,java.lang.String)?[0m
  ?[36mThen ?[0m?[36mthe number of order items in the system shall be ?[0m?[36m?[1m"3"?[0m                           ?[90m# ca.mcgill.ecse.coolsupplies.features.OrderStepDefinitions.the_number_of_order_items_in_the_system_shall_be(java.lang.String)?[0m
  ?[36mThen ?[0m?[36mthe order ?[0m?[36m?[1m"1"?[0m?[36m shall contain ?[0m?[36m?[1m"3"?[0m?[36m items?[0m                                          ?[90m# ca.mcgill.ecse.coolsupplies.features.OrderStepDefinitions.the_order_shall_contain_items(java.lang.String,java.lang.String)?[0m
  ?[36mThen ?[0m?[36mthe order ?[0m?[36m?[1m"1"?[0m?[36m shall contain ?[0m?[36m?[1m"pencil"?[0m?[36m with quantity ?[0m?[36m?[1m"3"?[0m                         ?[90m# ca.mcgill.ecse.coolsupplies.features.OrderStepDefinitions.the_order_shall_contain_with_quantity(java.lang.String,java.lang.String,java.lang.String)?[0m

Scenario Outline: Successfully add an item to an order                                  ?[90m# src/test/resources/ProcessOrder.feature:113?[0m
  ?[33mGiven ?[0m?[33mthe following parent entities exist in the system?[0m                               ?[90m# ca.mcgill.ecse.coolsupplies.features.OrderStepDefinitions.the_following_parent_entities_exist_in_the_system(io.cucumber.datatable.DataTable)?[0m
      ?[33mio.cucumber.java.PendingException: TODO: implement me
	at ca.mcgill.ecse.coolsupplies.features.OrderStepDefinitions.the_following_parent_entities_exist_in_the_system(OrderStepDefinitions.java:18)
	at ✽.the following parent entities exist in the system(file:///Users/zhengxuanzhao/IdeaProjects/ecse223-group-project-p8/src/test/resources/ProcessOrder.feature:5)
?[0m
  ?[36mGiven ?[0m?[36mthe following grade entities exist in the system?[0m                                ?[90m# ca.mcgill.ecse.coolsupplies.features.OrderStepDefinitions.the_following_grade_entities_exist_in_the_system(io.cucumber.datatable.DataTable)?[0m
  ?[36mGiven ?[0m?[36mthe following student entities exist in the system?[0m                              ?[90m# ca.mcgill.ecse.coolsupplies.features.OrderStepDefinitions.the_following_student_entities_exist_in_the_system(io.cucumber.datatable.DataTable)?[0m
  ?[36mGiven ?[0m?[36mthe following student entities exist for a parent in the system?[0m                 ?[90m# ca.mcgill.ecse.coolsupplies.features.OrderStepDefinitions.the_following_student_entities_exist_for_a_parent_in_the_system(io.cucumber.datatable.DataTable)?[0m
  ?[36mGiven ?[0m?[36mthe following item entities exist in the system?[0m                                 ?[90m# ca.mcgill.ecse.coolsupplies.features.OrderStepDefinitions.the_following_item_entities_exist_in_the_system(io.cucumber.datatable.DataTable)?[0m
  ?[36mGiven ?[0m?[36mthe following grade bundle entities exist in the system?[0m                         ?[90m# ca.mcgill.ecse.coolsupplies.features.OrderStepDefinitions.the_following_grade_bundle_entities_exist_in_the_system(io.cucumber.datatable.DataTable)?[0m
  ?[36mGiven ?[0m?[36mthe following bundle item entities exist in the system?[0m                          ?[90m# ca.mcgill.ecse.coolsupplies.features.OrderStepDefinitions.the_following_bundle_item_entities_exist_in_the_system(io.cucumber.datatable.DataTable)?[0m
  ?[36mGiven ?[0m?[36mthe following order entities exist in the system?[0m                                ?[90m# ca.mcgill.ecse.coolsupplies.features.OrderStepDefinitions.the_following_order_entities_exist_in_the_system(io.cucumber.datatable.DataTable)?[0m
  ?[36mGiven ?[0m?[36mthe following order item entities exist in the system?[0m                           ?[90m# ca.mcgill.ecse.coolsupplies.features.OrderStepDefinitions.the_following_order_item_entities_exist_in_the_system(io.cucumber.datatable.DataTable)?[0m
  ?[36mGiven ?[0m?[36mthe order ?[0m?[36m?[1m"2"?[0m?[36m is marked as ?[0m?[36m?[1m"Started"?[0m                                            ?[90m# ca.mcgill.ecse.coolsupplies.features.OrderStepDefinitions.the_order_is_marked_as(java.lang.String,java.lang.String)?[0m
  ?[36mWhen ?[0m?[36mthe parent attempts to add an item ?[0m?[36m?[1m"textbook"?[0m?[36m with quantity ?[0m?[36m?[1m"1"?[0m?[36m to the order ?[0m?[36m?[1m"2"?[0m ?[90m# ca.mcgill.ecse.coolsupplies.features.OrderStepDefinitions.the_parent_attempts_to_add_an_item_with_quantity_to_the_order(java.lang.String,java.lang.String,java.lang.String)?[0m
  ?[36mThen ?[0m?[36mthe order ?[0m?[36m?[1m"2"?[0m?[36m shall be marked as ?[0m?[36m?[1m"Started"?[0m                                       ?[90m# ca.mcgill.ecse.coolsupplies.features.OrderStepDefinitions.the_order_shall_be_marked_as(java.lang.String,java.lang.String)?[0m
  ?[36mThen ?[0m?[36mthe number of order items in the system shall be ?[0m?[36m?[1m"3"?[0m                             ?[90m# ca.mcgill.ecse.coolsupplies.features.OrderStepDefinitions.the_number_of_order_items_in_the_system_shall_be(java.lang.String)?[0m
  ?[36mThen ?[0m?[36mthe order ?[0m?[36m?[1m"2"?[0m?[36m shall contain ?[0m?[36m?[1m"1"?[0m?[36m items?[0m                                            ?[90m# ca.mcgill.ecse.coolsupplies.features.OrderStepDefinitions.the_order_shall_contain_items(java.lang.String,java.lang.String)?[0m
  ?[36mThen ?[0m?[36mthe order ?[0m?[36m?[1m"2"?[0m?[36m shall contain ?[0m?[36m?[1m"textbook"?[0m?[36m with quantity ?[0m?[36m?[1m"1"?[0m                         ?[90m# ca.mcgill.ecse.coolsupplies.features.OrderStepDefinitions.the_order_shall_contain_with_quantity(java.lang.String,java.lang.String,java.lang.String)?[0m

Scenario Outline: Successfully add an item to an order                                  ?[90m# src/test/resources/ProcessOrder.feature:114?[0m
  ?[33mGiven ?[0m?[33mthe following parent entities exist in the system?[0m                               ?[90m# ca.mcgill.ecse.coolsupplies.features.OrderStepDefinitions.the_following_parent_entities_exist_in_the_system(io.cucumber.datatable.DataTable)?[0m
      ?[33mio.cucumber.java.PendingException: TODO: implement me
	at ca.mcgill.ecse.coolsupplies.features.OrderStepDefinitions.the_following_parent_entities_exist_in_the_system(OrderStepDefinitions.java:18)
	at ✽.the following parent entities exist in the system(file:///Users/zhengxuanzhao/IdeaProjects/ecse223-group-project-p8/src/test/resources/ProcessOrder.feature:5)
?[0m
  ?[36mGiven ?[0m?[36mthe following grade entities exist in the system?[0m                                ?[90m# ca.mcgill.ecse.coolsupplies.features.OrderStepDefinitions.the_following_grade_entities_exist_in_the_system(io.cucumber.datatable.DataTable)?[0m
  ?[36mGiven ?[0m?[36mthe following student entities exist in the system?[0m                              ?[90m# ca.mcgill.ecse.coolsupplies.features.OrderStepDefinitions.the_following_student_entities_exist_in_the_system(io.cucumber.datatable.DataTable)?[0m
  ?[36mGiven ?[0m?[36mthe following student entities exist for a parent in the system?[0m                 ?[90m# ca.mcgill.ecse.coolsupplies.features.OrderStepDefinitions.the_following_student_entities_exist_for_a_parent_in_the_system(io.cucumber.datatable.DataTable)?[0m
  ?[36mGiven ?[0m?[36mthe following item entities exist in the system?[0m                                 ?[90m# ca.mcgill.ecse.coolsupplies.features.OrderStepDefinitions.the_following_item_entities_exist_in_the_system(io.cucumber.datatable.DataTable)?[0m
  ?[36mGiven ?[0m?[36mthe following grade bundle entities exist in the system?[0m                         ?[90m# ca.mcgill.ecse.coolsupplies.features.OrderStepDefinitions.the_following_grade_bundle_entities_exist_in_the_system(io.cucumber.datatable.DataTable)?[0m
  ?[36mGiven ?[0m?[36mthe following bundle item entities exist in the system?[0m                          ?[90m# ca.mcgill.ecse.coolsupplies.features.OrderStepDefinitions.the_following_bundle_item_entities_exist_in_the_system(io.cucumber.datatable.DataTable)?[0m
  ?[36mGiven ?[0m?[36mthe following order entities exist in the system?[0m                                ?[90m# ca.mcgill.ecse.coolsupplies.features.OrderStepDefinitions.the_following_order_entities_exist_in_the_system(io.cucumber.datatable.DataTable)?[0m
  ?[36mGiven ?[0m?[36mthe following order item entities exist in the system?[0m                           ?[90m# ca.mcgill.ecse.coolsupplies.features.OrderStepDefinitions.the_following_order_item_entities_exist_in_the_system(io.cucumber.datatable.DataTable)?[0m
  ?[36mGiven ?[0m?[36mthe order ?[0m?[36m?[1m"3"?[0m?[36m is marked as ?[0m?[36m?[1m"Started"?[0m                                            ?[90m# ca.mcgill.ecse.coolsupplies.features.OrderStepDefinitions.the_order_is_marked_as(java.lang.String,java.lang.String)?[0m
  ?[36mWhen ?[0m?[36mthe parent attempts to add an item ?[0m?[36m?[1m"Bundle 5"?[0m?[36m with quantity ?[0m?[36m?[1m"1"?[0m?[36m to the order ?[0m?[36m?[1m"3"?[0m ?[90m# ca.mcgill.ecse.coolsupplies.features.OrderStepDefinitions.the_parent_attempts_to_add_an_item_with_quantity_to_the_order(java.lang.String,java.lang.String,java.lang.String)?[0m
  ?[36mThen ?[0m?[36mthe order ?[0m?[36m?[1m"3"?[0m?[36m shall be marked as ?[0m?[36m?[1m"Started"?[0m                                       ?[90m# ca.mcgill.ecse.coolsupplies.features.OrderStepDefinitions.the_order_shall_be_marked_as(java.lang.String,java.lang.String)?[0m
  ?[36mThen ?[0m?[36mthe number of order items in the system shall be ?[0m?[36m?[1m"3"?[0m                             ?[90m# ca.mcgill.ecse.coolsupplies.features.OrderStepDefinitions.the_number_of_order_items_in_the_system_shall_be(java.lang.String)?[0m
  ?[36mThen ?[0m?[36mthe order ?[0m?[36m?[1m"3"?[0m?[36m shall contain ?[0m?[36m?[1m"1"?[0m?[36m items?[0m                                            ?[90m# ca.mcgill.ecse.coolsupplies.features.OrderStepDefinitions.the_order_shall_contain_items(java.lang.String,java.lang.String)?[0m
  ?[36mThen ?[0m?[36mthe order ?[0m?[36m?[1m"3"?[0m?[36m shall contain ?[0m?[36m?[1m"Bundle 5"?[0m?[36m with quantity ?[0m?[36m?[1m"1"?[0m                         ?[90m# ca.mcgill.ecse.coolsupplies.features.OrderStepDefinitions.the_order_shall_contain_with_quantity(java.lang.String,java.lang.String,java.lang.String)?[0m

Scenario Outline: Successfully add an item to an order                                  ?[90m# src/test/resources/ProcessOrder.feature:115?[0m
  ?[33mGiven ?[0m?[33mthe following parent entities exist in the system?[0m                               ?[90m# ca.mcgill.ecse.coolsupplies.features.OrderStepDefinitions.the_following_parent_entities_exist_in_the_system(io.cucumber.datatable.DataTable)?[0m
      ?[33mio.cucumber.java.PendingException: TODO: implement me
	at ca.mcgill.ecse.coolsupplies.features.OrderStepDefinitions.the_following_parent_entities_exist_in_the_system(OrderStepDefinitions.java:18)
	at ✽.the following parent entities exist in the system(file:///Users/zhengxuanzhao/IdeaProjects/ecse223-group-project-p8/src/test/resources/ProcessOrder.feature:5)
?[0m
  ?[36mGiven ?[0m?[36mthe following grade entities exist in the system?[0m                                ?[90m# ca.mcgill.ecse.coolsupplies.features.OrderStepDefinitions.the_following_grade_entities_exist_in_the_system(io.cucumber.datatable.DataTable)?[0m
  ?[36mGiven ?[0m?[36mthe following student entities exist in the system?[0m                              ?[90m# ca.mcgill.ecse.coolsupplies.features.OrderStepDefinitions.the_following_student_entities_exist_in_the_system(io.cucumber.datatable.DataTable)?[0m
  ?[36mGiven ?[0m?[36mthe following student entities exist for a parent in the system?[0m                 ?[90m# ca.mcgill.ecse.coolsupplies.features.OrderStepDefinitions.the_following_student_entities_exist_for_a_parent_in_the_system(io.cucumber.datatable.DataTable)?[0m
  ?[36mGiven ?[0m?[36mthe following item entities exist in the system?[0m                                 ?[90m# ca.mcgill.ecse.coolsupplies.features.OrderStepDefinitions.the_following_item_entities_exist_in_the_system(io.cucumber.datatable.DataTable)?[0m
  ?[36mGiven ?[0m?[36mthe following grade bundle entities exist in the system?[0m                         ?[90m# ca.mcgill.ecse.coolsupplies.features.OrderStepDefinitions.the_following_grade_bundle_entities_exist_in_the_system(io.cucumber.datatable.DataTable)?[0m
  ?[36mGiven ?[0m?[36mthe following bundle item entities exist in the system?[0m                          ?[90m# ca.mcgill.ecse.coolsupplies.features.OrderStepDefinitions.the_following_bundle_item_entities_exist_in_the_system(io.cucumber.datatable.DataTable)?[0m
  ?[36mGiven ?[0m?[36mthe following order entities exist in the system?[0m                                ?[90m# ca.mcgill.ecse.coolsupplies.features.OrderStepDefinitions.the_following_order_entities_exist_in_the_system(io.cucumber.datatable.DataTable)?[0m
  ?[36mGiven ?[0m?[36mthe following order item entities exist in the system?[0m                           ?[90m# ca.mcgill.ecse.coolsupplies.features.OrderStepDefinitions.the_following_order_item_entities_exist_in_the_system(io.cucumber.datatable.DataTable)?[0m
  ?[36mGiven ?[0m?[36mthe order ?[0m?[36m?[1m"4"?[0m?[36m is marked as ?[0m?[36m?[1m"Started"?[0m                                            ?[90m# ca.mcgill.ecse.coolsupplies.features.OrderStepDefinitions.the_order_is_marked_as(java.lang.String,java.lang.String)?[0m
  ?[36mWhen ?[0m?[36mthe parent attempts to add an item ?[0m?[36m?[1m"Bundle 6"?[0m?[36m with quantity ?[0m?[36m?[1m"1"?[0m?[36m to the order ?[0m?[36m?[1m"4"?[0m ?[90m# ca.mcgill.ecse.coolsupplies.features.OrderStepDefinitions.the_parent_attempts_to_add_an_item_with_quantity_to_the_order(java.lang.String,java.lang.String,java.lang.String)?[0m
  ?[36mThen ?[0m?[36mthe order ?[0m?[36m?[1m"4"?[0m?[36m shall be marked as ?[0m?[36m?[1m"Started"?[0m                                       ?[90m# ca.mcgill.ecse.coolsupplies.features.OrderStepDefinitions.the_order_shall_be_marked_as(java.lang.String,java.lang.String)?[0m
  ?[36mThen ?[0m?[36mthe number of order items in the system shall be ?[0m?[36m?[1m"3"?[0m                             ?[90m# ca.mcgill.ecse.coolsupplies.features.OrderStepDefinitions.the_number_of_order_items_in_the_system_shall_be(java.lang.String)?[0m
  ?[36mThen ?[0m?[36mthe order ?[0m?[36m?[1m"4"?[0m?[36m shall contain ?[0m?[36m?[1m"1"?[0m?[36m items?[0m                                            ?[90m# ca.mcgill.ecse.coolsupplies.features.OrderStepDefinitions.the_order_shall_contain_items(java.lang.String,java.lang.String)?[0m
  ?[36mThen ?[0m?[36mthe order ?[0m?[36m?[1m"4"?[0m?[36m shall contain ?[0m?[36m?[1m"Bundle 6"?[0m?[36m with quantity ?[0m?[36m?[1m"1"?[0m                         ?[90m# ca.mcgill.ecse.coolsupplies.features.OrderStepDefinitions.the_order_shall_contain_with_quantity(java.lang.String,java.lang.String,java.lang.String)?[0m

Scenario Outline: Unsuccessfully add an item to an order due to wrong input           ?[90m# src/test/resources/ProcessOrder.feature:128?[0m
  ?[33mGiven ?[0m?[33mthe following parent entities exist in the system?[0m                             ?[90m# ca.mcgill.ecse.coolsupplies.features.OrderStepDefinitions.the_following_parent_entities_exist_in_the_system(io.cucumber.datatable.DataTable)?[0m
      ?[33mio.cucumber.java.PendingException: TODO: implement me
	at ca.mcgill.ecse.coolsupplies.features.OrderStepDefinitions.the_following_parent_entities_exist_in_the_system(OrderStepDefinitions.java:18)
	at ✽.the following parent entities exist in the system(file:///Users/zhengxuanzhao/IdeaProjects/ecse223-group-project-p8/src/test/resources/ProcessOrder.feature:5)
?[0m
  ?[36mGiven ?[0m?[36mthe following grade entities exist in the system?[0m                              ?[90m# ca.mcgill.ecse.coolsupplies.features.OrderStepDefinitions.the_following_grade_entities_exist_in_the_system(io.cucumber.datatable.DataTable)?[0m
  ?[36mGiven ?[0m?[36mthe following student entities exist in the system?[0m                            ?[90m# ca.mcgill.ecse.coolsupplies.features.OrderStepDefinitions.the_following_student_entities_exist_in_the_system(io.cucumber.datatable.DataTable)?[0m
  ?[36mGiven ?[0m?[36mthe following student entities exist for a parent in the system?[0m               ?[90m# ca.mcgill.ecse.coolsupplies.features.OrderStepDefinitions.the_following_student_entities_exist_for_a_parent_in_the_system(io.cucumber.datatable.DataTable)?[0m
  ?[36mGiven ?[0m?[36mthe following item entities exist in the system?[0m                               ?[90m# ca.mcgill.ecse.coolsupplies.features.OrderStepDefinitions.the_following_item_entities_exist_in_the_system(io.cucumber.datatable.DataTable)?[0m
  ?[36mGiven ?[0m?[36mthe following grade bundle entities exist in the system?[0m                       ?[90m# ca.mcgill.ecse.coolsupplies.features.OrderStepDefinitions.the_following_grade_bundle_entities_exist_in_the_system(io.cucumber.datatable.DataTable)?[0m
  ?[36mGiven ?[0m?[36mthe following bundle item entities exist in the system?[0m                        ?[90m# ca.mcgill.ecse.coolsupplies.features.OrderStepDefinitions.the_following_bundle_item_entities_exist_in_the_system(io.cucumber.datatable.DataTable)?[0m
  ?[36mGiven ?[0m?[36mthe following order entities exist in the system?[0m                              ?[90m# ca.mcgill.ecse.coolsupplies.features.OrderStepDefinitions.the_following_order_entities_exist_in_the_system(io.cucumber.datatable.DataTable)?[0m
  ?[36mGiven ?[0m?[36mthe following order item entities exist in the system?[0m                         ?[90m# ca.mcgill.ecse.coolsupplies.features.OrderStepDefinitions.the_following_order_item_entities_exist_in_the_system(io.cucumber.datatable.DataTable)?[0m
  ?[36mGiven ?[0m?[36mthe order ?[0m?[36m?[1m"1"?[0m?[36m is marked as ?[0m?[36m?[1m"Started"?[0m                                          ?[90m# ca.mcgill.ecse.coolsupplies.features.OrderStepDefinitions.the_order_is_marked_as(java.lang.String,java.lang.String)?[0m
  ?[36mWhen ?[0m?[36mthe parent attempts to add an item ?[0m?[36m?[1m"eraser"?[0m?[36m with quantity ?[0m?[36m?[1m"2"?[0m?[36m to the order ?[0m?[36m?[1m"1"?[0m ?[90m# ca.mcgill.ecse.coolsupplies.features.OrderStepDefinitions.the_parent_attempts_to_add_an_item_with_quantity_to_the_order(java.lang.String,java.lang.String,java.lang.String)?[0m
  ?[36mThen ?[0m?[36mthe order ?[0m?[36m?[1m"1"?[0m?[36m shall be marked as ?[0m?[36m?[1m"Started"?[0m                                     ?[90m# ca.mcgill.ecse.coolsupplies.features.OrderStepDefinitions.the_order_shall_be_marked_as(java.lang.String,java.lang.String)?[0m
  ?[36mThen ?[0m?[36mthe number of order items in the system shall be ?[0m?[36m?[1m"2"?[0m                           ?[90m# ca.mcgill.ecse.coolsupplies.features.OrderStepDefinitions.the_number_of_order_items_in_the_system_shall_be(java.lang.String)?[0m
  ?[36mThen ?[0m?[36mthe order ?[0m?[36m?[1m"1"?[0m?[36m shall contain ?[0m?[36m?[1m"2"?[0m?[36m items?[0m                                          ?[90m# ca.mcgill.ecse.coolsupplies.features.OrderStepDefinitions.the_order_shall_contain_items(java.lang.String,java.lang.String)?[0m
  ?[36mThen ?[0m?[36mthe order ?[0m?[36m?[1m"1"?[0m?[36m shall not contain ?[0m?[36m?[1m"eraser"?[0m?[36m with quantity ?[0m?[36m?[1m"2"?[0m                     ?[90m# ca.mcgill.ecse.coolsupplies.features.OrderStepDefinitions.the_order_shall_not_contain_with_quantity(java.lang.String,java.lang.String,java.lang.String)?[0m
  ?[36mThen ?[0m?[36mthe error ?[0m?[36m?[1m"Item eraser already exists in the order 1."?[0m?[36m shall be raised?[0m         ?[90m# ca.mcgill.ecse.coolsupplies.features.OrderStepDefinitions.the_error_shall_be_raised(java.lang.String)?[0m

Scenario Outline: Unsuccessfully add an item to an order due to wrong input             ?[90m# src/test/resources/ProcessOrder.feature:129?[0m
  ?[33mGiven ?[0m?[33mthe following parent entities exist in the system?[0m                               ?[90m# ca.mcgill.ecse.coolsupplies.features.OrderStepDefinitions.the_following_parent_entities_exist_in_the_system(io.cucumber.datatable.DataTable)?[0m
      ?[33mio.cucumber.java.PendingException: TODO: implement me
	at ca.mcgill.ecse.coolsupplies.features.OrderStepDefinitions.the_following_parent_entities_exist_in_the_system(OrderStepDefinitions.java:18)
	at ✽.the following parent entities exist in the system(file:///Users/zhengxuanzhao/IdeaProjects/ecse223-group-project-p8/src/test/resources/ProcessOrder.feature:5)
?[0m
  ?[36mGiven ?[0m?[36mthe following grade entities exist in the system?[0m                                ?[90m# ca.mcgill.ecse.coolsupplies.features.OrderStepDefinitions.the_following_grade_entities_exist_in_the_system(io.cucumber.datatable.DataTable)?[0m
  ?[36mGiven ?[0m?[36mthe following student entities exist in the system?[0m                              ?[90m# ca.mcgill.ecse.coolsupplies.features.OrderStepDefinitions.the_following_student_entities_exist_in_the_system(io.cucumber.datatable.DataTable)?[0m
  ?[36mGiven ?[0m?[36mthe following student entities exist for a parent in the system?[0m                 ?[90m# ca.mcgill.ecse.coolsupplies.features.OrderStepDefinitions.the_following_student_entities_exist_for_a_parent_in_the_system(io.cucumber.datatable.DataTable)?[0m
  ?[36mGiven ?[0m?[36mthe following item entities exist in the system?[0m                                 ?[90m# ca.mcgill.ecse.coolsupplies.features.OrderStepDefinitions.the_following_item_entities_exist_in_the_system(io.cucumber.datatable.DataTable)?[0m
  ?[36mGiven ?[0m?[36mthe following grade bundle entities exist in the system?[0m                         ?[90m# ca.mcgill.ecse.coolsupplies.features.OrderStepDefinitions.the_following_grade_bundle_entities_exist_in_the_system(io.cucumber.datatable.DataTable)?[0m
  ?[36mGiven ?[0m?[36mthe following bundle item entities exist in the system?[0m                          ?[90m# ca.mcgill.ecse.coolsupplies.features.OrderStepDefinitions.the_following_bundle_item_entities_exist_in_the_system(io.cucumber.datatable.DataTable)?[0m
  ?[36mGiven ?[0m?[36mthe following order entities exist in the system?[0m                                ?[90m# ca.mcgill.ecse.coolsupplies.features.OrderStepDefinitions.the_following_order_entities_exist_in_the_system(io.cucumber.datatable.DataTable)?[0m
  ?[36mGiven ?[0m?[36mthe following order item entities exist in the system?[0m                           ?[90m# ca.mcgill.ecse.coolsupplies.features.OrderStepDefinitions.the_following_order_item_entities_exist_in_the_system(io.cucumber.datatable.DataTable)?[0m
  ?[36mGiven ?[0m?[36mthe order ?[0m?[36m?[1m"1"?[0m?[36m is marked as ?[0m?[36m?[1m"Started"?[0m                                            ?[90m# ca.mcgill.ecse.coolsupplies.features.OrderStepDefinitions.the_order_is_marked_as(java.lang.String,java.lang.String)?[0m
  ?[36mWhen ?[0m?[36mthe parent attempts to add an item ?[0m?[36m?[1m"Bundle 5"?[0m?[36m with quantity ?[0m?[36m?[1m"2"?[0m?[36m to the order ?[0m?[36m?[1m"1"?[0m ?[90m# ca.mcgill.ecse.coolsupplies.features.OrderStepDefinitions.the_parent_attempts_to_add_an_item_with_quantity_to_the_order(java.lang.String,java.lang.String,java.lang.String)?[0m
  ?[36mThen ?[0m?[36mthe order ?[0m?[36m?[1m"1"?[0m?[36m shall be marked as ?[0m?[36m?[1m"Started"?[0m                                       ?[90m# ca.mcgill.ecse.coolsupplies.features.OrderStepDefinitions.the_order_shall_be_marked_as(java.lang.String,java.lang.String)?[0m
  ?[36mThen ?[0m?[36mthe number of order items in the system shall be ?[0m?[36m?[1m"2"?[0m                             ?[90m# ca.mcgill.ecse.coolsupplies.features.OrderStepDefinitions.the_number_of_order_items_in_the_system_shall_be(java.lang.String)?[0m
  ?[36mThen ?[0m?[36mthe order ?[0m?[36m?[1m"1"?[0m?[36m shall contain ?[0m?[36m?[1m"2"?[0m?[36m items?[0m                                            ?[90m# ca.mcgill.ecse.coolsupplies.features.OrderStepDefinitions.the_order_shall_contain_items(java.lang.String,java.lang.String)?[0m
  ?[36mThen ?[0m?[36mthe order ?[0m?[36m?[1m"1"?[0m?[36m shall not contain ?[0m?[36m?[1m"Bundle 5"?[0m?[36m with quantity ?[0m?[36m?[1m"2"?[0m                     ?[90m# ca.mcgill.ecse.coolsupplies.features.OrderStepDefinitions.the_order_shall_not_contain_with_quantity(java.lang.String,java.lang.String,java.lang.String)?[0m
  ?[36mThen ?[0m?[36mthe error ?[0m?[36m?[1m"Item Bundle 5 already exists in the order 1."?[0m?[36m shall be raised?[0m         ?[90m# ca.mcgill.ecse.coolsupplies.features.OrderStepDefinitions.the_error_shall_be_raised(java.lang.String)?[0m

Scenario Outline: Unsuccessfully add an item to an order due to wrong input             ?[90m# src/test/resources/ProcessOrder.feature:130?[0m
  ?[33mGiven ?[0m?[33mthe following parent entities exist in the system?[0m                               ?[90m# ca.mcgill.ecse.coolsupplies.features.OrderStepDefinitions.the_following_parent_entities_exist_in_the_system(io.cucumber.datatable.DataTable)?[0m
      ?[33mio.cucumber.java.PendingException: TODO: implement me
	at ca.mcgill.ecse.coolsupplies.features.OrderStepDefinitions.the_following_parent_entities_exist_in_the_system(OrderStepDefinitions.java:18)
	at ✽.the following parent entities exist in the system(file:///Users/zhengxuanzhao/IdeaProjects/ecse223-group-project-p8/src/test/resources/ProcessOrder.feature:5)
?[0m
  ?[36mGiven ?[0m?[36mthe following grade entities exist in the system?[0m                                ?[90m# ca.mcgill.ecse.coolsupplies.features.OrderStepDefinitions.the_following_grade_entities_exist_in_the_system(io.cucumber.datatable.DataTable)?[0m
  ?[36mGiven ?[0m?[36mthe following student entities exist in the system?[0m                              ?[90m# ca.mcgill.ecse.coolsupplies.features.OrderStepDefinitions.the_following_student_entities_exist_in_the_system(io.cucumber.datatable.DataTable)?[0m
  ?[36mGiven ?[0m?[36mthe following student entities exist for a parent in the system?[0m                 ?[90m# ca.mcgill.ecse.coolsupplies.features.OrderStepDefinitions.the_following_student_entities_exist_for_a_parent_in_the_system(io.cucumber.datatable.DataTable)?[0m
  ?[36mGiven ?[0m?[36mthe following item entities exist in the system?[0m                                 ?[90m# ca.mcgill.ecse.coolsupplies.features.OrderStepDefinitions.the_following_item_entities_exist_in_the_system(io.cucumber.datatable.DataTable)?[0m
  ?[36mGiven ?[0m?[36mthe following grade bundle entities exist in the system?[0m                         ?[90m# ca.mcgill.ecse.coolsupplies.features.OrderStepDefinitions.the_following_grade_bundle_entities_exist_in_the_system(io.cucumber.datatable.DataTable)?[0m
  ?[36mGiven ?[0m?[36mthe following bundle item entities exist in the system?[0m                          ?[90m# ca.mcgill.ecse.coolsupplies.features.OrderStepDefinitions.the_following_bundle_item_entities_exist_in_the_system(io.cucumber.datatable.DataTable)?[0m
  ?[36mGiven ?[0m?[36mthe following order entities exist in the system?[0m                                ?[90m# ca.mcgill.ecse.coolsupplies.features.OrderStepDefinitions.the_following_order_entities_exist_in_the_system(io.cucumber.datatable.DataTable)?[0m
  ?[36mGiven ?[0m?[36mthe following order item entities exist in the system?[0m                           ?[90m# ca.mcgill.ecse.coolsupplies.features.OrderStepDefinitions.the_following_order_item_entities_exist_in_the_system(io.cucumber.datatable.DataTable)?[0m
  ?[36mGiven ?[0m?[36mthe order ?[0m?[36m?[1m"1"?[0m?[36m is marked as ?[0m?[36m?[1m"Started"?[0m                                            ?[90m# ca.mcgill.ecse.coolsupplies.features.OrderStepDefinitions.the_order_is_marked_as(java.lang.String,java.lang.String)?[0m
  ?[36mWhen ?[0m?[36mthe parent attempts to add an item ?[0m?[36m?[1m"NotExist"?[0m?[36m with quantity ?[0m?[36m?[1m"1"?[0m?[36m to the order ?[0m?[36m?[1m"1"?[0m ?[90m# ca.mcgill.ecse.coolsupplies.features.OrderStepDefinitions.the_parent_attempts_to_add_an_item_with_quantity_to_the_order(java.lang.String,java.lang.String,java.lang.String)?[0m
  ?[36mThen ?[0m?[36mthe order ?[0m?[36m?[1m"1"?[0m?[36m shall be marked as ?[0m?[36m?[1m"Started"?[0m                                       ?[90m# ca.mcgill.ecse.coolsupplies.features.OrderStepDefinitions.the_order_shall_be_marked_as(java.lang.String,java.lang.String)?[0m
  ?[36mThen ?[0m?[36mthe number of order items in the system shall be ?[0m?[36m?[1m"2"?[0m                             ?[90m# ca.mcgill.ecse.coolsupplies.features.OrderStepDefinitions.the_number_of_order_items_in_the_system_shall_be(java.lang.String)?[0m
  ?[36mThen ?[0m?[36mthe order ?[0m?[36m?[1m"1"?[0m?[36m shall contain ?[0m?[36m?[1m"2"?[0m?[36m items?[0m                                            ?[90m# ca.mcgill.ecse.coolsupplies.features.OrderStepDefinitions.the_order_shall_contain_items(java.lang.String,java.lang.String)?[0m
  ?[36mThen ?[0m?[36mthe order ?[0m?[36m?[1m"1"?[0m?[36m shall not contain ?[0m?[36m?[1m"NotExist"?[0m?[36m with quantity ?[0m?[36m?[1m"1"?[0m                     ?[90m# ca.mcgill.ecse.coolsupplies.features.OrderStepDefinitions.the_order_shall_not_contain_with_quantity(java.lang.String,java.lang.String,java.lang.String)?[0m
  ?[36mThen ?[0m?[36mthe error ?[0m?[36m?[1m"Item NotExist does not exist."?[0m?[36m shall be raised?[0m                        ?[90m# ca.mcgill.ecse.coolsupplies.features.OrderStepDefinitions.the_error_shall_be_raised(java.lang.String)?[0m

Scenario Outline: Unsuccessfully add an item to an order due to wrong input           ?[90m# src/test/resources/ProcessOrder.feature:131?[0m
  ?[33mGiven ?[0m?[33mthe following parent entities exist in the system?[0m                             ?[90m# ca.mcgill.ecse.coolsupplies.features.OrderStepDefinitions.the_following_parent_entities_exist_in_the_system(io.cucumber.datatable.DataTable)?[0m
      ?[33mio.cucumber.java.PendingException: TODO: implement me
	at ca.mcgill.ecse.coolsupplies.features.OrderStepDefinitions.the_following_parent_entities_exist_in_the_system(OrderStepDefinitions.java:18)
	at ✽.the following parent entities exist in the system(file:///Users/zhengxuanzhao/IdeaProjects/ecse223-group-project-p8/src/test/resources/ProcessOrder.feature:5)
?[0m
  ?[36mGiven ?[0m?[36mthe following grade entities exist in the system?[0m                              ?[90m# ca.mcgill.ecse.coolsupplies.features.OrderStepDefinitions.the_following_grade_entities_exist_in_the_system(io.cucumber.datatable.DataTable)?[0m
  ?[36mGiven ?[0m?[36mthe following student entities exist in the system?[0m                            ?[90m# ca.mcgill.ecse.coolsupplies.features.OrderStepDefinitions.the_following_student_entities_exist_in_the_system(io.cucumber.datatable.DataTable)?[0m
  ?[36mGiven ?[0m?[36mthe following student entities exist for a parent in the system?[0m               ?[90m# ca.mcgill.ecse.coolsupplies.features.OrderStepDefinitions.the_following_student_entities_exist_for_a_parent_in_the_system(io.cucumber.datatable.DataTable)?[0m
  ?[36mGiven ?[0m?[36mthe following item entities exist in the system?[0m                               ?[90m# ca.mcgill.ecse.coolsupplies.features.OrderStepDefinitions.the_following_item_entities_exist_in_the_system(io.cucumber.datatable.DataTable)?[0m
  ?[36mGiven ?[0m?[36mthe following grade bundle entities exist in the system?[0m                       ?[90m# ca.mcgill.ecse.coolsupplies.features.OrderStepDefinitions.the_following_grade_bundle_entities_exist_in_the_system(io.cucumber.datatable.DataTable)?[0m
  ?[36mGiven ?[0m?[36mthe following bundle item entities exist in the system?[0m                        ?[90m# ca.mcgill.ecse.coolsupplies.features.OrderStepDefinitions.the_following_bundle_item_entities_exist_in_the_system(io.cucumber.datatable.DataTable)?[0m
  ?[36mGiven ?[0m?[36mthe following order entities exist in the system?[0m                              ?[90m# ca.mcgill.ecse.coolsupplies.features.OrderStepDefinitions.the_following_order_entities_exist_in_the_system(io.cucumber.datatable.DataTable)?[0m
  ?[36mGiven ?[0m?[36mthe following order item entities exist in the system?[0m                         ?[90m# ca.mcgill.ecse.coolsupplies.features.OrderStepDefinitions.the_following_order_item_entities_exist_in_the_system(io.cucumber.datatable.DataTable)?[0m
  ?[36mGiven ?[0m?[36mthe order ?[0m?[36m?[1m"1"?[0m?[36m is marked as ?[0m?[36m?[1m"Started"?[0m                                          ?[90m# ca.mcgill.ecse.coolsupplies.features.OrderStepDefinitions.the_order_is_marked_as(java.lang.String,java.lang.String)?[0m
  ?[36mWhen ?[0m?[36mthe parent attempts to add an item ?[0m?[36m?[1m"pencil"?[0m?[36m with quantity ?[0m?[36m?[1m"0"?[0m?[36m to the order ?[0m?[36m?[1m"1"?[0m ?[90m# ca.mcgill.ecse.coolsupplies.features.OrderStepDefinitions.the_parent_attempts_to_add_an_item_with_quantity_to_the_order(java.lang.String,java.lang.String,java.lang.String)?[0m
  ?[36mThen ?[0m?[36mthe order ?[0m?[36m?[1m"1"?[0m?[36m shall be marked as ?[0m?[36m?[1m"Started"?[0m                                     ?[90m# ca.mcgill.ecse.coolsupplies.features.OrderStepDefinitions.the_order_shall_be_marked_as(java.lang.String,java.lang.String)?[0m
  ?[36mThen ?[0m?[36mthe number of order items in the system shall be ?[0m?[36m?[1m"2"?[0m                           ?[90m# ca.mcgill.ecse.coolsupplies.features.OrderStepDefinitions.the_number_of_order_items_in_the_system_shall_be(java.lang.String)?[0m
  ?[36mThen ?[0m?[36mthe order ?[0m?[36m?[1m"1"?[0m?[36m shall contain ?[0m?[36m?[1m"2"?[0m?[36m items?[0m                                          ?[90m# ca.mcgill.ecse.coolsupplies.features.OrderStepDefinitions.the_order_shall_contain_items(java.lang.String,java.lang.String)?[0m
  ?[36mThen ?[0m?[36mthe order ?[0m?[36m?[1m"1"?[0m?[36m shall not contain ?[0m?[36m?[1m"pencil"?[0m?[36m with quantity ?[0m?[36m?[1m"0"?[0m                     ?[90m# ca.mcgill.ecse.coolsupplies.features.OrderStepDefinitions.the_order_shall_not_contain_with_quantity(java.lang.String,java.lang.String,java.lang.String)?[0m
  ?[36mThen ?[0m?[36mthe error ?[0m?[36m?[1m"Quantity must be greater than 0."?[0m?[36m shall be raised?[0m                   ?[90m# ca.mcgill.ecse.coolsupplies.features.OrderStepDefinitions.the_error_shall_be_raised(java.lang.String)?[0m

Scenario Outline: Unsuccessfully add an item to an order due to wrong input            ?[90m# src/test/resources/ProcessOrder.feature:132?[0m
  ?[33mGiven ?[0m?[33mthe following parent entities exist in the system?[0m                              ?[90m# ca.mcgill.ecse.coolsupplies.features.OrderStepDefinitions.the_following_parent_entities_exist_in_the_system(io.cucumber.datatable.DataTable)?[0m
      ?[33mio.cucumber.java.PendingException: TODO: implement me
	at ca.mcgill.ecse.coolsupplies.features.OrderStepDefinitions.the_following_parent_entities_exist_in_the_system(OrderStepDefinitions.java:18)
	at ✽.the following parent entities exist in the system(file:///Users/zhengxuanzhao/IdeaProjects/ecse223-group-project-p8/src/test/resources/ProcessOrder.feature:5)
?[0m
  ?[36mGiven ?[0m?[36mthe following grade entities exist in the system?[0m                               ?[90m# ca.mcgill.ecse.coolsupplies.features.OrderStepDefinitions.the_following_grade_entities_exist_in_the_system(io.cucumber.datatable.DataTable)?[0m
  ?[36mGiven ?[0m?[36mthe following student entities exist in the system?[0m                             ?[90m# ca.mcgill.ecse.coolsupplies.features.OrderStepDefinitions.the_following_student_entities_exist_in_the_system(io.cucumber.datatable.DataTable)?[0m
  ?[36mGiven ?[0m?[36mthe following student entities exist for a parent in the system?[0m                ?[90m# ca.mcgill.ecse.coolsupplies.features.OrderStepDefinitions.the_following_student_entities_exist_for_a_parent_in_the_system(io.cucumber.datatable.DataTable)?[0m
  ?[36mGiven ?[0m?[36mthe following item entities exist in the system?[0m                                ?[90m# ca.mcgill.ecse.coolsupplies.features.OrderStepDefinitions.the_following_item_entities_exist_in_the_system(io.cucumber.datatable.DataTable)?[0m
  ?[36mGiven ?[0m?[36mthe following grade bundle entities exist in the system?[0m                        ?[90m# ca.mcgill.ecse.coolsupplies.features.OrderStepDefinitions.the_following_grade_bundle_entities_exist_in_the_system(io.cucumber.datatable.DataTable)?[0m
  ?[36mGiven ?[0m?[36mthe following bundle item entities exist in the system?[0m                         ?[90m# ca.mcgill.ecse.coolsupplies.features.OrderStepDefinitions.the_following_bundle_item_entities_exist_in_the_system(io.cucumber.datatable.DataTable)?[0m
  ?[36mGiven ?[0m?[36mthe following order entities exist in the system?[0m                               ?[90m# ca.mcgill.ecse.coolsupplies.features.OrderStepDefinitions.the_following_order_entities_exist_in_the_system(io.cucumber.datatable.DataTable)?[0m
  ?[36mGiven ?[0m?[36mthe following order item entities exist in the system?[0m                          ?[90m# ca.mcgill.ecse.coolsupplies.features.OrderStepDefinitions.the_following_order_item_entities_exist_in_the_system(io.cucumber.datatable.DataTable)?[0m
  ?[36mGiven ?[0m?[36mthe order ?[0m?[36m?[1m"1"?[0m?[36m is marked as ?[0m?[36m?[1m"Started"?[0m                                           ?[90m# ca.mcgill.ecse.coolsupplies.features.OrderStepDefinitions.the_order_is_marked_as(java.lang.String,java.lang.String)?[0m
  ?[36mWhen ?[0m?[36mthe parent attempts to add an item ?[0m?[36m?[1m"pencil"?[0m?[36m with quantity ?[0m?[36m?[1m"-1"?[0m?[36m to the order ?[0m?[36m?[1m"1"?[0m ?[90m# ca.mcgill.ecse.coolsupplies.features.OrderStepDefinitions.the_parent_attempts_to_add_an_item_with_quantity_to_the_order(java.lang.String,java.lang.String,java.lang.String)?[0m
  ?[36mThen ?[0m?[36mthe order ?[0m?[36m?[1m"1"?[0m?[36m shall be marked as ?[0m?[36m?[1m"Started"?[0m                                      ?[90m# ca.mcgill.ecse.coolsupplies.features.OrderStepDefinitions.the_order_shall_be_marked_as(java.lang.String,java.lang.String)?[0m
  ?[36mThen ?[0m?[36mthe number of order items in the system shall be ?[0m?[36m?[1m"2"?[0m                            ?[90m# ca.mcgill.ecse.coolsupplies.features.OrderStepDefinitions.the_number_of_order_items_in_the_system_shall_be(java.lang.String)?[0m
  ?[36mThen ?[0m?[36mthe order ?[0m?[36m?[1m"1"?[0m?[36m shall contain ?[0m?[36m?[1m"2"?[0m?[36m items?[0m                                           ?[90m# ca.mcgill.ecse.coolsupplies.features.OrderStepDefinitions.the_order_shall_contain_items(java.lang.String,java.lang.String)?[0m
  ?[36mThen ?[0m?[36mthe order ?[0m?[36m?[1m"1"?[0m?[36m shall not contain ?[0m?[36m?[1m"pencil"?[0m?[36m with quantity ?[0m?[36m?[1m"-1"?[0m                     ?[90m# ca.mcgill.ecse.coolsupplies.features.OrderStepDefinitions.the_order_shall_not_contain_with_quantity(java.lang.String,java.lang.String,java.lang.String)?[0m
  ?[36mThen ?[0m?[36mthe error ?[0m?[36m?[1m"Quantity must be greater than 0."?[0m?[36m shall be raised?[0m                    ?[90m# ca.mcgill.ecse.coolsupplies.features.OrderStepDefinitions.the_error_shall_be_raised(java.lang.String)?[0m

Scenario Outline: Unsuccessfully add an item to an order due to non-existing order     ?[90m# src/test/resources/ProcessOrder.feature:142?[0m
  ?[33mGiven ?[0m?[33mthe following parent entities exist in the system?[0m                              ?[90m# ca.mcgill.ecse.coolsupplies.features.OrderStepDefinitions.the_following_parent_entities_exist_in_the_system(io.cucumber.datatable.DataTable)?[0m
      ?[33mio.cucumber.java.PendingException: TODO: implement me
	at ca.mcgill.ecse.coolsupplies.features.OrderStepDefinitions.the_following_parent_entities_exist_in_the_system(OrderStepDefinitions.java:18)
	at ✽.the following parent entities exist in the system(file:///Users/zhengxuanzhao/IdeaProjects/ecse223-group-project-p8/src/test/resources/ProcessOrder.feature:5)
?[0m
  ?[36mGiven ?[0m?[36mthe following grade entities exist in the system?[0m                               ?[90m# ca.mcgill.ecse.coolsupplies.features.OrderStepDefinitions.the_following_grade_entities_exist_in_the_system(io.cucumber.datatable.DataTable)?[0m
  ?[36mGiven ?[0m?[36mthe following student entities exist in the system?[0m                             ?[90m# ca.mcgill.ecse.coolsupplies.features.OrderStepDefinitions.the_following_student_entities_exist_in_the_system(io.cucumber.datatable.DataTable)?[0m
  ?[36mGiven ?[0m?[36mthe following student entities exist for a parent in the system?[0m                ?[90m# ca.mcgill.ecse.coolsupplies.features.OrderStepDefinitions.the_following_student_entities_exist_for_a_parent_in_the_system(io.cucumber.datatable.DataTable)?[0m
  ?[36mGiven ?[0m?[36mthe following item entities exist in the system?[0m                                ?[90m# ca.mcgill.ecse.coolsupplies.features.OrderStepDefinitions.the_following_item_entities_exist_in_the_system(io.cucumber.datatable.DataTable)?[0m
  ?[36mGiven ?[0m?[36mthe following grade bundle entities exist in the system?[0m                        ?[90m# ca.mcgill.ecse.coolsupplies.features.OrderStepDefinitions.the_following_grade_bundle_entities_exist_in_the_system(io.cucumber.datatable.DataTable)?[0m
  ?[36mGiven ?[0m?[36mthe following bundle item entities exist in the system?[0m                         ?[90m# ca.mcgill.ecse.coolsupplies.features.OrderStepDefinitions.the_following_bundle_item_entities_exist_in_the_system(io.cucumber.datatable.DataTable)?[0m
  ?[36mGiven ?[0m?[36mthe following order entities exist in the system?[0m                               ?[90m# ca.mcgill.ecse.coolsupplies.features.OrderStepDefinitions.the_following_order_entities_exist_in_the_system(io.cucumber.datatable.DataTable)?[0m
  ?[36mGiven ?[0m?[36mthe following order item entities exist in the system?[0m                          ?[90m# ca.mcgill.ecse.coolsupplies.features.OrderStepDefinitions.the_following_order_item_entities_exist_in_the_system(io.cucumber.datatable.DataTable)?[0m
  ?[36mWhen ?[0m?[36mthe parent attempts to add an item ?[0m?[36m?[1m"pencil"?[0m?[36m with quantity ?[0m?[36m?[1m"3"?[0m?[36m to the order ?[0m?[36m?[1m"10"?[0m ?[90m# ca.mcgill.ecse.coolsupplies.features.OrderStepDefinitions.the_parent_attempts_to_add_an_item_with_quantity_to_the_order(java.lang.String,java.lang.String,java.lang.String)?[0m
  ?[36mThen ?[0m?[36mthe number of order items in the system shall be ?[0m?[36m?[1m"2"?[0m                            ?[90m# ca.mcgill.ecse.coolsupplies.features.OrderStepDefinitions.the_number_of_order_items_in_the_system_shall_be(java.lang.String)?[0m
  ?[36mThen ?[0m?[36mthe number of orders in the system shall be ?[0m?[36m?[1m"4"?[0m                                 ?[90m# ca.mcgill.ecse.coolsupplies.features.OrderStepDefinitions.the_number_of_orders_in_the_system_shall_be(java.lang.String)?[0m
  ?[36mThen ?[0m?[36mthe error ?[0m?[36m?[1m"Order 10 does not exist"?[0m?[36m shall be raised?[0m                             ?[90m# ca.mcgill.ecse.coolsupplies.features.OrderStepDefinitions.the_error_shall_be_raised(java.lang.String)?[0m

Scenario Outline: Unsuccessfully add an item to an order due to non-existing order     ?[90m# src/test/resources/ProcessOrder.feature:143?[0m
  ?[33mGiven ?[0m?[33mthe following parent entities exist in the system?[0m                              ?[90m# ca.mcgill.ecse.coolsupplies.features.OrderStepDefinitions.the_following_parent_entities_exist_in_the_system(io.cucumber.datatable.DataTable)?[0m
      ?[33mio.cucumber.java.PendingException: TODO: implement me
	at ca.mcgill.ecse.coolsupplies.features.OrderStepDefinitions.the_following_parent_entities_exist_in_the_system(OrderStepDefinitions.java:18)
	at ✽.the following parent entities exist in the system(file:///Users/zhengxuanzhao/IdeaProjects/ecse223-group-project-p8/src/test/resources/ProcessOrder.feature:5)
?[0m
  ?[36mGiven ?[0m?[36mthe following grade entities exist in the system?[0m                               ?[90m# ca.mcgill.ecse.coolsupplies.features.OrderStepDefinitions.the_following_grade_entities_exist_in_the_system(io.cucumber.datatable.DataTable)?[0m
  ?[36mGiven ?[0m?[36mthe following student entities exist in the system?[0m                             ?[90m# ca.mcgill.ecse.coolsupplies.features.OrderStepDefinitions.the_following_student_entities_exist_in_the_system(io.cucumber.datatable.DataTable)?[0m
  ?[36mGiven ?[0m?[36mthe following student entities exist for a parent in the system?[0m                ?[90m# ca.mcgill.ecse.coolsupplies.features.OrderStepDefinitions.the_following_student_entities_exist_for_a_parent_in_the_system(io.cucumber.datatable.DataTable)?[0m
  ?[36mGiven ?[0m?[36mthe following item entities exist in the system?[0m                                ?[90m# ca.mcgill.ecse.coolsupplies.features.OrderStepDefinitions.the_following_item_entities_exist_in_the_system(io.cucumber.datatable.DataTable)?[0m
  ?[36mGiven ?[0m?[36mthe following grade bundle entities exist in the system?[0m                        ?[90m# ca.mcgill.ecse.coolsupplies.features.OrderStepDefinitions.the_following_grade_bundle_entities_exist_in_the_system(io.cucumber.datatable.DataTable)?[0m
  ?[36mGiven ?[0m?[36mthe following bundle item entities exist in the system?[0m                         ?[90m# ca.mcgill.ecse.coolsupplies.features.OrderStepDefinitions.the_following_bundle_item_entities_exist_in_the_system(io.cucumber.datatable.DataTable)?[0m
  ?[36mGiven ?[0m?[36mthe following order entities exist in the system?[0m                               ?[90m# ca.mcgill.ecse.coolsupplies.features.OrderStepDefinitions.the_following_order_entities_exist_in_the_system(io.cucumber.datatable.DataTable)?[0m
  ?[36mGiven ?[0m?[36mthe following order item entities exist in the system?[0m                          ?[90m# ca.mcgill.ecse.coolsupplies.features.OrderStepDefinitions.the_following_order_item_entities_exist_in_the_system(io.cucumber.datatable.DataTable)?[0m
  ?[36mWhen ?[0m?[36mthe parent attempts to add an item ?[0m?[36m?[1m"pencil"?[0m?[36m with quantity ?[0m?[36m?[1m"3"?[0m?[36m to the order ?[0m?[36m?[1m"20"?[0m ?[90m# ca.mcgill.ecse.coolsupplies.features.OrderStepDefinitions.the_parent_attempts_to_add_an_item_with_quantity_to_the_order(java.lang.String,java.lang.String,java.lang.String)?[0m
  ?[36mThen ?[0m?[36mthe number of order items in the system shall be ?[0m?[36m?[1m"2"?[0m                            ?[90m# ca.mcgill.ecse.coolsupplies.features.OrderStepDefinitions.the_number_of_order_items_in_the_system_shall_be(java.lang.String)?[0m
  ?[36mThen ?[0m?[36mthe number of orders in the system shall be ?[0m?[36m?[1m"4"?[0m                                 ?[90m# ca.mcgill.ecse.coolsupplies.features.OrderStepDefinitions.the_number_of_orders_in_the_system_shall_be(java.lang.String)?[0m
  ?[36mThen ?[0m?[36mthe error ?[0m?[36m?[1m"Order 20 does not exist"?[0m?[36m shall be raised?[0m                             ?[90m# ca.mcgill.ecse.coolsupplies.features.OrderStepDefinitions.the_error_shall_be_raised(java.lang.String)?[0m

Scenario Outline: Unsuccessfully add an item to an order due to wrong state           ?[90m# src/test/resources/ProcessOrder.feature:156?[0m
  ?[33mGiven ?[0m?[33mthe following parent entities exist in the system?[0m                             ?[90m# ca.mcgill.ecse.coolsupplies.features.OrderStepDefinitions.the_following_parent_entities_exist_in_the_system(io.cucumber.datatable.DataTable)?[0m
      ?[33mio.cucumber.java.PendingException: TODO: implement me
	at ca.mcgill.ecse.coolsupplies.features.OrderStepDefinitions.the_following_parent_entities_exist_in_the_system(OrderStepDefinitions.java:18)
	at ✽.the following parent entities exist in the system(file:///Users/zhengxuanzhao/IdeaProjects/ecse223-group-project-p8/src/test/resources/ProcessOrder.feature:5)
?[0m
  ?[36mGiven ?[0m?[36mthe following grade entities exist in the system?[0m                              ?[90m# ca.mcgill.ecse.coolsupplies.features.OrderStepDefinitions.the_following_grade_entities_exist_in_the_system(io.cucumber.datatable.DataTable)?[0m
  ?[36mGiven ?[0m?[36mthe following student entities exist in the system?[0m                            ?[90m# ca.mcgill.ecse.coolsupplies.features.OrderStepDefinitions.the_following_student_entities_exist_in_the_system(io.cucumber.datatable.DataTable)?[0m
  ?[36mGiven ?[0m?[36mthe following student entities exist for a parent in the system?[0m               ?[90m# ca.mcgill.ecse.coolsupplies.features.OrderStepDefinitions.the_following_student_entities_exist_for_a_parent_in_the_system(io.cucumber.datatable.DataTable)?[0m
  ?[36mGiven ?[0m?[36mthe following item entities exist in the system?[0m                               ?[90m# ca.mcgill.ecse.coolsupplies.features.OrderStepDefinitions.the_following_item_entities_exist_in_the_system(io.cucumber.datatable.DataTable)?[0m
  ?[36mGiven ?[0m?[36mthe following grade bundle entities exist in the system?[0m                       ?[90m# ca.mcgill.ecse.coolsupplies.features.OrderStepDefinitions.the_following_grade_bundle_entities_exist_in_the_system(io.cucumber.datatable.DataTable)?[0m
  ?[36mGiven ?[0m?[36mthe following bundle item entities exist in the system?[0m                        ?[90m# ca.mcgill.ecse.coolsupplies.features.OrderStepDefinitions.the_following_bundle_item_entities_exist_in_the_system(io.cucumber.datatable.DataTable)?[0m
  ?[36mGiven ?[0m?[36mthe following order entities exist in the system?[0m                              ?[90m# ca.mcgill.ecse.coolsupplies.features.OrderStepDefinitions.the_following_order_entities_exist_in_the_system(io.cucumber.datatable.DataTable)?[0m
  ?[36mGiven ?[0m?[36mthe following order item entities exist in the system?[0m                         ?[90m# ca.mcgill.ecse.coolsupplies.features.OrderStepDefinitions.the_following_order_item_entities_exist_in_the_system(io.cucumber.datatable.DataTable)?[0m
  ?[36mGiven ?[0m?[36mthe order ?[0m?[36m?[1m"1"?[0m?[36m is marked as ?[0m?[36m?[1m"Paid"?[0m                                             ?[90m# ca.mcgill.ecse.coolsupplies.features.OrderStepDefinitions.the_order_is_marked_as(java.lang.String,java.lang.String)?[0m
  ?[36mWhen ?[0m?[36mthe parent attempts to add an item ?[0m?[36m?[1m"pencil"?[0m?[36m with quantity ?[0m?[36m?[1m"2"?[0m?[36m to the order ?[0m?[36m?[1m"1"?[0m ?[90m# ca.mcgill.ecse.coolsupplies.features.OrderStepDefinitions.the_parent_attempts_to_add_an_item_with_quantity_to_the_order(java.lang.String,java.lang.String,java.lang.String)?[0m
  ?[36mThen ?[0m?[36mthe order ?[0m?[36m?[1m"1"?[0m?[36m shall be marked as ?[0m?[36m?[1m"Paid"?[0m                                        ?[90m# ca.mcgill.ecse.coolsupplies.features.OrderStepDefinitions.the_order_shall_be_marked_as(java.lang.String,java.lang.String)?[0m
  ?[36mThen ?[0m?[36mthe number of order items in the system shall be ?[0m?[36m?[1m"2"?[0m                           ?[90m# ca.mcgill.ecse.coolsupplies.features.OrderStepDefinitions.the_number_of_order_items_in_the_system_shall_be(java.lang.String)?[0m
  ?[36mThen ?[0m?[36mthe order ?[0m?[36m?[1m"1"?[0m?[36m shall contain ?[0m?[36m?[1m"2"?[0m?[36m items?[0m                                          ?[90m# ca.mcgill.ecse.coolsupplies.features.OrderStepDefinitions.the_order_shall_contain_items(java.lang.String,java.lang.String)?[0m
  ?[36mThen ?[0m?[36mthe order ?[0m?[36m?[1m"1"?[0m?[36m shall not contain ?[0m?[36m?[1m"pencil"?[0m?[36m with quantity ?[0m?[36m?[1m"2"?[0m                     ?[90m# ca.mcgill.ecse.coolsupplies.features.OrderStepDefinitions.the_order_shall_not_contain_with_quantity(java.lang.String,java.lang.String,java.lang.String)?[0m
  ?[36mThen ?[0m?[36mthe error ?[0m?[36m?[1m"Cannot add items to a paid order"?[0m?[36m shall be raised?[0m                   ?[90m# ca.mcgill.ecse.coolsupplies.features.OrderStepDefinitions.the_error_shall_be_raised(java.lang.String)?[0m

Scenario Outline: Unsuccessfully add an item to an order due to wrong state           ?[90m# src/test/resources/ProcessOrder.feature:157?[0m
  ?[33mGiven ?[0m?[33mthe following parent entities exist in the system?[0m                             ?[90m# ca.mcgill.ecse.coolsupplies.features.OrderStepDefinitions.the_following_parent_entities_exist_in_the_system(io.cucumber.datatable.DataTable)?[0m
      ?[33mio.cucumber.java.PendingException: TODO: implement me
	at ca.mcgill.ecse.coolsupplies.features.OrderStepDefinitions.the_following_parent_entities_exist_in_the_system(OrderStepDefinitions.java:18)
	at ✽.the following parent entities exist in the system(file:///Users/zhengxuanzhao/IdeaProjects/ecse223-group-project-p8/src/test/resources/ProcessOrder.feature:5)
?[0m
  ?[36mGiven ?[0m?[36mthe following grade entities exist in the system?[0m                              ?[90m# ca.mcgill.ecse.coolsupplies.features.OrderStepDefinitions.the_following_grade_entities_exist_in_the_system(io.cucumber.datatable.DataTable)?[0m
  ?[36mGiven ?[0m?[36mthe following student entities exist in the system?[0m                            ?[90m# ca.mcgill.ecse.coolsupplies.features.OrderStepDefinitions.the_following_student_entities_exist_in_the_system(io.cucumber.datatable.DataTable)?[0m
  ?[36mGiven ?[0m?[36mthe following student entities exist for a parent in the system?[0m               ?[90m# ca.mcgill.ecse.coolsupplies.features.OrderStepDefinitions.the_following_student_entities_exist_for_a_parent_in_the_system(io.cucumber.datatable.DataTable)?[0m
  ?[36mGiven ?[0m?[36mthe following item entities exist in the system?[0m                               ?[90m# ca.mcgill.ecse.coolsupplies.features.OrderStepDefinitions.the_following_item_entities_exist_in_the_system(io.cucumber.datatable.DataTable)?[0m
  ?[36mGiven ?[0m?[36mthe following grade bundle entities exist in the system?[0m                       ?[90m# ca.mcgill.ecse.coolsupplies.features.OrderStepDefinitions.the_following_grade_bundle_entities_exist_in_the_system(io.cucumber.datatable.DataTable)?[0m
  ?[36mGiven ?[0m?[36mthe following bundle item entities exist in the system?[0m                        ?[90m# ca.mcgill.ecse.coolsupplies.features.OrderStepDefinitions.the_following_bundle_item_entities_exist_in_the_system(io.cucumber.datatable.DataTable)?[0m
  ?[36mGiven ?[0m?[36mthe following order entities exist in the system?[0m                              ?[90m# ca.mcgill.ecse.coolsupplies.features.OrderStepDefinitions.the_following_order_entities_exist_in_the_system(io.cucumber.datatable.DataTable)?[0m
  ?[36mGiven ?[0m?[36mthe following order item entities exist in the system?[0m                         ?[90m# ca.mcgill.ecse.coolsupplies.features.OrderStepDefinitions.the_following_order_item_entities_exist_in_the_system(io.cucumber.datatable.DataTable)?[0m
  ?[36mGiven ?[0m?[36mthe order ?[0m?[36m?[1m"1"?[0m?[36m is marked as ?[0m?[36m?[1m"Penalized"?[0m                                        ?[90m# ca.mcgill.ecse.coolsupplies.features.OrderStepDefinitions.the_order_is_marked_as(java.lang.String,java.lang.String)?[0m
  ?[36mWhen ?[0m?[36mthe parent attempts to add an item ?[0m?[36m?[1m"pencil"?[0m?[36m with quantity ?[0m?[36m?[1m"2"?[0m?[36m to the order ?[0m?[36m?[1m"1"?[0m ?[90m# ca.mcgill.ecse.coolsupplies.features.OrderStepDefinitions.the_parent_attempts_to_add_an_item_with_quantity_to_the_order(java.lang.String,java.lang.String,java.lang.String)?[0m
  ?[36mThen ?[0m?[36mthe order ?[0m?[36m?[1m"1"?[0m?[36m shall be marked as ?[0m?[36m?[1m"Penalized"?[0m                                   ?[90m# ca.mcgill.ecse.coolsupplies.features.OrderStepDefinitions.the_order_shall_be_marked_as(java.lang.String,java.lang.String)?[0m
  ?[36mThen ?[0m?[36mthe number of order items in the system shall be ?[0m?[36m?[1m"2"?[0m                           ?[90m# ca.mcgill.ecse.coolsupplies.features.OrderStepDefinitions.the_number_of_order_items_in_the_system_shall_be(java.lang.String)?[0m
  ?[36mThen ?[0m?[36mthe order ?[0m?[36m?[1m"1"?[0m?[36m shall contain ?[0m?[36m?[1m"2"?[0m?[36m items?[0m                                          ?[90m# ca.mcgill.ecse.coolsupplies.features.OrderStepDefinitions.the_order_shall_contain_items(java.lang.String,java.lang.String)?[0m
  ?[36mThen ?[0m?[36mthe order ?[0m?[36m?[1m"1"?[0m?[36m shall not contain ?[0m?[36m?[1m"pencil"?[0m?[36m with quantity ?[0m?[36m?[1m"2"?[0m                     ?[90m# ca.mcgill.ecse.coolsupplies.features.OrderStepDefinitions.the_order_shall_not_contain_with_quantity(java.lang.String,java.lang.String,java.lang.String)?[0m
  ?[36mThen ?[0m?[36mthe error ?[0m?[36m?[1m"Cannot add items to a penalized order"?[0m?[36m shall be raised?[0m              ?[90m# ca.mcgill.ecse.coolsupplies.features.OrderStepDefinitions.the_error_shall_be_raised(java.lang.String)?[0m

Scenario Outline: Unsuccessfully add an item to an order due to wrong state           ?[90m# src/test/resources/ProcessOrder.feature:158?[0m
  ?[33mGiven ?[0m?[33mthe following parent entities exist in the system?[0m                             ?[90m# ca.mcgill.ecse.coolsupplies.features.OrderStepDefinitions.the_following_parent_entities_exist_in_the_system(io.cucumber.datatable.DataTable)?[0m
      ?[33mio.cucumber.java.PendingException: TODO: implement me
	at ca.mcgill.ecse.coolsupplies.features.OrderStepDefinitions.the_following_parent_entities_exist_in_the_system(OrderStepDefinitions.java:18)
	at ✽.the following parent entities exist in the system(file:///Users/zhengxuanzhao/IdeaProjects/ecse223-group-project-p8/src/test/resources/ProcessOrder.feature:5)
?[0m
  ?[36mGiven ?[0m?[36mthe following grade entities exist in the system?[0m                              ?[90m# ca.mcgill.ecse.coolsupplies.features.OrderStepDefinitions.the_following_grade_entities_exist_in_the_system(io.cucumber.datatable.DataTable)?[0m
  ?[36mGiven ?[0m?[36mthe following student entities exist in the system?[0m                            ?[90m# ca.mcgill.ecse.coolsupplies.features.OrderStepDefinitions.the_following_student_entities_exist_in_the_system(io.cucumber.datatable.DataTable)?[0m
  ?[36mGiven ?[0m?[36mthe following student entities exist for a parent in the system?[0m               ?[90m# ca.mcgill.ecse.coolsupplies.features.OrderStepDefinitions.the_following_student_entities_exist_for_a_parent_in_the_system(io.cucumber.datatable.DataTable)?[0m
  ?[36mGiven ?[0m?[36mthe following item entities exist in the system?[0m                               ?[90m# ca.mcgill.ecse.coolsupplies.features.OrderStepDefinitions.the_following_item_entities_exist_in_the_system(io.cucumber.datatable.DataTable)?[0m
  ?[36mGiven ?[0m?[36mthe following grade bundle entities exist in the system?[0m                       ?[90m# ca.mcgill.ecse.coolsupplies.features.OrderStepDefinitions.the_following_grade_bundle_entities_exist_in_the_system(io.cucumber.datatable.DataTable)?[0m
  ?[36mGiven ?[0m?[36mthe following bundle item entities exist in the system?[0m                        ?[90m# ca.mcgill.ecse.coolsupplies.features.OrderStepDefinitions.the_following_bundle_item_entities_exist_in_the_system(io.cucumber.datatable.DataTable)?[0m
  ?[36mGiven ?[0m?[36mthe following order entities exist in the system?[0m                              ?[90m# ca.mcgill.ecse.coolsupplies.features.OrderStepDefinitions.the_following_order_entities_exist_in_the_system(io.cucumber.datatable.DataTable)?[0m
  ?[36mGiven ?[0m?[36mthe following order item entities exist in the system?[0m                         ?[90m# ca.mcgill.ecse.coolsupplies.features.OrderStepDefinitions.the_following_order_item_entities_exist_in_the_system(io.cucumber.datatable.DataTable)?[0m
  ?[36mGiven ?[0m?[36mthe order ?[0m?[36m?[1m"1"?[0m?[36m is marked as ?[0m?[36m?[1m"Prepared"?[0m                                         ?[90m# ca.mcgill.ecse.coolsupplies.features.OrderStepDefinitions.the_order_is_marked_as(java.lang.String,java.lang.String)?[0m
  ?[36mWhen ?[0m?[36mthe parent attempts to add an item ?[0m?[36m?[1m"pencil"?[0m?[36m with quantity ?[0m?[36m?[1m"2"?[0m?[36m to the order ?[0m?[36m?[1m"1"?[0m ?[90m# ca.mcgill.ecse.coolsupplies.features.OrderStepDefinitions.the_parent_attempts_to_add_an_item_with_quantity_to_the_order(java.lang.String,java.lang.String,java.lang.String)?[0m
  ?[36mThen ?[0m?[36mthe order ?[0m?[36m?[1m"1"?[0m?[36m shall be marked as ?[0m?[36m?[1m"Prepared"?[0m                                    ?[90m# ca.mcgill.ecse.coolsupplies.features.OrderStepDefinitions.the_order_shall_be_marked_as(java.lang.String,java.lang.String)?[0m
  ?[36mThen ?[0m?[36mthe number of order items in the system shall be ?[0m?[36m?[1m"2"?[0m                           ?[90m# ca.mcgill.ecse.coolsupplies.features.OrderStepDefinitions.the_number_of_order_items_in_the_system_shall_be(java.lang.String)?[0m
  ?[36mThen ?[0m?[36mthe order ?[0m?[36m?[1m"1"?[0m?[36m shall contain ?[0m?[36m?[1m"2"?[0m?[36m items?[0m                                          ?[90m# ca.mcgill.ecse.coolsupplies.features.OrderStepDefinitions.the_order_shall_contain_items(java.lang.String,java.lang.String)?[0m
  ?[36mThen ?[0m?[36mthe order ?[0m?[36m?[1m"1"?[0m?[36m shall not contain ?[0m?[36m?[1m"pencil"?[0m?[36m with quantity ?[0m?[36m?[1m"2"?[0m                     ?[90m# ca.mcgill.ecse.coolsupplies.features.OrderStepDefinitions.the_order_shall_not_contain_with_quantity(java.lang.String,java.lang.String,java.lang.String)?[0m
  ?[36mThen ?[0m?[36mthe error ?[0m?[36m?[1m"Cannot add items to a prepared order"?[0m?[36m shall be raised?[0m               ?[90m# ca.mcgill.ecse.coolsupplies.features.OrderStepDefinitions.the_error_shall_be_raised(java.lang.String)?[0m

Scenario Outline: Unsuccessfully add an item to an order due to wrong state           ?[90m# src/test/resources/ProcessOrder.feature:159?[0m
  ?[33mGiven ?[0m?[33mthe following parent entities exist in the system?[0m                             ?[90m# ca.mcgill.ecse.coolsupplies.features.OrderStepDefinitions.the_following_parent_entities_exist_in_the_system(io.cucumber.datatable.DataTable)?[0m
      ?[33mio.cucumber.java.PendingException: TODO: implement me
	at ca.mcgill.ecse.coolsupplies.features.OrderStepDefinitions.the_following_parent_entities_exist_in_the_system(OrderStepDefinitions.java:18)
	at ✽.the following parent entities exist in the system(file:///Users/zhengxuanzhao/IdeaProjects/ecse223-group-project-p8/src/test/resources/ProcessOrder.feature:5)
?[0m
  ?[36mGiven ?[0m?[36mthe following grade entities exist in the system?[0m                              ?[90m# ca.mcgill.ecse.coolsupplies.features.OrderStepDefinitions.the_following_grade_entities_exist_in_the_system(io.cucumber.datatable.DataTable)?[0m
  ?[36mGiven ?[0m?[36mthe following student entities exist in the system?[0m                            ?[90m# ca.mcgill.ecse.coolsupplies.features.OrderStepDefinitions.the_following_student_entities_exist_in_the_system(io.cucumber.datatable.DataTable)?[0m
  ?[36mGiven ?[0m?[36mthe following student entities exist for a parent in the system?[0m               ?[90m# ca.mcgill.ecse.coolsupplies.features.OrderStepDefinitions.the_following_student_entities_exist_for_a_parent_in_the_system(io.cucumber.datatable.DataTable)?[0m
  ?[36mGiven ?[0m?[36mthe following item entities exist in the system?[0m                               ?[90m# ca.mcgill.ecse.coolsupplies.features.OrderStepDefinitions.the_following_item_entities_exist_in_the_system(io.cucumber.datatable.DataTable)?[0m
  ?[36mGiven ?[0m?[36mthe following grade bundle entities exist in the system?[0m                       ?[90m# ca.mcgill.ecse.coolsupplies.features.OrderStepDefinitions.the_following_grade_bundle_entities_exist_in_the_system(io.cucumber.datatable.DataTable)?[0m
  ?[36mGiven ?[0m?[36mthe following bundle item entities exist in the system?[0m                        ?[90m# ca.mcgill.ecse.coolsupplies.features.OrderStepDefinitions.the_following_bundle_item_entities_exist_in_the_system(io.cucumber.datatable.DataTable)?[0m
  ?[36mGiven ?[0m?[36mthe following order entities exist in the system?[0m                              ?[90m# ca.mcgill.ecse.coolsupplies.features.OrderStepDefinitions.the_following_order_entities_exist_in_the_system(io.cucumber.datatable.DataTable)?[0m
  ?[36mGiven ?[0m?[36mthe following order item entities exist in the system?[0m                         ?[90m# ca.mcgill.ecse.coolsupplies.features.OrderStepDefinitions.the_following_order_item_entities_exist_in_the_system(io.cucumber.datatable.DataTable)?[0m
  ?[36mGiven ?[0m?[36mthe order ?[0m?[36m?[1m"1"?[0m?[36m is marked as ?[0m?[36m?[1m"PickedUp"?[0m                                         ?[90m# ca.mcgill.ecse.coolsupplies.features.OrderStepDefinitions.the_order_is_marked_as(java.lang.String,java.lang.String)?[0m
  ?[36mWhen ?[0m?[36mthe parent attempts to add an item ?[0m?[36m?[1m"pencil"?[0m?[36m with quantity ?[0m?[36m?[1m"2"?[0m?[36m to the order ?[0m?[36m?[1m"1"?[0m ?[90m# ca.mcgill.ecse.coolsupplies.features.OrderStepDefinitions.the_parent_attempts_to_add_an_item_with_quantity_to_the_order(java.lang.String,java.lang.String,java.lang.String)?[0m
  ?[36mThen ?[0m?[36mthe order ?[0m?[36m?[1m"1"?[0m?[36m shall be marked as ?[0m?[36m?[1m"PickedUp"?[0m                                    ?[90m# ca.mcgill.ecse.coolsupplies.features.OrderStepDefinitions.the_order_shall_be_marked_as(java.lang.String,java.lang.String)?[0m
  ?[36mThen ?[0m?[36mthe number of order items in the system shall be ?[0m?[36m?[1m"2"?[0m                           ?[90m# ca.mcgill.ecse.coolsupplies.features.OrderStepDefinitions.the_number_of_order_items_in_the_system_shall_be(java.lang.String)?[0m
  ?[36mThen ?[0m?[36mthe order ?[0m?[36m?[1m"1"?[0m?[36m shall contain ?[0m?[36m?[1m"2"?[0m?[36m items?[0m                                          ?[90m# ca.mcgill.ecse.coolsupplies.features.OrderStepDefinitions.the_order_shall_contain_items(java.lang.String,java.lang.String)?[0m
  ?[36mThen ?[0m?[36mthe order ?[0m?[36m?[1m"1"?[0m?[36m shall not contain ?[0m?[36m?[1m"pencil"?[0m?[36m with quantity ?[0m?[36m?[1m"2"?[0m                     ?[90m# ca.mcgill.ecse.coolsupplies.features.OrderStepDefinitions.the_order_shall_not_contain_with_quantity(java.lang.String,java.lang.String,java.lang.String)?[0m
  ?[36mThen ?[0m?[36mthe error ?[0m?[36m?[1m"Cannot add items to a picked up order"?[0m?[36m shall be raised?[0m              ?[90m# ca.mcgill.ecse.coolsupplies.features.OrderStepDefinitions.the_error_shall_be_raised(java.lang.String)?[0m

Scenario Outline: Successfully update an item in an order                                ?[90m# src/test/resources/ProcessOrder.feature:171?[0m
  ?[33mGiven ?[0m?[33mthe following parent entities exist in the system?[0m                                ?[90m# ca.mcgill.ecse.coolsupplies.features.OrderStepDefinitions.the_following_parent_entities_exist_in_the_system(io.cucumber.datatable.DataTable)?[0m
      ?[33mio.cucumber.java.PendingException: TODO: implement me
	at ca.mcgill.ecse.coolsupplies.features.OrderStepDefinitions.the_following_parent_entities_exist_in_the_system(OrderStepDefinitions.java:18)
	at ✽.the following parent entities exist in the system(file:///Users/zhengxuanzhao/IdeaProjects/ecse223-group-project-p8/src/test/resources/ProcessOrder.feature:5)
?[0m
  ?[36mGiven ?[0m?[36mthe following grade entities exist in the system?[0m                                 ?[90m# ca.mcgill.ecse.coolsupplies.features.OrderStepDefinitions.the_following_grade_entities_exist_in_the_system(io.cucumber.datatable.DataTable)?[0m
  ?[36mGiven ?[0m?[36mthe following student entities exist in the system?[0m                               ?[90m# ca.mcgill.ecse.coolsupplies.features.OrderStepDefinitions.the_following_student_entities_exist_in_the_system(io.cucumber.datatable.DataTable)?[0m
  ?[36mGiven ?[0m?[36mthe following student entities exist for a parent in the system?[0m                  ?[90m# ca.mcgill.ecse.coolsupplies.features.OrderStepDefinitions.the_following_student_entities_exist_for_a_parent_in_the_system(io.cucumber.datatable.DataTable)?[0m
  ?[36mGiven ?[0m?[36mthe following item entities exist in the system?[0m                                  ?[90m# ca.mcgill.ecse.coolsupplies.features.OrderStepDefinitions.the_following_item_entities_exist_in_the_system(io.cucumber.datatable.DataTable)?[0m
  ?[36mGiven ?[0m?[36mthe following grade bundle entities exist in the system?[0m                          ?[90m# ca.mcgill.ecse.coolsupplies.features.OrderStepDefinitions.the_following_grade_bundle_entities_exist_in_the_system(io.cucumber.datatable.DataTable)?[0m
  ?[36mGiven ?[0m?[36mthe following bundle item entities exist in the system?[0m                           ?[90m# ca.mcgill.ecse.coolsupplies.features.OrderStepDefinitions.the_following_bundle_item_entities_exist_in_the_system(io.cucumber.datatable.DataTable)?[0m
  ?[36mGiven ?[0m?[36mthe following order entities exist in the system?[0m                                 ?[90m# ca.mcgill.ecse.coolsupplies.features.OrderStepDefinitions.the_following_order_entities_exist_in_the_system(io.cucumber.datatable.DataTable)?[0m
  ?[36mGiven ?[0m?[36mthe following order item entities exist in the system?[0m                            ?[90m# ca.mcgill.ecse.coolsupplies.features.OrderStepDefinitions.the_following_order_item_entities_exist_in_the_system(io.cucumber.datatable.DataTable)?[0m
  ?[36mGiven ?[0m?[36mthe order ?[0m?[36m?[1m"1"?[0m?[36m is marked as ?[0m?[36m?[1m"Started"?[0m                                             ?[90m# ca.mcgill.ecse.coolsupplies.features.OrderStepDefinitions.the_order_is_marked_as(java.lang.String,java.lang.String)?[0m
  ?[36mWhen ?[0m?[36mthe parent attempts to update an item ?[0m?[36m?[1m"eraser"?[0m?[36m with quantity ?[0m?[36m?[1m"2"?[0m?[36m in the order ?[0m?[36m?[1m"1"?[0m ?[90m# ca.mcgill.ecse.coolsupplies.features.OrderStepDefinitions.the_parent_attempts_to_update_an_item_with_quantity_in_the_order(java.lang.String,java.lang.String,java.lang.String)?[0m
  ?[36mThen ?[0m?[36mthe order ?[0m?[36m?[1m"1"?[0m?[36m shall be marked as ?[0m?[36m?[1m"Started"?[0m                                        ?[90m# ca.mcgill.ecse.coolsupplies.features.OrderStepDefinitions.the_order_shall_be_marked_as(java.lang.String,java.lang.String)?[0m
  ?[36mThen ?[0m?[36mthe number of order items in the system shall be ?[0m?[36m?[1m"2"?[0m                              ?[90m# ca.mcgill.ecse.coolsupplies.features.OrderStepDefinitions.the_number_of_order_items_in_the_system_shall_be(java.lang.String)?[0m
  ?[36mThen ?[0m?[36mthe order ?[0m?[36m?[1m"1"?[0m?[36m shall contain ?[0m?[36m?[1m"2"?[0m?[36m items?[0m                                             ?[90m# ca.mcgill.ecse.coolsupplies.features.OrderStepDefinitions.the_order_shall_contain_items(java.lang.String,java.lang.String)?[0m
  ?[36mThen ?[0m?[36mthe order ?[0m?[36m?[1m"1"?[0m?[36m shall contain ?[0m?[36m?[1m"eraser"?[0m?[36m with quantity ?[0m?[36m?[1m"2"?[0m                            ?[90m# ca.mcgill.ecse.coolsupplies.features.OrderStepDefinitions.the_order_shall_contain_with_quantity(java.lang.String,java.lang.String,java.lang.String)?[0m

Scenario Outline: Successfully update an item in an order                                  ?[90m# src/test/resources/ProcessOrder.feature:172?[0m
  ?[33mGiven ?[0m?[33mthe following parent entities exist in the system?[0m                                  ?[90m# ca.mcgill.ecse.coolsupplies.features.OrderStepDefinitions.the_following_parent_entities_exist_in_the_system(io.cucumber.datatable.DataTable)?[0m
      ?[33mio.cucumber.java.PendingException: TODO: implement me
	at ca.mcgill.ecse.coolsupplies.features.OrderStepDefinitions.the_following_parent_entities_exist_in_the_system(OrderStepDefinitions.java:18)
	at ✽.the following parent entities exist in the system(file:///Users/zhengxuanzhao/IdeaProjects/ecse223-group-project-p8/src/test/resources/ProcessOrder.feature:5)
?[0m
  ?[36mGiven ?[0m?[36mthe following grade entities exist in the system?[0m                                   ?[90m# ca.mcgill.ecse.coolsupplies.features.OrderStepDefinitions.the_following_grade_entities_exist_in_the_system(io.cucumber.datatable.DataTable)?[0m
  ?[36mGiven ?[0m?[36mthe following student entities exist in the system?[0m                                 ?[90m# ca.mcgill.ecse.coolsupplies.features.OrderStepDefinitions.the_following_student_entities_exist_in_the_system(io.cucumber.datatable.DataTable)?[0m
  ?[36mGiven ?[0m?[36mthe following student entities exist for a parent in the system?[0m                    ?[90m# ca.mcgill.ecse.coolsupplies.features.OrderStepDefinitions.the_following_student_entities_exist_for_a_parent_in_the_system(io.cucumber.datatable.DataTable)?[0m
  ?[36mGiven ?[0m?[36mthe following item entities exist in the system?[0m                                    ?[90m# ca.mcgill.ecse.coolsupplies.features.OrderStepDefinitions.the_following_item_entities_exist_in_the_system(io.cucumber.datatable.DataTable)?[0m
  ?[36mGiven ?[0m?[36mthe following grade bundle entities exist in the system?[0m                            ?[90m# ca.mcgill.ecse.coolsupplies.features.OrderStepDefinitions.the_following_grade_bundle_entities_exist_in_the_system(io.cucumber.datatable.DataTable)?[0m
  ?[36mGiven ?[0m?[36mthe following bundle item entities exist in the system?[0m                             ?[90m# ca.mcgill.ecse.coolsupplies.features.OrderStepDefinitions.the_following_bundle_item_entities_exist_in_the_system(io.cucumber.datatable.DataTable)?[0m
  ?[36mGiven ?[0m?[36mthe following order entities exist in the system?[0m                                   ?[90m# ca.mcgill.ecse.coolsupplies.features.OrderStepDefinitions.the_following_order_entities_exist_in_the_system(io.cucumber.datatable.DataTable)?[0m
  ?[36mGiven ?[0m?[36mthe following order item entities exist in the system?[0m                              ?[90m# ca.mcgill.ecse.coolsupplies.features.OrderStepDefinitions.the_following_order_item_entities_exist_in_the_system(io.cucumber.datatable.DataTable)?[0m
  ?[36mGiven ?[0m?[36mthe order ?[0m?[36m?[1m"1"?[0m?[36m is marked as ?[0m?[36m?[1m"Started"?[0m                                               ?[90m# ca.mcgill.ecse.coolsupplies.features.OrderStepDefinitions.the_order_is_marked_as(java.lang.String,java.lang.String)?[0m
  ?[36mWhen ?[0m?[36mthe parent attempts to update an item ?[0m?[36m?[1m"Bundle 5"?[0m?[36m with quantity ?[0m?[36m?[1m"2"?[0m?[36m in the order ?[0m?[36m?[1m"1"?[0m ?[90m# ca.mcgill.ecse.coolsupplies.features.OrderStepDefinitions.the_parent_attempts_to_update_an_item_with_quantity_in_the_order(java.lang.String,java.lang.String,java.lang.String)?[0m
  ?[36mThen ?[0m?[36mthe order ?[0m?[36m?[1m"1"?[0m?[36m shall be marked as ?[0m?[36m?[1m"Started"?[0m                                          ?[90m# ca.mcgill.ecse.coolsupplies.features.OrderStepDefinitions.the_order_shall_be_marked_as(java.lang.String,java.lang.String)?[0m
  ?[36mThen ?[0m?[36mthe number of order items in the system shall be ?[0m?[36m?[1m"2"?[0m                                ?[90m# ca.mcgill.ecse.coolsupplies.features.OrderStepDefinitions.the_number_of_order_items_in_the_system_shall_be(java.lang.String)?[0m
  ?[36mThen ?[0m?[36mthe order ?[0m?[36m?[1m"1"?[0m?[36m shall contain ?[0m?[36m?[1m"2"?[0m?[36m items?[0m                                               ?[90m# ca.mcgill.ecse.coolsupplies.features.OrderStepDefinitions.the_order_shall_contain_items(java.lang.String,java.lang.String)?[0m
  ?[36mThen ?[0m?[36mthe order ?[0m?[36m?[1m"1"?[0m?[36m shall contain ?[0m?[36m?[1m"Bundle 5"?[0m?[36m with quantity ?[0m?[36m?[1m"2"?[0m                            ?[90m# ca.mcgill.ecse.coolsupplies.features.OrderStepDefinitions.the_order_shall_contain_with_quantity(java.lang.String,java.lang.String,java.lang.String)?[0m

Scenario Outline: Unsuccessfully update an item in an order due to wrong input           ?[90m# src/test/resources/ProcessOrder.feature:185?[0m
  ?[33mGiven ?[0m?[33mthe following parent entities exist in the system?[0m                                ?[90m# ca.mcgill.ecse.coolsupplies.features.OrderStepDefinitions.the_following_parent_entities_exist_in_the_system(io.cucumber.datatable.DataTable)?[0m
      ?[33mio.cucumber.java.PendingException: TODO: implement me
	at ca.mcgill.ecse.coolsupplies.features.OrderStepDefinitions.the_following_parent_entities_exist_in_the_system(OrderStepDefinitions.java:18)
	at ✽.the following parent entities exist in the system(file:///Users/zhengxuanzhao/IdeaProjects/ecse223-group-project-p8/src/test/resources/ProcessOrder.feature:5)
?[0m
  ?[36mGiven ?[0m?[36mthe following grade entities exist in the system?[0m                                 ?[90m# ca.mcgill.ecse.coolsupplies.features.OrderStepDefinitions.the_following_grade_entities_exist_in_the_system(io.cucumber.datatable.DataTable)?[0m
  ?[36mGiven ?[0m?[36mthe following student entities exist in the system?[0m                               ?[90m# ca.mcgill.ecse.coolsupplies.features.OrderStepDefinitions.the_following_student_entities_exist_in_the_system(io.cucumber.datatable.DataTable)?[0m
  ?[36mGiven ?[0m?[36mthe following student entities exist for a parent in the system?[0m                  ?[90m# ca.mcgill.ecse.coolsupplies.features.OrderStepDefinitions.the_following_student_entities_exist_for_a_parent_in_the_system(io.cucumber.datatable.DataTable)?[0m
  ?[36mGiven ?[0m?[36mthe following item entities exist in the system?[0m                                  ?[90m# ca.mcgill.ecse.coolsupplies.features.OrderStepDefinitions.the_following_item_entities_exist_in_the_system(io.cucumber.datatable.DataTable)?[0m
  ?[36mGiven ?[0m?[36mthe following grade bundle entities exist in the system?[0m                          ?[90m# ca.mcgill.ecse.coolsupplies.features.OrderStepDefinitions.the_following_grade_bundle_entities_exist_in_the_system(io.cucumber.datatable.DataTable)?[0m
  ?[36mGiven ?[0m?[36mthe following bundle item entities exist in the system?[0m                           ?[90m# ca.mcgill.ecse.coolsupplies.features.OrderStepDefinitions.the_following_bundle_item_entities_exist_in_the_system(io.cucumber.datatable.DataTable)?[0m
  ?[36mGiven ?[0m?[36mthe following order entities exist in the system?[0m                                 ?[90m# ca.mcgill.ecse.coolsupplies.features.OrderStepDefinitions.the_following_order_entities_exist_in_the_system(io.cucumber.datatable.DataTable)?[0m
  ?[36mGiven ?[0m?[36mthe following order item entities exist in the system?[0m                            ?[90m# ca.mcgill.ecse.coolsupplies.features.OrderStepDefinitions.the_following_order_item_entities_exist_in_the_system(io.cucumber.datatable.DataTable)?[0m
  ?[36mGiven ?[0m?[36mthe order ?[0m?[36m?[1m"1"?[0m?[36m is marked as ?[0m?[36m?[1m"Started"?[0m                                             ?[90m# ca.mcgill.ecse.coolsupplies.features.OrderStepDefinitions.the_order_is_marked_as(java.lang.String,java.lang.String)?[0m
  ?[36mWhen ?[0m?[36mthe parent attempts to update an item ?[0m?[36m?[1m"pencil"?[0m?[36m with quantity ?[0m?[36m?[1m"3"?[0m?[36m in the order ?[0m?[36m?[1m"1"?[0m ?[90m# ca.mcgill.ecse.coolsupplies.features.OrderStepDefinitions.the_parent_attempts_to_update_an_item_with_quantity_in_the_order(java.lang.String,java.lang.String,java.lang.String)?[0m
  ?[36mThen ?[0m?[36mthe order ?[0m?[36m?[1m"1"?[0m?[36m shall be marked as ?[0m?[36m?[1m"Started"?[0m                                        ?[90m# ca.mcgill.ecse.coolsupplies.features.OrderStepDefinitions.the_order_shall_be_marked_as(java.lang.String,java.lang.String)?[0m
  ?[36mThen ?[0m?[36mthe number of order items in the system shall be ?[0m?[36m?[1m"2"?[0m                              ?[90m# ca.mcgill.ecse.coolsupplies.features.OrderStepDefinitions.the_number_of_order_items_in_the_system_shall_be(java.lang.String)?[0m
  ?[36mThen ?[0m?[36mthe order ?[0m?[36m?[1m"1"?[0m?[36m shall contain ?[0m?[36m?[1m"2"?[0m?[36m items?[0m                                             ?[90m# ca.mcgill.ecse.coolsupplies.features.OrderStepDefinitions.the_order_shall_contain_items(java.lang.String,java.lang.String)?[0m
  ?[36mThen ?[0m?[36mthe order ?[0m?[36m?[1m"1"?[0m?[36m shall not contain ?[0m?[36m?[1m"pencil"?[0m?[36m with quantity ?[0m?[36m?[1m"3"?[0m                        ?[90m# ca.mcgill.ecse.coolsupplies.features.OrderStepDefinitions.the_order_shall_not_contain_with_quantity(java.lang.String,java.lang.String,java.lang.String)?[0m
  ?[36mThen ?[0m?[36mthe error ?[0m?[36m?[1m"Item pencil does not exist in the order 1."?[0m?[36m shall be raised?[0m            ?[90m# ca.mcgill.ecse.coolsupplies.features.OrderStepDefinitions.the_error_shall_be_raised(java.lang.String)?[0m

Scenario Outline: Unsuccessfully update an item in an order due to wrong input             ?[90m# src/test/resources/ProcessOrder.feature:186?[0m
  ?[33mGiven ?[0m?[33mthe following parent entities exist in the system?[0m                                  ?[90m# ca.mcgill.ecse.coolsupplies.features.OrderStepDefinitions.the_following_parent_entities_exist_in_the_system(io.cucumber.datatable.DataTable)?[0m
      ?[33mio.cucumber.java.PendingException: TODO: implement me
	at ca.mcgill.ecse.coolsupplies.features.OrderStepDefinitions.the_following_parent_entities_exist_in_the_system(OrderStepDefinitions.java:18)
	at ✽.the following parent entities exist in the system(file:///Users/zhengxuanzhao/IdeaProjects/ecse223-group-project-p8/src/test/resources/ProcessOrder.feature:5)
?[0m
  ?[36mGiven ?[0m?[36mthe following grade entities exist in the system?[0m                                   ?[90m# ca.mcgill.ecse.coolsupplies.features.OrderStepDefinitions.the_following_grade_entities_exist_in_the_system(io.cucumber.datatable.DataTable)?[0m
  ?[36mGiven ?[0m?[36mthe following student entities exist in the system?[0m                                 ?[90m# ca.mcgill.ecse.coolsupplies.features.OrderStepDefinitions.the_following_student_entities_exist_in_the_system(io.cucumber.datatable.DataTable)?[0m
  ?[36mGiven ?[0m?[36mthe following student entities exist for a parent in the system?[0m                    ?[90m# ca.mcgill.ecse.coolsupplies.features.OrderStepDefinitions.the_following_student_entities_exist_for_a_parent_in_the_system(io.cucumber.datatable.DataTable)?[0m
  ?[36mGiven ?[0m?[36mthe following item entities exist in the system?[0m                                    ?[90m# ca.mcgill.ecse.coolsupplies.features.OrderStepDefinitions.the_following_item_entities_exist_in_the_system(io.cucumber.datatable.DataTable)?[0m
  ?[36mGiven ?[0m?[36mthe following grade bundle entities exist in the system?[0m                            ?[90m# ca.mcgill.ecse.coolsupplies.features.OrderStepDefinitions.the_following_grade_bundle_entities_exist_in_the_system(io.cucumber.datatable.DataTable)?[0m
  ?[36mGiven ?[0m?[36mthe following bundle item entities exist in the system?[0m                             ?[90m# ca.mcgill.ecse.coolsupplies.features.OrderStepDefinitions.the_following_bundle_item_entities_exist_in_the_system(io.cucumber.datatable.DataTable)?[0m
  ?[36mGiven ?[0m?[36mthe following order entities exist in the system?[0m                                   ?[90m# ca.mcgill.ecse.coolsupplies.features.OrderStepDefinitions.the_following_order_entities_exist_in_the_system(io.cucumber.datatable.DataTable)?[0m
  ?[36mGiven ?[0m?[36mthe following order item entities exist in the system?[0m                              ?[90m# ca.mcgill.ecse.coolsupplies.features.OrderStepDefinitions.the_following_order_item_entities_exist_in_the_system(io.cucumber.datatable.DataTable)?[0m
  ?[36mGiven ?[0m?[36mthe order ?[0m?[36m?[1m"1"?[0m?[36m is marked as ?[0m?[36m?[1m"Started"?[0m                                               ?[90m# ca.mcgill.ecse.coolsupplies.features.OrderStepDefinitions.the_order_is_marked_as(java.lang.String,java.lang.String)?[0m
  ?[36mWhen ?[0m?[36mthe parent attempts to update an item ?[0m?[36m?[1m"Bundle 6"?[0m?[36m with quantity ?[0m?[36m?[1m"1"?[0m?[36m in the order ?[0m?[36m?[1m"1"?[0m ?[90m# ca.mcgill.ecse.coolsupplies.features.OrderStepDefinitions.the_parent_attempts_to_update_an_item_with_quantity_in_the_order(java.lang.String,java.lang.String,java.lang.String)?[0m
  ?[36mThen ?[0m?[36mthe order ?[0m?[36m?[1m"1"?[0m?[36m shall be marked as ?[0m?[36m?[1m"Started"?[0m                                          ?[90m# ca.mcgill.ecse.coolsupplies.features.OrderStepDefinitions.the_order_shall_be_marked_as(java.lang.String,java.lang.String)?[0m
  ?[36mThen ?[0m?[36mthe number of order items in the system shall be ?[0m?[36m?[1m"2"?[0m                                ?[90m# ca.mcgill.ecse.coolsupplies.features.OrderStepDefinitions.the_number_of_order_items_in_the_system_shall_be(java.lang.String)?[0m
  ?[36mThen ?[0m?[36mthe order ?[0m?[36m?[1m"1"?[0m?[36m shall contain ?[0m?[36m?[1m"2"?[0m?[36m items?[0m                                               ?[90m# ca.mcgill.ecse.coolsupplies.features.OrderStepDefinitions.the_order_shall_contain_items(java.lang.String,java.lang.String)?[0m
  ?[36mThen ?[0m?[36mthe order ?[0m?[36m?[1m"1"?[0m?[36m shall not contain ?[0m?[36m?[1m"Bundle 6"?[0m?[36m with quantity ?[0m?[36m?[1m"1"?[0m                        ?[90m# ca.mcgill.ecse.coolsupplies.features.OrderStepDefinitions.the_order_shall_not_contain_with_quantity(java.lang.String,java.lang.String,java.lang.String)?[0m
  ?[36mThen ?[0m?[36mthe error ?[0m?[36m?[1m"Item Bundle 6 does not exist in the order 1."?[0m?[36m shall be raised?[0m            ?[90m# ca.mcgill.ecse.coolsupplies.features.OrderStepDefinitions.the_error_shall_be_raised(java.lang.String)?[0m

Scenario Outline: Unsuccessfully update an item in an order due to wrong input             ?[90m# src/test/resources/ProcessOrder.feature:187?[0m
  ?[33mGiven ?[0m?[33mthe following parent entities exist in the system?[0m                                  ?[90m# ca.mcgill.ecse.coolsupplies.features.OrderStepDefinitions.the_following_parent_entities_exist_in_the_system(io.cucumber.datatable.DataTable)?[0m
      ?[33mio.cucumber.java.PendingException: TODO: implement me
	at ca.mcgill.ecse.coolsupplies.features.OrderStepDefinitions.the_following_parent_entities_exist_in_the_system(OrderStepDefinitions.java:18)
	at ✽.the following parent entities exist in the system(file:///Users/zhengxuanzhao/IdeaProjects/ecse223-group-project-p8/src/test/resources/ProcessOrder.feature:5)
?[0m
  ?[36mGiven ?[0m?[36mthe following grade entities exist in the system?[0m                                   ?[90m# ca.mcgill.ecse.coolsupplies.features.OrderStepDefinitions.the_following_grade_entities_exist_in_the_system(io.cucumber.datatable.DataTable)?[0m
  ?[36mGiven ?[0m?[36mthe following student entities exist in the system?[0m                                 ?[90m# ca.mcgill.ecse.coolsupplies.features.OrderStepDefinitions.the_following_student_entities_exist_in_the_system(io.cucumber.datatable.DataTable)?[0m
  ?[36mGiven ?[0m?[36mthe following student entities exist for a parent in the system?[0m                    ?[90m# ca.mcgill.ecse.coolsupplies.features.OrderStepDefinitions.the_following_student_entities_exist_for_a_parent_in_the_system(io.cucumber.datatable.DataTable)?[0m
  ?[36mGiven ?[0m?[36mthe following item entities exist in the system?[0m                                    ?[90m# ca.mcgill.ecse.coolsupplies.features.OrderStepDefinitions.the_following_item_entities_exist_in_the_system(io.cucumber.datatable.DataTable)?[0m
  ?[36mGiven ?[0m?[36mthe following grade bundle entities exist in the system?[0m                            ?[90m# ca.mcgill.ecse.coolsupplies.features.OrderStepDefinitions.the_following_grade_bundle_entities_exist_in_the_system(io.cucumber.datatable.DataTable)?[0m
  ?[36mGiven ?[0m?[36mthe following bundle item entities exist in the system?[0m                             ?[90m# ca.mcgill.ecse.coolsupplies.features.OrderStepDefinitions.the_following_bundle_item_entities_exist_in_the_system(io.cucumber.datatable.DataTable)?[0m
  ?[36mGiven ?[0m?[36mthe following order entities exist in the system?[0m                                   ?[90m# ca.mcgill.ecse.coolsupplies.features.OrderStepDefinitions.the_following_order_entities_exist_in_the_system(io.cucumber.datatable.DataTable)?[0m
  ?[36mGiven ?[0m?[36mthe following order item entities exist in the system?[0m                              ?[90m# ca.mcgill.ecse.coolsupplies.features.OrderStepDefinitions.the_following_order_item_entities_exist_in_the_system(io.cucumber.datatable.DataTable)?[0m
  ?[36mGiven ?[0m?[36mthe order ?[0m?[36m?[1m"1"?[0m?[36m is marked as ?[0m?[36m?[1m"Started"?[0m                                               ?[90m# ca.mcgill.ecse.coolsupplies.features.OrderStepDefinitions.the_order_is_marked_as(java.lang.String,java.lang.String)?[0m
  ?[36mWhen ?[0m?[36mthe parent attempts to update an item ?[0m?[36m?[1m"NotExist"?[0m?[36m with quantity ?[0m?[36m?[1m"1"?[0m?[36m in the order ?[0m?[36m?[1m"1"?[0m ?[90m# ca.mcgill.ecse.coolsupplies.features.OrderStepDefinitions.the_parent_attempts_to_update_an_item_with_quantity_in_the_order(java.lang.String,java.lang.String,java.lang.String)?[0m
  ?[36mThen ?[0m?[36mthe order ?[0m?[36m?[1m"1"?[0m?[36m shall be marked as ?[0m?[36m?[1m"Started"?[0m                                          ?[90m# ca.mcgill.ecse.coolsupplies.features.OrderStepDefinitions.the_order_shall_be_marked_as(java.lang.String,java.lang.String)?[0m
  ?[36mThen ?[0m?[36mthe number of order items in the system shall be ?[0m?[36m?[1m"2"?[0m                                ?[90m# ca.mcgill.ecse.coolsupplies.features.OrderStepDefinitions.the_number_of_order_items_in_the_system_shall_be(java.lang.String)?[0m
  ?[36mThen ?[0m?[36mthe order ?[0m?[36m?[1m"1"?[0m?[36m shall contain ?[0m?[36m?[1m"2"?[0m?[36m items?[0m                                               ?[90m# ca.mcgill.ecse.coolsupplies.features.OrderStepDefinitions.the_order_shall_contain_items(java.lang.String,java.lang.String)?[0m
  ?[36mThen ?[0m?[36mthe order ?[0m?[36m?[1m"1"?[0m?[36m shall not contain ?[0m?[36m?[1m"NotExist"?[0m?[36m with quantity ?[0m?[36m?[1m"1"?[0m                        ?[90m# ca.mcgill.ecse.coolsupplies.features.OrderStepDefinitions.the_order_shall_not_contain_with_quantity(java.lang.String,java.lang.String,java.lang.String)?[0m
  ?[36mThen ?[0m?[36mthe error ?[0m?[36m?[1m"Item NotExist does not exist."?[0m?[36m shall be raised?[0m                           ?[90m# ca.mcgill.ecse.coolsupplies.features.OrderStepDefinitions.the_error_shall_be_raised(java.lang.String)?[0m

Scenario Outline: Unsuccessfully update an item in an order due to wrong input           ?[90m# src/test/resources/ProcessOrder.feature:188?[0m
  ?[33mGiven ?[0m?[33mthe following parent entities exist in the system?[0m                                ?[90m# ca.mcgill.ecse.coolsupplies.features.OrderStepDefinitions.the_following_parent_entities_exist_in_the_system(io.cucumber.datatable.DataTable)?[0m
      ?[33mio.cucumber.java.PendingException: TODO: implement me
	at ca.mcgill.ecse.coolsupplies.features.OrderStepDefinitions.the_following_parent_entities_exist_in_the_system(OrderStepDefinitions.java:18)
	at ✽.the following parent entities exist in the system(file:///Users/zhengxuanzhao/IdeaProjects/ecse223-group-project-p8/src/test/resources/ProcessOrder.feature:5)
?[0m
  ?[36mGiven ?[0m?[36mthe following grade entities exist in the system?[0m                                 ?[90m# ca.mcgill.ecse.coolsupplies.features.OrderStepDefinitions.the_following_grade_entities_exist_in_the_system(io.cucumber.datatable.DataTable)?[0m
  ?[36mGiven ?[0m?[36mthe following student entities exist in the system?[0m                               ?[90m# ca.mcgill.ecse.coolsupplies.features.OrderStepDefinitions.the_following_student_entities_exist_in_the_system(io.cucumber.datatable.DataTable)?[0m
  ?[36mGiven ?[0m?[36mthe following student entities exist for a parent in the system?[0m                  ?[90m# ca.mcgill.ecse.coolsupplies.features.OrderStepDefinitions.the_following_student_entities_exist_for_a_parent_in_the_system(io.cucumber.datatable.DataTable)?[0m
  ?[36mGiven ?[0m?[36mthe following item entities exist in the system?[0m                                  ?[90m# ca.mcgill.ecse.coolsupplies.features.OrderStepDefinitions.the_following_item_entities_exist_in_the_system(io.cucumber.datatable.DataTable)?[0m
  ?[36mGiven ?[0m?[36mthe following grade bundle entities exist in the system?[0m                          ?[90m# ca.mcgill.ecse.coolsupplies.features.OrderStepDefinitions.the_following_grade_bundle_entities_exist_in_the_system(io.cucumber.datatable.DataTable)?[0m
  ?[36mGiven ?[0m?[36mthe following bundle item entities exist in the system?[0m                           ?[90m# ca.mcgill.ecse.coolsupplies.features.OrderStepDefinitions.the_following_bundle_item_entities_exist_in_the_system(io.cucumber.datatable.DataTable)?[0m
  ?[36mGiven ?[0m?[36mthe following order entities exist in the system?[0m                                 ?[90m# ca.mcgill.ecse.coolsupplies.features.OrderStepDefinitions.the_following_order_entities_exist_in_the_system(io.cucumber.datatable.DataTable)?[0m
  ?[36mGiven ?[0m?[36mthe following order item entities exist in the system?[0m                            ?[90m# ca.mcgill.ecse.coolsupplies.features.OrderStepDefinitions.the_following_order_item_entities_exist_in_the_system(io.cucumber.datatable.DataTable)?[0m
  ?[36mGiven ?[0m?[36mthe order ?[0m?[36m?[1m"1"?[0m?[36m is marked as ?[0m?[36m?[1m"Started"?[0m                                             ?[90m# ca.mcgill.ecse.coolsupplies.features.OrderStepDefinitions.the_order_is_marked_as(java.lang.String,java.lang.String)?[0m
  ?[36mWhen ?[0m?[36mthe parent attempts to update an item ?[0m?[36m?[1m"eraser"?[0m?[36m with quantity ?[0m?[36m?[1m"0"?[0m?[36m in the order ?[0m?[36m?[1m"1"?[0m ?[90m# ca.mcgill.ecse.coolsupplies.features.OrderStepDefinitions.the_parent_attempts_to_update_an_item_with_quantity_in_the_order(java.lang.String,java.lang.String,java.lang.String)?[0m
  ?[36mThen ?[0m?[36mthe order ?[0m?[36m?[1m"1"?[0m?[36m shall be marked as ?[0m?[36m?[1m"Started"?[0m                                        ?[90m# ca.mcgill.ecse.coolsupplies.features.OrderStepDefinitions.the_order_shall_be_marked_as(java.lang.String,java.lang.String)?[0m
  ?[36mThen ?[0m?[36mthe number of order items in the system shall be ?[0m?[36m?[1m"2"?[0m                              ?[90m# ca.mcgill.ecse.coolsupplies.features.OrderStepDefinitions.the_number_of_order_items_in_the_system_shall_be(java.lang.String)?[0m
  ?[36mThen ?[0m?[36mthe order ?[0m?[36m?[1m"1"?[0m?[36m shall contain ?[0m?[36m?[1m"2"?[0m?[36m items?[0m                                             ?[90m# ca.mcgill.ecse.coolsupplies.features.OrderStepDefinitions.the_order_shall_contain_items(java.lang.String,java.lang.String)?[0m
  ?[36mThen ?[0m?[36mthe order ?[0m?[36m?[1m"1"?[0m?[36m shall not contain ?[0m?[36m?[1m"eraser"?[0m?[36m with quantity ?[0m?[36m?[1m"0"?[0m                        ?[90m# ca.mcgill.ecse.coolsupplies.features.OrderStepDefinitions.the_order_shall_not_contain_with_quantity(java.lang.String,java.lang.String,java.lang.String)?[0m
  ?[36mThen ?[0m?[36mthe error ?[0m?[36m?[1m"Quantity must be greater than 0."?[0m?[36m shall be raised?[0m                      ?[90m# ca.mcgill.ecse.coolsupplies.features.OrderStepDefinitions.the_error_shall_be_raised(java.lang.String)?[0m

Scenario Outline: Unsuccessfully update an item in an order due to wrong input            ?[90m# src/test/resources/ProcessOrder.feature:189?[0m
  ?[33mGiven ?[0m?[33mthe following parent entities exist in the system?[0m                                 ?[90m# ca.mcgill.ecse.coolsupplies.features.OrderStepDefinitions.the_following_parent_entities_exist_in_the_system(io.cucumber.datatable.DataTable)?[0m
      ?[33mio.cucumber.java.PendingException: TODO: implement me
	at ca.mcgill.ecse.coolsupplies.features.OrderStepDefinitions.the_following_parent_entities_exist_in_the_system(OrderStepDefinitions.java:18)
	at ✽.the following parent entities exist in the system(file:///Users/zhengxuanzhao/IdeaProjects/ecse223-group-project-p8/src/test/resources/ProcessOrder.feature:5)
?[0m
  ?[36mGiven ?[0m?[36mthe following grade entities exist in the system?[0m                                  ?[90m# ca.mcgill.ecse.coolsupplies.features.OrderStepDefinitions.the_following_grade_entities_exist_in_the_system(io.cucumber.datatable.DataTable)?[0m
  ?[36mGiven ?[0m?[36mthe following student entities exist in the system?[0m                                ?[90m# ca.mcgill.ecse.coolsupplies.features.OrderStepDefinitions.the_following_student_entities_exist_in_the_system(io.cucumber.datatable.DataTable)?[0m
  ?[36mGiven ?[0m?[36mthe following student entities exist for a parent in the system?[0m                   ?[90m# ca.mcgill.ecse.coolsupplies.features.OrderStepDefinitions.the_following_student_entities_exist_for_a_parent_in_the_system(io.cucumber.datatable.DataTable)?[0m
  ?[36mGiven ?[0m?[36mthe following item entities exist in the system?[0m                                   ?[90m# ca.mcgill.ecse.coolsupplies.features.OrderStepDefinitions.the_following_item_entities_exist_in_the_system(io.cucumber.datatable.DataTable)?[0m
  ?[36mGiven ?[0m?[36mthe following grade bundle entities exist in the system?[0m                           ?[90m# ca.mcgill.ecse.coolsupplies.features.OrderStepDefinitions.the_following_grade_bundle_entities_exist_in_the_system(io.cucumber.datatable.DataTable)?[0m
  ?[36mGiven ?[0m?[36mthe following bundle item entities exist in the system?[0m                            ?[90m# ca.mcgill.ecse.coolsupplies.features.OrderStepDefinitions.the_following_bundle_item_entities_exist_in_the_system(io.cucumber.datatable.DataTable)?[0m
  ?[36mGiven ?[0m?[36mthe following order entities exist in the system?[0m                                  ?[90m# ca.mcgill.ecse.coolsupplies.features.OrderStepDefinitions.the_following_order_entities_exist_in_the_system(io.cucumber.datatable.DataTable)?[0m
  ?[36mGiven ?[0m?[36mthe following order item entities exist in the system?[0m                             ?[90m# ca.mcgill.ecse.coolsupplies.features.OrderStepDefinitions.the_following_order_item_entities_exist_in_the_system(io.cucumber.datatable.DataTable)?[0m
  ?[36mGiven ?[0m?[36mthe order ?[0m?[36m?[1m"1"?[0m?[36m is marked as ?[0m?[36m?[1m"Started"?[0m                                              ?[90m# ca.mcgill.ecse.coolsupplies.features.OrderStepDefinitions.the_order_is_marked_as(java.lang.String,java.lang.String)?[0m
  ?[36mWhen ?[0m?[36mthe parent attempts to update an item ?[0m?[36m?[1m"eraser"?[0m?[36m with quantity ?[0m?[36m?[1m"-1"?[0m?[36m in the order ?[0m?[36m?[1m"1"?[0m ?[90m# ca.mcgill.ecse.coolsupplies.features.OrderStepDefinitions.the_parent_attempts_to_update_an_item_with_quantity_in_the_order(java.lang.String,java.lang.String,java.lang.String)?[0m
  ?[36mThen ?[0m?[36mthe order ?[0m?[36m?[1m"1"?[0m?[36m shall be marked as ?[0m?[36m?[1m"Started"?[0m                                         ?[90m# ca.mcgill.ecse.coolsupplies.features.OrderStepDefinitions.the_order_shall_be_marked_as(java.lang.String,java.lang.String)?[0m
  ?[36mThen ?[0m?[36mthe number of order items in the system shall be ?[0m?[36m?[1m"2"?[0m                               ?[90m# ca.mcgill.ecse.coolsupplies.features.OrderStepDefinitions.the_number_of_order_items_in_the_system_shall_be(java.lang.String)?[0m
  ?[36mThen ?[0m?[36mthe order ?[0m?[36m?[1m"1"?[0m?[36m shall contain ?[0m?[36m?[1m"2"?[0m?[36m items?[0m                                              ?[90m# ca.mcgill.ecse.coolsupplies.features.OrderStepDefinitions.the_order_shall_contain_items(java.lang.String,java.lang.String)?[0m
  ?[36mThen ?[0m?[36mthe order ?[0m?[36m?[1m"1"?[0m?[36m shall not contain ?[0m?[36m?[1m"eraser"?[0m?[36m with quantity ?[0m?[36m?[1m"-1"?[0m                        ?[90m# ca.mcgill.ecse.coolsupplies.features.OrderStepDefinitions.the_order_shall_not_contain_with_quantity(java.lang.String,java.lang.String,java.lang.String)?[0m
  ?[36mThen ?[0m?[36mthe error ?[0m?[36m?[1m"Quantity must be greater than 0."?[0m?[36m shall be raised?[0m                       ?[90m# ca.mcgill.ecse.coolsupplies.features.OrderStepDefinitions.the_error_shall_be_raised(java.lang.String)?[0m

Scenario Outline: Unsuccessfully update an item in an order due to non-existing order     ?[90m# src/test/resources/ProcessOrder.feature:199?[0m
  ?[33mGiven ?[0m?[33mthe following parent entities exist in the system?[0m                                 ?[90m# ca.mcgill.ecse.coolsupplies.features.OrderStepDefinitions.the_following_parent_entities_exist_in_the_system(io.cucumber.datatable.DataTable)?[0m
      ?[33mio.cucumber.java.PendingException: TODO: implement me
	at ca.mcgill.ecse.coolsupplies.features.OrderStepDefinitions.the_following_parent_entities_exist_in_the_system(OrderStepDefinitions.java:18)
	at ✽.the following parent entities exist in the system(file:///Users/zhengxuanzhao/IdeaProjects/ecse223-group-project-p8/src/test/resources/ProcessOrder.feature:5)
?[0m
  ?[36mGiven ?[0m?[36mthe following grade entities exist in the system?[0m                                  ?[90m# ca.mcgill.ecse.coolsupplies.features.OrderStepDefinitions.the_following_grade_entities_exist_in_the_system(io.cucumber.datatable.DataTable)?[0m
  ?[36mGiven ?[0m?[36mthe following student entities exist in the system?[0m                                ?[90m# ca.mcgill.ecse.coolsupplies.features.OrderStepDefinitions.the_following_student_entities_exist_in_the_system(io.cucumber.datatable.DataTable)?[0m
  ?[36mGiven ?[0m?[36mthe following student entities exist for a parent in the system?[0m                   ?[90m# ca.mcgill.ecse.coolsupplies.features.OrderStepDefinitions.the_following_student_entities_exist_for_a_parent_in_the_system(io.cucumber.datatable.DataTable)?[0m
  ?[36mGiven ?[0m?[36mthe following item entities exist in the system?[0m                                   ?[90m# ca.mcgill.ecse.coolsupplies.features.OrderStepDefinitions.the_following_item_entities_exist_in_the_system(io.cucumber.datatable.DataTable)?[0m
  ?[36mGiven ?[0m?[36mthe following grade bundle entities exist in the system?[0m                           ?[90m# ca.mcgill.ecse.coolsupplies.features.OrderStepDefinitions.the_following_grade_bundle_entities_exist_in_the_system(io.cucumber.datatable.DataTable)?[0m
  ?[36mGiven ?[0m?[36mthe following bundle item entities exist in the system?[0m                            ?[90m# ca.mcgill.ecse.coolsupplies.features.OrderStepDefinitions.the_following_bundle_item_entities_exist_in_the_system(io.cucumber.datatable.DataTable)?[0m
  ?[36mGiven ?[0m?[36mthe following order entities exist in the system?[0m                                  ?[90m# ca.mcgill.ecse.coolsupplies.features.OrderStepDefinitions.the_following_order_entities_exist_in_the_system(io.cucumber.datatable.DataTable)?[0m
  ?[36mGiven ?[0m?[36mthe following order item entities exist in the system?[0m                             ?[90m# ca.mcgill.ecse.coolsupplies.features.OrderStepDefinitions.the_following_order_item_entities_exist_in_the_system(io.cucumber.datatable.DataTable)?[0m
  ?[36mWhen ?[0m?[36mthe parent attempts to update an item ?[0m?[36m?[1m"eraser"?[0m?[36m with quantity ?[0m?[36m?[1m"3"?[0m?[36m in the order ?[0m?[36m?[1m"10"?[0m ?[90m# ca.mcgill.ecse.coolsupplies.features.OrderStepDefinitions.the_parent_attempts_to_update_an_item_with_quantity_in_the_order(java.lang.String,java.lang.String,java.lang.String)?[0m
  ?[36mThen ?[0m?[36mthe number of order items in the system shall be ?[0m?[36m?[1m"2"?[0m                               ?[90m# ca.mcgill.ecse.coolsupplies.features.OrderStepDefinitions.the_number_of_order_items_in_the_system_shall_be(java.lang.String)?[0m
  ?[36mThen ?[0m?[36mthe number of orders in the system shall be ?[0m?[36m?[1m"4"?[0m                                    ?[90m# ca.mcgill.ecse.coolsupplies.features.OrderStepDefinitions.the_number_of_orders_in_the_system_shall_be(java.lang.String)?[0m
  ?[36mThen ?[0m?[36mthe error ?[0m?[36m?[1m"Order 10 does not exist"?[0m?[36m shall be raised?[0m                                ?[90m# ca.mcgill.ecse.coolsupplies.features.OrderStepDefinitions.the_error_shall_be_raised(java.lang.String)?[0m

Scenario Outline: Unsuccessfully update an item in an order due to non-existing order     ?[90m# src/test/resources/ProcessOrder.feature:200?[0m
  ?[33mGiven ?[0m?[33mthe following parent entities exist in the system?[0m                                 ?[90m# ca.mcgill.ecse.coolsupplies.features.OrderStepDefinitions.the_following_parent_entities_exist_in_the_system(io.cucumber.datatable.DataTable)?[0m
      ?[33mio.cucumber.java.PendingException: TODO: implement me
	at ca.mcgill.ecse.coolsupplies.features.OrderStepDefinitions.the_following_parent_entities_exist_in_the_system(OrderStepDefinitions.java:18)
	at ✽.the following parent entities exist in the system(file:///Users/zhengxuanzhao/IdeaProjects/ecse223-group-project-p8/src/test/resources/ProcessOrder.feature:5)
?[0m
  ?[36mGiven ?[0m?[36mthe following grade entities exist in the system?[0m                                  ?[90m# ca.mcgill.ecse.coolsupplies.features.OrderStepDefinitions.the_following_grade_entities_exist_in_the_system(io.cucumber.datatable.DataTable)?[0m
  ?[36mGiven ?[0m?[36mthe following student entities exist in the system?[0m                                ?[90m# ca.mcgill.ecse.coolsupplies.features.OrderStepDefinitions.the_following_student_entities_exist_in_the_system(io.cucumber.datatable.DataTable)?[0m
  ?[36mGiven ?[0m?[36mthe following student entities exist for a parent in the system?[0m                   ?[90m# ca.mcgill.ecse.coolsupplies.features.OrderStepDefinitions.the_following_student_entities_exist_for_a_parent_in_the_system(io.cucumber.datatable.DataTable)?[0m
  ?[36mGiven ?[0m?[36mthe following item entities exist in the system?[0m                                   ?[90m# ca.mcgill.ecse.coolsupplies.features.OrderStepDefinitions.the_following_item_entities_exist_in_the_system(io.cucumber.datatable.DataTable)?[0m
  ?[36mGiven ?[0m?[36mthe following grade bundle entities exist in the system?[0m                           ?[90m# ca.mcgill.ecse.coolsupplies.features.OrderStepDefinitions.the_following_grade_bundle_entities_exist_in_the_system(io.cucumber.datatable.DataTable)?[0m
  ?[36mGiven ?[0m?[36mthe following bundle item entities exist in the system?[0m                            ?[90m# ca.mcgill.ecse.coolsupplies.features.OrderStepDefinitions.the_following_bundle_item_entities_exist_in_the_system(io.cucumber.datatable.DataTable)?[0m
  ?[36mGiven ?[0m?[36mthe following order entities exist in the system?[0m                                  ?[90m# ca.mcgill.ecse.coolsupplies.features.OrderStepDefinitions.the_following_order_entities_exist_in_the_system(io.cucumber.datatable.DataTable)?[0m
  ?[36mGiven ?[0m?[36mthe following order item entities exist in the system?[0m                             ?[90m# ca.mcgill.ecse.coolsupplies.features.OrderStepDefinitions.the_following_order_item_entities_exist_in_the_system(io.cucumber.datatable.DataTable)?[0m
  ?[36mWhen ?[0m?[36mthe parent attempts to update an item ?[0m?[36m?[1m"eraser"?[0m?[36m with quantity ?[0m?[36m?[1m"3"?[0m?[36m in the order ?[0m?[36m?[1m"20"?[0m ?[90m# ca.mcgill.ecse.coolsupplies.features.OrderStepDefinitions.the_parent_attempts_to_update_an_item_with_quantity_in_the_order(java.lang.String,java.lang.String,java.lang.String)?[0m
  ?[36mThen ?[0m?[36mthe number of order items in the system shall be ?[0m?[36m?[1m"2"?[0m                               ?[90m# ca.mcgill.ecse.coolsupplies.features.OrderStepDefinitions.the_number_of_order_items_in_the_system_shall_be(java.lang.String)?[0m
  ?[36mThen ?[0m?[36mthe number of orders in the system shall be ?[0m?[36m?[1m"4"?[0m                                    ?[90m# ca.mcgill.ecse.coolsupplies.features.OrderStepDefinitions.the_number_of_orders_in_the_system_shall_be(java.lang.String)?[0m
  ?[36mThen ?[0m?[36mthe error ?[0m?[36m?[1m"Order 20 does not exist"?[0m?[36m shall be raised?[0m                                ?[90m# ca.mcgill.ecse.coolsupplies.features.OrderStepDefinitions.the_error_shall_be_raised(java.lang.String)?[0m

Scenario Outline: Unsuccessfully update an item in an order due to wrong state           ?[90m# src/test/resources/ProcessOrder.feature:213?[0m
  ?[33mGiven ?[0m?[33mthe following parent entities exist in the system?[0m                                ?[90m# ca.mcgill.ecse.coolsupplies.features.OrderStepDefinitions.the_following_parent_entities_exist_in_the_system(io.cucumber.datatable.DataTable)?[0m
      ?[33mio.cucumber.java.PendingException: TODO: implement me
	at ca.mcgill.ecse.coolsupplies.features.OrderStepDefinitions.the_following_parent_entities_exist_in_the_system(OrderStepDefinitions.java:18)
	at ✽.the following parent entities exist in the system(file:///Users/zhengxuanzhao/IdeaProjects/ecse223-group-project-p8/src/test/resources/ProcessOrder.feature:5)
?[0m
  ?[36mGiven ?[0m?[36mthe following grade entities exist in the system?[0m                                 ?[90m# ca.mcgill.ecse.coolsupplies.features.OrderStepDefinitions.the_following_grade_entities_exist_in_the_system(io.cucumber.datatable.DataTable)?[0m
  ?[36mGiven ?[0m?[36mthe following student entities exist in the system?[0m                               ?[90m# ca.mcgill.ecse.coolsupplies.features.OrderStepDefinitions.the_following_student_entities_exist_in_the_system(io.cucumber.datatable.DataTable)?[0m
  ?[36mGiven ?[0m?[36mthe following student entities exist for a parent in the system?[0m                  ?[90m# ca.mcgill.ecse.coolsupplies.features.OrderStepDefinitions.the_following_student_entities_exist_for_a_parent_in_the_system(io.cucumber.datatable.DataTable)?[0m
  ?[36mGiven ?[0m?[36mthe following item entities exist in the system?[0m                                  ?[90m# ca.mcgill.ecse.coolsupplies.features.OrderStepDefinitions.the_following_item_entities_exist_in_the_system(io.cucumber.datatable.DataTable)?[0m
  ?[36mGiven ?[0m?[36mthe following grade bundle entities exist in the system?[0m                          ?[90m# ca.mcgill.ecse.coolsupplies.features.OrderStepDefinitions.the_following_grade_bundle_entities_exist_in_the_system(io.cucumber.datatable.DataTable)?[0m
  ?[36mGiven ?[0m?[36mthe following bundle item entities exist in the system?[0m                           ?[90m# ca.mcgill.ecse.coolsupplies.features.OrderStepDefinitions.the_following_bundle_item_entities_exist_in_the_system(io.cucumber.datatable.DataTable)?[0m
  ?[36mGiven ?[0m?[36mthe following order entities exist in the system?[0m                                 ?[90m# ca.mcgill.ecse.coolsupplies.features.OrderStepDefinitions.the_following_order_entities_exist_in_the_system(io.cucumber.datatable.DataTable)?[0m
  ?[36mGiven ?[0m?[36mthe following order item entities exist in the system?[0m                            ?[90m# ca.mcgill.ecse.coolsupplies.features.OrderStepDefinitions.the_following_order_item_entities_exist_in_the_system(io.cucumber.datatable.DataTable)?[0m
  ?[36mGiven ?[0m?[36mthe order ?[0m?[36m?[1m"1"?[0m?[36m is marked as ?[0m?[36m?[1m"Paid"?[0m                                                ?[90m# ca.mcgill.ecse.coolsupplies.features.OrderStepDefinitions.the_order_is_marked_as(java.lang.String,java.lang.String)?[0m
  ?[36mWhen ?[0m?[36mthe parent attempts to update an item ?[0m?[36m?[1m"eraser"?[0m?[36m with quantity ?[0m?[36m?[1m"2"?[0m?[36m in the order ?[0m?[36m?[1m"1"?[0m ?[90m# ca.mcgill.ecse.coolsupplies.features.OrderStepDefinitions.the_parent_attempts_to_update_an_item_with_quantity_in_the_order(java.lang.String,java.lang.String,java.lang.String)?[0m
  ?[36mThen ?[0m?[36mthe order ?[0m?[36m?[1m"1"?[0m?[36m shall be marked as ?[0m?[36m?[1m"Paid"?[0m                                           ?[90m# ca.mcgill.ecse.coolsupplies.features.OrderStepDefinitions.the_order_shall_be_marked_as(java.lang.String,java.lang.String)?[0m
  ?[36mThen ?[0m?[36mthe number of order items in the system shall be ?[0m?[36m?[1m"2"?[0m                              ?[90m# ca.mcgill.ecse.coolsupplies.features.OrderStepDefinitions.the_number_of_order_items_in_the_system_shall_be(java.lang.String)?[0m
  ?[36mThen ?[0m?[36mthe order ?[0m?[36m?[1m"1"?[0m?[36m shall contain ?[0m?[36m?[1m"2"?[0m?[36m items?[0m                                             ?[90m# ca.mcgill.ecse.coolsupplies.features.OrderStepDefinitions.the_order_shall_contain_items(java.lang.String,java.lang.String)?[0m
  ?[36mThen ?[0m?[36mthe order ?[0m?[36m?[1m"1"?[0m?[36m shall not contain ?[0m?[36m?[1m"eraser"?[0m?[36m with quantity ?[0m?[36m?[1m"2"?[0m                        ?[90m# ca.mcgill.ecse.coolsupplies.features.OrderStepDefinitions.the_order_shall_not_contain_with_quantity(java.lang.String,java.lang.String,java.lang.String)?[0m
  ?[36mThen ?[0m?[36mthe error ?[0m?[36m?[1m"Cannot update items in a paid order"?[0m?[36m shall be raised?[0m                   ?[90m# ca.mcgill.ecse.coolsupplies.features.OrderStepDefinitions.the_error_shall_be_raised(java.lang.String)?[0m

Scenario Outline: Unsuccessfully update an item in an order due to wrong state           ?[90m# src/test/resources/ProcessOrder.feature:214?[0m
  ?[33mGiven ?[0m?[33mthe following parent entities exist in the system?[0m                                ?[90m# ca.mcgill.ecse.coolsupplies.features.OrderStepDefinitions.the_following_parent_entities_exist_in_the_system(io.cucumber.datatable.DataTable)?[0m
      ?[33mio.cucumber.java.PendingException: TODO: implement me
	at ca.mcgill.ecse.coolsupplies.features.OrderStepDefinitions.the_following_parent_entities_exist_in_the_system(OrderStepDefinitions.java:18)
	at ✽.the following parent entities exist in the system(file:///Users/zhengxuanzhao/IdeaProjects/ecse223-group-project-p8/src/test/resources/ProcessOrder.feature:5)
?[0m
  ?[36mGiven ?[0m?[36mthe following grade entities exist in the system?[0m                                 ?[90m# ca.mcgill.ecse.coolsupplies.features.OrderStepDefinitions.the_following_grade_entities_exist_in_the_system(io.cucumber.datatable.DataTable)?[0m
  ?[36mGiven ?[0m?[36mthe following student entities exist in the system?[0m                               ?[90m# ca.mcgill.ecse.coolsupplies.features.OrderStepDefinitions.the_following_student_entities_exist_in_the_system(io.cucumber.datatable.DataTable)?[0m
  ?[36mGiven ?[0m?[36mthe following student entities exist for a parent in the system?[0m                  ?[90m# ca.mcgill.ecse.coolsupplies.features.OrderStepDefinitions.the_following_student_entities_exist_for_a_parent_in_the_system(io.cucumber.datatable.DataTable)?[0m
  ?[36mGiven ?[0m?[36mthe following item entities exist in the system?[0m                                  ?[90m# ca.mcgill.ecse.coolsupplies.features.OrderStepDefinitions.the_following_item_entities_exist_in_the_system(io.cucumber.datatable.DataTable)?[0m
  ?[36mGiven ?[0m?[36mthe following grade bundle entities exist in the system?[0m                          ?[90m# ca.mcgill.ecse.coolsupplies.features.OrderStepDefinitions.the_following_grade_bundle_entities_exist_in_the_system(io.cucumber.datatable.DataTable)?[0m
  ?[36mGiven ?[0m?[36mthe following bundle item entities exist in the system?[0m                           ?[90m# ca.mcgill.ecse.coolsupplies.features.OrderStepDefinitions.the_following_bundle_item_entities_exist_in_the_system(io.cucumber.datatable.DataTable)?[0m
  ?[36mGiven ?[0m?[36mthe following order entities exist in the system?[0m                                 ?[90m# ca.mcgill.ecse.coolsupplies.features.OrderStepDefinitions.the_following_order_entities_exist_in_the_system(io.cucumber.datatable.DataTable)?[0m
  ?[36mGiven ?[0m?[36mthe following order item entities exist in the system?[0m                            ?[90m# ca.mcgill.ecse.coolsupplies.features.OrderStepDefinitions.the_following_order_item_entities_exist_in_the_system(io.cucumber.datatable.DataTable)?[0m
  ?[36mGiven ?[0m?[36mthe order ?[0m?[36m?[1m"1"?[0m?[36m is marked as ?[0m?[36m?[1m"Penalized"?[0m                                           ?[90m# ca.mcgill.ecse.coolsupplies.features.OrderStepDefinitions.the_order_is_marked_as(java.lang.String,java.lang.String)?[0m
  ?[36mWhen ?[0m?[36mthe parent attempts to update an item ?[0m?[36m?[1m"eraser"?[0m?[36m with quantity ?[0m?[36m?[1m"2"?[0m?[36m in the order ?[0m?[36m?[1m"1"?[0m ?[90m# ca.mcgill.ecse.coolsupplies.features.OrderStepDefinitions.the_parent_attempts_to_update_an_item_with_quantity_in_the_order(java.lang.String,java.lang.String,java.lang.String)?[0m
  ?[36mThen ?[0m?[36mthe order ?[0m?[36m?[1m"1"?[0m?[36m shall be marked as ?[0m?[36m?[1m"Penalized"?[0m                                      ?[90m# ca.mcgill.ecse.coolsupplies.features.OrderStepDefinitions.the_order_shall_be_marked_as(java.lang.String,java.lang.String)?[0m
  ?[36mThen ?[0m?[36mthe number of order items in the system shall be ?[0m?[36m?[1m"2"?[0m                              ?[90m# ca.mcgill.ecse.coolsupplies.features.OrderStepDefinitions.the_number_of_order_items_in_the_system_shall_be(java.lang.String)?[0m
  ?[36mThen ?[0m?[36mthe order ?[0m?[36m?[1m"1"?[0m?[36m shall contain ?[0m?[36m?[1m"2"?[0m?[36m items?[0m                                             ?[90m# ca.mcgill.ecse.coolsupplies.features.OrderStepDefinitions.the_order_shall_contain_items(java.lang.String,java.lang.String)?[0m
  ?[36mThen ?[0m?[36mthe order ?[0m?[36m?[1m"1"?[0m?[36m shall not contain ?[0m?[36m?[1m"eraser"?[0m?[36m with quantity ?[0m?[36m?[1m"2"?[0m                        ?[90m# ca.mcgill.ecse.coolsupplies.features.OrderStepDefinitions.the_order_shall_not_contain_with_quantity(java.lang.String,java.lang.String,java.lang.String)?[0m
  ?[36mThen ?[0m?[36mthe error ?[0m?[36m?[1m"Cannot update items in a penalized order"?[0m?[36m shall be raised?[0m              ?[90m# ca.mcgill.ecse.coolsupplies.features.OrderStepDefinitions.the_error_shall_be_raised(java.lang.String)?[0m

Scenario Outline: Unsuccessfully update an item in an order due to wrong state           ?[90m# src/test/resources/ProcessOrder.feature:215?[0m
  ?[33mGiven ?[0m?[33mthe following parent entities exist in the system?[0m                                ?[90m# ca.mcgill.ecse.coolsupplies.features.OrderStepDefinitions.the_following_parent_entities_exist_in_the_system(io.cucumber.datatable.DataTable)?[0m
      ?[33mio.cucumber.java.PendingException: TODO: implement me
	at ca.mcgill.ecse.coolsupplies.features.OrderStepDefinitions.the_following_parent_entities_exist_in_the_system(OrderStepDefinitions.java:18)
	at ✽.the following parent entities exist in the system(file:///Users/zhengxuanzhao/IdeaProjects/ecse223-group-project-p8/src/test/resources/ProcessOrder.feature:5)
?[0m
  ?[36mGiven ?[0m?[36mthe following grade entities exist in the system?[0m                                 ?[90m# ca.mcgill.ecse.coolsupplies.features.OrderStepDefinitions.the_following_grade_entities_exist_in_the_system(io.cucumber.datatable.DataTable)?[0m
  ?[36mGiven ?[0m?[36mthe following student entities exist in the system?[0m                               ?[90m# ca.mcgill.ecse.coolsupplies.features.OrderStepDefinitions.the_following_student_entities_exist_in_the_system(io.cucumber.datatable.DataTable)?[0m
  ?[36mGiven ?[0m?[36mthe following student entities exist for a parent in the system?[0m                  ?[90m# ca.mcgill.ecse.coolsupplies.features.OrderStepDefinitions.the_following_student_entities_exist_for_a_parent_in_the_system(io.cucumber.datatable.DataTable)?[0m
  ?[36mGiven ?[0m?[36mthe following item entities exist in the system?[0m                                  ?[90m# ca.mcgill.ecse.coolsupplies.features.OrderStepDefinitions.the_following_item_entities_exist_in_the_system(io.cucumber.datatable.DataTable)?[0m
  ?[36mGiven ?[0m?[36mthe following grade bundle entities exist in the system?[0m                          ?[90m# ca.mcgill.ecse.coolsupplies.features.OrderStepDefinitions.the_following_grade_bundle_entities_exist_in_the_system(io.cucumber.datatable.DataTable)?[0m
  ?[36mGiven ?[0m?[36mthe following bundle item entities exist in the system?[0m                           ?[90m# ca.mcgill.ecse.coolsupplies.features.OrderStepDefinitions.the_following_bundle_item_entities_exist_in_the_system(io.cucumber.datatable.DataTable)?[0m
  ?[36mGiven ?[0m?[36mthe following order entities exist in the system?[0m                                 ?[90m# ca.mcgill.ecse.coolsupplies.features.OrderStepDefinitions.the_following_order_entities_exist_in_the_system(io.cucumber.datatable.DataTable)?[0m
  ?[36mGiven ?[0m?[36mthe following order item entities exist in the system?[0m                            ?[90m# ca.mcgill.ecse.coolsupplies.features.OrderStepDefinitions.the_following_order_item_entities_exist_in_the_system(io.cucumber.datatable.DataTable)?[0m
  ?[36mGiven ?[0m?[36mthe order ?[0m?[36m?[1m"1"?[0m?[36m is marked as ?[0m?[36m?[1m"Prepared"?[0m                                            ?[90m# ca.mcgill.ecse.coolsupplies.features.OrderStepDefinitions.the_order_is_marked_as(java.lang.String,java.lang.String)?[0m
  ?[36mWhen ?[0m?[36mthe parent attempts to update an item ?[0m?[36m?[1m"eraser"?[0m?[36m with quantity ?[0m?[36m?[1m"2"?[0m?[36m in the order ?[0m?[36m?[1m"1"?[0m ?[90m# ca.mcgill.ecse.coolsupplies.features.OrderStepDefinitions.the_parent_attempts_to_update_an_item_with_quantity_in_the_order(java.lang.String,java.lang.String,java.lang.String)?[0m
  ?[36mThen ?[0m?[36mthe order ?[0m?[36m?[1m"1"?[0m?[36m shall be marked as ?[0m?[36m?[1m"Prepared"?[0m                                       ?[90m# ca.mcgill.ecse.coolsupplies.features.OrderStepDefinitions.the_order_shall_be_marked_as(java.lang.String,java.lang.String)?[0m
  ?[36mThen ?[0m?[36mthe number of order items in the system shall be ?[0m?[36m?[1m"2"?[0m                              ?[90m# ca.mcgill.ecse.coolsupplies.features.OrderStepDefinitions.the_number_of_order_items_in_the_system_shall_be(java.lang.String)?[0m
  ?[36mThen ?[0m?[36mthe order ?[0m?[36m?[1m"1"?[0m?[36m shall contain ?[0m?[36m?[1m"2"?[0m?[36m items?[0m                                             ?[90m# ca.mcgill.ecse.coolsupplies.features.OrderStepDefinitions.the_order_shall_contain_items(java.lang.String,java.lang.String)?[0m
  ?[36mThen ?[0m?[36mthe order ?[0m?[36m?[1m"1"?[0m?[36m shall not contain ?[0m?[36m?[1m"eraser"?[0m?[36m with quantity ?[0m?[36m?[1m"2"?[0m                        ?[90m# ca.mcgill.ecse.coolsupplies.features.OrderStepDefinitions.the_order_shall_not_contain_with_quantity(java.lang.String,java.lang.String,java.lang.String)?[0m
  ?[36mThen ?[0m?[36mthe error ?[0m?[36m?[1m"Cannot update items in a prepared order"?[0m?[36m shall be raised?[0m               ?[90m# ca.mcgill.ecse.coolsupplies.features.OrderStepDefinitions.the_error_shall_be_raised(java.lang.String)?[0m

Scenario Outline: Unsuccessfully update an item in an order due to wrong state           ?[90m# src/test/resources/ProcessOrder.feature:216?[0m
  ?[33mGiven ?[0m?[33mthe following parent entities exist in the system?[0m                                ?[90m# ca.mcgill.ecse.coolsupplies.features.OrderStepDefinitions.the_following_parent_entities_exist_in_the_system(io.cucumber.datatable.DataTable)?[0m
      ?[33mio.cucumber.java.PendingException: TODO: implement me
	at ca.mcgill.ecse.coolsupplies.features.OrderStepDefinitions.the_following_parent_entities_exist_in_the_system(OrderStepDefinitions.java:18)
	at ✽.the following parent entities exist in the system(file:///Users/zhengxuanzhao/IdeaProjects/ecse223-group-project-p8/src/test/resources/ProcessOrder.feature:5)
?[0m
  ?[36mGiven ?[0m?[36mthe following grade entities exist in the system?[0m                                 ?[90m# ca.mcgill.ecse.coolsupplies.features.OrderStepDefinitions.the_following_grade_entities_exist_in_the_system(io.cucumber.datatable.DataTable)?[0m
  ?[36mGiven ?[0m?[36mthe following student entities exist in the system?[0m                               ?[90m# ca.mcgill.ecse.coolsupplies.features.OrderStepDefinitions.the_following_student_entities_exist_in_the_system(io.cucumber.datatable.DataTable)?[0m
  ?[36mGiven ?[0m?[36mthe following student entities exist for a parent in the system?[0m                  ?[90m# ca.mcgill.ecse.coolsupplies.features.OrderStepDefinitions.the_following_student_entities_exist_for_a_parent_in_the_system(io.cucumber.datatable.DataTable)?[0m
  ?[36mGiven ?[0m?[36mthe following item entities exist in the system?[0m                                  ?[90m# ca.mcgill.ecse.coolsupplies.features.OrderStepDefinitions.the_following_item_entities_exist_in_the_system(io.cucumber.datatable.DataTable)?[0m
  ?[36mGiven ?[0m?[36mthe following grade bundle entities exist in the system?[0m                          ?[90m# ca.mcgill.ecse.coolsupplies.features.OrderStepDefinitions.the_following_grade_bundle_entities_exist_in_the_system(io.cucumber.datatable.DataTable)?[0m
  ?[36mGiven ?[0m?[36mthe following bundle item entities exist in the system?[0m                           ?[90m# ca.mcgill.ecse.coolsupplies.features.OrderStepDefinitions.the_following_bundle_item_entities_exist_in_the_system(io.cucumber.datatable.DataTable)?[0m
  ?[36mGiven ?[0m?[36mthe following order entities exist in the system?[0m                                 ?[90m# ca.mcgill.ecse.coolsupplies.features.OrderStepDefinitions.the_following_order_entities_exist_in_the_system(io.cucumber.datatable.DataTable)?[0m
  ?[36mGiven ?[0m?[36mthe following order item entities exist in the system?[0m                            ?[90m# ca.mcgill.ecse.coolsupplies.features.OrderStepDefinitions.the_following_order_item_entities_exist_in_the_system(io.cucumber.datatable.DataTable)?[0m
  ?[36mGiven ?[0m?[36mthe order ?[0m?[36m?[1m"1"?[0m?[36m is marked as ?[0m?[36m?[1m"PickedUp"?[0m                                            ?[90m# ca.mcgill.ecse.coolsupplies.features.OrderStepDefinitions.the_order_is_marked_as(java.lang.String,java.lang.String)?[0m
  ?[36mWhen ?[0m?[36mthe parent attempts to update an item ?[0m?[36m?[1m"eraser"?[0m?[36m with quantity ?[0m?[36m?[1m"2"?[0m?[36m in the order ?[0m?[36m?[1m"1"?[0m ?[90m# ca.mcgill.ecse.coolsupplies.features.OrderStepDefinitions.the_parent_attempts_to_update_an_item_with_quantity_in_the_order(java.lang.String,java.lang.String,java.lang.String)?[0m
  ?[36mThen ?[0m?[36mthe order ?[0m?[36m?[1m"1"?[0m?[36m shall be marked as ?[0m?[36m?[1m"PickedUp"?[0m                                       ?[90m# ca.mcgill.ecse.coolsupplies.features.OrderStepDefinitions.the_order_shall_be_marked_as(java.lang.String,java.lang.String)?[0m
  ?[36mThen ?[0m?[36mthe number of order items in the system shall be ?[0m?[36m?[1m"2"?[0m                              ?[90m# ca.mcgill.ecse.coolsupplies.features.OrderStepDefinitions.the_number_of_order_items_in_the_system_shall_be(java.lang.String)?[0m
  ?[36mThen ?[0m?[36mthe order ?[0m?[36m?[1m"1"?[0m?[36m shall contain ?[0m?[36m?[1m"2"?[0m?[36m items?[0m                                             ?[90m# ca.mcgill.ecse.coolsupplies.features.OrderStepDefinitions.the_order_shall_contain_items(java.lang.String,java.lang.String)?[0m
  ?[36mThen ?[0m?[36mthe order ?[0m?[36m?[1m"1"?[0m?[36m shall not contain ?[0m?[36m?[1m"eraser"?[0m?[36m with quantity ?[0m?[36m?[1m"2"?[0m                        ?[90m# ca.mcgill.ecse.coolsupplies.features.OrderStepDefinitions.the_order_shall_not_contain_with_quantity(java.lang.String,java.lang.String,java.lang.String)?[0m
  ?[36mThen ?[0m?[36mthe error ?[0m?[36m?[1m"Cannot update items in a picked up order"?[0m?[36m shall be raised?[0m              ?[90m# ca.mcgill.ecse.coolsupplies.features.OrderStepDefinitions.the_error_shall_be_raised(java.lang.String)?[0m

Scenario Outline: Successfully delete an item from an order              ?[90m# src/test/resources/ProcessOrder.feature:228?[0m
  ?[33mGiven ?[0m?[33mthe following parent entities exist in the system?[0m                ?[90m# ca.mcgill.ecse.coolsupplies.features.OrderStepDefinitions.the_following_parent_entities_exist_in_the_system(io.cucumber.datatable.DataTable)?[0m
      ?[33mio.cucumber.java.PendingException: TODO: implement me
	at ca.mcgill.ecse.coolsupplies.features.OrderStepDefinitions.the_following_parent_entities_exist_in_the_system(OrderStepDefinitions.java:18)
	at ✽.the following parent entities exist in the system(file:///Users/zhengxuanzhao/IdeaProjects/ecse223-group-project-p8/src/test/resources/ProcessOrder.feature:5)
?[0m
  ?[36mGiven ?[0m?[36mthe following grade entities exist in the system?[0m                 ?[90m# ca.mcgill.ecse.coolsupplies.features.OrderStepDefinitions.the_following_grade_entities_exist_in_the_system(io.cucumber.datatable.DataTable)?[0m
  ?[36mGiven ?[0m?[36mthe following student entities exist in the system?[0m               ?[90m# ca.mcgill.ecse.coolsupplies.features.OrderStepDefinitions.the_following_student_entities_exist_in_the_system(io.cucumber.datatable.DataTable)?[0m
  ?[36mGiven ?[0m?[36mthe following student entities exist for a parent in the system?[0m  ?[90m# ca.mcgill.ecse.coolsupplies.features.OrderStepDefinitions.the_following_student_entities_exist_for_a_parent_in_the_system(io.cucumber.datatable.DataTable)?[0m
  ?[36mGiven ?[0m?[36mthe following item entities exist in the system?[0m                  ?[90m# ca.mcgill.ecse.coolsupplies.features.OrderStepDefinitions.the_following_item_entities_exist_in_the_system(io.cucumber.datatable.DataTable)?[0m
  ?[36mGiven ?[0m?[36mthe following grade bundle entities exist in the system?[0m          ?[90m# ca.mcgill.ecse.coolsupplies.features.OrderStepDefinitions.the_following_grade_bundle_entities_exist_in_the_system(io.cucumber.datatable.DataTable)?[0m
  ?[36mGiven ?[0m?[36mthe following bundle item entities exist in the system?[0m           ?[90m# ca.mcgill.ecse.coolsupplies.features.OrderStepDefinitions.the_following_bundle_item_entities_exist_in_the_system(io.cucumber.datatable.DataTable)?[0m
  ?[36mGiven ?[0m?[36mthe following order entities exist in the system?[0m                 ?[90m# ca.mcgill.ecse.coolsupplies.features.OrderStepDefinitions.the_following_order_entities_exist_in_the_system(io.cucumber.datatable.DataTable)?[0m
  ?[36mGiven ?[0m?[36mthe following order item entities exist in the system?[0m            ?[90m# ca.mcgill.ecse.coolsupplies.features.OrderStepDefinitions.the_following_order_item_entities_exist_in_the_system(io.cucumber.datatable.DataTable)?[0m
  ?[36mGiven ?[0m?[36mthe order ?[0m?[36m?[1m"1"?[0m?[36m is marked as ?[0m?[36m?[1m"Started"?[0m                             ?[90m# ca.mcgill.ecse.coolsupplies.features.OrderStepDefinitions.the_order_is_marked_as(java.lang.String,java.lang.String)?[0m
  ?[36mWhen ?[0m?[36mthe parent attempts to delete an item ?[0m?[36m?[1m"eraser"?[0m?[36m from the order ?[0m?[36m?[1m"1"?[0m ?[90m# ca.mcgill.ecse.coolsupplies.features.OrderStepDefinitions.the_parent_attempts_to_delete_an_item_from_the_order(java.lang.String,java.lang.String)?[0m
  ?[36mThen ?[0m?[36mthe order ?[0m?[36m?[1m"1"?[0m?[36m shall be marked as ?[0m?[36m?[1m"Started"?[0m                        ?[90m# ca.mcgill.ecse.coolsupplies.features.OrderStepDefinitions.the_order_shall_be_marked_as(java.lang.String,java.lang.String)?[0m
  ?[36mThen ?[0m?[36mthe number of order items in the system shall be ?[0m?[36m?[1m"1"?[0m              ?[90m# ca.mcgill.ecse.coolsupplies.features.OrderStepDefinitions.the_number_of_order_items_in_the_system_shall_be(java.lang.String)?[0m
  ?[36mThen ?[0m?[36mthe order ?[0m?[36m?[1m"1"?[0m?[36m shall contain ?[0m?[36m?[1m"1"?[0m?[36m item?[0m                              ?[90m# ca.mcgill.ecse.coolsupplies.features.OrderStepDefinitions.the_order_shall_contain_item(java.lang.String,java.lang.String)?[0m
  ?[36mThen ?[0m?[36mthe order ?[0m?[36m?[1m"1"?[0m?[36m shall not contain ?[0m?[36m?[1m"eraser"?[0m                          ?[90m# ca.mcgill.ecse.coolsupplies.features.OrderStepDefinitions.the_order_shall_not_contain(java.lang.String,java.lang.String)?[0m

Scenario Outline: Successfully delete an item from an order                ?[90m# src/test/resources/ProcessOrder.feature:229?[0m
  ?[33mGiven ?[0m?[33mthe following parent entities exist in the system?[0m                  ?[90m# ca.mcgill.ecse.coolsupplies.features.OrderStepDefinitions.the_following_parent_entities_exist_in_the_system(io.cucumber.datatable.DataTable)?[0m
      ?[33mio.cucumber.java.PendingException: TODO: implement me
	at ca.mcgill.ecse.coolsupplies.features.OrderStepDefinitions.the_following_parent_entities_exist_in_the_system(OrderStepDefinitions.java:18)
	at ✽.the following parent entities exist in the system(file:///Users/zhengxuanzhao/IdeaProjects/ecse223-group-project-p8/src/test/resources/ProcessOrder.feature:5)
?[0m
  ?[36mGiven ?[0m?[36mthe following grade entities exist in the system?[0m                   ?[90m# ca.mcgill.ecse.coolsupplies.features.OrderStepDefinitions.the_following_grade_entities_exist_in_the_system(io.cucumber.datatable.DataTable)?[0m
  ?[36mGiven ?[0m?[36mthe following student entities exist in the system?[0m                 ?[90m# ca.mcgill.ecse.coolsupplies.features.OrderStepDefinitions.the_following_student_entities_exist_in_the_system(io.cucumber.datatable.DataTable)?[0m
  ?[36mGiven ?[0m?[36mthe following student entities exist for a parent in the system?[0m    ?[90m# ca.mcgill.ecse.coolsupplies.features.OrderStepDefinitions.the_following_student_entities_exist_for_a_parent_in_the_system(io.cucumber.datatable.DataTable)?[0m
  ?[36mGiven ?[0m?[36mthe following item entities exist in the system?[0m                    ?[90m# ca.mcgill.ecse.coolsupplies.features.OrderStepDefinitions.the_following_item_entities_exist_in_the_system(io.cucumber.datatable.DataTable)?[0m
  ?[36mGiven ?[0m?[36mthe following grade bundle entities exist in the system?[0m            ?[90m# ca.mcgill.ecse.coolsupplies.features.OrderStepDefinitions.the_following_grade_bundle_entities_exist_in_the_system(io.cucumber.datatable.DataTable)?[0m
  ?[36mGiven ?[0m?[36mthe following bundle item entities exist in the system?[0m             ?[90m# ca.mcgill.ecse.coolsupplies.features.OrderStepDefinitions.the_following_bundle_item_entities_exist_in_the_system(io.cucumber.datatable.DataTable)?[0m
  ?[36mGiven ?[0m?[36mthe following order entities exist in the system?[0m                   ?[90m# ca.mcgill.ecse.coolsupplies.features.OrderStepDefinitions.the_following_order_entities_exist_in_the_system(io.cucumber.datatable.DataTable)?[0m
  ?[36mGiven ?[0m?[36mthe following order item entities exist in the system?[0m              ?[90m# ca.mcgill.ecse.coolsupplies.features.OrderStepDefinitions.the_following_order_item_entities_exist_in_the_system(io.cucumber.datatable.DataTable)?[0m
  ?[36mGiven ?[0m?[36mthe order ?[0m?[36m?[1m"1"?[0m?[36m is marked as ?[0m?[36m?[1m"Started"?[0m                               ?[90m# ca.mcgill.ecse.coolsupplies.features.OrderStepDefinitions.the_order_is_marked_as(java.lang.String,java.lang.String)?[0m
  ?[36mWhen ?[0m?[36mthe parent attempts to delete an item ?[0m?[36m?[1m"Bundle 5"?[0m?[36m from the order ?[0m?[36m?[1m"1"?[0m ?[90m# ca.mcgill.ecse.coolsupplies.features.OrderStepDefinitions.the_parent_attempts_to_delete_an_item_from_the_order(java.lang.String,java.lang.String)?[0m
  ?[36mThen ?[0m?[36mthe order ?[0m?[36m?[1m"1"?[0m?[36m shall be marked as ?[0m?[36m?[1m"Started"?[0m                          ?[90m# ca.mcgill.ecse.coolsupplies.features.OrderStepDefinitions.the_order_shall_be_marked_as(java.lang.String,java.lang.String)?[0m
  ?[36mThen ?[0m?[36mthe number of order items in the system shall be ?[0m?[36m?[1m"1"?[0m                ?[90m# ca.mcgill.ecse.coolsupplies.features.OrderStepDefinitions.the_number_of_order_items_in_the_system_shall_be(java.lang.String)?[0m
  ?[36mThen ?[0m?[36mthe order ?[0m?[36m?[1m"1"?[0m?[36m shall contain ?[0m?[36m?[1m"1"?[0m?[36m item?[0m                                ?[90m# ca.mcgill.ecse.coolsupplies.features.OrderStepDefinitions.the_order_shall_contain_item(java.lang.String,java.lang.String)?[0m
  ?[36mThen ?[0m?[36mthe order ?[0m?[36m?[1m"1"?[0m?[36m shall not contain ?[0m?[36m?[1m"Bundle 5"?[0m                          ?[90m# ca.mcgill.ecse.coolsupplies.features.OrderStepDefinitions.the_order_shall_not_contain(java.lang.String,java.lang.String)?[0m

Scenario Outline: Unsuccessfully delete an item from an order due to wrong input ?[90m# src/test/resources/ProcessOrder.feature:241?[0m
  ?[33mGiven ?[0m?[33mthe following parent entities exist in the system?[0m                        ?[90m# ca.mcgill.ecse.coolsupplies.features.OrderStepDefinitions.the_following_parent_entities_exist_in_the_system(io.cucumber.datatable.DataTable)?[0m
      ?[33mio.cucumber.java.PendingException: TODO: implement me
	at ca.mcgill.ecse.coolsupplies.features.OrderStepDefinitions.the_following_parent_entities_exist_in_the_system(OrderStepDefinitions.java:18)
	at ✽.the following parent entities exist in the system(file:///Users/zhengxuanzhao/IdeaProjects/ecse223-group-project-p8/src/test/resources/ProcessOrder.feature:5)
?[0m
  ?[36mGiven ?[0m?[36mthe following grade entities exist in the system?[0m                         ?[90m# ca.mcgill.ecse.coolsupplies.features.OrderStepDefinitions.the_following_grade_entities_exist_in_the_system(io.cucumber.datatable.DataTable)?[0m
  ?[36mGiven ?[0m?[36mthe following student entities exist in the system?[0m                       ?[90m# ca.mcgill.ecse.coolsupplies.features.OrderStepDefinitions.the_following_student_entities_exist_in_the_system(io.cucumber.datatable.DataTable)?[0m
  ?[36mGiven ?[0m?[36mthe following student entities exist for a parent in the system?[0m          ?[90m# ca.mcgill.ecse.coolsupplies.features.OrderStepDefinitions.the_following_student_entities_exist_for_a_parent_in_the_system(io.cucumber.datatable.DataTable)?[0m
  ?[36mGiven ?[0m?[36mthe following item entities exist in the system?[0m                          ?[90m# ca.mcgill.ecse.coolsupplies.features.OrderStepDefinitions.the_following_item_entities_exist_in_the_system(io.cucumber.datatable.DataTable)?[0m
  ?[36mGiven ?[0m?[36mthe following grade bundle entities exist in the system?[0m                  ?[90m# ca.mcgill.ecse.coolsupplies.features.OrderStepDefinitions.the_following_grade_bundle_entities_exist_in_the_system(io.cucumber.datatable.DataTable)?[0m
  ?[36mGiven ?[0m?[36mthe following bundle item entities exist in the system?[0m                   ?[90m# ca.mcgill.ecse.coolsupplies.features.OrderStepDefinitions.the_following_bundle_item_entities_exist_in_the_system(io.cucumber.datatable.DataTable)?[0m
  ?[36mGiven ?[0m?[36mthe following order entities exist in the system?[0m                         ?[90m# ca.mcgill.ecse.coolsupplies.features.OrderStepDefinitions.the_following_order_entities_exist_in_the_system(io.cucumber.datatable.DataTable)?[0m
  ?[36mGiven ?[0m?[36mthe following order item entities exist in the system?[0m                    ?[90m# ca.mcgill.ecse.coolsupplies.features.OrderStepDefinitions.the_following_order_item_entities_exist_in_the_system(io.cucumber.datatable.DataTable)?[0m
  ?[36mGiven ?[0m?[36mthe order ?[0m?[36m?[1m"1"?[0m?[36m is marked as ?[0m?[36m?[1m"Started"?[0m                                     ?[90m# ca.mcgill.ecse.coolsupplies.features.OrderStepDefinitions.the_order_is_marked_as(java.lang.String,java.lang.String)?[0m
  ?[36mWhen ?[0m?[36mthe parent attempts to delete an item ?[0m?[36m?[1m"pencil"?[0m?[36m from the order ?[0m?[36m?[1m"1"?[0m         ?[90m# ca.mcgill.ecse.coolsupplies.features.OrderStepDefinitions.the_parent_attempts_to_delete_an_item_from_the_order(java.lang.String,java.lang.String)?[0m
  ?[36mThen ?[0m?[36mthe order ?[0m?[36m?[1m"1"?[0m?[36m shall be marked as ?[0m?[36m?[1m"Started"?[0m                                ?[90m# ca.mcgill.ecse.coolsupplies.features.OrderStepDefinitions.the_order_shall_be_marked_as(java.lang.String,java.lang.String)?[0m
  ?[36mThen ?[0m?[36mthe number of order items in the system shall be ?[0m?[36m?[1m"2"?[0m                      ?[90m# ca.mcgill.ecse.coolsupplies.features.OrderStepDefinitions.the_number_of_order_items_in_the_system_shall_be(java.lang.String)?[0m
  ?[36mThen ?[0m?[36mthe order ?[0m?[36m?[1m"1"?[0m?[36m shall contain ?[0m?[36m?[1m"2"?[0m?[36m items?[0m                                     ?[90m# ca.mcgill.ecse.coolsupplies.features.OrderStepDefinitions.the_order_shall_contain_items(java.lang.String,java.lang.String)?[0m
  ?[36mThen ?[0m?[36mthe error ?[0m?[36m?[1m"Item pencil does not exist in the order 1."?[0m?[36m shall be raised?[0m    ?[90m# ca.mcgill.ecse.coolsupplies.features.OrderStepDefinitions.the_error_shall_be_raised(java.lang.String)?[0m

Scenario Outline: Unsuccessfully delete an item from an order due to wrong input ?[90m# src/test/resources/ProcessOrder.feature:242?[0m
  ?[33mGiven ?[0m?[33mthe following parent entities exist in the system?[0m                        ?[90m# ca.mcgill.ecse.coolsupplies.features.OrderStepDefinitions.the_following_parent_entities_exist_in_the_system(io.cucumber.datatable.DataTable)?[0m
      ?[33mio.cucumber.java.PendingException: TODO: implement me
	at ca.mcgill.ecse.coolsupplies.features.OrderStepDefinitions.the_following_parent_entities_exist_in_the_system(OrderStepDefinitions.java:18)
	at ✽.the following parent entities exist in the system(file:///Users/zhengxuanzhao/IdeaProjects/ecse223-group-project-p8/src/test/resources/ProcessOrder.feature:5)
?[0m
  ?[36mGiven ?[0m?[36mthe following grade entities exist in the system?[0m                         ?[90m# ca.mcgill.ecse.coolsupplies.features.OrderStepDefinitions.the_following_grade_entities_exist_in_the_system(io.cucumber.datatable.DataTable)?[0m
  ?[36mGiven ?[0m?[36mthe following student entities exist in the system?[0m                       ?[90m# ca.mcgill.ecse.coolsupplies.features.OrderStepDefinitions.the_following_student_entities_exist_in_the_system(io.cucumber.datatable.DataTable)?[0m
  ?[36mGiven ?[0m?[36mthe following student entities exist for a parent in the system?[0m          ?[90m# ca.mcgill.ecse.coolsupplies.features.OrderStepDefinitions.the_following_student_entities_exist_for_a_parent_in_the_system(io.cucumber.datatable.DataTable)?[0m
  ?[36mGiven ?[0m?[36mthe following item entities exist in the system?[0m                          ?[90m# ca.mcgill.ecse.coolsupplies.features.OrderStepDefinitions.the_following_item_entities_exist_in_the_system(io.cucumber.datatable.DataTable)?[0m
  ?[36mGiven ?[0m?[36mthe following grade bundle entities exist in the system?[0m                  ?[90m# ca.mcgill.ecse.coolsupplies.features.OrderStepDefinitions.the_following_grade_bundle_entities_exist_in_the_system(io.cucumber.datatable.DataTable)?[0m
  ?[36mGiven ?[0m?[36mthe following bundle item entities exist in the system?[0m                   ?[90m# ca.mcgill.ecse.coolsupplies.features.OrderStepDefinitions.the_following_bundle_item_entities_exist_in_the_system(io.cucumber.datatable.DataTable)?[0m
  ?[36mGiven ?[0m?[36mthe following order entities exist in the system?[0m                         ?[90m# ca.mcgill.ecse.coolsupplies.features.OrderStepDefinitions.the_following_order_entities_exist_in_the_system(io.cucumber.datatable.DataTable)?[0m
  ?[36mGiven ?[0m?[36mthe following order item entities exist in the system?[0m                    ?[90m# ca.mcgill.ecse.coolsupplies.features.OrderStepDefinitions.the_following_order_item_entities_exist_in_the_system(io.cucumber.datatable.DataTable)?[0m
  ?[36mGiven ?[0m?[36mthe order ?[0m?[36m?[1m"1"?[0m?[36m is marked as ?[0m?[36m?[1m"Started"?[0m                                     ?[90m# ca.mcgill.ecse.coolsupplies.features.OrderStepDefinitions.the_order_is_marked_as(java.lang.String,java.lang.String)?[0m
  ?[36mWhen ?[0m?[36mthe parent attempts to delete an item ?[0m?[36m?[1m"Bundle 6"?[0m?[36m from the order ?[0m?[36m?[1m"1"?[0m       ?[90m# ca.mcgill.ecse.coolsupplies.features.OrderStepDefinitions.the_parent_attempts_to_delete_an_item_from_the_order(java.lang.String,java.lang.String)?[0m
  ?[36mThen ?[0m?[36mthe order ?[0m?[36m?[1m"1"?[0m?[36m shall be marked as ?[0m?[36m?[1m"Started"?[0m                                ?[90m# ca.mcgill.ecse.coolsupplies.features.OrderStepDefinitions.the_order_shall_be_marked_as(java.lang.String,java.lang.String)?[0m
  ?[36mThen ?[0m?[36mthe number of order items in the system shall be ?[0m?[36m?[1m"2"?[0m                      ?[90m# ca.mcgill.ecse.coolsupplies.features.OrderStepDefinitions.the_number_of_order_items_in_the_system_shall_be(java.lang.String)?[0m
  ?[36mThen ?[0m?[36mthe order ?[0m?[36m?[1m"1"?[0m?[36m shall contain ?[0m?[36m?[1m"2"?[0m?[36m items?[0m                                     ?[90m# ca.mcgill.ecse.coolsupplies.features.OrderStepDefinitions.the_order_shall_contain_items(java.lang.String,java.lang.String)?[0m
  ?[36mThen ?[0m?[36mthe error ?[0m?[36m?[1m"Item Bundle 6 does not exist in the order 1."?[0m?[36m shall be raised?[0m  ?[90m# ca.mcgill.ecse.coolsupplies.features.OrderStepDefinitions.the_error_shall_be_raised(java.lang.String)?[0m

Scenario Outline: Unsuccessfully delete an item from an order due to wrong input ?[90m# src/test/resources/ProcessOrder.feature:243?[0m
  ?[33mGiven ?[0m?[33mthe following parent entities exist in the system?[0m                        ?[90m# ca.mcgill.ecse.coolsupplies.features.OrderStepDefinitions.the_following_parent_entities_exist_in_the_system(io.cucumber.datatable.DataTable)?[0m
      ?[33mio.cucumber.java.PendingException: TODO: implement me
	at ca.mcgill.ecse.coolsupplies.features.OrderStepDefinitions.the_following_parent_entities_exist_in_the_system(OrderStepDefinitions.java:18)
	at ✽.the following parent entities exist in the system(file:///Users/zhengxuanzhao/IdeaProjects/ecse223-group-project-p8/src/test/resources/ProcessOrder.feature:5)
?[0m
  ?[36mGiven ?[0m?[36mthe following grade entities exist in the system?[0m                         ?[90m# ca.mcgill.ecse.coolsupplies.features.OrderStepDefinitions.the_following_grade_entities_exist_in_the_system(io.cucumber.datatable.DataTable)?[0m
  ?[36mGiven ?[0m?[36mthe following student entities exist in the system?[0m                       ?[90m# ca.mcgill.ecse.coolsupplies.features.OrderStepDefinitions.the_following_student_entities_exist_in_the_system(io.cucumber.datatable.DataTable)?[0m
  ?[36mGiven ?[0m?[36mthe following student entities exist for a parent in the system?[0m          ?[90m# ca.mcgill.ecse.coolsupplies.features.OrderStepDefinitions.the_following_student_entities_exist_for_a_parent_in_the_system(io.cucumber.datatable.DataTable)?[0m
  ?[36mGiven ?[0m?[36mthe following item entities exist in the system?[0m                          ?[90m# ca.mcgill.ecse.coolsupplies.features.OrderStepDefinitions.the_following_item_entities_exist_in_the_system(io.cucumber.datatable.DataTable)?[0m
  ?[36mGiven ?[0m?[36mthe following grade bundle entities exist in the system?[0m                  ?[90m# ca.mcgill.ecse.coolsupplies.features.OrderStepDefinitions.the_following_grade_bundle_entities_exist_in_the_system(io.cucumber.datatable.DataTable)?[0m
  ?[36mGiven ?[0m?[36mthe following bundle item entities exist in the system?[0m                   ?[90m# ca.mcgill.ecse.coolsupplies.features.OrderStepDefinitions.the_following_bundle_item_entities_exist_in_the_system(io.cucumber.datatable.DataTable)?[0m
  ?[36mGiven ?[0m?[36mthe following order entities exist in the system?[0m                         ?[90m# ca.mcgill.ecse.coolsupplies.features.OrderStepDefinitions.the_following_order_entities_exist_in_the_system(io.cucumber.datatable.DataTable)?[0m
  ?[36mGiven ?[0m?[36mthe following order item entities exist in the system?[0m                    ?[90m# ca.mcgill.ecse.coolsupplies.features.OrderStepDefinitions.the_following_order_item_entities_exist_in_the_system(io.cucumber.datatable.DataTable)?[0m
  ?[36mGiven ?[0m?[36mthe order ?[0m?[36m?[1m"1"?[0m?[36m is marked as ?[0m?[36m?[1m"Started"?[0m                                     ?[90m# ca.mcgill.ecse.coolsupplies.features.OrderStepDefinitions.the_order_is_marked_as(java.lang.String,java.lang.String)?[0m
  ?[36mWhen ?[0m?[36mthe parent attempts to delete an item ?[0m?[36m?[1m"NotExist"?[0m?[36m from the order ?[0m?[36m?[1m"1"?[0m       ?[90m# ca.mcgill.ecse.coolsupplies.features.OrderStepDefinitions.the_parent_attempts_to_delete_an_item_from_the_order(java.lang.String,java.lang.String)?[0m
  ?[36mThen ?[0m?[36mthe order ?[0m?[36m?[1m"1"?[0m?[36m shall be marked as ?[0m?[36m?[1m"Started"?[0m                                ?[90m# ca.mcgill.ecse.coolsupplies.features.OrderStepDefinitions.the_order_shall_be_marked_as(java.lang.String,java.lang.String)?[0m
  ?[36mThen ?[0m?[36mthe number of order items in the system shall be ?[0m?[36m?[1m"2"?[0m                      ?[90m# ca.mcgill.ecse.coolsupplies.features.OrderStepDefinitions.the_number_of_order_items_in_the_system_shall_be(java.lang.String)?[0m
  ?[36mThen ?[0m?[36mthe order ?[0m?[36m?[1m"1"?[0m?[36m shall contain ?[0m?[36m?[1m"2"?[0m?[36m items?[0m                                     ?[90m# ca.mcgill.ecse.coolsupplies.features.OrderStepDefinitions.the_order_shall_contain_items(java.lang.String,java.lang.String)?[0m
  ?[36mThen ?[0m?[36mthe error ?[0m?[36m?[1m"Item NotExist does not exist."?[0m?[36m shall be raised?[0m                 ?[90m# ca.mcgill.ecse.coolsupplies.features.OrderStepDefinitions.the_error_shall_be_raised(java.lang.String)?[0m

Scenario Outline: Unsuccessfully delete an item from an order due to non-existing order ?[90m# src/test/resources/ProcessOrder.feature:253?[0m
  ?[33mGiven ?[0m?[33mthe following parent entities exist in the system?[0m                               ?[90m# ca.mcgill.ecse.coolsupplies.features.OrderStepDefinitions.the_following_parent_entities_exist_in_the_system(io.cucumber.datatable.DataTable)?[0m
      ?[33mio.cucumber.java.PendingException: TODO: implement me
	at ca.mcgill.ecse.coolsupplies.features.OrderStepDefinitions.the_following_parent_entities_exist_in_the_system(OrderStepDefinitions.java:18)
	at ✽.the following parent entities exist in the system(file:///Users/zhengxuanzhao/IdeaProjects/ecse223-group-project-p8/src/test/resources/ProcessOrder.feature:5)
?[0m
  ?[36mGiven ?[0m?[36mthe following grade entities exist in the system?[0m                                ?[90m# ca.mcgill.ecse.coolsupplies.features.OrderStepDefinitions.the_following_grade_entities_exist_in_the_system(io.cucumber.datatable.DataTable)?[0m
  ?[36mGiven ?[0m?[36mthe following student entities exist in the system?[0m                              ?[90m# ca.mcgill.ecse.coolsupplies.features.OrderStepDefinitions.the_following_student_entities_exist_in_the_system(io.cucumber.datatable.DataTable)?[0m
  ?[36mGiven ?[0m?[36mthe following student entities exist for a parent in the system?[0m                 ?[90m# ca.mcgill.ecse.coolsupplies.features.OrderStepDefinitions.the_following_student_entities_exist_for_a_parent_in_the_system(io.cucumber.datatable.DataTable)?[0m
  ?[36mGiven ?[0m?[36mthe following item entities exist in the system?[0m                                 ?[90m# ca.mcgill.ecse.coolsupplies.features.OrderStepDefinitions.the_following_item_entities_exist_in_the_system(io.cucumber.datatable.DataTable)?[0m
  ?[36mGiven ?[0m?[36mthe following grade bundle entities exist in the system?[0m                         ?[90m# ca.mcgill.ecse.coolsupplies.features.OrderStepDefinitions.the_following_grade_bundle_entities_exist_in_the_system(io.cucumber.datatable.DataTable)?[0m
  ?[36mGiven ?[0m?[36mthe following bundle item entities exist in the system?[0m                          ?[90m# ca.mcgill.ecse.coolsupplies.features.OrderStepDefinitions.the_following_bundle_item_entities_exist_in_the_system(io.cucumber.datatable.DataTable)?[0m
  ?[36mGiven ?[0m?[36mthe following order entities exist in the system?[0m                                ?[90m# ca.mcgill.ecse.coolsupplies.features.OrderStepDefinitions.the_following_order_entities_exist_in_the_system(io.cucumber.datatable.DataTable)?[0m
  ?[36mGiven ?[0m?[36mthe following order item entities exist in the system?[0m                           ?[90m# ca.mcgill.ecse.coolsupplies.features.OrderStepDefinitions.the_following_order_item_entities_exist_in_the_system(io.cucumber.datatable.DataTable)?[0m
  ?[36mWhen ?[0m?[36mthe parent attempts to delete an item ?[0m?[36m?[1m"eraser"?[0m?[36m from the order ?[0m?[36m?[1m"10"?[0m               ?[90m# ca.mcgill.ecse.coolsupplies.features.OrderStepDefinitions.the_parent_attempts_to_delete_an_item_from_the_order(java.lang.String,java.lang.String)?[0m
  ?[36mThen ?[0m?[36mthe number of order items in the system shall be ?[0m?[36m?[1m"2"?[0m                             ?[90m# ca.mcgill.ecse.coolsupplies.features.OrderStepDefinitions.the_number_of_order_items_in_the_system_shall_be(java.lang.String)?[0m
  ?[36mThen ?[0m?[36mthe number of orders in the system shall be ?[0m?[36m?[1m"4"?[0m                                  ?[90m# ca.mcgill.ecse.coolsupplies.features.OrderStepDefinitions.the_number_of_orders_in_the_system_shall_be(java.lang.String)?[0m
  ?[36mThen ?[0m?[36mthe error ?[0m?[36m?[1m"Order 10 does not exist"?[0m?[36m shall be raised?[0m                              ?[90m# ca.mcgill.ecse.coolsupplies.features.OrderStepDefinitions.the_error_shall_be_raised(java.lang.String)?[0m

Scenario Outline: Unsuccessfully delete an item from an order due to non-existing order ?[90m# src/test/resources/ProcessOrder.feature:254?[0m
  ?[33mGiven ?[0m?[33mthe following parent entities exist in the system?[0m                               ?[90m# ca.mcgill.ecse.coolsupplies.features.OrderStepDefinitions.the_following_parent_entities_exist_in_the_system(io.cucumber.datatable.DataTable)?[0m
      ?[33mio.cucumber.java.PendingException: TODO: implement me
	at ca.mcgill.ecse.coolsupplies.features.OrderStepDefinitions.the_following_parent_entities_exist_in_the_system(OrderStepDefinitions.java:18)
	at ✽.the following parent entities exist in the system(file:///Users/zhengxuanzhao/IdeaProjects/ecse223-group-project-p8/src/test/resources/ProcessOrder.feature:5)
?[0m
  ?[36mGiven ?[0m?[36mthe following grade entities exist in the system?[0m                                ?[90m# ca.mcgill.ecse.coolsupplies.features.OrderStepDefinitions.the_following_grade_entities_exist_in_the_system(io.cucumber.datatable.DataTable)?[0m
  ?[36mGiven ?[0m?[36mthe following student entities exist in the system?[0m                              ?[90m# ca.mcgill.ecse.coolsupplies.features.OrderStepDefinitions.the_following_student_entities_exist_in_the_system(io.cucumber.datatable.DataTable)?[0m
  ?[36mGiven ?[0m?[36mthe following student entities exist for a parent in the system?[0m                 ?[90m# ca.mcgill.ecse.coolsupplies.features.OrderStepDefinitions.the_following_student_entities_exist_for_a_parent_in_the_system(io.cucumber.datatable.DataTable)?[0m
  ?[36mGiven ?[0m?[36mthe following item entities exist in the system?[0m                                 ?[90m# ca.mcgill.ecse.coolsupplies.features.OrderStepDefinitions.the_following_item_entities_exist_in_the_system(io.cucumber.datatable.DataTable)?[0m
  ?[36mGiven ?[0m?[36mthe following grade bundle entities exist in the system?[0m                         ?[90m# ca.mcgill.ecse.coolsupplies.features.OrderStepDefinitions.the_following_grade_bundle_entities_exist_in_the_system(io.cucumber.datatable.DataTable)?[0m
  ?[36mGiven ?[0m?[36mthe following bundle item entities exist in the system?[0m                          ?[90m# ca.mcgill.ecse.coolsupplies.features.OrderStepDefinitions.the_following_bundle_item_entities_exist_in_the_system(io.cucumber.datatable.DataTable)?[0m
  ?[36mGiven ?[0m?[36mthe following order entities exist in the system?[0m                                ?[90m# ca.mcgill.ecse.coolsupplies.features.OrderStepDefinitions.the_following_order_entities_exist_in_the_system(io.cucumber.datatable.DataTable)?[0m
  ?[36mGiven ?[0m?[36mthe following order item entities exist in the system?[0m                           ?[90m# ca.mcgill.ecse.coolsupplies.features.OrderStepDefinitions.the_following_order_item_entities_exist_in_the_system(io.cucumber.datatable.DataTable)?[0m
  ?[36mWhen ?[0m?[36mthe parent attempts to delete an item ?[0m?[36m?[1m"eraser"?[0m?[36m from the order ?[0m?[36m?[1m"20"?[0m               ?[90m# ca.mcgill.ecse.coolsupplies.features.OrderStepDefinitions.the_parent_attempts_to_delete_an_item_from_the_order(java.lang.String,java.lang.String)?[0m
  ?[36mThen ?[0m?[36mthe number of order items in the system shall be ?[0m?[36m?[1m"2"?[0m                             ?[90m# ca.mcgill.ecse.coolsupplies.features.OrderStepDefinitions.the_number_of_order_items_in_the_system_shall_be(java.lang.String)?[0m
  ?[36mThen ?[0m?[36mthe number of orders in the system shall be ?[0m?[36m?[1m"4"?[0m                                  ?[90m# ca.mcgill.ecse.coolsupplies.features.OrderStepDefinitions.the_number_of_orders_in_the_system_shall_be(java.lang.String)?[0m
  ?[36mThen ?[0m?[36mthe error ?[0m?[36m?[1m"Order 20 does not exist"?[0m?[36m shall be raised?[0m                              ?[90m# ca.mcgill.ecse.coolsupplies.features.OrderStepDefinitions.the_error_shall_be_raised(java.lang.String)?[0m

Scenario Outline: Unsuccessfully delete an item from an order due to wrong state ?[90m# src/test/resources/ProcessOrder.feature:267?[0m
  ?[33mGiven ?[0m?[33mthe following parent entities exist in the system?[0m                        ?[90m# ca.mcgill.ecse.coolsupplies.features.OrderStepDefinitions.the_following_parent_entities_exist_in_the_system(io.cucumber.datatable.DataTable)?[0m
      ?[33mio.cucumber.java.PendingException: TODO: implement me
	at ca.mcgill.ecse.coolsupplies.features.OrderStepDefinitions.the_following_parent_entities_exist_in_the_system(OrderStepDefinitions.java:18)
	at ✽.the following parent entities exist in the system(file:///Users/zhengxuanzhao/IdeaProjects/ecse223-group-project-p8/src/test/resources/ProcessOrder.feature:5)
?[0m
  ?[36mGiven ?[0m?[36mthe following grade entities exist in the system?[0m                         ?[90m# ca.mcgill.ecse.coolsupplies.features.OrderStepDefinitions.the_following_grade_entities_exist_in_the_system(io.cucumber.datatable.DataTable)?[0m
  ?[36mGiven ?[0m?[36mthe following student entities exist in the system?[0m                       ?[90m# ca.mcgill.ecse.coolsupplies.features.OrderStepDefinitions.the_following_student_entities_exist_in_the_system(io.cucumber.datatable.DataTable)?[0m
  ?[36mGiven ?[0m?[36mthe following student entities exist for a parent in the system?[0m          ?[90m# ca.mcgill.ecse.coolsupplies.features.OrderStepDefinitions.the_following_student_entities_exist_for_a_parent_in_the_system(io.cucumber.datatable.DataTable)?[0m
  ?[36mGiven ?[0m?[36mthe following item entities exist in the system?[0m                          ?[90m# ca.mcgill.ecse.coolsupplies.features.OrderStepDefinitions.the_following_item_entities_exist_in_the_system(io.cucumber.datatable.DataTable)?[0m
  ?[36mGiven ?[0m?[36mthe following grade bundle entities exist in the system?[0m                  ?[90m# ca.mcgill.ecse.coolsupplies.features.OrderStepDefinitions.the_following_grade_bundle_entities_exist_in_the_system(io.cucumber.datatable.DataTable)?[0m
  ?[36mGiven ?[0m?[36mthe following bundle item entities exist in the system?[0m                   ?[90m# ca.mcgill.ecse.coolsupplies.features.OrderStepDefinitions.the_following_bundle_item_entities_exist_in_the_system(io.cucumber.datatable.DataTable)?[0m
  ?[36mGiven ?[0m?[36mthe following order entities exist in the system?[0m                         ?[90m# ca.mcgill.ecse.coolsupplies.features.OrderStepDefinitions.the_following_order_entities_exist_in_the_system(io.cucumber.datatable.DataTable)?[0m
  ?[36mGiven ?[0m?[36mthe following order item entities exist in the system?[0m                    ?[90m# ca.mcgill.ecse.coolsupplies.features.OrderStepDefinitions.the_following_order_item_entities_exist_in_the_system(io.cucumber.datatable.DataTable)?[0m
  ?[36mGiven ?[0m?[36mthe order ?[0m?[36m?[1m"1"?[0m?[36m is marked as ?[0m?[36m?[1m"Paid"?[0m                                        ?[90m# ca.mcgill.ecse.coolsupplies.features.OrderStepDefinitions.the_order_is_marked_as(java.lang.String,java.lang.String)?[0m
  ?[36mWhen ?[0m?[36mthe parent attempts to delete an item ?[0m?[36m?[1m"eraser"?[0m?[36m from the order ?[0m?[36m?[1m"1"?[0m         ?[90m# ca.mcgill.ecse.coolsupplies.features.OrderStepDefinitions.the_parent_attempts_to_delete_an_item_from_the_order(java.lang.String,java.lang.String)?[0m
  ?[36mThen ?[0m?[36mthe order ?[0m?[36m?[1m"1"?[0m?[36m shall be marked as ?[0m?[36m?[1m"Paid"?[0m                                   ?[90m# ca.mcgill.ecse.coolsupplies.features.OrderStepDefinitions.the_order_shall_be_marked_as(java.lang.String,java.lang.String)?[0m
  ?[36mThen ?[0m?[36mthe number of order items in the system shall be ?[0m?[36m?[1m"2"?[0m                      ?[90m# ca.mcgill.ecse.coolsupplies.features.OrderStepDefinitions.the_number_of_order_items_in_the_system_shall_be(java.lang.String)?[0m
  ?[36mThen ?[0m?[36mthe order ?[0m?[36m?[1m"1"?[0m?[36m shall contain ?[0m?[36m?[1m"2"?[0m?[36m items?[0m                                     ?[90m# ca.mcgill.ecse.coolsupplies.features.OrderStepDefinitions.the_order_shall_contain_items(java.lang.String,java.lang.String)?[0m
  ?[36mThen ?[0m?[36mthe order ?[0m?[36m?[1m"1"?[0m?[36m shall contain ?[0m?[36m?[1m"eraser"?[0m?[36m with quantity ?[0m?[36m?[1m"3"?[0m                    ?[90m# ca.mcgill.ecse.coolsupplies.features.OrderStepDefinitions.the_order_shall_contain_with_quantity(java.lang.String,java.lang.String,java.lang.String)?[0m
  ?[36mThen ?[0m?[36mthe error ?[0m?[36m?[1m"Cannot delete items from a paid order"?[0m?[36m shall be raised?[0m         ?[90m# ca.mcgill.ecse.coolsupplies.features.OrderStepDefinitions.the_error_shall_be_raised(java.lang.String)?[0m

Scenario Outline: Unsuccessfully delete an item from an order due to wrong state ?[90m# src/test/resources/ProcessOrder.feature:268?[0m
  ?[33mGiven ?[0m?[33mthe following parent entities exist in the system?[0m                        ?[90m# ca.mcgill.ecse.coolsupplies.features.OrderStepDefinitions.the_following_parent_entities_exist_in_the_system(io.cucumber.datatable.DataTable)?[0m
      ?[33mio.cucumber.java.PendingException: TODO: implement me
	at ca.mcgill.ecse.coolsupplies.features.OrderStepDefinitions.the_following_parent_entities_exist_in_the_system(OrderStepDefinitions.java:18)
	at ✽.the following parent entities exist in the system(file:///Users/zhengxuanzhao/IdeaProjects/ecse223-group-project-p8/src/test/resources/ProcessOrder.feature:5)
?[0m
  ?[36mGiven ?[0m?[36mthe following grade entities exist in the system?[0m                         ?[90m# ca.mcgill.ecse.coolsupplies.features.OrderStepDefinitions.the_following_grade_entities_exist_in_the_system(io.cucumber.datatable.DataTable)?[0m
  ?[36mGiven ?[0m?[36mthe following student entities exist in the system?[0m                       ?[90m# ca.mcgill.ecse.coolsupplies.features.OrderStepDefinitions.the_following_student_entities_exist_in_the_system(io.cucumber.datatable.DataTable)?[0m
  ?[36mGiven ?[0m?[36mthe following student entities exist for a parent in the system?[0m          ?[90m# ca.mcgill.ecse.coolsupplies.features.OrderStepDefinitions.the_following_student_entities_exist_for_a_parent_in_the_system(io.cucumber.datatable.DataTable)?[0m
  ?[36mGiven ?[0m?[36mthe following item entities exist in the system?[0m                          ?[90m# ca.mcgill.ecse.coolsupplies.features.OrderStepDefinitions.the_following_item_entities_exist_in_the_system(io.cucumber.datatable.DataTable)?[0m
  ?[36mGiven ?[0m?[36mthe following grade bundle entities exist in the system?[0m                  ?[90m# ca.mcgill.ecse.coolsupplies.features.OrderStepDefinitions.the_following_grade_bundle_entities_exist_in_the_system(io.cucumber.datatable.DataTable)?[0m
  ?[36mGiven ?[0m?[36mthe following bundle item entities exist in the system?[0m                   ?[90m# ca.mcgill.ecse.coolsupplies.features.OrderStepDefinitions.the_following_bundle_item_entities_exist_in_the_system(io.cucumber.datatable.DataTable)?[0m
  ?[36mGiven ?[0m?[36mthe following order entities exist in the system?[0m                         ?[90m# ca.mcgill.ecse.coolsupplies.features.OrderStepDefinitions.the_following_order_entities_exist_in_the_system(io.cucumber.datatable.DataTable)?[0m
  ?[36mGiven ?[0m?[36mthe following order item entities exist in the system?[0m                    ?[90m# ca.mcgill.ecse.coolsupplies.features.OrderStepDefinitions.the_following_order_item_entities_exist_in_the_system(io.cucumber.datatable.DataTable)?[0m
  ?[36mGiven ?[0m?[36mthe order ?[0m?[36m?[1m"1"?[0m?[36m is marked as ?[0m?[36m?[1m"Penalized"?[0m                                   ?[90m# ca.mcgill.ecse.coolsupplies.features.OrderStepDefinitions.the_order_is_marked_as(java.lang.String,java.lang.String)?[0m
  ?[36mWhen ?[0m?[36mthe parent attempts to delete an item ?[0m?[36m?[1m"eraser"?[0m?[36m from the order ?[0m?[36m?[1m"1"?[0m         ?[90m# ca.mcgill.ecse.coolsupplies.features.OrderStepDefinitions.the_parent_attempts_to_delete_an_item_from_the_order(java.lang.String,java.lang.String)?[0m
  ?[36mThen ?[0m?[36mthe order ?[0m?[36m?[1m"1"?[0m?[36m shall be marked as ?[0m?[36m?[1m"Penalized"?[0m                              ?[90m# ca.mcgill.ecse.coolsupplies.features.OrderStepDefinitions.the_order_shall_be_marked_as(java.lang.String,java.lang.String)?[0m
  ?[36mThen ?[0m?[36mthe number of order items in the system shall be ?[0m?[36m?[1m"2"?[0m                      ?[90m# ca.mcgill.ecse.coolsupplies.features.OrderStepDefinitions.the_number_of_order_items_in_the_system_shall_be(java.lang.String)?[0m
  ?[36mThen ?[0m?[36mthe order ?[0m?[36m?[1m"1"?[0m?[36m shall contain ?[0m?[36m?[1m"2"?[0m?[36m items?[0m                                     ?[90m# ca.mcgill.ecse.coolsupplies.features.OrderStepDefinitions.the_order_shall_contain_items(java.lang.String,java.lang.String)?[0m
  ?[36mThen ?[0m?[36mthe order ?[0m?[36m?[1m"1"?[0m?[36m shall contain ?[0m?[36m?[1m"eraser"?[0m?[36m with quantity ?[0m?[36m?[1m"3"?[0m                    ?[90m# ca.mcgill.ecse.coolsupplies.features.OrderStepDefinitions.the_order_shall_contain_with_quantity(java.lang.String,java.lang.String,java.lang.String)?[0m
  ?[36mThen ?[0m?[36mthe error ?[0m?[36m?[1m"Cannot delete items from a penalized order"?[0m?[36m shall be raised?[0m    ?[90m# ca.mcgill.ecse.coolsupplies.features.OrderStepDefinitions.the_error_shall_be_raised(java.lang.String)?[0m

Scenario Outline: Unsuccessfully delete an item from an order due to wrong state ?[90m# src/test/resources/ProcessOrder.feature:269?[0m
  ?[33mGiven ?[0m?[33mthe following parent entities exist in the system?[0m                        ?[90m# ca.mcgill.ecse.coolsupplies.features.OrderStepDefinitions.the_following_parent_entities_exist_in_the_system(io.cucumber.datatable.DataTable)?[0m
      ?[33mio.cucumber.java.PendingException: TODO: implement me
	at ca.mcgill.ecse.coolsupplies.features.OrderStepDefinitions.the_following_parent_entities_exist_in_the_system(OrderStepDefinitions.java:18)
	at ✽.the following parent entities exist in the system(file:///Users/zhengxuanzhao/IdeaProjects/ecse223-group-project-p8/src/test/resources/ProcessOrder.feature:5)
?[0m
  ?[36mGiven ?[0m?[36mthe following grade entities exist in the system?[0m                         ?[90m# ca.mcgill.ecse.coolsupplies.features.OrderStepDefinitions.the_following_grade_entities_exist_in_the_system(io.cucumber.datatable.DataTable)?[0m
  ?[36mGiven ?[0m?[36mthe following student entities exist in the system?[0m                       ?[90m# ca.mcgill.ecse.coolsupplies.features.OrderStepDefinitions.the_following_student_entities_exist_in_the_system(io.cucumber.datatable.DataTable)?[0m
  ?[36mGiven ?[0m?[36mthe following student entities exist for a parent in the system?[0m          ?[90m# ca.mcgill.ecse.coolsupplies.features.OrderStepDefinitions.the_following_student_entities_exist_for_a_parent_in_the_system(io.cucumber.datatable.DataTable)?[0m
  ?[36mGiven ?[0m?[36mthe following item entities exist in the system?[0m                          ?[90m# ca.mcgill.ecse.coolsupplies.features.OrderStepDefinitions.the_following_item_entities_exist_in_the_system(io.cucumber.datatable.DataTable)?[0m
  ?[36mGiven ?[0m?[36mthe following grade bundle entities exist in the system?[0m                  ?[90m# ca.mcgill.ecse.coolsupplies.features.OrderStepDefinitions.the_following_grade_bundle_entities_exist_in_the_system(io.cucumber.datatable.DataTable)?[0m
  ?[36mGiven ?[0m?[36mthe following bundle item entities exist in the system?[0m                   ?[90m# ca.mcgill.ecse.coolsupplies.features.OrderStepDefinitions.the_following_bundle_item_entities_exist_in_the_system(io.cucumber.datatable.DataTable)?[0m
  ?[36mGiven ?[0m?[36mthe following order entities exist in the system?[0m                         ?[90m# ca.mcgill.ecse.coolsupplies.features.OrderStepDefinitions.the_following_order_entities_exist_in_the_system(io.cucumber.datatable.DataTable)?[0m
  ?[36mGiven ?[0m?[36mthe following order item entities exist in the system?[0m                    ?[90m# ca.mcgill.ecse.coolsupplies.features.OrderStepDefinitions.the_following_order_item_entities_exist_in_the_system(io.cucumber.datatable.DataTable)?[0m
  ?[36mGiven ?[0m?[36mthe order ?[0m?[36m?[1m"1"?[0m?[36m is marked as ?[0m?[36m?[1m"Prepared"?[0m                                    ?[90m# ca.mcgill.ecse.coolsupplies.features.OrderStepDefinitions.the_order_is_marked_as(java.lang.String,java.lang.String)?[0m
  ?[36mWhen ?[0m?[36mthe parent attempts to delete an item ?[0m?[36m?[1m"eraser"?[0m?[36m from the order ?[0m?[36m?[1m"1"?[0m         ?[90m# ca.mcgill.ecse.coolsupplies.features.OrderStepDefinitions.the_parent_attempts_to_delete_an_item_from_the_order(java.lang.String,java.lang.String)?[0m
  ?[36mThen ?[0m?[36mthe order ?[0m?[36m?[1m"1"?[0m?[36m shall be marked as ?[0m?[36m?[1m"Prepared"?[0m                               ?[90m# ca.mcgill.ecse.coolsupplies.features.OrderStepDefinitions.the_order_shall_be_marked_as(java.lang.String,java.lang.String)?[0m
  ?[36mThen ?[0m?[36mthe number of order items in the system shall be ?[0m?[36m?[1m"2"?[0m                      ?[90m# ca.mcgill.ecse.coolsupplies.features.OrderStepDefinitions.the_number_of_order_items_in_the_system_shall_be(java.lang.String)?[0m
  ?[36mThen ?[0m?[36mthe order ?[0m?[36m?[1m"1"?[0m?[36m shall contain ?[0m?[36m?[1m"2"?[0m?[36m items?[0m                                     ?[90m# ca.mcgill.ecse.coolsupplies.features.OrderStepDefinitions.the_order_shall_contain_items(java.lang.String,java.lang.String)?[0m
  ?[36mThen ?[0m?[36mthe order ?[0m?[36m?[1m"1"?[0m?[36m shall contain ?[0m?[36m?[1m"eraser"?[0m?[36m with quantity ?[0m?[36m?[1m"3"?[0m                    ?[90m# ca.mcgill.ecse.coolsupplies.features.OrderStepDefinitions.the_order_shall_contain_with_quantity(java.lang.String,java.lang.String,java.lang.String)?[0m
  ?[36mThen ?[0m?[36mthe error ?[0m?[36m?[1m"Cannot delete items from a prepared order"?[0m?[36m shall be raised?[0m     ?[90m# ca.mcgill.ecse.coolsupplies.features.OrderStepDefinitions.the_error_shall_be_raised(java.lang.String)?[0m

Scenario Outline: Unsuccessfully delete an item from an order due to wrong state ?[90m# src/test/resources/ProcessOrder.feature:270?[0m
  ?[33mGiven ?[0m?[33mthe following parent entities exist in the system?[0m                        ?[90m# ca.mcgill.ecse.coolsupplies.features.OrderStepDefinitions.the_following_parent_entities_exist_in_the_system(io.cucumber.datatable.DataTable)?[0m
      ?[33mio.cucumber.java.PendingException: TODO: implement me
	at ca.mcgill.ecse.coolsupplies.features.OrderStepDefinitions.the_following_parent_entities_exist_in_the_system(OrderStepDefinitions.java:18)
	at ✽.the following parent entities exist in the system(file:///Users/zhengxuanzhao/IdeaProjects/ecse223-group-project-p8/src/test/resources/ProcessOrder.feature:5)
?[0m
  ?[36mGiven ?[0m?[36mthe following grade entities exist in the system?[0m                         ?[90m# ca.mcgill.ecse.coolsupplies.features.OrderStepDefinitions.the_following_grade_entities_exist_in_the_system(io.cucumber.datatable.DataTable)?[0m
  ?[36mGiven ?[0m?[36mthe following student entities exist in the system?[0m                       ?[90m# ca.mcgill.ecse.coolsupplies.features.OrderStepDefinitions.the_following_student_entities_exist_in_the_system(io.cucumber.datatable.DataTable)?[0m
  ?[36mGiven ?[0m?[36mthe following student entities exist for a parent in the system?[0m          ?[90m# ca.mcgill.ecse.coolsupplies.features.OrderStepDefinitions.the_following_student_entities_exist_for_a_parent_in_the_system(io.cucumber.datatable.DataTable)?[0m
  ?[36mGiven ?[0m?[36mthe following item entities exist in the system?[0m                          ?[90m# ca.mcgill.ecse.coolsupplies.features.OrderStepDefinitions.the_following_item_entities_exist_in_the_system(io.cucumber.datatable.DataTable)?[0m
  ?[36mGiven ?[0m?[36mthe following grade bundle entities exist in the system?[0m                  ?[90m# ca.mcgill.ecse.coolsupplies.features.OrderStepDefinitions.the_following_grade_bundle_entities_exist_in_the_system(io.cucumber.datatable.DataTable)?[0m
  ?[36mGiven ?[0m?[36mthe following bundle item entities exist in the system?[0m                   ?[90m# ca.mcgill.ecse.coolsupplies.features.OrderStepDefinitions.the_following_bundle_item_entities_exist_in_the_system(io.cucumber.datatable.DataTable)?[0m
  ?[36mGiven ?[0m?[36mthe following order entities exist in the system?[0m                         ?[90m# ca.mcgill.ecse.coolsupplies.features.OrderStepDefinitions.the_following_order_entities_exist_in_the_system(io.cucumber.datatable.DataTable)?[0m
  ?[36mGiven ?[0m?[36mthe following order item entities exist in the system?[0m                    ?[90m# ca.mcgill.ecse.coolsupplies.features.OrderStepDefinitions.the_following_order_item_entities_exist_in_the_system(io.cucumber.datatable.DataTable)?[0m
  ?[36mGiven ?[0m?[36mthe order ?[0m?[36m?[1m"1"?[0m?[36m is marked as ?[0m?[36m?[1m"PickedUp"?[0m                                    ?[90m# ca.mcgill.ecse.coolsupplies.features.OrderStepDefinitions.the_order_is_marked_as(java.lang.String,java.lang.String)?[0m
  ?[36mWhen ?[0m?[36mthe parent attempts to delete an item ?[0m?[36m?[1m"eraser"?[0m?[36m from the order ?[0m?[36m?[1m"1"?[0m         ?[90m# ca.mcgill.ecse.coolsupplies.features.OrderStepDefinitions.the_parent_attempts_to_delete_an_item_from_the_order(java.lang.String,java.lang.String)?[0m
  ?[36mThen ?[0m?[36mthe order ?[0m?[36m?[1m"1"?[0m?[36m shall be marked as ?[0m?[36m?[1m"PickedUp"?[0m                               ?[90m# ca.mcgill.ecse.coolsupplies.features.OrderStepDefinitions.the_order_shall_be_marked_as(java.lang.String,java.lang.String)?[0m
  ?[36mThen ?[0m?[36mthe number of order items in the system shall be ?[0m?[36m?[1m"2"?[0m                      ?[90m# ca.mcgill.ecse.coolsupplies.features.OrderStepDefinitions.the_number_of_order_items_in_the_system_shall_be(java.lang.String)?[0m
  ?[36mThen ?[0m?[36mthe order ?[0m?[36m?[1m"1"?[0m?[36m shall contain ?[0m?[36m?[1m"2"?[0m?[36m items?[0m                                     ?[90m# ca.mcgill.ecse.coolsupplies.features.OrderStepDefinitions.the_order_shall_contain_items(java.lang.String,java.lang.String)?[0m
  ?[36mThen ?[0m?[36mthe order ?[0m?[36m?[1m"1"?[0m?[36m shall contain ?[0m?[36m?[1m"eraser"?[0m?[36m with quantity ?[0m?[36m?[1m"3"?[0m                    ?[90m# ca.mcgill.ecse.coolsupplies.features.OrderStepDefinitions.the_order_shall_contain_with_quantity(java.lang.String,java.lang.String,java.lang.String)?[0m
  ?[36mThen ?[0m?[36mthe error ?[0m?[36m?[1m"Cannot delete items from a picked up order"?[0m?[36m shall be raised?[0m    ?[90m# ca.mcgill.ecse.coolsupplies.features.OrderStepDefinitions.the_error_shall_be_raised(java.lang.String)?[0m

Scenario Outline: Successfully pay for a started order                             ?[90m# src/test/resources/ProcessOrder.feature:280?[0m
  ?[33mGiven ?[0m?[33mthe following parent entities exist in the system?[0m                          ?[90m# ca.mcgill.ecse.coolsupplies.features.OrderStepDefinitions.the_following_parent_entities_exist_in_the_system(io.cucumber.datatable.DataTable)?[0m
      ?[33mio.cucumber.java.PendingException: TODO: implement me
	at ca.mcgill.ecse.coolsupplies.features.OrderStepDefinitions.the_following_parent_entities_exist_in_the_system(OrderStepDefinitions.java:18)
	at ✽.the following parent entities exist in the system(file:///Users/zhengxuanzhao/IdeaProjects/ecse223-group-project-p8/src/test/resources/ProcessOrder.feature:5)
?[0m
  ?[36mGiven ?[0m?[36mthe following grade entities exist in the system?[0m                           ?[90m# ca.mcgill.ecse.coolsupplies.features.OrderStepDefinitions.the_following_grade_entities_exist_in_the_system(io.cucumber.datatable.DataTable)?[0m
  ?[36mGiven ?[0m?[36mthe following student entities exist in the system?[0m                         ?[90m# ca.mcgill.ecse.coolsupplies.features.OrderStepDefinitions.the_following_student_entities_exist_in_the_system(io.cucumber.datatable.DataTable)?[0m
  ?[36mGiven ?[0m?[36mthe following student entities exist for a parent in the system?[0m            ?[90m# ca.mcgill.ecse.coolsupplies.features.OrderStepDefinitions.the_following_student_entities_exist_for_a_parent_in_the_system(io.cucumber.datatable.DataTable)?[0m
  ?[36mGiven ?[0m?[36mthe following item entities exist in the system?[0m                            ?[90m# ca.mcgill.ecse.coolsupplies.features.OrderStepDefinitions.the_following_item_entities_exist_in_the_system(io.cucumber.datatable.DataTable)?[0m
  ?[36mGiven ?[0m?[36mthe following grade bundle entities exist in the system?[0m                    ?[90m# ca.mcgill.ecse.coolsupplies.features.OrderStepDefinitions.the_following_grade_bundle_entities_exist_in_the_system(io.cucumber.datatable.DataTable)?[0m
  ?[36mGiven ?[0m?[36mthe following bundle item entities exist in the system?[0m                     ?[90m# ca.mcgill.ecse.coolsupplies.features.OrderStepDefinitions.the_following_bundle_item_entities_exist_in_the_system(io.cucumber.datatable.DataTable)?[0m
  ?[36mGiven ?[0m?[36mthe following order entities exist in the system?[0m                           ?[90m# ca.mcgill.ecse.coolsupplies.features.OrderStepDefinitions.the_following_order_entities_exist_in_the_system(io.cucumber.datatable.DataTable)?[0m
  ?[36mGiven ?[0m?[36mthe following order item entities exist in the system?[0m                      ?[90m# ca.mcgill.ecse.coolsupplies.features.OrderStepDefinitions.the_following_order_item_entities_exist_in_the_system(io.cucumber.datatable.DataTable)?[0m
  ?[36mGiven ?[0m?[36mthe order ?[0m?[36m?[1m"1"?[0m?[36m is marked as ?[0m?[36m?[1m"Started"?[0m                                       ?[90m# ca.mcgill.ecse.coolsupplies.features.OrderStepDefinitions.the_order_is_marked_as(java.lang.String,java.lang.String)?[0m
  ?[36mWhen ?[0m?[36mthe parent attempts to pay for the order ?[0m?[36m?[1m"1"?[0m?[36m with authorization code ?[0m?[36m?[1m"1234"?[0m ?[90m# ca.mcgill.ecse.coolsupplies.features.OrderStepDefinitions.the_parent_attempts_to_pay_for_the_order_with_authorization_code(java.lang.String,java.lang.String)?[0m
  ?[36mThen ?[0m?[36mthe order ?[0m?[36m?[1m"1"?[0m?[36m shall be marked as ?[0m?[36m?[1m"Paid"?[0m                                     ?[90m# ca.mcgill.ecse.coolsupplies.features.OrderStepDefinitions.the_order_shall_be_marked_as(java.lang.String,java.lang.String)?[0m
  ?[36mThen ?[0m?[36mthe order ?[0m?[36m?[1m"1"?[0m?[36m shall contain authorization code ?[0m?[36m?[1m"1234"?[0m                       ?[90m# ca.mcgill.ecse.coolsupplies.features.OrderStepDefinitions.the_order_shall_contain_authorization_code(java.lang.String,java.lang.String)?[0m

Scenario Outline: Successfully pay for a started order                             ?[90m# src/test/resources/ProcessOrder.feature:281?[0m
  ?[33mGiven ?[0m?[33mthe following parent entities exist in the system?[0m                          ?[90m# ca.mcgill.ecse.coolsupplies.features.OrderStepDefinitions.the_following_parent_entities_exist_in_the_system(io.cucumber.datatable.DataTable)?[0m
      ?[33mio.cucumber.java.PendingException: TODO: implement me
	at ca.mcgill.ecse.coolsupplies.features.OrderStepDefinitions.the_following_parent_entities_exist_in_the_system(OrderStepDefinitions.java:18)
	at ✽.the following parent entities exist in the system(file:///Users/zhengxuanzhao/IdeaProjects/ecse223-group-project-p8/src/test/resources/ProcessOrder.feature:5)
?[0m
  ?[36mGiven ?[0m?[36mthe following grade entities exist in the system?[0m                           ?[90m# ca.mcgill.ecse.coolsupplies.features.OrderStepDefinitions.the_following_grade_entities_exist_in_the_system(io.cucumber.datatable.DataTable)?[0m
  ?[36mGiven ?[0m?[36mthe following student entities exist in the system?[0m                         ?[90m# ca.mcgill.ecse.coolsupplies.features.OrderStepDefinitions.the_following_student_entities_exist_in_the_system(io.cucumber.datatable.DataTable)?[0m
  ?[36mGiven ?[0m?[36mthe following student entities exist for a parent in the system?[0m            ?[90m# ca.mcgill.ecse.coolsupplies.features.OrderStepDefinitions.the_following_student_entities_exist_for_a_parent_in_the_system(io.cucumber.datatable.DataTable)?[0m
  ?[36mGiven ?[0m?[36mthe following item entities exist in the system?[0m                            ?[90m# ca.mcgill.ecse.coolsupplies.features.OrderStepDefinitions.the_following_item_entities_exist_in_the_system(io.cucumber.datatable.DataTable)?[0m
  ?[36mGiven ?[0m?[36mthe following grade bundle entities exist in the system?[0m                    ?[90m# ca.mcgill.ecse.coolsupplies.features.OrderStepDefinitions.the_following_grade_bundle_entities_exist_in_the_system(io.cucumber.datatable.DataTable)?[0m
  ?[36mGiven ?[0m?[36mthe following bundle item entities exist in the system?[0m                     ?[90m# ca.mcgill.ecse.coolsupplies.features.OrderStepDefinitions.the_following_bundle_item_entities_exist_in_the_system(io.cucumber.datatable.DataTable)?[0m
  ?[36mGiven ?[0m?[36mthe following order entities exist in the system?[0m                           ?[90m# ca.mcgill.ecse.coolsupplies.features.OrderStepDefinitions.the_following_order_entities_exist_in_the_system(io.cucumber.datatable.DataTable)?[0m
  ?[36mGiven ?[0m?[36mthe following order item entities exist in the system?[0m                      ?[90m# ca.mcgill.ecse.coolsupplies.features.OrderStepDefinitions.the_following_order_item_entities_exist_in_the_system(io.cucumber.datatable.DataTable)?[0m
  ?[36mGiven ?[0m?[36mthe order ?[0m?[36m?[1m"1"?[0m?[36m is marked as ?[0m?[36m?[1m"Started"?[0m                                       ?[90m# ca.mcgill.ecse.coolsupplies.features.OrderStepDefinitions.the_order_is_marked_as(java.lang.String,java.lang.String)?[0m
  ?[36mWhen ?[0m?[36mthe parent attempts to pay for the order ?[0m?[36m?[1m"1"?[0m?[36m with authorization code ?[0m?[36m?[1m"5678"?[0m ?[90m# ca.mcgill.ecse.coolsupplies.features.OrderStepDefinitions.the_parent_attempts_to_pay_for_the_order_with_authorization_code(java.lang.String,java.lang.String)?[0m
  ?[36mThen ?[0m?[36mthe order ?[0m?[36m?[1m"1"?[0m?[36m shall be marked as ?[0m?[36m?[1m"Paid"?[0m                                     ?[90m# ca.mcgill.ecse.coolsupplies.features.OrderStepDefinitions.the_order_shall_be_marked_as(java.lang.String,java.lang.String)?[0m
  ?[36mThen ?[0m?[36mthe order ?[0m?[36m?[1m"1"?[0m?[36m shall contain authorization code ?[0m?[36m?[1m"5678"?[0m                       ?[90m# ca.mcgill.ecse.coolsupplies.features.OrderStepDefinitions.the_order_shall_contain_authorization_code(java.lang.String,java.lang.String)?[0m

Scenario Outline: Unsuccessfully pay for an order due to no items                  ?[90m# src/test/resources/ProcessOrder.feature:292?[0m
  ?[33mGiven ?[0m?[33mthe following parent entities exist in the system?[0m                          ?[90m# ca.mcgill.ecse.coolsupplies.features.OrderStepDefinitions.the_following_parent_entities_exist_in_the_system(io.cucumber.datatable.DataTable)?[0m
      ?[33mio.cucumber.java.PendingException: TODO: implement me
	at ca.mcgill.ecse.coolsupplies.features.OrderStepDefinitions.the_following_parent_entities_exist_in_the_system(OrderStepDefinitions.java:18)
	at ✽.the following parent entities exist in the system(file:///Users/zhengxuanzhao/IdeaProjects/ecse223-group-project-p8/src/test/resources/ProcessOrder.feature:5)
?[0m
  ?[36mGiven ?[0m?[36mthe following grade entities exist in the system?[0m                           ?[90m# ca.mcgill.ecse.coolsupplies.features.OrderStepDefinitions.the_following_grade_entities_exist_in_the_system(io.cucumber.datatable.DataTable)?[0m
  ?[36mGiven ?[0m?[36mthe following student entities exist in the system?[0m                         ?[90m# ca.mcgill.ecse.coolsupplies.features.OrderStepDefinitions.the_following_student_entities_exist_in_the_system(io.cucumber.datatable.DataTable)?[0m
  ?[36mGiven ?[0m?[36mthe following student entities exist for a parent in the system?[0m            ?[90m# ca.mcgill.ecse.coolsupplies.features.OrderStepDefinitions.the_following_student_entities_exist_for_a_parent_in_the_system(io.cucumber.datatable.DataTable)?[0m
  ?[36mGiven ?[0m?[36mthe following item entities exist in the system?[0m                            ?[90m# ca.mcgill.ecse.coolsupplies.features.OrderStepDefinitions.the_following_item_entities_exist_in_the_system(io.cucumber.datatable.DataTable)?[0m
  ?[36mGiven ?[0m?[36mthe following grade bundle entities exist in the system?[0m                    ?[90m# ca.mcgill.ecse.coolsupplies.features.OrderStepDefinitions.the_following_grade_bundle_entities_exist_in_the_system(io.cucumber.datatable.DataTable)?[0m
  ?[36mGiven ?[0m?[36mthe following bundle item entities exist in the system?[0m                     ?[90m# ca.mcgill.ecse.coolsupplies.features.OrderStepDefinitions.the_following_bundle_item_entities_exist_in_the_system(io.cucumber.datatable.DataTable)?[0m
  ?[36mGiven ?[0m?[36mthe following order entities exist in the system?[0m                           ?[90m# ca.mcgill.ecse.coolsupplies.features.OrderStepDefinitions.the_following_order_entities_exist_in_the_system(io.cucumber.datatable.DataTable)?[0m
  ?[36mGiven ?[0m?[36mthe following order item entities exist in the system?[0m                      ?[90m# ca.mcgill.ecse.coolsupplies.features.OrderStepDefinitions.the_following_order_item_entities_exist_in_the_system(io.cucumber.datatable.DataTable)?[0m
  ?[36mGiven ?[0m?[36mthe order ?[0m?[36m?[1m"2"?[0m?[36m is marked as ?[0m?[36m?[1m"Started"?[0m                                       ?[90m# ca.mcgill.ecse.coolsupplies.features.OrderStepDefinitions.the_order_is_marked_as(java.lang.String,java.lang.String)?[0m
  ?[36mWhen ?[0m?[36mthe parent attempts to pay for the order ?[0m?[36m?[1m"2"?[0m?[36m with authorization code ?[0m?[36m?[1m"1234"?[0m ?[90m# ca.mcgill.ecse.coolsupplies.features.OrderStepDefinitions.the_parent_attempts_to_pay_for_the_order_with_authorization_code(java.lang.String,java.lang.String)?[0m
  ?[36mThen ?[0m?[36mthe order ?[0m?[36m?[1m"2"?[0m?[36m shall be marked as ?[0m?[36m?[1m"Started"?[0m                                  ?[90m# ca.mcgill.ecse.coolsupplies.features.OrderStepDefinitions.the_order_shall_be_marked_as(java.lang.String,java.lang.String)?[0m
  ?[36mThen ?[0m?[36mthe order ?[0m?[36m?[1m"2"?[0m?[36m shall not contain authorization code ?[0m?[36m?[1m"1234"?[0m                   ?[90m# ca.mcgill.ecse.coolsupplies.features.OrderStepDefinitions.the_order_shall_not_contain_authorization_code(java.lang.String,java.lang.String)?[0m
  ?[36mThen ?[0m?[36mthe error ?[0m?[36m?[1m"Order 2 has no items"?[0m?[36m shall be raised?[0m                            ?[90m# ca.mcgill.ecse.coolsupplies.features.OrderStepDefinitions.the_error_shall_be_raised(java.lang.String)?[0m

Scenario Outline: Unsuccessfully pay for an order due to no items                  ?[90m# src/test/resources/ProcessOrder.feature:293?[0m
  ?[33mGiven ?[0m?[33mthe following parent entities exist in the system?[0m                          ?[90m# ca.mcgill.ecse.coolsupplies.features.OrderStepDefinitions.the_following_parent_entities_exist_in_the_system(io.cucumber.datatable.DataTable)?[0m
      ?[33mio.cucumber.java.PendingException: TODO: implement me
	at ca.mcgill.ecse.coolsupplies.features.OrderStepDefinitions.the_following_parent_entities_exist_in_the_system(OrderStepDefinitions.java:18)
	at ✽.the following parent entities exist in the system(file:///Users/zhengxuanzhao/IdeaProjects/ecse223-group-project-p8/src/test/resources/ProcessOrder.feature:5)
?[0m
  ?[36mGiven ?[0m?[36mthe following grade entities exist in the system?[0m                           ?[90m# ca.mcgill.ecse.coolsupplies.features.OrderStepDefinitions.the_following_grade_entities_exist_in_the_system(io.cucumber.datatable.DataTable)?[0m
  ?[36mGiven ?[0m?[36mthe following student entities exist in the system?[0m                         ?[90m# ca.mcgill.ecse.coolsupplies.features.OrderStepDefinitions.the_following_student_entities_exist_in_the_system(io.cucumber.datatable.DataTable)?[0m
  ?[36mGiven ?[0m?[36mthe following student entities exist for a parent in the system?[0m            ?[90m# ca.mcgill.ecse.coolsupplies.features.OrderStepDefinitions.the_following_student_entities_exist_for_a_parent_in_the_system(io.cucumber.datatable.DataTable)?[0m
  ?[36mGiven ?[0m?[36mthe following item entities exist in the system?[0m                            ?[90m# ca.mcgill.ecse.coolsupplies.features.OrderStepDefinitions.the_following_item_entities_exist_in_the_system(io.cucumber.datatable.DataTable)?[0m
  ?[36mGiven ?[0m?[36mthe following grade bundle entities exist in the system?[0m                    ?[90m# ca.mcgill.ecse.coolsupplies.features.OrderStepDefinitions.the_following_grade_bundle_entities_exist_in_the_system(io.cucumber.datatable.DataTable)?[0m
  ?[36mGiven ?[0m?[36mthe following bundle item entities exist in the system?[0m                     ?[90m# ca.mcgill.ecse.coolsupplies.features.OrderStepDefinitions.the_following_bundle_item_entities_exist_in_the_system(io.cucumber.datatable.DataTable)?[0m
  ?[36mGiven ?[0m?[36mthe following order entities exist in the system?[0m                           ?[90m# ca.mcgill.ecse.coolsupplies.features.OrderStepDefinitions.the_following_order_entities_exist_in_the_system(io.cucumber.datatable.DataTable)?[0m
  ?[36mGiven ?[0m?[36mthe following order item entities exist in the system?[0m                      ?[90m# ca.mcgill.ecse.coolsupplies.features.OrderStepDefinitions.the_following_order_item_entities_exist_in_the_system(io.cucumber.datatable.DataTable)?[0m
  ?[36mGiven ?[0m?[36mthe order ?[0m?[36m?[1m"3"?[0m?[36m is marked as ?[0m?[36m?[1m"Started"?[0m                                       ?[90m# ca.mcgill.ecse.coolsupplies.features.OrderStepDefinitions.the_order_is_marked_as(java.lang.String,java.lang.String)?[0m
  ?[36mWhen ?[0m?[36mthe parent attempts to pay for the order ?[0m?[36m?[1m"3"?[0m?[36m with authorization code ?[0m?[36m?[1m"1234"?[0m ?[90m# ca.mcgill.ecse.coolsupplies.features.OrderStepDefinitions.the_parent_attempts_to_pay_for_the_order_with_authorization_code(java.lang.String,java.lang.String)?[0m
  ?[36mThen ?[0m?[36mthe order ?[0m?[36m?[1m"3"?[0m?[36m shall be marked as ?[0m?[36m?[1m"Started"?[0m                                  ?[90m# ca.mcgill.ecse.coolsupplies.features.OrderStepDefinitions.the_order_shall_be_marked_as(java.lang.String,java.lang.String)?[0m
  ?[36mThen ?[0m?[36mthe order ?[0m?[36m?[1m"3"?[0m?[36m shall not contain authorization code ?[0m?[36m?[1m"1234"?[0m                   ?[90m# ca.mcgill.ecse.coolsupplies.features.OrderStepDefinitions.the_order_shall_not_contain_authorization_code(java.lang.String,java.lang.String)?[0m
  ?[36mThen ?[0m?[36mthe error ?[0m?[36m?[1m"Order 3 has no items"?[0m?[36m shall be raised?[0m                            ?[90m# ca.mcgill.ecse.coolsupplies.features.OrderStepDefinitions.the_error_shall_be_raised(java.lang.String)?[0m

Scenario Outline: Unsuccessfully pay for an order due to no items                  ?[90m# src/test/resources/ProcessOrder.feature:294?[0m
  ?[33mGiven ?[0m?[33mthe following parent entities exist in the system?[0m                          ?[90m# ca.mcgill.ecse.coolsupplies.features.OrderStepDefinitions.the_following_parent_entities_exist_in_the_system(io.cucumber.datatable.DataTable)?[0m
      ?[33mio.cucumber.java.PendingException: TODO: implement me
	at ca.mcgill.ecse.coolsupplies.features.OrderStepDefinitions.the_following_parent_entities_exist_in_the_system(OrderStepDefinitions.java:18)
	at ✽.the following parent entities exist in the system(file:///Users/zhengxuanzhao/IdeaProjects/ecse223-group-project-p8/src/test/resources/ProcessOrder.feature:5)
?[0m
  ?[36mGiven ?[0m?[36mthe following grade entities exist in the system?[0m                           ?[90m# ca.mcgill.ecse.coolsupplies.features.OrderStepDefinitions.the_following_grade_entities_exist_in_the_system(io.cucumber.datatable.DataTable)?[0m
  ?[36mGiven ?[0m?[36mthe following student entities exist in the system?[0m                         ?[90m# ca.mcgill.ecse.coolsupplies.features.OrderStepDefinitions.the_following_student_entities_exist_in_the_system(io.cucumber.datatable.DataTable)?[0m
  ?[36mGiven ?[0m?[36mthe following student entities exist for a parent in the system?[0m            ?[90m# ca.mcgill.ecse.coolsupplies.features.OrderStepDefinitions.the_following_student_entities_exist_for_a_parent_in_the_system(io.cucumber.datatable.DataTable)?[0m
  ?[36mGiven ?[0m?[36mthe following item entities exist in the system?[0m                            ?[90m# ca.mcgill.ecse.coolsupplies.features.OrderStepDefinitions.the_following_item_entities_exist_in_the_system(io.cucumber.datatable.DataTable)?[0m
  ?[36mGiven ?[0m?[36mthe following grade bundle entities exist in the system?[0m                    ?[90m# ca.mcgill.ecse.coolsupplies.features.OrderStepDefinitions.the_following_grade_bundle_entities_exist_in_the_system(io.cucumber.datatable.DataTable)?[0m
  ?[36mGiven ?[0m?[36mthe following bundle item entities exist in the system?[0m                     ?[90m# ca.mcgill.ecse.coolsupplies.features.OrderStepDefinitions.the_following_bundle_item_entities_exist_in_the_system(io.cucumber.datatable.DataTable)?[0m
  ?[36mGiven ?[0m?[36mthe following order entities exist in the system?[0m                           ?[90m# ca.mcgill.ecse.coolsupplies.features.OrderStepDefinitions.the_following_order_entities_exist_in_the_system(io.cucumber.datatable.DataTable)?[0m
  ?[36mGiven ?[0m?[36mthe following order item entities exist in the system?[0m                      ?[90m# ca.mcgill.ecse.coolsupplies.features.OrderStepDefinitions.the_following_order_item_entities_exist_in_the_system(io.cucumber.datatable.DataTable)?[0m
  ?[36mGiven ?[0m?[36mthe order ?[0m?[36m?[1m"4"?[0m?[36m is marked as ?[0m?[36m?[1m"Started"?[0m                                       ?[90m# ca.mcgill.ecse.coolsupplies.features.OrderStepDefinitions.the_order_is_marked_as(java.lang.String,java.lang.String)?[0m
  ?[36mWhen ?[0m?[36mthe parent attempts to pay for the order ?[0m?[36m?[1m"4"?[0m?[36m with authorization code ?[0m?[36m?[1m"1234"?[0m ?[90m# ca.mcgill.ecse.coolsupplies.features.OrderStepDefinitions.the_parent_attempts_to_pay_for_the_order_with_authorization_code(java.lang.String,java.lang.String)?[0m
  ?[36mThen ?[0m?[36mthe order ?[0m?[36m?[1m"4"?[0m?[36m shall be marked as ?[0m?[36m?[1m"Started"?[0m                                  ?[90m# ca.mcgill.ecse.coolsupplies.features.OrderStepDefinitions.the_order_shall_be_marked_as(java.lang.String,java.lang.String)?[0m
  ?[36mThen ?[0m?[36mthe order ?[0m?[36m?[1m"4"?[0m?[36m shall not contain authorization code ?[0m?[36m?[1m"1234"?[0m                   ?[90m# ca.mcgill.ecse.coolsupplies.features.OrderStepDefinitions.the_order_shall_not_contain_authorization_code(java.lang.String,java.lang.String)?[0m
  ?[36mThen ?[0m?[36mthe error ?[0m?[36m?[1m"Order 4 has no items"?[0m?[36m shall be raised?[0m                            ?[90m# ca.mcgill.ecse.coolsupplies.features.OrderStepDefinitions.the_error_shall_be_raised(java.lang.String)?[0m

Scenario Outline: Unsuccessfully pay for an order due to wrong input           ?[90m# src/test/resources/ProcessOrder.feature:305?[0m
  ?[33mGiven ?[0m?[33mthe following parent entities exist in the system?[0m                      ?[90m# ca.mcgill.ecse.coolsupplies.features.OrderStepDefinitions.the_following_parent_entities_exist_in_the_system(io.cucumber.datatable.DataTable)?[0m
      ?[33mio.cucumber.java.PendingException: TODO: implement me
	at ca.mcgill.ecse.coolsupplies.features.OrderStepDefinitions.the_following_parent_entities_exist_in_the_system(OrderStepDefinitions.java:18)
	at ✽.the following parent entities exist in the system(file:///Users/zhengxuanzhao/IdeaProjects/ecse223-group-project-p8/src/test/resources/ProcessOrder.feature:5)
?[0m
  ?[36mGiven ?[0m?[36mthe following grade entities exist in the system?[0m                       ?[90m# ca.mcgill.ecse.coolsupplies.features.OrderStepDefinitions.the_following_grade_entities_exist_in_the_system(io.cucumber.datatable.DataTable)?[0m
  ?[36mGiven ?[0m?[36mthe following student entities exist in the system?[0m                     ?[90m# ca.mcgill.ecse.coolsupplies.features.OrderStepDefinitions.the_following_student_entities_exist_in_the_system(io.cucumber.datatable.DataTable)?[0m
  ?[36mGiven ?[0m?[36mthe following student entities exist for a parent in the system?[0m        ?[90m# ca.mcgill.ecse.coolsupplies.features.OrderStepDefinitions.the_following_student_entities_exist_for_a_parent_in_the_system(io.cucumber.datatable.DataTable)?[0m
  ?[36mGiven ?[0m?[36mthe following item entities exist in the system?[0m                        ?[90m# ca.mcgill.ecse.coolsupplies.features.OrderStepDefinitions.the_following_item_entities_exist_in_the_system(io.cucumber.datatable.DataTable)?[0m
  ?[36mGiven ?[0m?[36mthe following grade bundle entities exist in the system?[0m                ?[90m# ca.mcgill.ecse.coolsupplies.features.OrderStepDefinitions.the_following_grade_bundle_entities_exist_in_the_system(io.cucumber.datatable.DataTable)?[0m
  ?[36mGiven ?[0m?[36mthe following bundle item entities exist in the system?[0m                 ?[90m# ca.mcgill.ecse.coolsupplies.features.OrderStepDefinitions.the_following_bundle_item_entities_exist_in_the_system(io.cucumber.datatable.DataTable)?[0m
  ?[36mGiven ?[0m?[36mthe following order entities exist in the system?[0m                       ?[90m# ca.mcgill.ecse.coolsupplies.features.OrderStepDefinitions.the_following_order_entities_exist_in_the_system(io.cucumber.datatable.DataTable)?[0m
  ?[36mGiven ?[0m?[36mthe following order item entities exist in the system?[0m                  ?[90m# ca.mcgill.ecse.coolsupplies.features.OrderStepDefinitions.the_following_order_item_entities_exist_in_the_system(io.cucumber.datatable.DataTable)?[0m
  ?[36mGiven ?[0m?[36mthe order ?[0m?[36m?[1m"1"?[0m?[36m is marked as ?[0m?[36m?[1m"Started"?[0m                                   ?[90m# ca.mcgill.ecse.coolsupplies.features.OrderStepDefinitions.the_order_is_marked_as(java.lang.String,java.lang.String)?[0m
  ?[36mWhen ?[0m?[36mthe parent attempts to pay for the order ?[0m?[36m?[1m"1"?[0m?[36m with authorization code ?[0m?[36m?[1m""?[0m ?[90m# ca.mcgill.ecse.coolsupplies.features.OrderStepDefinitions.the_parent_attempts_to_pay_for_the_order_with_authorization_code(java.lang.String,java.lang.String)?[0m
  ?[36mThen ?[0m?[36mthe order ?[0m?[36m?[1m"1"?[0m?[36m shall be marked as ?[0m?[36m?[1m"Started"?[0m                              ?[90m# ca.mcgill.ecse.coolsupplies.features.OrderStepDefinitions.the_order_shall_be_marked_as(java.lang.String,java.lang.String)?[0m
  ?[36mThen ?[0m?[36mthe order ?[0m?[36m?[1m"1"?[0m?[36m shall not contain authorization code ?[0m?[36m?[1m""?[0m                   ?[90m# ca.mcgill.ecse.coolsupplies.features.OrderStepDefinitions.the_order_shall_not_contain_authorization_code(java.lang.String,java.lang.String)?[0m
  ?[36mThen ?[0m?[36mthe error ?[0m?[36m?[1m"Authorization code is invalid"?[0m?[36m shall be raised?[0m               ?[90m# ca.mcgill.ecse.coolsupplies.features.OrderStepDefinitions.the_error_shall_be_raised(java.lang.String)?[0m

Scenario Outline: Unsuccessfully pay for an order due to non-existing order         ?[90m# src/test/resources/ProcessOrder.feature:314?[0m
  ?[33mGiven ?[0m?[33mthe following parent entities exist in the system?[0m                           ?[90m# ca.mcgill.ecse.coolsupplies.features.OrderStepDefinitions.the_following_parent_entities_exist_in_the_system(io.cucumber.datatable.DataTable)?[0m
      ?[33mio.cucumber.java.PendingException: TODO: implement me
	at ca.mcgill.ecse.coolsupplies.features.OrderStepDefinitions.the_following_parent_entities_exist_in_the_system(OrderStepDefinitions.java:18)
	at ✽.the following parent entities exist in the system(file:///Users/zhengxuanzhao/IdeaProjects/ecse223-group-project-p8/src/test/resources/ProcessOrder.feature:5)
?[0m
  ?[36mGiven ?[0m?[36mthe following grade entities exist in the system?[0m                            ?[90m# ca.mcgill.ecse.coolsupplies.features.OrderStepDefinitions.the_following_grade_entities_exist_in_the_system(io.cucumber.datatable.DataTable)?[0m
  ?[36mGiven ?[0m?[36mthe following student entities exist in the system?[0m                          ?[90m# ca.mcgill.ecse.coolsupplies.features.OrderStepDefinitions.the_following_student_entities_exist_in_the_system(io.cucumber.datatable.DataTable)?[0m
  ?[36mGiven ?[0m?[36mthe following student entities exist for a parent in the system?[0m             ?[90m# ca.mcgill.ecse.coolsupplies.features.OrderStepDefinitions.the_following_student_entities_exist_for_a_parent_in_the_system(io.cucumber.datatable.DataTable)?[0m
  ?[36mGiven ?[0m?[36mthe following item entities exist in the system?[0m                             ?[90m# ca.mcgill.ecse.coolsupplies.features.OrderStepDefinitions.the_following_item_entities_exist_in_the_system(io.cucumber.datatable.DataTable)?[0m
  ?[36mGiven ?[0m?[36mthe following grade bundle entities exist in the system?[0m                     ?[90m# ca.mcgill.ecse.coolsupplies.features.OrderStepDefinitions.the_following_grade_bundle_entities_exist_in_the_system(io.cucumber.datatable.DataTable)?[0m
  ?[36mGiven ?[0m?[36mthe following bundle item entities exist in the system?[0m                      ?[90m# ca.mcgill.ecse.coolsupplies.features.OrderStepDefinitions.the_following_bundle_item_entities_exist_in_the_system(io.cucumber.datatable.DataTable)?[0m
  ?[36mGiven ?[0m?[36mthe following order entities exist in the system?[0m                            ?[90m# ca.mcgill.ecse.coolsupplies.features.OrderStepDefinitions.the_following_order_entities_exist_in_the_system(io.cucumber.datatable.DataTable)?[0m
  ?[36mGiven ?[0m?[36mthe following order item entities exist in the system?[0m                       ?[90m# ca.mcgill.ecse.coolsupplies.features.OrderStepDefinitions.the_following_order_item_entities_exist_in_the_system(io.cucumber.datatable.DataTable)?[0m
  ?[36mWhen ?[0m?[36mthe parent attempts to pay for the order ?[0m?[36m?[1m"10"?[0m?[36m with authorization code ?[0m?[36m?[1m"1234"?[0m ?[90m# ca.mcgill.ecse.coolsupplies.features.OrderStepDefinitions.the_parent_attempts_to_pay_for_the_order_with_authorization_code(java.lang.String,java.lang.String)?[0m
  ?[36mThen ?[0m?[36mthe number of orders in the system shall be ?[0m?[36m?[1m"4"?[0m                              ?[90m# ca.mcgill.ecse.coolsupplies.features.OrderStepDefinitions.the_number_of_orders_in_the_system_shall_be(java.lang.String)?[0m
  ?[36mThen ?[0m?[36mthe error ?[0m?[36m?[1m"Order 10 does not exist"?[0m?[36m shall be raised?[0m                          ?[90m# ca.mcgill.ecse.coolsupplies.features.OrderStepDefinitions.the_error_shall_be_raised(java.lang.String)?[0m

Scenario Outline: Unsuccessfully pay for an order due to non-existing order         ?[90m# src/test/resources/ProcessOrder.feature:315?[0m
  ?[33mGiven ?[0m?[33mthe following parent entities exist in the system?[0m                           ?[90m# ca.mcgill.ecse.coolsupplies.features.OrderStepDefinitions.the_following_parent_entities_exist_in_the_system(io.cucumber.datatable.DataTable)?[0m
      ?[33mio.cucumber.java.PendingException: TODO: implement me
	at ca.mcgill.ecse.coolsupplies.features.OrderStepDefinitions.the_following_parent_entities_exist_in_the_system(OrderStepDefinitions.java:18)
	at ✽.the following parent entities exist in the system(file:///Users/zhengxuanzhao/IdeaProjects/ecse223-group-project-p8/src/test/resources/ProcessOrder.feature:5)
?[0m
  ?[36mGiven ?[0m?[36mthe following grade entities exist in the system?[0m                            ?[90m# ca.mcgill.ecse.coolsupplies.features.OrderStepDefinitions.the_following_grade_entities_exist_in_the_system(io.cucumber.datatable.DataTable)?[0m
  ?[36mGiven ?[0m?[36mthe following student entities exist in the system?[0m                          ?[90m# ca.mcgill.ecse.coolsupplies.features.OrderStepDefinitions.the_following_student_entities_exist_in_the_system(io.cucumber.datatable.DataTable)?[0m
  ?[36mGiven ?[0m?[36mthe following student entities exist for a parent in the system?[0m             ?[90m# ca.mcgill.ecse.coolsupplies.features.OrderStepDefinitions.the_following_student_entities_exist_for_a_parent_in_the_system(io.cucumber.datatable.DataTable)?[0m
  ?[36mGiven ?[0m?[36mthe following item entities exist in the system?[0m                             ?[90m# ca.mcgill.ecse.coolsupplies.features.OrderStepDefinitions.the_following_item_entities_exist_in_the_system(io.cucumber.datatable.DataTable)?[0m
  ?[36mGiven ?[0m?[36mthe following grade bundle entities exist in the system?[0m                     ?[90m# ca.mcgill.ecse.coolsupplies.features.OrderStepDefinitions.the_following_grade_bundle_entities_exist_in_the_system(io.cucumber.datatable.DataTable)?[0m
  ?[36mGiven ?[0m?[36mthe following bundle item entities exist in the system?[0m                      ?[90m# ca.mcgill.ecse.coolsupplies.features.OrderStepDefinitions.the_following_bundle_item_entities_exist_in_the_system(io.cucumber.datatable.DataTable)?[0m
  ?[36mGiven ?[0m?[36mthe following order entities exist in the system?[0m                            ?[90m# ca.mcgill.ecse.coolsupplies.features.OrderStepDefinitions.the_following_order_entities_exist_in_the_system(io.cucumber.datatable.DataTable)?[0m
  ?[36mGiven ?[0m?[36mthe following order item entities exist in the system?[0m                       ?[90m# ca.mcgill.ecse.coolsupplies.features.OrderStepDefinitions.the_following_order_item_entities_exist_in_the_system(io.cucumber.datatable.DataTable)?[0m
  ?[36mWhen ?[0m?[36mthe parent attempts to pay for the order ?[0m?[36m?[1m"20"?[0m?[36m with authorization code ?[0m?[36m?[1m"1234"?[0m ?[90m# ca.mcgill.ecse.coolsupplies.features.OrderStepDefinitions.the_parent_attempts_to_pay_for_the_order_with_authorization_code(java.lang.String,java.lang.String)?[0m
  ?[36mThen ?[0m?[36mthe number of orders in the system shall be ?[0m?[36m?[1m"4"?[0m                              ?[90m# ca.mcgill.ecse.coolsupplies.features.OrderStepDefinitions.the_number_of_orders_in_the_system_shall_be(java.lang.String)?[0m
  ?[36mThen ?[0m?[36mthe error ?[0m?[36m?[1m"Order 20 does not exist"?[0m?[36m shall be raised?[0m                          ?[90m# ca.mcgill.ecse.coolsupplies.features.OrderStepDefinitions.the_error_shall_be_raised(java.lang.String)?[0m

Scenario Outline: Unsuccessfully pay for an order due to wrong state               ?[90m# src/test/resources/ProcessOrder.feature:326?[0m
  ?[33mGiven ?[0m?[33mthe following parent entities exist in the system?[0m                          ?[90m# ca.mcgill.ecse.coolsupplies.features.OrderStepDefinitions.the_following_parent_entities_exist_in_the_system(io.cucumber.datatable.DataTable)?[0m
      ?[33mio.cucumber.java.PendingException: TODO: implement me
	at ca.mcgill.ecse.coolsupplies.features.OrderStepDefinitions.the_following_parent_entities_exist_in_the_system(OrderStepDefinitions.java:18)
	at ✽.the following parent entities exist in the system(file:///Users/zhengxuanzhao/IdeaProjects/ecse223-group-project-p8/src/test/resources/ProcessOrder.feature:5)
?[0m
  ?[36mGiven ?[0m?[36mthe following grade entities exist in the system?[0m                           ?[90m# ca.mcgill.ecse.coolsupplies.features.OrderStepDefinitions.the_following_grade_entities_exist_in_the_system(io.cucumber.datatable.DataTable)?[0m
  ?[36mGiven ?[0m?[36mthe following student entities exist in the system?[0m                         ?[90m# ca.mcgill.ecse.coolsupplies.features.OrderStepDefinitions.the_following_student_entities_exist_in_the_system(io.cucumber.datatable.DataTable)?[0m
  ?[36mGiven ?[0m?[36mthe following student entities exist for a parent in the system?[0m            ?[90m# ca.mcgill.ecse.coolsupplies.features.OrderStepDefinitions.the_following_student_entities_exist_for_a_parent_in_the_system(io.cucumber.datatable.DataTable)?[0m
  ?[36mGiven ?[0m?[36mthe following item entities exist in the system?[0m                            ?[90m# ca.mcgill.ecse.coolsupplies.features.OrderStepDefinitions.the_following_item_entities_exist_in_the_system(io.cucumber.datatable.DataTable)?[0m
  ?[36mGiven ?[0m?[36mthe following grade bundle entities exist in the system?[0m                    ?[90m# ca.mcgill.ecse.coolsupplies.features.OrderStepDefinitions.the_following_grade_bundle_entities_exist_in_the_system(io.cucumber.datatable.DataTable)?[0m
  ?[36mGiven ?[0m?[36mthe following bundle item entities exist in the system?[0m                     ?[90m# ca.mcgill.ecse.coolsupplies.features.OrderStepDefinitions.the_following_bundle_item_entities_exist_in_the_system(io.cucumber.datatable.DataTable)?[0m
  ?[36mGiven ?[0m?[36mthe following order entities exist in the system?[0m                           ?[90m# ca.mcgill.ecse.coolsupplies.features.OrderStepDefinitions.the_following_order_entities_exist_in_the_system(io.cucumber.datatable.DataTable)?[0m
  ?[36mGiven ?[0m?[36mthe following order item entities exist in the system?[0m                      ?[90m# ca.mcgill.ecse.coolsupplies.features.OrderStepDefinitions.the_following_order_item_entities_exist_in_the_system(io.cucumber.datatable.DataTable)?[0m
  ?[36mGiven ?[0m?[36mthe order ?[0m?[36m?[1m"1"?[0m?[36m is marked as ?[0m?[36m?[1m"Paid"?[0m                                          ?[90m# ca.mcgill.ecse.coolsupplies.features.OrderStepDefinitions.the_order_is_marked_as(java.lang.String,java.lang.String)?[0m
  ?[36mWhen ?[0m?[36mthe parent attempts to pay for the order ?[0m?[36m?[1m"1"?[0m?[36m with authorization code ?[0m?[36m?[1m"1234"?[0m ?[90m# ca.mcgill.ecse.coolsupplies.features.OrderStepDefinitions.the_parent_attempts_to_pay_for_the_order_with_authorization_code(java.lang.String,java.lang.String)?[0m
  ?[36mThen ?[0m?[36mthe order ?[0m?[36m?[1m"1"?[0m?[36m shall be marked as ?[0m?[36m?[1m"Paid"?[0m                                     ?[90m# ca.mcgill.ecse.coolsupplies.features.OrderStepDefinitions.the_order_shall_be_marked_as(java.lang.String,java.lang.String)?[0m
  ?[36mThen ?[0m?[36mthe order ?[0m?[36m?[1m"1"?[0m?[36m shall not contain authorization code ?[0m?[36m?[1m"1234"?[0m                   ?[90m# ca.mcgill.ecse.coolsupplies.features.OrderStepDefinitions.the_order_shall_not_contain_authorization_code(java.lang.String,java.lang.String)?[0m
  ?[36mThen ?[0m?[36mthe error ?[0m?[36m?[1m"The order is already paid"?[0m?[36m shall be raised?[0m                       ?[90m# ca.mcgill.ecse.coolsupplies.features.OrderStepDefinitions.the_error_shall_be_raised(java.lang.String)?[0m

Scenario Outline: Unsuccessfully pay for an order due to wrong state               ?[90m# src/test/resources/ProcessOrder.feature:327?[0m
  ?[33mGiven ?[0m?[33mthe following parent entities exist in the system?[0m                          ?[90m# ca.mcgill.ecse.coolsupplies.features.OrderStepDefinitions.the_following_parent_entities_exist_in_the_system(io.cucumber.datatable.DataTable)?[0m
      ?[33mio.cucumber.java.PendingException: TODO: implement me
	at ca.mcgill.ecse.coolsupplies.features.OrderStepDefinitions.the_following_parent_entities_exist_in_the_system(OrderStepDefinitions.java:18)
	at ✽.the following parent entities exist in the system(file:///Users/zhengxuanzhao/IdeaProjects/ecse223-group-project-p8/src/test/resources/ProcessOrder.feature:5)
?[0m
  ?[36mGiven ?[0m?[36mthe following grade entities exist in the system?[0m                           ?[90m# ca.mcgill.ecse.coolsupplies.features.OrderStepDefinitions.the_following_grade_entities_exist_in_the_system(io.cucumber.datatable.DataTable)?[0m
  ?[36mGiven ?[0m?[36mthe following student entities exist in the system?[0m                         ?[90m# ca.mcgill.ecse.coolsupplies.features.OrderStepDefinitions.the_following_student_entities_exist_in_the_system(io.cucumber.datatable.DataTable)?[0m
  ?[36mGiven ?[0m?[36mthe following student entities exist for a parent in the system?[0m            ?[90m# ca.mcgill.ecse.coolsupplies.features.OrderStepDefinitions.the_following_student_entities_exist_for_a_parent_in_the_system(io.cucumber.datatable.DataTable)?[0m
  ?[36mGiven ?[0m?[36mthe following item entities exist in the system?[0m                            ?[90m# ca.mcgill.ecse.coolsupplies.features.OrderStepDefinitions.the_following_item_entities_exist_in_the_system(io.cucumber.datatable.DataTable)?[0m
  ?[36mGiven ?[0m?[36mthe following grade bundle entities exist in the system?[0m                    ?[90m# ca.mcgill.ecse.coolsupplies.features.OrderStepDefinitions.the_following_grade_bundle_entities_exist_in_the_system(io.cucumber.datatable.DataTable)?[0m
  ?[36mGiven ?[0m?[36mthe following bundle item entities exist in the system?[0m                     ?[90m# ca.mcgill.ecse.coolsupplies.features.OrderStepDefinitions.the_following_bundle_item_entities_exist_in_the_system(io.cucumber.datatable.DataTable)?[0m
  ?[36mGiven ?[0m?[36mthe following order entities exist in the system?[0m                           ?[90m# ca.mcgill.ecse.coolsupplies.features.OrderStepDefinitions.the_following_order_entities_exist_in_the_system(io.cucumber.datatable.DataTable)?[0m
  ?[36mGiven ?[0m?[36mthe following order item entities exist in the system?[0m                      ?[90m# ca.mcgill.ecse.coolsupplies.features.OrderStepDefinitions.the_following_order_item_entities_exist_in_the_system(io.cucumber.datatable.DataTable)?[0m
  ?[36mGiven ?[0m?[36mthe order ?[0m?[36m?[1m"1"?[0m?[36m is marked as ?[0m?[36m?[1m"Penalized"?[0m                                     ?[90m# ca.mcgill.ecse.coolsupplies.features.OrderStepDefinitions.the_order_is_marked_as(java.lang.String,java.lang.String)?[0m
  ?[36mWhen ?[0m?[36mthe parent attempts to pay for the order ?[0m?[36m?[1m"1"?[0m?[36m with authorization code ?[0m?[36m?[1m"1234"?[0m ?[90m# ca.mcgill.ecse.coolsupplies.features.OrderStepDefinitions.the_parent_attempts_to_pay_for_the_order_with_authorization_code(java.lang.String,java.lang.String)?[0m
  ?[36mThen ?[0m?[36mthe order ?[0m?[36m?[1m"1"?[0m?[36m shall be marked as ?[0m?[36m?[1m"Penalized"?[0m                                ?[90m# ca.mcgill.ecse.coolsupplies.features.OrderStepDefinitions.the_order_shall_be_marked_as(java.lang.String,java.lang.String)?[0m
  ?[36mThen ?[0m?[36mthe order ?[0m?[36m?[1m"1"?[0m?[36m shall not contain authorization code ?[0m?[36m?[1m"1234"?[0m                   ?[90m# ca.mcgill.ecse.coolsupplies.features.OrderStepDefinitions.the_order_shall_not_contain_authorization_code(java.lang.String,java.lang.String)?[0m
  ?[36mThen ?[0m?[36mthe error ?[0m?[36m?[1m"Cannot pay for a penalized order"?[0m?[36m shall be raised?[0m                ?[90m# ca.mcgill.ecse.coolsupplies.features.OrderStepDefinitions.the_error_shall_be_raised(java.lang.String)?[0m

Scenario Outline: Unsuccessfully pay for an order due to wrong state               ?[90m# src/test/resources/ProcessOrder.feature:328?[0m
  ?[33mGiven ?[0m?[33mthe following parent entities exist in the system?[0m                          ?[90m# ca.mcgill.ecse.coolsupplies.features.OrderStepDefinitions.the_following_parent_entities_exist_in_the_system(io.cucumber.datatable.DataTable)?[0m
      ?[33mio.cucumber.java.PendingException: TODO: implement me
	at ca.mcgill.ecse.coolsupplies.features.OrderStepDefinitions.the_following_parent_entities_exist_in_the_system(OrderStepDefinitions.java:18)
	at ✽.the following parent entities exist in the system(file:///Users/zhengxuanzhao/IdeaProjects/ecse223-group-project-p8/src/test/resources/ProcessOrder.feature:5)
?[0m
  ?[36mGiven ?[0m?[36mthe following grade entities exist in the system?[0m                           ?[90m# ca.mcgill.ecse.coolsupplies.features.OrderStepDefinitions.the_following_grade_entities_exist_in_the_system(io.cucumber.datatable.DataTable)?[0m
  ?[36mGiven ?[0m?[36mthe following student entities exist in the system?[0m                         ?[90m# ca.mcgill.ecse.coolsupplies.features.OrderStepDefinitions.the_following_student_entities_exist_in_the_system(io.cucumber.datatable.DataTable)?[0m
  ?[36mGiven ?[0m?[36mthe following student entities exist for a parent in the system?[0m            ?[90m# ca.mcgill.ecse.coolsupplies.features.OrderStepDefinitions.the_following_student_entities_exist_for_a_parent_in_the_system(io.cucumber.datatable.DataTable)?[0m
  ?[36mGiven ?[0m?[36mthe following item entities exist in the system?[0m                            ?[90m# ca.mcgill.ecse.coolsupplies.features.OrderStepDefinitions.the_following_item_entities_exist_in_the_system(io.cucumber.datatable.DataTable)?[0m
  ?[36mGiven ?[0m?[36mthe following grade bundle entities exist in the system?[0m                    ?[90m# ca.mcgill.ecse.coolsupplies.features.OrderStepDefinitions.the_following_grade_bundle_entities_exist_in_the_system(io.cucumber.datatable.DataTable)?[0m
  ?[36mGiven ?[0m?[36mthe following bundle item entities exist in the system?[0m                     ?[90m# ca.mcgill.ecse.coolsupplies.features.OrderStepDefinitions.the_following_bundle_item_entities_exist_in_the_system(io.cucumber.datatable.DataTable)?[0m
  ?[36mGiven ?[0m?[36mthe following order entities exist in the system?[0m                           ?[90m# ca.mcgill.ecse.coolsupplies.features.OrderStepDefinitions.the_following_order_entities_exist_in_the_system(io.cucumber.datatable.DataTable)?[0m
  ?[36mGiven ?[0m?[36mthe following order item entities exist in the system?[0m                      ?[90m# ca.mcgill.ecse.coolsupplies.features.OrderStepDefinitions.the_following_order_item_entities_exist_in_the_system(io.cucumber.datatable.DataTable)?[0m
  ?[36mGiven ?[0m?[36mthe order ?[0m?[36m?[1m"1"?[0m?[36m is marked as ?[0m?[36m?[1m"Prepared"?[0m                                      ?[90m# ca.mcgill.ecse.coolsupplies.features.OrderStepDefinitions.the_order_is_marked_as(java.lang.String,java.lang.String)?[0m
  ?[36mWhen ?[0m?[36mthe parent attempts to pay for the order ?[0m?[36m?[1m"1"?[0m?[36m with authorization code ?[0m?[36m?[1m"1234"?[0m ?[90m# ca.mcgill.ecse.coolsupplies.features.OrderStepDefinitions.the_parent_attempts_to_pay_for_the_order_with_authorization_code(java.lang.String,java.lang.String)?[0m
  ?[36mThen ?[0m?[36mthe order ?[0m?[36m?[1m"1"?[0m?[36m shall be marked as ?[0m?[36m?[1m"Prepared"?[0m                                 ?[90m# ca.mcgill.ecse.coolsupplies.features.OrderStepDefinitions.the_order_shall_be_marked_as(java.lang.String,java.lang.String)?[0m
  ?[36mThen ?[0m?[36mthe order ?[0m?[36m?[1m"1"?[0m?[36m shall not contain authorization code ?[0m?[36m?[1m"1234"?[0m                   ?[90m# ca.mcgill.ecse.coolsupplies.features.OrderStepDefinitions.the_order_shall_not_contain_authorization_code(java.lang.String,java.lang.String)?[0m
  ?[36mThen ?[0m?[36mthe error ?[0m?[36m?[1m"Cannot pay for a prepared order"?[0m?[36m shall be raised?[0m                 ?[90m# ca.mcgill.ecse.coolsupplies.features.OrderStepDefinitions.the_error_shall_be_raised(java.lang.String)?[0m

Scenario Outline: Unsuccessfully pay for an order due to wrong state               ?[90m# src/test/resources/ProcessOrder.feature:329?[0m
  ?[33mGiven ?[0m?[33mthe following parent entities exist in the system?[0m                          ?[90m# ca.mcgill.ecse.coolsupplies.features.OrderStepDefinitions.the_following_parent_entities_exist_in_the_system(io.cucumber.datatable.DataTable)?[0m
      ?[33mio.cucumber.java.PendingException: TODO: implement me
	at ca.mcgill.ecse.coolsupplies.features.OrderStepDefinitions.the_following_parent_entities_exist_in_the_system(OrderStepDefinitions.java:18)
	at ✽.the following parent entities exist in the system(file:///Users/zhengxuanzhao/IdeaProjects/ecse223-group-project-p8/src/test/resources/ProcessOrder.feature:5)
?[0m
  ?[36mGiven ?[0m?[36mthe following grade entities exist in the system?[0m                           ?[90m# ca.mcgill.ecse.coolsupplies.features.OrderStepDefinitions.the_following_grade_entities_exist_in_the_system(io.cucumber.datatable.DataTable)?[0m
  ?[36mGiven ?[0m?[36mthe following student entities exist in the system?[0m                         ?[90m# ca.mcgill.ecse.coolsupplies.features.OrderStepDefinitions.the_following_student_entities_exist_in_the_system(io.cucumber.datatable.DataTable)?[0m
  ?[36mGiven ?[0m?[36mthe following student entities exist for a parent in the system?[0m            ?[90m# ca.mcgill.ecse.coolsupplies.features.OrderStepDefinitions.the_following_student_entities_exist_for_a_parent_in_the_system(io.cucumber.datatable.DataTable)?[0m
  ?[36mGiven ?[0m?[36mthe following item entities exist in the system?[0m                            ?[90m# ca.mcgill.ecse.coolsupplies.features.OrderStepDefinitions.the_following_item_entities_exist_in_the_system(io.cucumber.datatable.DataTable)?[0m
  ?[36mGiven ?[0m?[36mthe following grade bundle entities exist in the system?[0m                    ?[90m# ca.mcgill.ecse.coolsupplies.features.OrderStepDefinitions.the_following_grade_bundle_entities_exist_in_the_system(io.cucumber.datatable.DataTable)?[0m
  ?[36mGiven ?[0m?[36mthe following bundle item entities exist in the system?[0m                     ?[90m# ca.mcgill.ecse.coolsupplies.features.OrderStepDefinitions.the_following_bundle_item_entities_exist_in_the_system(io.cucumber.datatable.DataTable)?[0m
  ?[36mGiven ?[0m?[36mthe following order entities exist in the system?[0m                           ?[90m# ca.mcgill.ecse.coolsupplies.features.OrderStepDefinitions.the_following_order_entities_exist_in_the_system(io.cucumber.datatable.DataTable)?[0m
  ?[36mGiven ?[0m?[36mthe following order item entities exist in the system?[0m                      ?[90m# ca.mcgill.ecse.coolsupplies.features.OrderStepDefinitions.the_following_order_item_entities_exist_in_the_system(io.cucumber.datatable.DataTable)?[0m
  ?[36mGiven ?[0m?[36mthe order ?[0m?[36m?[1m"1"?[0m?[36m is marked as ?[0m?[36m?[1m"PickedUp"?[0m                                      ?[90m# ca.mcgill.ecse.coolsupplies.features.OrderStepDefinitions.the_order_is_marked_as(java.lang.String,java.lang.String)?[0m
  ?[36mWhen ?[0m?[36mthe parent attempts to pay for the order ?[0m?[36m?[1m"1"?[0m?[36m with authorization code ?[0m?[36m?[1m"1234"?[0m ?[90m# ca.mcgill.ecse.coolsupplies.features.OrderStepDefinitions.the_parent_attempts_to_pay_for_the_order_with_authorization_code(java.lang.String,java.lang.String)?[0m
  ?[36mThen ?[0m?[36mthe order ?[0m?[36m?[1m"1"?[0m?[36m shall be marked as ?[0m?[36m?[1m"PickedUp"?[0m                                 ?[90m# ca.mcgill.ecse.coolsupplies.features.OrderStepDefinitions.the_order_shall_be_marked_as(java.lang.String,java.lang.String)?[0m
  ?[36mThen ?[0m?[36mthe order ?[0m?[36m?[1m"1"?[0m?[36m shall not contain authorization code ?[0m?[36m?[1m"1234"?[0m                   ?[90m# ca.mcgill.ecse.coolsupplies.features.OrderStepDefinitions.the_order_shall_not_contain_authorization_code(java.lang.String,java.lang.String)?[0m
  ?[36mThen ?[0m?[36mthe error ?[0m?[36m?[1m"Cannot pay for a picked up order"?[0m?[36m shall be raised?[0m                ?[90m# ca.mcgill.ecse.coolsupplies.features.OrderStepDefinitions.the_error_shall_be_raised(java.lang.String)?[0m

Scenario Outline: Successfully cancel a started order                   ?[90m# src/test/resources/ProcessOrder.feature:339?[0m
  ?[33mGiven ?[0m?[33mthe following parent entities exist in the system?[0m               ?[90m# ca.mcgill.ecse.coolsupplies.features.OrderStepDefinitions.the_following_parent_entities_exist_in_the_system(io.cucumber.datatable.DataTable)?[0m
      ?[33mio.cucumber.java.PendingException: TODO: implement me
	at ca.mcgill.ecse.coolsupplies.features.OrderStepDefinitions.the_following_parent_entities_exist_in_the_system(OrderStepDefinitions.java:18)
	at ✽.the following parent entities exist in the system(file:///Users/zhengxuanzhao/IdeaProjects/ecse223-group-project-p8/src/test/resources/ProcessOrder.feature:5)
?[0m
  ?[36mGiven ?[0m?[36mthe following grade entities exist in the system?[0m                ?[90m# ca.mcgill.ecse.coolsupplies.features.OrderStepDefinitions.the_following_grade_entities_exist_in_the_system(io.cucumber.datatable.DataTable)?[0m
  ?[36mGiven ?[0m?[36mthe following student entities exist in the system?[0m              ?[90m# ca.mcgill.ecse.coolsupplies.features.OrderStepDefinitions.the_following_student_entities_exist_in_the_system(io.cucumber.datatable.DataTable)?[0m
  ?[36mGiven ?[0m?[36mthe following student entities exist for a parent in the system?[0m ?[90m# ca.mcgill.ecse.coolsupplies.features.OrderStepDefinitions.the_following_student_entities_exist_for_a_parent_in_the_system(io.cucumber.datatable.DataTable)?[0m
  ?[36mGiven ?[0m?[36mthe following item entities exist in the system?[0m                 ?[90m# ca.mcgill.ecse.coolsupplies.features.OrderStepDefinitions.the_following_item_entities_exist_in_the_system(io.cucumber.datatable.DataTable)?[0m
  ?[36mGiven ?[0m?[36mthe following grade bundle entities exist in the system?[0m         ?[90m# ca.mcgill.ecse.coolsupplies.features.OrderStepDefinitions.the_following_grade_bundle_entities_exist_in_the_system(io.cucumber.datatable.DataTable)?[0m
  ?[36mGiven ?[0m?[36mthe following bundle item entities exist in the system?[0m          ?[90m# ca.mcgill.ecse.coolsupplies.features.OrderStepDefinitions.the_following_bundle_item_entities_exist_in_the_system(io.cucumber.datatable.DataTable)?[0m
  ?[36mGiven ?[0m?[36mthe following order entities exist in the system?[0m                ?[90m# ca.mcgill.ecse.coolsupplies.features.OrderStepDefinitions.the_following_order_entities_exist_in_the_system(io.cucumber.datatable.DataTable)?[0m
  ?[36mGiven ?[0m?[36mthe following order item entities exist in the system?[0m           ?[90m# ca.mcgill.ecse.coolsupplies.features.OrderStepDefinitions.the_following_order_item_entities_exist_in_the_system(io.cucumber.datatable.DataTable)?[0m
  ?[36mGiven ?[0m?[36mthe order ?[0m?[36m?[1m"1"?[0m?[36m is marked as ?[0m?[36m?[1m"Started"?[0m                            ?[90m# ca.mcgill.ecse.coolsupplies.features.OrderStepDefinitions.the_order_is_marked_as(java.lang.String,java.lang.String)?[0m
  ?[36mWhen ?[0m?[36mthe parent attempts to cancel the order ?[0m?[36m?[1m"1"?[0m                      ?[90m# ca.mcgill.ecse.coolsupplies.features.OrderStepDefinitions.the_parent_attempts_to_cancel_the_order(java.lang.String)?[0m
  ?[36mThen ?[0m?[36mthe order ?[0m?[36m?[1m"1"?[0m?[36m shall not exist in the system?[0m                      ?[90m# ca.mcgill.ecse.coolsupplies.features.OrderStepDefinitions.the_order_shall_not_exist_in_the_system(java.lang.String)?[0m
  ?[36mThen ?[0m?[36mthe number of orders in the system shall be ?[0m?[36m?[1m"3"?[0m                  ?[90m# ca.mcgill.ecse.coolsupplies.features.OrderStepDefinitions.the_number_of_orders_in_the_system_shall_be(java.lang.String)?[0m

Scenario Outline: Successfully cancel a started order                   ?[90m# src/test/resources/ProcessOrder.feature:340?[0m
  ?[33mGiven ?[0m?[33mthe following parent entities exist in the system?[0m               ?[90m# ca.mcgill.ecse.coolsupplies.features.OrderStepDefinitions.the_following_parent_entities_exist_in_the_system(io.cucumber.datatable.DataTable)?[0m
      ?[33mio.cucumber.java.PendingException: TODO: implement me
	at ca.mcgill.ecse.coolsupplies.features.OrderStepDefinitions.the_following_parent_entities_exist_in_the_system(OrderStepDefinitions.java:18)
	at ✽.the following parent entities exist in the system(file:///Users/zhengxuanzhao/IdeaProjects/ecse223-group-project-p8/src/test/resources/ProcessOrder.feature:5)
?[0m
  ?[36mGiven ?[0m?[36mthe following grade entities exist in the system?[0m                ?[90m# ca.mcgill.ecse.coolsupplies.features.OrderStepDefinitions.the_following_grade_entities_exist_in_the_system(io.cucumber.datatable.DataTable)?[0m
  ?[36mGiven ?[0m?[36mthe following student entities exist in the system?[0m              ?[90m# ca.mcgill.ecse.coolsupplies.features.OrderStepDefinitions.the_following_student_entities_exist_in_the_system(io.cucumber.datatable.DataTable)?[0m
  ?[36mGiven ?[0m?[36mthe following student entities exist for a parent in the system?[0m ?[90m# ca.mcgill.ecse.coolsupplies.features.OrderStepDefinitions.the_following_student_entities_exist_for_a_parent_in_the_system(io.cucumber.datatable.DataTable)?[0m
  ?[36mGiven ?[0m?[36mthe following item entities exist in the system?[0m                 ?[90m# ca.mcgill.ecse.coolsupplies.features.OrderStepDefinitions.the_following_item_entities_exist_in_the_system(io.cucumber.datatable.DataTable)?[0m
  ?[36mGiven ?[0m?[36mthe following grade bundle entities exist in the system?[0m         ?[90m# ca.mcgill.ecse.coolsupplies.features.OrderStepDefinitions.the_following_grade_bundle_entities_exist_in_the_system(io.cucumber.datatable.DataTable)?[0m
  ?[36mGiven ?[0m?[36mthe following bundle item entities exist in the system?[0m          ?[90m# ca.mcgill.ecse.coolsupplies.features.OrderStepDefinitions.the_following_bundle_item_entities_exist_in_the_system(io.cucumber.datatable.DataTable)?[0m
  ?[36mGiven ?[0m?[36mthe following order entities exist in the system?[0m                ?[90m# ca.mcgill.ecse.coolsupplies.features.OrderStepDefinitions.the_following_order_entities_exist_in_the_system(io.cucumber.datatable.DataTable)?[0m
  ?[36mGiven ?[0m?[36mthe following order item entities exist in the system?[0m           ?[90m# ca.mcgill.ecse.coolsupplies.features.OrderStepDefinitions.the_following_order_item_entities_exist_in_the_system(io.cucumber.datatable.DataTable)?[0m
  ?[36mGiven ?[0m?[36mthe order ?[0m?[36m?[1m"2"?[0m?[36m is marked as ?[0m?[36m?[1m"Started"?[0m                            ?[90m# ca.mcgill.ecse.coolsupplies.features.OrderStepDefinitions.the_order_is_marked_as(java.lang.String,java.lang.String)?[0m
  ?[36mWhen ?[0m?[36mthe parent attempts to cancel the order ?[0m?[36m?[1m"2"?[0m                      ?[90m# ca.mcgill.ecse.coolsupplies.features.OrderStepDefinitions.the_parent_attempts_to_cancel_the_order(java.lang.String)?[0m
  ?[36mThen ?[0m?[36mthe order ?[0m?[36m?[1m"2"?[0m?[36m shall not exist in the system?[0m                      ?[90m# ca.mcgill.ecse.coolsupplies.features.OrderStepDefinitions.the_order_shall_not_exist_in_the_system(java.lang.String)?[0m
  ?[36mThen ?[0m?[36mthe number of orders in the system shall be ?[0m?[36m?[1m"3"?[0m                  ?[90m# ca.mcgill.ecse.coolsupplies.features.OrderStepDefinitions.the_number_of_orders_in_the_system_shall_be(java.lang.String)?[0m

Scenario Outline: Successfully cancel a started order                   ?[90m# src/test/resources/ProcessOrder.feature:341?[0m
  ?[33mGiven ?[0m?[33mthe following parent entities exist in the system?[0m               ?[90m# ca.mcgill.ecse.coolsupplies.features.OrderStepDefinitions.the_following_parent_entities_exist_in_the_system(io.cucumber.datatable.DataTable)?[0m
      ?[33mio.cucumber.java.PendingException: TODO: implement me
	at ca.mcgill.ecse.coolsupplies.features.OrderStepDefinitions.the_following_parent_entities_exist_in_the_system(OrderStepDefinitions.java:18)
	at ✽.the following parent entities exist in the system(file:///Users/zhengxuanzhao/IdeaProjects/ecse223-group-project-p8/src/test/resources/ProcessOrder.feature:5)
?[0m
  ?[36mGiven ?[0m?[36mthe following grade entities exist in the system?[0m                ?[90m# ca.mcgill.ecse.coolsupplies.features.OrderStepDefinitions.the_following_grade_entities_exist_in_the_system(io.cucumber.datatable.DataTable)?[0m
  ?[36mGiven ?[0m?[36mthe following student entities exist in the system?[0m              ?[90m# ca.mcgill.ecse.coolsupplies.features.OrderStepDefinitions.the_following_student_entities_exist_in_the_system(io.cucumber.datatable.DataTable)?[0m
  ?[36mGiven ?[0m?[36mthe following student entities exist for a parent in the system?[0m ?[90m# ca.mcgill.ecse.coolsupplies.features.OrderStepDefinitions.the_following_student_entities_exist_for_a_parent_in_the_system(io.cucumber.datatable.DataTable)?[0m
  ?[36mGiven ?[0m?[36mthe following item entities exist in the system?[0m                 ?[90m# ca.mcgill.ecse.coolsupplies.features.OrderStepDefinitions.the_following_item_entities_exist_in_the_system(io.cucumber.datatable.DataTable)?[0m
  ?[36mGiven ?[0m?[36mthe following grade bundle entities exist in the system?[0m         ?[90m# ca.mcgill.ecse.coolsupplies.features.OrderStepDefinitions.the_following_grade_bundle_entities_exist_in_the_system(io.cucumber.datatable.DataTable)?[0m
  ?[36mGiven ?[0m?[36mthe following bundle item entities exist in the system?[0m          ?[90m# ca.mcgill.ecse.coolsupplies.features.OrderStepDefinitions.the_following_bundle_item_entities_exist_in_the_system(io.cucumber.datatable.DataTable)?[0m
  ?[36mGiven ?[0m?[36mthe following order entities exist in the system?[0m                ?[90m# ca.mcgill.ecse.coolsupplies.features.OrderStepDefinitions.the_following_order_entities_exist_in_the_system(io.cucumber.datatable.DataTable)?[0m
  ?[36mGiven ?[0m?[36mthe following order item entities exist in the system?[0m           ?[90m# ca.mcgill.ecse.coolsupplies.features.OrderStepDefinitions.the_following_order_item_entities_exist_in_the_system(io.cucumber.datatable.DataTable)?[0m
  ?[36mGiven ?[0m?[36mthe order ?[0m?[36m?[1m"3"?[0m?[36m is marked as ?[0m?[36m?[1m"Started"?[0m                            ?[90m# ca.mcgill.ecse.coolsupplies.features.OrderStepDefinitions.the_order_is_marked_as(java.lang.String,java.lang.String)?[0m
  ?[36mWhen ?[0m?[36mthe parent attempts to cancel the order ?[0m?[36m?[1m"3"?[0m                      ?[90m# ca.mcgill.ecse.coolsupplies.features.OrderStepDefinitions.the_parent_attempts_to_cancel_the_order(java.lang.String)?[0m
  ?[36mThen ?[0m?[36mthe order ?[0m?[36m?[1m"3"?[0m?[36m shall not exist in the system?[0m                      ?[90m# ca.mcgill.ecse.coolsupplies.features.OrderStepDefinitions.the_order_shall_not_exist_in_the_system(java.lang.String)?[0m
  ?[36mThen ?[0m?[36mthe number of orders in the system shall be ?[0m?[36m?[1m"3"?[0m                  ?[90m# ca.mcgill.ecse.coolsupplies.features.OrderStepDefinitions.the_number_of_orders_in_the_system_shall_be(java.lang.String)?[0m

Scenario Outline: Successfully cancel a started order                   ?[90m# src/test/resources/ProcessOrder.feature:342?[0m
  ?[33mGiven ?[0m?[33mthe following parent entities exist in the system?[0m               ?[90m# ca.mcgill.ecse.coolsupplies.features.OrderStepDefinitions.the_following_parent_entities_exist_in_the_system(io.cucumber.datatable.DataTable)?[0m
      ?[33mio.cucumber.java.PendingException: TODO: implement me
	at ca.mcgill.ecse.coolsupplies.features.OrderStepDefinitions.the_following_parent_entities_exist_in_the_system(OrderStepDefinitions.java:18)
	at ✽.the following parent entities exist in the system(file:///Users/zhengxuanzhao/IdeaProjects/ecse223-group-project-p8/src/test/resources/ProcessOrder.feature:5)
?[0m
  ?[36mGiven ?[0m?[36mthe following grade entities exist in the system?[0m                ?[90m# ca.mcgill.ecse.coolsupplies.features.OrderStepDefinitions.the_following_grade_entities_exist_in_the_system(io.cucumber.datatable.DataTable)?[0m
  ?[36mGiven ?[0m?[36mthe following student entities exist in the system?[0m              ?[90m# ca.mcgill.ecse.coolsupplies.features.OrderStepDefinitions.the_following_student_entities_exist_in_the_system(io.cucumber.datatable.DataTable)?[0m
  ?[36mGiven ?[0m?[36mthe following student entities exist for a parent in the system?[0m ?[90m# ca.mcgill.ecse.coolsupplies.features.OrderStepDefinitions.the_following_student_entities_exist_for_a_parent_in_the_system(io.cucumber.datatable.DataTable)?[0m
  ?[36mGiven ?[0m?[36mthe following item entities exist in the system?[0m                 ?[90m# ca.mcgill.ecse.coolsupplies.features.OrderStepDefinitions.the_following_item_entities_exist_in_the_system(io.cucumber.datatable.DataTable)?[0m
  ?[36mGiven ?[0m?[36mthe following grade bundle entities exist in the system?[0m         ?[90m# ca.mcgill.ecse.coolsupplies.features.OrderStepDefinitions.the_following_grade_bundle_entities_exist_in_the_system(io.cucumber.datatable.DataTable)?[0m
  ?[36mGiven ?[0m?[36mthe following bundle item entities exist in the system?[0m          ?[90m# ca.mcgill.ecse.coolsupplies.features.OrderStepDefinitions.the_following_bundle_item_entities_exist_in_the_system(io.cucumber.datatable.DataTable)?[0m
  ?[36mGiven ?[0m?[36mthe following order entities exist in the system?[0m                ?[90m# ca.mcgill.ecse.coolsupplies.features.OrderStepDefinitions.the_following_order_entities_exist_in_the_system(io.cucumber.datatable.DataTable)?[0m
  ?[36mGiven ?[0m?[36mthe following order item entities exist in the system?[0m           ?[90m# ca.mcgill.ecse.coolsupplies.features.OrderStepDefinitions.the_following_order_item_entities_exist_in_the_system(io.cucumber.datatable.DataTable)?[0m
  ?[36mGiven ?[0m?[36mthe order ?[0m?[36m?[1m"4"?[0m?[36m is marked as ?[0m?[36m?[1m"Started"?[0m                            ?[90m# ca.mcgill.ecse.coolsupplies.features.OrderStepDefinitions.the_order_is_marked_as(java.lang.String,java.lang.String)?[0m
  ?[36mWhen ?[0m?[36mthe parent attempts to cancel the order ?[0m?[36m?[1m"4"?[0m                      ?[90m# ca.mcgill.ecse.coolsupplies.features.OrderStepDefinitions.the_parent_attempts_to_cancel_the_order(java.lang.String)?[0m
  ?[36mThen ?[0m?[36mthe order ?[0m?[36m?[1m"4"?[0m?[36m shall not exist in the system?[0m                      ?[90m# ca.mcgill.ecse.coolsupplies.features.OrderStepDefinitions.the_order_shall_not_exist_in_the_system(java.lang.String)?[0m
  ?[36mThen ?[0m?[36mthe number of orders in the system shall be ?[0m?[36m?[1m"3"?[0m                  ?[90m# ca.mcgill.ecse.coolsupplies.features.OrderStepDefinitions.the_number_of_orders_in_the_system_shall_be(java.lang.String)?[0m

Scenario Outline: Successfully cancel a paid order                      ?[90m# src/test/resources/ProcessOrder.feature:352?[0m
  ?[33mGiven ?[0m?[33mthe following parent entities exist in the system?[0m               ?[90m# ca.mcgill.ecse.coolsupplies.features.OrderStepDefinitions.the_following_parent_entities_exist_in_the_system(io.cucumber.datatable.DataTable)?[0m
      ?[33mio.cucumber.java.PendingException: TODO: implement me
	at ca.mcgill.ecse.coolsupplies.features.OrderStepDefinitions.the_following_parent_entities_exist_in_the_system(OrderStepDefinitions.java:18)
	at ✽.the following parent entities exist in the system(file:///Users/zhengxuanzhao/IdeaProjects/ecse223-group-project-p8/src/test/resources/ProcessOrder.feature:5)
?[0m
  ?[36mGiven ?[0m?[36mthe following grade entities exist in the system?[0m                ?[90m# ca.mcgill.ecse.coolsupplies.features.OrderStepDefinitions.the_following_grade_entities_exist_in_the_system(io.cucumber.datatable.DataTable)?[0m
  ?[36mGiven ?[0m?[36mthe following student entities exist in the system?[0m              ?[90m# ca.mcgill.ecse.coolsupplies.features.OrderStepDefinitions.the_following_student_entities_exist_in_the_system(io.cucumber.datatable.DataTable)?[0m
  ?[36mGiven ?[0m?[36mthe following student entities exist for a parent in the system?[0m ?[90m# ca.mcgill.ecse.coolsupplies.features.OrderStepDefinitions.the_following_student_entities_exist_for_a_parent_in_the_system(io.cucumber.datatable.DataTable)?[0m
  ?[36mGiven ?[0m?[36mthe following item entities exist in the system?[0m                 ?[90m# ca.mcgill.ecse.coolsupplies.features.OrderStepDefinitions.the_following_item_entities_exist_in_the_system(io.cucumber.datatable.DataTable)?[0m
  ?[36mGiven ?[0m?[36mthe following grade bundle entities exist in the system?[0m         ?[90m# ca.mcgill.ecse.coolsupplies.features.OrderStepDefinitions.the_following_grade_bundle_entities_exist_in_the_system(io.cucumber.datatable.DataTable)?[0m
  ?[36mGiven ?[0m?[36mthe following bundle item entities exist in the system?[0m          ?[90m# ca.mcgill.ecse.coolsupplies.features.OrderStepDefinitions.the_following_bundle_item_entities_exist_in_the_system(io.cucumber.datatable.DataTable)?[0m
  ?[36mGiven ?[0m?[36mthe following order entities exist in the system?[0m                ?[90m# ca.mcgill.ecse.coolsupplies.features.OrderStepDefinitions.the_following_order_entities_exist_in_the_system(io.cucumber.datatable.DataTable)?[0m
  ?[36mGiven ?[0m?[36mthe following order item entities exist in the system?[0m           ?[90m# ca.mcgill.ecse.coolsupplies.features.OrderStepDefinitions.the_following_order_item_entities_exist_in_the_system(io.cucumber.datatable.DataTable)?[0m
  ?[36mGiven ?[0m?[36mthe order ?[0m?[36m?[1m"1"?[0m?[36m is marked as ?[0m?[36m?[1m"Paid"?[0m                               ?[90m# ca.mcgill.ecse.coolsupplies.features.OrderStepDefinitions.the_order_is_marked_as(java.lang.String,java.lang.String)?[0m
  ?[36mWhen ?[0m?[36mthe parent attempts to cancel the order ?[0m?[36m?[1m"1"?[0m                      ?[90m# ca.mcgill.ecse.coolsupplies.features.OrderStepDefinitions.the_parent_attempts_to_cancel_the_order(java.lang.String)?[0m
  ?[36mThen ?[0m?[36mthe order ?[0m?[36m?[1m"1"?[0m?[36m shall not exist in the system?[0m                      ?[90m# ca.mcgill.ecse.coolsupplies.features.OrderStepDefinitions.the_order_shall_not_exist_in_the_system(java.lang.String)?[0m
  ?[36mThen ?[0m?[36mthe number of orders in the system shall be ?[0m?[36m?[1m"3"?[0m                  ?[90m# ca.mcgill.ecse.coolsupplies.features.OrderStepDefinitions.the_number_of_orders_in_the_system_shall_be(java.lang.String)?[0m

Scenario Outline: Successfully cancel a paid order                      ?[90m# src/test/resources/ProcessOrder.feature:353?[0m
  ?[33mGiven ?[0m?[33mthe following parent entities exist in the system?[0m               ?[90m# ca.mcgill.ecse.coolsupplies.features.OrderStepDefinitions.the_following_parent_entities_exist_in_the_system(io.cucumber.datatable.DataTable)?[0m
      ?[33mio.cucumber.java.PendingException: TODO: implement me
	at ca.mcgill.ecse.coolsupplies.features.OrderStepDefinitions.the_following_parent_entities_exist_in_the_system(OrderStepDefinitions.java:18)
	at ✽.the following parent entities exist in the system(file:///Users/zhengxuanzhao/IdeaProjects/ecse223-group-project-p8/src/test/resources/ProcessOrder.feature:5)
?[0m
  ?[36mGiven ?[0m?[36mthe following grade entities exist in the system?[0m                ?[90m# ca.mcgill.ecse.coolsupplies.features.OrderStepDefinitions.the_following_grade_entities_exist_in_the_system(io.cucumber.datatable.DataTable)?[0m
  ?[36mGiven ?[0m?[36mthe following student entities exist in the system?[0m              ?[90m# ca.mcgill.ecse.coolsupplies.features.OrderStepDefinitions.the_following_student_entities_exist_in_the_system(io.cucumber.datatable.DataTable)?[0m
  ?[36mGiven ?[0m?[36mthe following student entities exist for a parent in the system?[0m ?[90m# ca.mcgill.ecse.coolsupplies.features.OrderStepDefinitions.the_following_student_entities_exist_for_a_parent_in_the_system(io.cucumber.datatable.DataTable)?[0m
  ?[36mGiven ?[0m?[36mthe following item entities exist in the system?[0m                 ?[90m# ca.mcgill.ecse.coolsupplies.features.OrderStepDefinitions.the_following_item_entities_exist_in_the_system(io.cucumber.datatable.DataTable)?[0m
  ?[36mGiven ?[0m?[36mthe following grade bundle entities exist in the system?[0m         ?[90m# ca.mcgill.ecse.coolsupplies.features.OrderStepDefinitions.the_following_grade_bundle_entities_exist_in_the_system(io.cucumber.datatable.DataTable)?[0m
  ?[36mGiven ?[0m?[36mthe following bundle item entities exist in the system?[0m          ?[90m# ca.mcgill.ecse.coolsupplies.features.OrderStepDefinitions.the_following_bundle_item_entities_exist_in_the_system(io.cucumber.datatable.DataTable)?[0m
  ?[36mGiven ?[0m?[36mthe following order entities exist in the system?[0m                ?[90m# ca.mcgill.ecse.coolsupplies.features.OrderStepDefinitions.the_following_order_entities_exist_in_the_system(io.cucumber.datatable.DataTable)?[0m
  ?[36mGiven ?[0m?[36mthe following order item entities exist in the system?[0m           ?[90m# ca.mcgill.ecse.coolsupplies.features.OrderStepDefinitions.the_following_order_item_entities_exist_in_the_system(io.cucumber.datatable.DataTable)?[0m
  ?[36mGiven ?[0m?[36mthe order ?[0m?[36m?[1m"2"?[0m?[36m is marked as ?[0m?[36m?[1m"Paid"?[0m                               ?[90m# ca.mcgill.ecse.coolsupplies.features.OrderStepDefinitions.the_order_is_marked_as(java.lang.String,java.lang.String)?[0m
  ?[36mWhen ?[0m?[36mthe parent attempts to cancel the order ?[0m?[36m?[1m"2"?[0m                      ?[90m# ca.mcgill.ecse.coolsupplies.features.OrderStepDefinitions.the_parent_attempts_to_cancel_the_order(java.lang.String)?[0m
  ?[36mThen ?[0m?[36mthe order ?[0m?[36m?[1m"2"?[0m?[36m shall not exist in the system?[0m                      ?[90m# ca.mcgill.ecse.coolsupplies.features.OrderStepDefinitions.the_order_shall_not_exist_in_the_system(java.lang.String)?[0m
  ?[36mThen ?[0m?[36mthe number of orders in the system shall be ?[0m?[36m?[1m"3"?[0m                  ?[90m# ca.mcgill.ecse.coolsupplies.features.OrderStepDefinitions.the_number_of_orders_in_the_system_shall_be(java.lang.String)?[0m

Scenario Outline: Successfully cancel a paid order                      ?[90m# src/test/resources/ProcessOrder.feature:354?[0m
  ?[33mGiven ?[0m?[33mthe following parent entities exist in the system?[0m               ?[90m# ca.mcgill.ecse.coolsupplies.features.OrderStepDefinitions.the_following_parent_entities_exist_in_the_system(io.cucumber.datatable.DataTable)?[0m
      ?[33mio.cucumber.java.PendingException: TODO: implement me
	at ca.mcgill.ecse.coolsupplies.features.OrderStepDefinitions.the_following_parent_entities_exist_in_the_system(OrderStepDefinitions.java:18)
	at ✽.the following parent entities exist in the system(file:///Users/zhengxuanzhao/IdeaProjects/ecse223-group-project-p8/src/test/resources/ProcessOrder.feature:5)
?[0m
  ?[36mGiven ?[0m?[36mthe following grade entities exist in the system?[0m                ?[90m# ca.mcgill.ecse.coolsupplies.features.OrderStepDefinitions.the_following_grade_entities_exist_in_the_system(io.cucumber.datatable.DataTable)?[0m
  ?[36mGiven ?[0m?[36mthe following student entities exist in the system?[0m              ?[90m# ca.mcgill.ecse.coolsupplies.features.OrderStepDefinitions.the_following_student_entities_exist_in_the_system(io.cucumber.datatable.DataTable)?[0m
  ?[36mGiven ?[0m?[36mthe following student entities exist for a parent in the system?[0m ?[90m# ca.mcgill.ecse.coolsupplies.features.OrderStepDefinitions.the_following_student_entities_exist_for_a_parent_in_the_system(io.cucumber.datatable.DataTable)?[0m
  ?[36mGiven ?[0m?[36mthe following item entities exist in the system?[0m                 ?[90m# ca.mcgill.ecse.coolsupplies.features.OrderStepDefinitions.the_following_item_entities_exist_in_the_system(io.cucumber.datatable.DataTable)?[0m
  ?[36mGiven ?[0m?[36mthe following grade bundle entities exist in the system?[0m         ?[90m# ca.mcgill.ecse.coolsupplies.features.OrderStepDefinitions.the_following_grade_bundle_entities_exist_in_the_system(io.cucumber.datatable.DataTable)?[0m
  ?[36mGiven ?[0m?[36mthe following bundle item entities exist in the system?[0m          ?[90m# ca.mcgill.ecse.coolsupplies.features.OrderStepDefinitions.the_following_bundle_item_entities_exist_in_the_system(io.cucumber.datatable.DataTable)?[0m
  ?[36mGiven ?[0m?[36mthe following order entities exist in the system?[0m                ?[90m# ca.mcgill.ecse.coolsupplies.features.OrderStepDefinitions.the_following_order_entities_exist_in_the_system(io.cucumber.datatable.DataTable)?[0m
  ?[36mGiven ?[0m?[36mthe following order item entities exist in the system?[0m           ?[90m# ca.mcgill.ecse.coolsupplies.features.OrderStepDefinitions.the_following_order_item_entities_exist_in_the_system(io.cucumber.datatable.DataTable)?[0m
  ?[36mGiven ?[0m?[36mthe order ?[0m?[36m?[1m"3"?[0m?[36m is marked as ?[0m?[36m?[1m"Paid"?[0m                               ?[90m# ca.mcgill.ecse.coolsupplies.features.OrderStepDefinitions.the_order_is_marked_as(java.lang.String,java.lang.String)?[0m
  ?[36mWhen ?[0m?[36mthe parent attempts to cancel the order ?[0m?[36m?[1m"3"?[0m                      ?[90m# ca.mcgill.ecse.coolsupplies.features.OrderStepDefinitions.the_parent_attempts_to_cancel_the_order(java.lang.String)?[0m
  ?[36mThen ?[0m?[36mthe order ?[0m?[36m?[1m"3"?[0m?[36m shall not exist in the system?[0m                      ?[90m# ca.mcgill.ecse.coolsupplies.features.OrderStepDefinitions.the_order_shall_not_exist_in_the_system(java.lang.String)?[0m
  ?[36mThen ?[0m?[36mthe number of orders in the system shall be ?[0m?[36m?[1m"3"?[0m                  ?[90m# ca.mcgill.ecse.coolsupplies.features.OrderStepDefinitions.the_number_of_orders_in_the_system_shall_be(java.lang.String)?[0m

Scenario Outline: Successfully cancel a paid order                      ?[90m# src/test/resources/ProcessOrder.feature:355?[0m
  ?[33mGiven ?[0m?[33mthe following parent entities exist in the system?[0m               ?[90m# ca.mcgill.ecse.coolsupplies.features.OrderStepDefinitions.the_following_parent_entities_exist_in_the_system(io.cucumber.datatable.DataTable)?[0m
      ?[33mio.cucumber.java.PendingException: TODO: implement me
	at ca.mcgill.ecse.coolsupplies.features.OrderStepDefinitions.the_following_parent_entities_exist_in_the_system(OrderStepDefinitions.java:18)
	at ✽.the following parent entities exist in the system(file:///Users/zhengxuanzhao/IdeaProjects/ecse223-group-project-p8/src/test/resources/ProcessOrder.feature:5)
?[0m
  ?[36mGiven ?[0m?[36mthe following grade entities exist in the system?[0m                ?[90m# ca.mcgill.ecse.coolsupplies.features.OrderStepDefinitions.the_following_grade_entities_exist_in_the_system(io.cucumber.datatable.DataTable)?[0m
  ?[36mGiven ?[0m?[36mthe following student entities exist in the system?[0m              ?[90m# ca.mcgill.ecse.coolsupplies.features.OrderStepDefinitions.the_following_student_entities_exist_in_the_system(io.cucumber.datatable.DataTable)?[0m
  ?[36mGiven ?[0m?[36mthe following student entities exist for a parent in the system?[0m ?[90m# ca.mcgill.ecse.coolsupplies.features.OrderStepDefinitions.the_following_student_entities_exist_for_a_parent_in_the_system(io.cucumber.datatable.DataTable)?[0m
  ?[36mGiven ?[0m?[36mthe following item entities exist in the system?[0m                 ?[90m# ca.mcgill.ecse.coolsupplies.features.OrderStepDefinitions.the_following_item_entities_exist_in_the_system(io.cucumber.datatable.DataTable)?[0m
  ?[36mGiven ?[0m?[36mthe following grade bundle entities exist in the system?[0m         ?[90m# ca.mcgill.ecse.coolsupplies.features.OrderStepDefinitions.the_following_grade_bundle_entities_exist_in_the_system(io.cucumber.datatable.DataTable)?[0m
  ?[36mGiven ?[0m?[36mthe following bundle item entities exist in the system?[0m          ?[90m# ca.mcgill.ecse.coolsupplies.features.OrderStepDefinitions.the_following_bundle_item_entities_exist_in_the_system(io.cucumber.datatable.DataTable)?[0m
  ?[36mGiven ?[0m?[36mthe following order entities exist in the system?[0m                ?[90m# ca.mcgill.ecse.coolsupplies.features.OrderStepDefinitions.the_following_order_entities_exist_in_the_system(io.cucumber.datatable.DataTable)?[0m
  ?[36mGiven ?[0m?[36mthe following order item entities exist in the system?[0m           ?[90m# ca.mcgill.ecse.coolsupplies.features.OrderStepDefinitions.the_following_order_item_entities_exist_in_the_system(io.cucumber.datatable.DataTable)?[0m
  ?[36mGiven ?[0m?[36mthe order ?[0m?[36m?[1m"4"?[0m?[36m is marked as ?[0m?[36m?[1m"Paid"?[0m                               ?[90m# ca.mcgill.ecse.coolsupplies.features.OrderStepDefinitions.the_order_is_marked_as(java.lang.String,java.lang.String)?[0m
  ?[36mWhen ?[0m?[36mthe parent attempts to cancel the order ?[0m?[36m?[1m"4"?[0m                      ?[90m# ca.mcgill.ecse.coolsupplies.features.OrderStepDefinitions.the_parent_attempts_to_cancel_the_order(java.lang.String)?[0m
  ?[36mThen ?[0m?[36mthe order ?[0m?[36m?[1m"4"?[0m?[36m shall not exist in the system?[0m                      ?[90m# ca.mcgill.ecse.coolsupplies.features.OrderStepDefinitions.the_order_shall_not_exist_in_the_system(java.lang.String)?[0m
  ?[36mThen ?[0m?[36mthe number of orders in the system shall be ?[0m?[36m?[1m"3"?[0m                  ?[90m# ca.mcgill.ecse.coolsupplies.features.OrderStepDefinitions.the_number_of_orders_in_the_system_shall_be(java.lang.String)?[0m

Scenario Outline: Unsuccessfully cancel an order due to non-existing order ?[90m# src/test/resources/ProcessOrder.feature:364?[0m
  ?[33mGiven ?[0m?[33mthe following parent entities exist in the system?[0m                  ?[90m# ca.mcgill.ecse.coolsupplies.features.OrderStepDefinitions.the_following_parent_entities_exist_in_the_system(io.cucumber.datatable.DataTable)?[0m
      ?[33mio.cucumber.java.PendingException: TODO: implement me
	at ca.mcgill.ecse.coolsupplies.features.OrderStepDefinitions.the_following_parent_entities_exist_in_the_system(OrderStepDefinitions.java:18)
	at ✽.the following parent entities exist in the system(file:///Users/zhengxuanzhao/IdeaProjects/ecse223-group-project-p8/src/test/resources/ProcessOrder.feature:5)
?[0m
  ?[36mGiven ?[0m?[36mthe following grade entities exist in the system?[0m                   ?[90m# ca.mcgill.ecse.coolsupplies.features.OrderStepDefinitions.the_following_grade_entities_exist_in_the_system(io.cucumber.datatable.DataTable)?[0m
  ?[36mGiven ?[0m?[36mthe following student entities exist in the system?[0m                 ?[90m# ca.mcgill.ecse.coolsupplies.features.OrderStepDefinitions.the_following_student_entities_exist_in_the_system(io.cucumber.datatable.DataTable)?[0m
  ?[36mGiven ?[0m?[36mthe following student entities exist for a parent in the system?[0m    ?[90m# ca.mcgill.ecse.coolsupplies.features.OrderStepDefinitions.the_following_student_entities_exist_for_a_parent_in_the_system(io.cucumber.datatable.DataTable)?[0m
  ?[36mGiven ?[0m?[36mthe following item entities exist in the system?[0m                    ?[90m# ca.mcgill.ecse.coolsupplies.features.OrderStepDefinitions.the_following_item_entities_exist_in_the_system(io.cucumber.datatable.DataTable)?[0m
  ?[36mGiven ?[0m?[36mthe following grade bundle entities exist in the system?[0m            ?[90m# ca.mcgill.ecse.coolsupplies.features.OrderStepDefinitions.the_following_grade_bundle_entities_exist_in_the_system(io.cucumber.datatable.DataTable)?[0m
  ?[36mGiven ?[0m?[36mthe following bundle item entities exist in the system?[0m             ?[90m# ca.mcgill.ecse.coolsupplies.features.OrderStepDefinitions.the_following_bundle_item_entities_exist_in_the_system(io.cucumber.datatable.DataTable)?[0m
  ?[36mGiven ?[0m?[36mthe following order entities exist in the system?[0m                   ?[90m# ca.mcgill.ecse.coolsupplies.features.OrderStepDefinitions.the_following_order_entities_exist_in_the_system(io.cucumber.datatable.DataTable)?[0m
  ?[36mGiven ?[0m?[36mthe following order item entities exist in the system?[0m              ?[90m# ca.mcgill.ecse.coolsupplies.features.OrderStepDefinitions.the_following_order_item_entities_exist_in_the_system(io.cucumber.datatable.DataTable)?[0m
  ?[36mWhen ?[0m?[36mthe parent attempts to cancel the order ?[0m?[36m?[1m"10"?[0m                        ?[90m# ca.mcgill.ecse.coolsupplies.features.OrderStepDefinitions.the_parent_attempts_to_cancel_the_order(java.lang.String)?[0m
  ?[36mThen ?[0m?[36mthe number of orders in the system shall be ?[0m?[36m?[1m"4"?[0m                     ?[90m# ca.mcgill.ecse.coolsupplies.features.OrderStepDefinitions.the_number_of_orders_in_the_system_shall_be(java.lang.String)?[0m
  ?[36mThen ?[0m?[36mthe error ?[0m?[36m?[1m"Order 10 does not exist"?[0m?[36m shall be raised?[0m                 ?[90m# ca.mcgill.ecse.coolsupplies.features.OrderStepDefinitions.the_error_shall_be_raised(java.lang.String)?[0m

Scenario Outline: Unsuccessfully cancel an order due to non-existing order ?[90m# src/test/resources/ProcessOrder.feature:365?[0m
  ?[33mGiven ?[0m?[33mthe following parent entities exist in the system?[0m                  ?[90m# ca.mcgill.ecse.coolsupplies.features.OrderStepDefinitions.the_following_parent_entities_exist_in_the_system(io.cucumber.datatable.DataTable)?[0m
      ?[33mio.cucumber.java.PendingException: TODO: implement me
	at ca.mcgill.ecse.coolsupplies.features.OrderStepDefinitions.the_following_parent_entities_exist_in_the_system(OrderStepDefinitions.java:18)
	at ✽.the following parent entities exist in the system(file:///Users/zhengxuanzhao/IdeaProjects/ecse223-group-project-p8/src/test/resources/ProcessOrder.feature:5)
?[0m
  ?[36mGiven ?[0m?[36mthe following grade entities exist in the system?[0m                   ?[90m# ca.mcgill.ecse.coolsupplies.features.OrderStepDefinitions.the_following_grade_entities_exist_in_the_system(io.cucumber.datatable.DataTable)?[0m
  ?[36mGiven ?[0m?[36mthe following student entities exist in the system?[0m                 ?[90m# ca.mcgill.ecse.coolsupplies.features.OrderStepDefinitions.the_following_student_entities_exist_in_the_system(io.cucumber.datatable.DataTable)?[0m
  ?[36mGiven ?[0m?[36mthe following student entities exist for a parent in the system?[0m    ?[90m# ca.mcgill.ecse.coolsupplies.features.OrderStepDefinitions.the_following_student_entities_exist_for_a_parent_in_the_system(io.cucumber.datatable.DataTable)?[0m
  ?[36mGiven ?[0m?[36mthe following item entities exist in the system?[0m                    ?[90m# ca.mcgill.ecse.coolsupplies.features.OrderStepDefinitions.the_following_item_entities_exist_in_the_system(io.cucumber.datatable.DataTable)?[0m
  ?[36mGiven ?[0m?[36mthe following grade bundle entities exist in the system?[0m            ?[90m# ca.mcgill.ecse.coolsupplies.features.OrderStepDefinitions.the_following_grade_bundle_entities_exist_in_the_system(io.cucumber.datatable.DataTable)?[0m
  ?[36mGiven ?[0m?[36mthe following bundle item entities exist in the system?[0m             ?[90m# ca.mcgill.ecse.coolsupplies.features.OrderStepDefinitions.the_following_bundle_item_entities_exist_in_the_system(io.cucumber.datatable.DataTable)?[0m
  ?[36mGiven ?[0m?[36mthe following order entities exist in the system?[0m                   ?[90m# ca.mcgill.ecse.coolsupplies.features.OrderStepDefinitions.the_following_order_entities_exist_in_the_system(io.cucumber.datatable.DataTable)?[0m
  ?[36mGiven ?[0m?[36mthe following order item entities exist in the system?[0m              ?[90m# ca.mcgill.ecse.coolsupplies.features.OrderStepDefinitions.the_following_order_item_entities_exist_in_the_system(io.cucumber.datatable.DataTable)?[0m
  ?[36mWhen ?[0m?[36mthe parent attempts to cancel the order ?[0m?[36m?[1m"20"?[0m                        ?[90m# ca.mcgill.ecse.coolsupplies.features.OrderStepDefinitions.the_parent_attempts_to_cancel_the_order(java.lang.String)?[0m
  ?[36mThen ?[0m?[36mthe number of orders in the system shall be ?[0m?[36m?[1m"4"?[0m                     ?[90m# ca.mcgill.ecse.coolsupplies.features.OrderStepDefinitions.the_number_of_orders_in_the_system_shall_be(java.lang.String)?[0m
  ?[36mThen ?[0m?[36mthe error ?[0m?[36m?[1m"Order 20 does not exist"?[0m?[36m shall be raised?[0m                 ?[90m# ca.mcgill.ecse.coolsupplies.features.OrderStepDefinitions.the_error_shall_be_raised(java.lang.String)?[0m

Scenario Outline: Unsuccessfully cancel an order due to wrong state     ?[90m# src/test/resources/ProcessOrder.feature:376?[0m
  ?[33mGiven ?[0m?[33mthe following parent entities exist in the system?[0m               ?[90m# ca.mcgill.ecse.coolsupplies.features.OrderStepDefinitions.the_following_parent_entities_exist_in_the_system(io.cucumber.datatable.DataTable)?[0m
      ?[33mio.cucumber.java.PendingException: TODO: implement me
	at ca.mcgill.ecse.coolsupplies.features.OrderStepDefinitions.the_following_parent_entities_exist_in_the_system(OrderStepDefinitions.java:18)
	at ✽.the following parent entities exist in the system(file:///Users/zhengxuanzhao/IdeaProjects/ecse223-group-project-p8/src/test/resources/ProcessOrder.feature:5)
?[0m
  ?[36mGiven ?[0m?[36mthe following grade entities exist in the system?[0m                ?[90m# ca.mcgill.ecse.coolsupplies.features.OrderStepDefinitions.the_following_grade_entities_exist_in_the_system(io.cucumber.datatable.DataTable)?[0m
  ?[36mGiven ?[0m?[36mthe following student entities exist in the system?[0m              ?[90m# ca.mcgill.ecse.coolsupplies.features.OrderStepDefinitions.the_following_student_entities_exist_in_the_system(io.cucumber.datatable.DataTable)?[0m
  ?[36mGiven ?[0m?[36mthe following student entities exist for a parent in the system?[0m ?[90m# ca.mcgill.ecse.coolsupplies.features.OrderStepDefinitions.the_following_student_entities_exist_for_a_parent_in_the_system(io.cucumber.datatable.DataTable)?[0m
  ?[36mGiven ?[0m?[36mthe following item entities exist in the system?[0m                 ?[90m# ca.mcgill.ecse.coolsupplies.features.OrderStepDefinitions.the_following_item_entities_exist_in_the_system(io.cucumber.datatable.DataTable)?[0m
  ?[36mGiven ?[0m?[36mthe following grade bundle entities exist in the system?[0m         ?[90m# ca.mcgill.ecse.coolsupplies.features.OrderStepDefinitions.the_following_grade_bundle_entities_exist_in_the_system(io.cucumber.datatable.DataTable)?[0m
  ?[36mGiven ?[0m?[36mthe following bundle item entities exist in the system?[0m          ?[90m# ca.mcgill.ecse.coolsupplies.features.OrderStepDefinitions.the_following_bundle_item_entities_exist_in_the_system(io.cucumber.datatable.DataTable)?[0m
  ?[36mGiven ?[0m?[36mthe following order entities exist in the system?[0m                ?[90m# ca.mcgill.ecse.coolsupplies.features.OrderStepDefinitions.the_following_order_entities_exist_in_the_system(io.cucumber.datatable.DataTable)?[0m
  ?[36mGiven ?[0m?[36mthe following order item entities exist in the system?[0m           ?[90m# ca.mcgill.ecse.coolsupplies.features.OrderStepDefinitions.the_following_order_item_entities_exist_in_the_system(io.cucumber.datatable.DataTable)?[0m
  ?[36mGiven ?[0m?[36mthe order ?[0m?[36m?[1m"1"?[0m?[36m is marked as ?[0m?[36m?[1m"Penalized"?[0m                          ?[90m# ca.mcgill.ecse.coolsupplies.features.OrderStepDefinitions.the_order_is_marked_as(java.lang.String,java.lang.String)?[0m
  ?[36mWhen ?[0m?[36mthe parent attempts to cancel the order ?[0m?[36m?[1m"1"?[0m                      ?[90m# ca.mcgill.ecse.coolsupplies.features.OrderStepDefinitions.the_parent_attempts_to_cancel_the_order(java.lang.String)?[0m
  ?[36mThen ?[0m?[36mthe order ?[0m?[36m?[1m"1"?[0m?[36m shall be marked as ?[0m?[36m?[1m"Penalized"?[0m                     ?[90m# ca.mcgill.ecse.coolsupplies.features.OrderStepDefinitions.the_order_shall_be_marked_as(java.lang.String,java.lang.String)?[0m
  ?[36mThen ?[0m?[36mthe number of orders in the system shall be ?[0m?[36m?[1m"4"?[0m                  ?[90m# ca.mcgill.ecse.coolsupplies.features.OrderStepDefinitions.the_number_of_orders_in_the_system_shall_be(java.lang.String)?[0m
  ?[36mThen ?[0m?[36mthe error ?[0m?[36m?[1m"Cannot cancel a penalized order"?[0m?[36m shall be raised?[0m      ?[90m# ca.mcgill.ecse.coolsupplies.features.OrderStepDefinitions.the_error_shall_be_raised(java.lang.String)?[0m

Scenario Outline: Unsuccessfully cancel an order due to wrong state     ?[90m# src/test/resources/ProcessOrder.feature:377?[0m
  ?[33mGiven ?[0m?[33mthe following parent entities exist in the system?[0m               ?[90m# ca.mcgill.ecse.coolsupplies.features.OrderStepDefinitions.the_following_parent_entities_exist_in_the_system(io.cucumber.datatable.DataTable)?[0m
      ?[33mio.cucumber.java.PendingException: TODO: implement me
	at ca.mcgill.ecse.coolsupplies.features.OrderStepDefinitions.the_following_parent_entities_exist_in_the_system(OrderStepDefinitions.java:18)
	at ✽.the following parent entities exist in the system(file:///Users/zhengxuanzhao/IdeaProjects/ecse223-group-project-p8/src/test/resources/ProcessOrder.feature:5)
?[0m
  ?[36mGiven ?[0m?[36mthe following grade entities exist in the system?[0m                ?[90m# ca.mcgill.ecse.coolsupplies.features.OrderStepDefinitions.the_following_grade_entities_exist_in_the_system(io.cucumber.datatable.DataTable)?[0m
  ?[36mGiven ?[0m?[36mthe following student entities exist in the system?[0m              ?[90m# ca.mcgill.ecse.coolsupplies.features.OrderStepDefinitions.the_following_student_entities_exist_in_the_system(io.cucumber.datatable.DataTable)?[0m
  ?[36mGiven ?[0m?[36mthe following student entities exist for a parent in the system?[0m ?[90m# ca.mcgill.ecse.coolsupplies.features.OrderStepDefinitions.the_following_student_entities_exist_for_a_parent_in_the_system(io.cucumber.datatable.DataTable)?[0m
  ?[36mGiven ?[0m?[36mthe following item entities exist in the system?[0m                 ?[90m# ca.mcgill.ecse.coolsupplies.features.OrderStepDefinitions.the_following_item_entities_exist_in_the_system(io.cucumber.datatable.DataTable)?[0m
  ?[36mGiven ?[0m?[36mthe following grade bundle entities exist in the system?[0m         ?[90m# ca.mcgill.ecse.coolsupplies.features.OrderStepDefinitions.the_following_grade_bundle_entities_exist_in_the_system(io.cucumber.datatable.DataTable)?[0m
  ?[36mGiven ?[0m?[36mthe following bundle item entities exist in the system?[0m          ?[90m# ca.mcgill.ecse.coolsupplies.features.OrderStepDefinitions.the_following_bundle_item_entities_exist_in_the_system(io.cucumber.datatable.DataTable)?[0m
  ?[36mGiven ?[0m?[36mthe following order entities exist in the system?[0m                ?[90m# ca.mcgill.ecse.coolsupplies.features.OrderStepDefinitions.the_following_order_entities_exist_in_the_system(io.cucumber.datatable.DataTable)?[0m
  ?[36mGiven ?[0m?[36mthe following order item entities exist in the system?[0m           ?[90m# ca.mcgill.ecse.coolsupplies.features.OrderStepDefinitions.the_following_order_item_entities_exist_in_the_system(io.cucumber.datatable.DataTable)?[0m
  ?[36mGiven ?[0m?[36mthe order ?[0m?[36m?[1m"1"?[0m?[36m is marked as ?[0m?[36m?[1m"Prepared"?[0m                           ?[90m# ca.mcgill.ecse.coolsupplies.features.OrderStepDefinitions.the_order_is_marked_as(java.lang.String,java.lang.String)?[0m
  ?[36mWhen ?[0m?[36mthe parent attempts to cancel the order ?[0m?[36m?[1m"1"?[0m                      ?[90m# ca.mcgill.ecse.coolsupplies.features.OrderStepDefinitions.the_parent_attempts_to_cancel_the_order(java.lang.String)?[0m
  ?[36mThen ?[0m?[36mthe order ?[0m?[36m?[1m"1"?[0m?[36m shall be marked as ?[0m?[36m?[1m"Prepared"?[0m                      ?[90m# ca.mcgill.ecse.coolsupplies.features.OrderStepDefinitions.the_order_shall_be_marked_as(java.lang.String,java.lang.String)?[0m
  ?[36mThen ?[0m?[36mthe number of orders in the system shall be ?[0m?[36m?[1m"4"?[0m                  ?[90m# ca.mcgill.ecse.coolsupplies.features.OrderStepDefinitions.the_number_of_orders_in_the_system_shall_be(java.lang.String)?[0m
  ?[36mThen ?[0m?[36mthe error ?[0m?[36m?[1m"Cannot cancel a prepared order"?[0m?[36m shall be raised?[0m       ?[90m# ca.mcgill.ecse.coolsupplies.features.OrderStepDefinitions.the_error_shall_be_raised(java.lang.String)?[0m

Scenario Outline: Unsuccessfully cancel an order due to wrong state     ?[90m# src/test/resources/ProcessOrder.feature:378?[0m
  ?[33mGiven ?[0m?[33mthe following parent entities exist in the system?[0m               ?[90m# ca.mcgill.ecse.coolsupplies.features.OrderStepDefinitions.the_following_parent_entities_exist_in_the_system(io.cucumber.datatable.DataTable)?[0m
      ?[33mio.cucumber.java.PendingException: TODO: implement me
	at ca.mcgill.ecse.coolsupplies.features.OrderStepDefinitions.the_following_parent_entities_exist_in_the_system(OrderStepDefinitions.java:18)
	at ✽.the following parent entities exist in the system(file:///Users/zhengxuanzhao/IdeaProjects/ecse223-group-project-p8/src/test/resources/ProcessOrder.feature:5)
?[0m
  ?[36mGiven ?[0m?[36mthe following grade entities exist in the system?[0m                ?[90m# ca.mcgill.ecse.coolsupplies.features.OrderStepDefinitions.the_following_grade_entities_exist_in_the_system(io.cucumber.datatable.DataTable)?[0m
  ?[36mGiven ?[0m?[36mthe following student entities exist in the system?[0m              ?[90m# ca.mcgill.ecse.coolsupplies.features.OrderStepDefinitions.the_following_student_entities_exist_in_the_system(io.cucumber.datatable.DataTable)?[0m
  ?[36mGiven ?[0m?[36mthe following student entities exist for a parent in the system?[0m ?[90m# ca.mcgill.ecse.coolsupplies.features.OrderStepDefinitions.the_following_student_entities_exist_for_a_parent_in_the_system(io.cucumber.datatable.DataTable)?[0m
  ?[36mGiven ?[0m?[36mthe following item entities exist in the system?[0m                 ?[90m# ca.mcgill.ecse.coolsupplies.features.OrderStepDefinitions.the_following_item_entities_exist_in_the_system(io.cucumber.datatable.DataTable)?[0m
  ?[36mGiven ?[0m?[36mthe following grade bundle entities exist in the system?[0m         ?[90m# ca.mcgill.ecse.coolsupplies.features.OrderStepDefinitions.the_following_grade_bundle_entities_exist_in_the_system(io.cucumber.datatable.DataTable)?[0m
  ?[36mGiven ?[0m?[36mthe following bundle item entities exist in the system?[0m          ?[90m# ca.mcgill.ecse.coolsupplies.features.OrderStepDefinitions.the_following_bundle_item_entities_exist_in_the_system(io.cucumber.datatable.DataTable)?[0m
  ?[36mGiven ?[0m?[36mthe following order entities exist in the system?[0m                ?[90m# ca.mcgill.ecse.coolsupplies.features.OrderStepDefinitions.the_following_order_entities_exist_in_the_system(io.cucumber.datatable.DataTable)?[0m
  ?[36mGiven ?[0m?[36mthe following order item entities exist in the system?[0m           ?[90m# ca.mcgill.ecse.coolsupplies.features.OrderStepDefinitions.the_following_order_item_entities_exist_in_the_system(io.cucumber.datatable.DataTable)?[0m
  ?[36mGiven ?[0m?[36mthe order ?[0m?[36m?[1m"1"?[0m?[36m is marked as ?[0m?[36m?[1m"PickedUp"?[0m                           ?[90m# ca.mcgill.ecse.coolsupplies.features.OrderStepDefinitions.the_order_is_marked_as(java.lang.String,java.lang.String)?[0m
  ?[36mWhen ?[0m?[36mthe parent attempts to cancel the order ?[0m?[36m?[1m"1"?[0m                      ?[90m# ca.mcgill.ecse.coolsupplies.features.OrderStepDefinitions.the_parent_attempts_to_cancel_the_order(java.lang.String)?[0m
  ?[36mThen ?[0m?[36mthe order ?[0m?[36m?[1m"1"?[0m?[36m shall be marked as ?[0m?[36m?[1m"PickedUp"?[0m                      ?[90m# ca.mcgill.ecse.coolsupplies.features.OrderStepDefinitions.the_order_shall_be_marked_as(java.lang.String,java.lang.String)?[0m
  ?[36mThen ?[0m?[36mthe number of orders in the system shall be ?[0m?[36m?[1m"4"?[0m                  ?[90m# ca.mcgill.ecse.coolsupplies.features.OrderStepDefinitions.the_number_of_orders_in_the_system_shall_be(java.lang.String)?[0m
  ?[36mThen ?[0m?[36mthe error ?[0m?[36m?[1m"Cannot cancel a picked up order"?[0m?[36m shall be raised?[0m      ?[90m# ca.mcgill.ecse.coolsupplies.features.OrderStepDefinitions.the_error_shall_be_raised(java.lang.String)?[0m

Scenario Outline: Successfully start a school year for a started order  ?[90m# src/test/resources/ProcessOrder.feature:387?[0m
  ?[33mGiven ?[0m?[33mthe following parent entities exist in the system?[0m               ?[90m# ca.mcgill.ecse.coolsupplies.features.OrderStepDefinitions.the_following_parent_entities_exist_in_the_system(io.cucumber.datatable.DataTable)?[0m
      ?[33mio.cucumber.java.PendingException: TODO: implement me
	at ca.mcgill.ecse.coolsupplies.features.OrderStepDefinitions.the_following_parent_entities_exist_in_the_system(OrderStepDefinitions.java:18)
	at ✽.the following parent entities exist in the system(file:///Users/zhengxuanzhao/IdeaProjects/ecse223-group-project-p8/src/test/resources/ProcessOrder.feature:5)
?[0m
  ?[36mGiven ?[0m?[36mthe following grade entities exist in the system?[0m                ?[90m# ca.mcgill.ecse.coolsupplies.features.OrderStepDefinitions.the_following_grade_entities_exist_in_the_system(io.cucumber.datatable.DataTable)?[0m
  ?[36mGiven ?[0m?[36mthe following student entities exist in the system?[0m              ?[90m# ca.mcgill.ecse.coolsupplies.features.OrderStepDefinitions.the_following_student_entities_exist_in_the_system(io.cucumber.datatable.DataTable)?[0m
  ?[36mGiven ?[0m?[36mthe following student entities exist for a parent in the system?[0m ?[90m# ca.mcgill.ecse.coolsupplies.features.OrderStepDefinitions.the_following_student_entities_exist_for_a_parent_in_the_system(io.cucumber.datatable.DataTable)?[0m
  ?[36mGiven ?[0m?[36mthe following item entities exist in the system?[0m                 ?[90m# ca.mcgill.ecse.coolsupplies.features.OrderStepDefinitions.the_following_item_entities_exist_in_the_system(io.cucumber.datatable.DataTable)?[0m
  ?[36mGiven ?[0m?[36mthe following grade bundle entities exist in the system?[0m         ?[90m# ca.mcgill.ecse.coolsupplies.features.OrderStepDefinitions.the_following_grade_bundle_entities_exist_in_the_system(io.cucumber.datatable.DataTable)?[0m
  ?[36mGiven ?[0m?[36mthe following bundle item entities exist in the system?[0m          ?[90m# ca.mcgill.ecse.coolsupplies.features.OrderStepDefinitions.the_following_bundle_item_entities_exist_in_the_system(io.cucumber.datatable.DataTable)?[0m
  ?[36mGiven ?[0m?[36mthe following order entities exist in the system?[0m                ?[90m# ca.mcgill.ecse.coolsupplies.features.OrderStepDefinitions.the_following_order_entities_exist_in_the_system(io.cucumber.datatable.DataTable)?[0m
  ?[36mGiven ?[0m?[36mthe following order item entities exist in the system?[0m           ?[90m# ca.mcgill.ecse.coolsupplies.features.OrderStepDefinitions.the_following_order_item_entities_exist_in_the_system(io.cucumber.datatable.DataTable)?[0m
  ?[36mGiven ?[0m?[36mthe order ?[0m?[36m?[1m"1"?[0m?[36m is marked as ?[0m?[36m?[1m"Started"?[0m                            ?[90m# ca.mcgill.ecse.coolsupplies.features.OrderStepDefinitions.the_order_is_marked_as(java.lang.String,java.lang.String)?[0m
  ?[36mWhen ?[0m?[36mthe admin attempts to start a school year for the order ?[0m?[36m?[1m"1"?[0m      ?[90m# ca.mcgill.ecse.coolsupplies.features.OrderStepDefinitions.the_admin_attempts_to_start_a_school_year_for_the_order(java.lang.String)?[0m
  ?[36mThen ?[0m?[36mthe order ?[0m?[36m?[1m"1"?[0m?[36m shall be marked as ?[0m?[36m?[1m"Penalized"?[0m                     ?[90m# ca.mcgill.ecse.coolsupplies.features.OrderStepDefinitions.the_order_shall_be_marked_as(java.lang.String,java.lang.String)?[0m

Scenario Outline: Successfully start a school year for a started order  ?[90m# src/test/resources/ProcessOrder.feature:388?[0m
  ?[33mGiven ?[0m?[33mthe following parent entities exist in the system?[0m               ?[90m# ca.mcgill.ecse.coolsupplies.features.OrderStepDefinitions.the_following_parent_entities_exist_in_the_system(io.cucumber.datatable.DataTable)?[0m
      ?[33mio.cucumber.java.PendingException: TODO: implement me
	at ca.mcgill.ecse.coolsupplies.features.OrderStepDefinitions.the_following_parent_entities_exist_in_the_system(OrderStepDefinitions.java:18)
	at ✽.the following parent entities exist in the system(file:///Users/zhengxuanzhao/IdeaProjects/ecse223-group-project-p8/src/test/resources/ProcessOrder.feature:5)
?[0m
  ?[36mGiven ?[0m?[36mthe following grade entities exist in the system?[0m                ?[90m# ca.mcgill.ecse.coolsupplies.features.OrderStepDefinitions.the_following_grade_entities_exist_in_the_system(io.cucumber.datatable.DataTable)?[0m
  ?[36mGiven ?[0m?[36mthe following student entities exist in the system?[0m              ?[90m# ca.mcgill.ecse.coolsupplies.features.OrderStepDefinitions.the_following_student_entities_exist_in_the_system(io.cucumber.datatable.DataTable)?[0m
  ?[36mGiven ?[0m?[36mthe following student entities exist for a parent in the system?[0m ?[90m# ca.mcgill.ecse.coolsupplies.features.OrderStepDefinitions.the_following_student_entities_exist_for_a_parent_in_the_system(io.cucumber.datatable.DataTable)?[0m
  ?[36mGiven ?[0m?[36mthe following item entities exist in the system?[0m                 ?[90m# ca.mcgill.ecse.coolsupplies.features.OrderStepDefinitions.the_following_item_entities_exist_in_the_system(io.cucumber.datatable.DataTable)?[0m
  ?[36mGiven ?[0m?[36mthe following grade bundle entities exist in the system?[0m         ?[90m# ca.mcgill.ecse.coolsupplies.features.OrderStepDefinitions.the_following_grade_bundle_entities_exist_in_the_system(io.cucumber.datatable.DataTable)?[0m
  ?[36mGiven ?[0m?[36mthe following bundle item entities exist in the system?[0m          ?[90m# ca.mcgill.ecse.coolsupplies.features.OrderStepDefinitions.the_following_bundle_item_entities_exist_in_the_system(io.cucumber.datatable.DataTable)?[0m
  ?[36mGiven ?[0m?[36mthe following order entities exist in the system?[0m                ?[90m# ca.mcgill.ecse.coolsupplies.features.OrderStepDefinitions.the_following_order_entities_exist_in_the_system(io.cucumber.datatable.DataTable)?[0m
  ?[36mGiven ?[0m?[36mthe following order item entities exist in the system?[0m           ?[90m# ca.mcgill.ecse.coolsupplies.features.OrderStepDefinitions.the_following_order_item_entities_exist_in_the_system(io.cucumber.datatable.DataTable)?[0m
  ?[36mGiven ?[0m?[36mthe order ?[0m?[36m?[1m"2"?[0m?[36m is marked as ?[0m?[36m?[1m"Started"?[0m                            ?[90m# ca.mcgill.ecse.coolsupplies.features.OrderStepDefinitions.the_order_is_marked_as(java.lang.String,java.lang.String)?[0m
  ?[36mWhen ?[0m?[36mthe admin attempts to start a school year for the order ?[0m?[36m?[1m"2"?[0m      ?[90m# ca.mcgill.ecse.coolsupplies.features.OrderStepDefinitions.the_admin_attempts_to_start_a_school_year_for_the_order(java.lang.String)?[0m
  ?[36mThen ?[0m?[36mthe order ?[0m?[36m?[1m"2"?[0m?[36m shall be marked as ?[0m?[36m?[1m"Penalized"?[0m                     ?[90m# ca.mcgill.ecse.coolsupplies.features.OrderStepDefinitions.the_order_shall_be_marked_as(java.lang.String,java.lang.String)?[0m

Scenario Outline: Successfully start a school year for a started order  ?[90m# src/test/resources/ProcessOrder.feature:389?[0m
  ?[33mGiven ?[0m?[33mthe following parent entities exist in the system?[0m               ?[90m# ca.mcgill.ecse.coolsupplies.features.OrderStepDefinitions.the_following_parent_entities_exist_in_the_system(io.cucumber.datatable.DataTable)?[0m
      ?[33mio.cucumber.java.PendingException: TODO: implement me
	at ca.mcgill.ecse.coolsupplies.features.OrderStepDefinitions.the_following_parent_entities_exist_in_the_system(OrderStepDefinitions.java:18)
	at ✽.the following parent entities exist in the system(file:///Users/zhengxuanzhao/IdeaProjects/ecse223-group-project-p8/src/test/resources/ProcessOrder.feature:5)
?[0m
  ?[36mGiven ?[0m?[36mthe following grade entities exist in the system?[0m                ?[90m# ca.mcgill.ecse.coolsupplies.features.OrderStepDefinitions.the_following_grade_entities_exist_in_the_system(io.cucumber.datatable.DataTable)?[0m
  ?[36mGiven ?[0m?[36mthe following student entities exist in the system?[0m              ?[90m# ca.mcgill.ecse.coolsupplies.features.OrderStepDefinitions.the_following_student_entities_exist_in_the_system(io.cucumber.datatable.DataTable)?[0m
  ?[36mGiven ?[0m?[36mthe following student entities exist for a parent in the system?[0m ?[90m# ca.mcgill.ecse.coolsupplies.features.OrderStepDefinitions.the_following_student_entities_exist_for_a_parent_in_the_system(io.cucumber.datatable.DataTable)?[0m
  ?[36mGiven ?[0m?[36mthe following item entities exist in the system?[0m                 ?[90m# ca.mcgill.ecse.coolsupplies.features.OrderStepDefinitions.the_following_item_entities_exist_in_the_system(io.cucumber.datatable.DataTable)?[0m
  ?[36mGiven ?[0m?[36mthe following grade bundle entities exist in the system?[0m         ?[90m# ca.mcgill.ecse.coolsupplies.features.OrderStepDefinitions.the_following_grade_bundle_entities_exist_in_the_system(io.cucumber.datatable.DataTable)?[0m
  ?[36mGiven ?[0m?[36mthe following bundle item entities exist in the system?[0m          ?[90m# ca.mcgill.ecse.coolsupplies.features.OrderStepDefinitions.the_following_bundle_item_entities_exist_in_the_system(io.cucumber.datatable.DataTable)?[0m
  ?[36mGiven ?[0m?[36mthe following order entities exist in the system?[0m                ?[90m# ca.mcgill.ecse.coolsupplies.features.OrderStepDefinitions.the_following_order_entities_exist_in_the_system(io.cucumber.datatable.DataTable)?[0m
  ?[36mGiven ?[0m?[36mthe following order item entities exist in the system?[0m           ?[90m# ca.mcgill.ecse.coolsupplies.features.OrderStepDefinitions.the_following_order_item_entities_exist_in_the_system(io.cucumber.datatable.DataTable)?[0m
  ?[36mGiven ?[0m?[36mthe order ?[0m?[36m?[1m"3"?[0m?[36m is marked as ?[0m?[36m?[1m"Started"?[0m                            ?[90m# ca.mcgill.ecse.coolsupplies.features.OrderStepDefinitions.the_order_is_marked_as(java.lang.String,java.lang.String)?[0m
  ?[36mWhen ?[0m?[36mthe admin attempts to start a school year for the order ?[0m?[36m?[1m"3"?[0m      ?[90m# ca.mcgill.ecse.coolsupplies.features.OrderStepDefinitions.the_admin_attempts_to_start_a_school_year_for_the_order(java.lang.String)?[0m
  ?[36mThen ?[0m?[36mthe order ?[0m?[36m?[1m"3"?[0m?[36m shall be marked as ?[0m?[36m?[1m"Penalized"?[0m                     ?[90m# ca.mcgill.ecse.coolsupplies.features.OrderStepDefinitions.the_order_shall_be_marked_as(java.lang.String,java.lang.String)?[0m

Scenario Outline: Successfully start a school year for a started order  ?[90m# src/test/resources/ProcessOrder.feature:390?[0m
  ?[33mGiven ?[0m?[33mthe following parent entities exist in the system?[0m               ?[90m# ca.mcgill.ecse.coolsupplies.features.OrderStepDefinitions.the_following_parent_entities_exist_in_the_system(io.cucumber.datatable.DataTable)?[0m
      ?[33mio.cucumber.java.PendingException: TODO: implement me
	at ca.mcgill.ecse.coolsupplies.features.OrderStepDefinitions.the_following_parent_entities_exist_in_the_system(OrderStepDefinitions.java:18)
	at ✽.the following parent entities exist in the system(file:///Users/zhengxuanzhao/IdeaProjects/ecse223-group-project-p8/src/test/resources/ProcessOrder.feature:5)
?[0m
  ?[36mGiven ?[0m?[36mthe following grade entities exist in the system?[0m                ?[90m# ca.mcgill.ecse.coolsupplies.features.OrderStepDefinitions.the_following_grade_entities_exist_in_the_system(io.cucumber.datatable.DataTable)?[0m
  ?[36mGiven ?[0m?[36mthe following student entities exist in the system?[0m              ?[90m# ca.mcgill.ecse.coolsupplies.features.OrderStepDefinitions.the_following_student_entities_exist_in_the_system(io.cucumber.datatable.DataTable)?[0m
  ?[36mGiven ?[0m?[36mthe following student entities exist for a parent in the system?[0m ?[90m# ca.mcgill.ecse.coolsupplies.features.OrderStepDefinitions.the_following_student_entities_exist_for_a_parent_in_the_system(io.cucumber.datatable.DataTable)?[0m
  ?[36mGiven ?[0m?[36mthe following item entities exist in the system?[0m                 ?[90m# ca.mcgill.ecse.coolsupplies.features.OrderStepDefinitions.the_following_item_entities_exist_in_the_system(io.cucumber.datatable.DataTable)?[0m
  ?[36mGiven ?[0m?[36mthe following grade bundle entities exist in the system?[0m         ?[90m# ca.mcgill.ecse.coolsupplies.features.OrderStepDefinitions.the_following_grade_bundle_entities_exist_in_the_system(io.cucumber.datatable.DataTable)?[0m
  ?[36mGiven ?[0m?[36mthe following bundle item entities exist in the system?[0m          ?[90m# ca.mcgill.ecse.coolsupplies.features.OrderStepDefinitions.the_following_bundle_item_entities_exist_in_the_system(io.cucumber.datatable.DataTable)?[0m
  ?[36mGiven ?[0m?[36mthe following order entities exist in the system?[0m                ?[90m# ca.mcgill.ecse.coolsupplies.features.OrderStepDefinitions.the_following_order_entities_exist_in_the_system(io.cucumber.datatable.DataTable)?[0m
  ?[36mGiven ?[0m?[36mthe following order item entities exist in the system?[0m           ?[90m# ca.mcgill.ecse.coolsupplies.features.OrderStepDefinitions.the_following_order_item_entities_exist_in_the_system(io.cucumber.datatable.DataTable)?[0m
  ?[36mGiven ?[0m?[36mthe order ?[0m?[36m?[1m"4"?[0m?[36m is marked as ?[0m?[36m?[1m"Started"?[0m                            ?[90m# ca.mcgill.ecse.coolsupplies.features.OrderStepDefinitions.the_order_is_marked_as(java.lang.String,java.lang.String)?[0m
  ?[36mWhen ?[0m?[36mthe admin attempts to start a school year for the order ?[0m?[36m?[1m"4"?[0m      ?[90m# ca.mcgill.ecse.coolsupplies.features.OrderStepDefinitions.the_admin_attempts_to_start_a_school_year_for_the_order(java.lang.String)?[0m
  ?[36mThen ?[0m?[36mthe order ?[0m?[36m?[1m"4"?[0m?[36m shall be marked as ?[0m?[36m?[1m"Penalized"?[0m                     ?[90m# ca.mcgill.ecse.coolsupplies.features.OrderStepDefinitions.the_order_shall_be_marked_as(java.lang.String,java.lang.String)?[0m

Scenario Outline: Successfully start a school year for a paid order     ?[90m# src/test/resources/ProcessOrder.feature:399?[0m
  ?[33mGiven ?[0m?[33mthe following parent entities exist in the system?[0m               ?[90m# ca.mcgill.ecse.coolsupplies.features.OrderStepDefinitions.the_following_parent_entities_exist_in_the_system(io.cucumber.datatable.DataTable)?[0m
      ?[33mio.cucumber.java.PendingException: TODO: implement me
	at ca.mcgill.ecse.coolsupplies.features.OrderStepDefinitions.the_following_parent_entities_exist_in_the_system(OrderStepDefinitions.java:18)
	at ✽.the following parent entities exist in the system(file:///Users/zhengxuanzhao/IdeaProjects/ecse223-group-project-p8/src/test/resources/ProcessOrder.feature:5)
?[0m
  ?[36mGiven ?[0m?[36mthe following grade entities exist in the system?[0m                ?[90m# ca.mcgill.ecse.coolsupplies.features.OrderStepDefinitions.the_following_grade_entities_exist_in_the_system(io.cucumber.datatable.DataTable)?[0m
  ?[36mGiven ?[0m?[36mthe following student entities exist in the system?[0m              ?[90m# ca.mcgill.ecse.coolsupplies.features.OrderStepDefinitions.the_following_student_entities_exist_in_the_system(io.cucumber.datatable.DataTable)?[0m
  ?[36mGiven ?[0m?[36mthe following student entities exist for a parent in the system?[0m ?[90m# ca.mcgill.ecse.coolsupplies.features.OrderStepDefinitions.the_following_student_entities_exist_for_a_parent_in_the_system(io.cucumber.datatable.DataTable)?[0m
  ?[36mGiven ?[0m?[36mthe following item entities exist in the system?[0m                 ?[90m# ca.mcgill.ecse.coolsupplies.features.OrderStepDefinitions.the_following_item_entities_exist_in_the_system(io.cucumber.datatable.DataTable)?[0m
  ?[36mGiven ?[0m?[36mthe following grade bundle entities exist in the system?[0m         ?[90m# ca.mcgill.ecse.coolsupplies.features.OrderStepDefinitions.the_following_grade_bundle_entities_exist_in_the_system(io.cucumber.datatable.DataTable)?[0m
  ?[36mGiven ?[0m?[36mthe following bundle item entities exist in the system?[0m          ?[90m# ca.mcgill.ecse.coolsupplies.features.OrderStepDefinitions.the_following_bundle_item_entities_exist_in_the_system(io.cucumber.datatable.DataTable)?[0m
  ?[36mGiven ?[0m?[36mthe following order entities exist in the system?[0m                ?[90m# ca.mcgill.ecse.coolsupplies.features.OrderStepDefinitions.the_following_order_entities_exist_in_the_system(io.cucumber.datatable.DataTable)?[0m
  ?[36mGiven ?[0m?[36mthe following order item entities exist in the system?[0m           ?[90m# ca.mcgill.ecse.coolsupplies.features.OrderStepDefinitions.the_following_order_item_entities_exist_in_the_system(io.cucumber.datatable.DataTable)?[0m
  ?[36mGiven ?[0m?[36mthe order ?[0m?[36m?[1m"1"?[0m?[36m is marked as ?[0m?[36m?[1m"Paid"?[0m                               ?[90m# ca.mcgill.ecse.coolsupplies.features.OrderStepDefinitions.the_order_is_marked_as(java.lang.String,java.lang.String)?[0m
  ?[36mWhen ?[0m?[36mthe admin attempts to start a school year for the order ?[0m?[36m?[1m"1"?[0m      ?[90m# ca.mcgill.ecse.coolsupplies.features.OrderStepDefinitions.the_admin_attempts_to_start_a_school_year_for_the_order(java.lang.String)?[0m
  ?[36mThen ?[0m?[36mthe order ?[0m?[36m?[1m"1"?[0m?[36m shall be marked as ?[0m?[36m?[1m"Prepared"?[0m                      ?[90m# ca.mcgill.ecse.coolsupplies.features.OrderStepDefinitions.the_order_shall_be_marked_as(java.lang.String,java.lang.String)?[0m

Scenario Outline: Successfully start a school year for a paid order     ?[90m# src/test/resources/ProcessOrder.feature:400?[0m
  ?[33mGiven ?[0m?[33mthe following parent entities exist in the system?[0m               ?[90m# ca.mcgill.ecse.coolsupplies.features.OrderStepDefinitions.the_following_parent_entities_exist_in_the_system(io.cucumber.datatable.DataTable)?[0m
      ?[33mio.cucumber.java.PendingException: TODO: implement me
	at ca.mcgill.ecse.coolsupplies.features.OrderStepDefinitions.the_following_parent_entities_exist_in_the_system(OrderStepDefinitions.java:18)
	at ✽.the following parent entities exist in the system(file:///Users/zhengxuanzhao/IdeaProjects/ecse223-group-project-p8/src/test/resources/ProcessOrder.feature:5)
?[0m
  ?[36mGiven ?[0m?[36mthe following grade entities exist in the system?[0m                ?[90m# ca.mcgill.ecse.coolsupplies.features.OrderStepDefinitions.the_following_grade_entities_exist_in_the_system(io.cucumber.datatable.DataTable)?[0m
  ?[36mGiven ?[0m?[36mthe following student entities exist in the system?[0m              ?[90m# ca.mcgill.ecse.coolsupplies.features.OrderStepDefinitions.the_following_student_entities_exist_in_the_system(io.cucumber.datatable.DataTable)?[0m
  ?[36mGiven ?[0m?[36mthe following student entities exist for a parent in the system?[0m ?[90m# ca.mcgill.ecse.coolsupplies.features.OrderStepDefinitions.the_following_student_entities_exist_for_a_parent_in_the_system(io.cucumber.datatable.DataTable)?[0m
  ?[36mGiven ?[0m?[36mthe following item entities exist in the system?[0m                 ?[90m# ca.mcgill.ecse.coolsupplies.features.OrderStepDefinitions.the_following_item_entities_exist_in_the_system(io.cucumber.datatable.DataTable)?[0m
  ?[36mGiven ?[0m?[36mthe following grade bundle entities exist in the system?[0m         ?[90m# ca.mcgill.ecse.coolsupplies.features.OrderStepDefinitions.the_following_grade_bundle_entities_exist_in_the_system(io.cucumber.datatable.DataTable)?[0m
  ?[36mGiven ?[0m?[36mthe following bundle item entities exist in the system?[0m          ?[90m# ca.mcgill.ecse.coolsupplies.features.OrderStepDefinitions.the_following_bundle_item_entities_exist_in_the_system(io.cucumber.datatable.DataTable)?[0m
  ?[36mGiven ?[0m?[36mthe following order entities exist in the system?[0m                ?[90m# ca.mcgill.ecse.coolsupplies.features.OrderStepDefinitions.the_following_order_entities_exist_in_the_system(io.cucumber.datatable.DataTable)?[0m
  ?[36mGiven ?[0m?[36mthe following order item entities exist in the system?[0m           ?[90m# ca.mcgill.ecse.coolsupplies.features.OrderStepDefinitions.the_following_order_item_entities_exist_in_the_system(io.cucumber.datatable.DataTable)?[0m
  ?[36mGiven ?[0m?[36mthe order ?[0m?[36m?[1m"2"?[0m?[36m is marked as ?[0m?[36m?[1m"Paid"?[0m                               ?[90m# ca.mcgill.ecse.coolsupplies.features.OrderStepDefinitions.the_order_is_marked_as(java.lang.String,java.lang.String)?[0m
  ?[36mWhen ?[0m?[36mthe admin attempts to start a school year for the order ?[0m?[36m?[1m"2"?[0m      ?[90m# ca.mcgill.ecse.coolsupplies.features.OrderStepDefinitions.the_admin_attempts_to_start_a_school_year_for_the_order(java.lang.String)?[0m
  ?[36mThen ?[0m?[36mthe order ?[0m?[36m?[1m"2"?[0m?[36m shall be marked as ?[0m?[36m?[1m"Prepared"?[0m                      ?[90m# ca.mcgill.ecse.coolsupplies.features.OrderStepDefinitions.the_order_shall_be_marked_as(java.lang.String,java.lang.String)?[0m

Scenario Outline: Successfully start a school year for a paid order     ?[90m# src/test/resources/ProcessOrder.feature:401?[0m
  ?[33mGiven ?[0m?[33mthe following parent entities exist in the system?[0m               ?[90m# ca.mcgill.ecse.coolsupplies.features.OrderStepDefinitions.the_following_parent_entities_exist_in_the_system(io.cucumber.datatable.DataTable)?[0m
      ?[33mio.cucumber.java.PendingException: TODO: implement me
	at ca.mcgill.ecse.coolsupplies.features.OrderStepDefinitions.the_following_parent_entities_exist_in_the_system(OrderStepDefinitions.java:18)
	at ✽.the following parent entities exist in the system(file:///Users/zhengxuanzhao/IdeaProjects/ecse223-group-project-p8/src/test/resources/ProcessOrder.feature:5)
?[0m
  ?[36mGiven ?[0m?[36mthe following grade entities exist in the system?[0m                ?[90m# ca.mcgill.ecse.coolsupplies.features.OrderStepDefinitions.the_following_grade_entities_exist_in_the_system(io.cucumber.datatable.DataTable)?[0m
  ?[36mGiven ?[0m?[36mthe following student entities exist in the system?[0m              ?[90m# ca.mcgill.ecse.coolsupplies.features.OrderStepDefinitions.the_following_student_entities_exist_in_the_system(io.cucumber.datatable.DataTable)?[0m
  ?[36mGiven ?[0m?[36mthe following student entities exist for a parent in the system?[0m ?[90m# ca.mcgill.ecse.coolsupplies.features.OrderStepDefinitions.the_following_student_entities_exist_for_a_parent_in_the_system(io.cucumber.datatable.DataTable)?[0m
  ?[36mGiven ?[0m?[36mthe following item entities exist in the system?[0m                 ?[90m# ca.mcgill.ecse.coolsupplies.features.OrderStepDefinitions.the_following_item_entities_exist_in_the_system(io.cucumber.datatable.DataTable)?[0m
  ?[36mGiven ?[0m?[36mthe following grade bundle entities exist in the system?[0m         ?[90m# ca.mcgill.ecse.coolsupplies.features.OrderStepDefinitions.the_following_grade_bundle_entities_exist_in_the_system(io.cucumber.datatable.DataTable)?[0m
  ?[36mGiven ?[0m?[36mthe following bundle item entities exist in the system?[0m          ?[90m# ca.mcgill.ecse.coolsupplies.features.OrderStepDefinitions.the_following_bundle_item_entities_exist_in_the_system(io.cucumber.datatable.DataTable)?[0m
  ?[36mGiven ?[0m?[36mthe following order entities exist in the system?[0m                ?[90m# ca.mcgill.ecse.coolsupplies.features.OrderStepDefinitions.the_following_order_entities_exist_in_the_system(io.cucumber.datatable.DataTable)?[0m
  ?[36mGiven ?[0m?[36mthe following order item entities exist in the system?[0m           ?[90m# ca.mcgill.ecse.coolsupplies.features.OrderStepDefinitions.the_following_order_item_entities_exist_in_the_system(io.cucumber.datatable.DataTable)?[0m
  ?[36mGiven ?[0m?[36mthe order ?[0m?[36m?[1m"3"?[0m?[36m is marked as ?[0m?[36m?[1m"Paid"?[0m                               ?[90m# ca.mcgill.ecse.coolsupplies.features.OrderStepDefinitions.the_order_is_marked_as(java.lang.String,java.lang.String)?[0m
  ?[36mWhen ?[0m?[36mthe admin attempts to start a school year for the order ?[0m?[36m?[1m"3"?[0m      ?[90m# ca.mcgill.ecse.coolsupplies.features.OrderStepDefinitions.the_admin_attempts_to_start_a_school_year_for_the_order(java.lang.String)?[0m
  ?[36mThen ?[0m?[36mthe order ?[0m?[36m?[1m"3"?[0m?[36m shall be marked as ?[0m?[36m?[1m"Prepared"?[0m                      ?[90m# ca.mcgill.ecse.coolsupplies.features.OrderStepDefinitions.the_order_shall_be_marked_as(java.lang.String,java.lang.String)?[0m

Scenario Outline: Successfully start a school year for a paid order     ?[90m# src/test/resources/ProcessOrder.feature:402?[0m
  ?[33mGiven ?[0m?[33mthe following parent entities exist in the system?[0m               ?[90m# ca.mcgill.ecse.coolsupplies.features.OrderStepDefinitions.the_following_parent_entities_exist_in_the_system(io.cucumber.datatable.DataTable)?[0m
      ?[33mio.cucumber.java.PendingException: TODO: implement me
	at ca.mcgill.ecse.coolsupplies.features.OrderStepDefinitions.the_following_parent_entities_exist_in_the_system(OrderStepDefinitions.java:18)
	at ✽.the following parent entities exist in the system(file:///Users/zhengxuanzhao/IdeaProjects/ecse223-group-project-p8/src/test/resources/ProcessOrder.feature:5)
?[0m
  ?[36mGiven ?[0m?[36mthe following grade entities exist in the system?[0m                ?[90m# ca.mcgill.ecse.coolsupplies.features.OrderStepDefinitions.the_following_grade_entities_exist_in_the_system(io.cucumber.datatable.DataTable)?[0m
  ?[36mGiven ?[0m?[36mthe following student entities exist in the system?[0m              ?[90m# ca.mcgill.ecse.coolsupplies.features.OrderStepDefinitions.the_following_student_entities_exist_in_the_system(io.cucumber.datatable.DataTable)?[0m
  ?[36mGiven ?[0m?[36mthe following student entities exist for a parent in the system?[0m ?[90m# ca.mcgill.ecse.coolsupplies.features.OrderStepDefinitions.the_following_student_entities_exist_for_a_parent_in_the_system(io.cucumber.datatable.DataTable)?[0m
  ?[36mGiven ?[0m?[36mthe following item entities exist in the system?[0m                 ?[90m# ca.mcgill.ecse.coolsupplies.features.OrderStepDefinitions.the_following_item_entities_exist_in_the_system(io.cucumber.datatable.DataTable)?[0m
  ?[36mGiven ?[0m?[36mthe following grade bundle entities exist in the system?[0m         ?[90m# ca.mcgill.ecse.coolsupplies.features.OrderStepDefinitions.the_following_grade_bundle_entities_exist_in_the_system(io.cucumber.datatable.DataTable)?[0m
  ?[36mGiven ?[0m?[36mthe following bundle item entities exist in the system?[0m          ?[90m# ca.mcgill.ecse.coolsupplies.features.OrderStepDefinitions.the_following_bundle_item_entities_exist_in_the_system(io.cucumber.datatable.DataTable)?[0m
  ?[36mGiven ?[0m?[36mthe following order entities exist in the system?[0m                ?[90m# ca.mcgill.ecse.coolsupplies.features.OrderStepDefinitions.the_following_order_entities_exist_in_the_system(io.cucumber.datatable.DataTable)?[0m
  ?[36mGiven ?[0m?[36mthe following order item entities exist in the system?[0m           ?[90m# ca.mcgill.ecse.coolsupplies.features.OrderStepDefinitions.the_following_order_item_entities_exist_in_the_system(io.cucumber.datatable.DataTable)?[0m
  ?[36mGiven ?[0m?[36mthe order ?[0m?[36m?[1m"4"?[0m?[36m is marked as ?[0m?[36m?[1m"Paid"?[0m                               ?[90m# ca.mcgill.ecse.coolsupplies.features.OrderStepDefinitions.the_order_is_marked_as(java.lang.String,java.lang.String)?[0m
  ?[36mWhen ?[0m?[36mthe admin attempts to start a school year for the order ?[0m?[36m?[1m"4"?[0m      ?[90m# ca.mcgill.ecse.coolsupplies.features.OrderStepDefinitions.the_admin_attempts_to_start_a_school_year_for_the_order(java.lang.String)?[0m
  ?[36mThen ?[0m?[36mthe order ?[0m?[36m?[1m"4"?[0m?[36m shall be marked as ?[0m?[36m?[1m"Prepared"?[0m                      ?[90m# ca.mcgill.ecse.coolsupplies.features.OrderStepDefinitions.the_order_shall_be_marked_as(java.lang.String,java.lang.String)?[0m

Scenario Outline: Unsuccessfully start a school year for an order due to non-existing order ?[90m# src/test/resources/ProcessOrder.feature:411?[0m
  ?[33mGiven ?[0m?[33mthe following parent entities exist in the system?[0m                                   ?[90m# ca.mcgill.ecse.coolsupplies.features.OrderStepDefinitions.the_following_parent_entities_exist_in_the_system(io.cucumber.datatable.DataTable)?[0m
      ?[33mio.cucumber.java.PendingException: TODO: implement me
	at ca.mcgill.ecse.coolsupplies.features.OrderStepDefinitions.the_following_parent_entities_exist_in_the_system(OrderStepDefinitions.java:18)
	at ✽.the following parent entities exist in the system(file:///Users/zhengxuanzhao/IdeaProjects/ecse223-group-project-p8/src/test/resources/ProcessOrder.feature:5)
?[0m
  ?[36mGiven ?[0m?[36mthe following grade entities exist in the system?[0m                                    ?[90m# ca.mcgill.ecse.coolsupplies.features.OrderStepDefinitions.the_following_grade_entities_exist_in_the_system(io.cucumber.datatable.DataTable)?[0m
  ?[36mGiven ?[0m?[36mthe following student entities exist in the system?[0m                                  ?[90m# ca.mcgill.ecse.coolsupplies.features.OrderStepDefinitions.the_following_student_entities_exist_in_the_system(io.cucumber.datatable.DataTable)?[0m
  ?[36mGiven ?[0m?[36mthe following student entities exist for a parent in the system?[0m                     ?[90m# ca.mcgill.ecse.coolsupplies.features.OrderStepDefinitions.the_following_student_entities_exist_for_a_parent_in_the_system(io.cucumber.datatable.DataTable)?[0m
  ?[36mGiven ?[0m?[36mthe following item entities exist in the system?[0m                                     ?[90m# ca.mcgill.ecse.coolsupplies.features.OrderStepDefinitions.the_following_item_entities_exist_in_the_system(io.cucumber.datatable.DataTable)?[0m
  ?[36mGiven ?[0m?[36mthe following grade bundle entities exist in the system?[0m                             ?[90m# ca.mcgill.ecse.coolsupplies.features.OrderStepDefinitions.the_following_grade_bundle_entities_exist_in_the_system(io.cucumber.datatable.DataTable)?[0m
  ?[36mGiven ?[0m?[36mthe following bundle item entities exist in the system?[0m                              ?[90m# ca.mcgill.ecse.coolsupplies.features.OrderStepDefinitions.the_following_bundle_item_entities_exist_in_the_system(io.cucumber.datatable.DataTable)?[0m
  ?[36mGiven ?[0m?[36mthe following order entities exist in the system?[0m                                    ?[90m# ca.mcgill.ecse.coolsupplies.features.OrderStepDefinitions.the_following_order_entities_exist_in_the_system(io.cucumber.datatable.DataTable)?[0m
  ?[36mGiven ?[0m?[36mthe following order item entities exist in the system?[0m                               ?[90m# ca.mcgill.ecse.coolsupplies.features.OrderStepDefinitions.the_following_order_item_entities_exist_in_the_system(io.cucumber.datatable.DataTable)?[0m
  ?[36mWhen ?[0m?[36mthe admin attempts to start a school year for the order ?[0m?[36m?[1m"10"?[0m                         ?[90m# ca.mcgill.ecse.coolsupplies.features.OrderStepDefinitions.the_admin_attempts_to_start_a_school_year_for_the_order(java.lang.String)?[0m
  ?[36mThen ?[0m?[36mthe number of orders in the system shall be ?[0m?[36m?[1m"4"?[0m                                      ?[90m# ca.mcgill.ecse.coolsupplies.features.OrderStepDefinitions.the_number_of_orders_in_the_system_shall_be(java.lang.String)?[0m
  ?[36mThen ?[0m?[36mthe error ?[0m?[36m?[1m"Order 10 does not exist"?[0m?[36m shall be raised?[0m                                  ?[90m# ca.mcgill.ecse.coolsupplies.features.OrderStepDefinitions.the_error_shall_be_raised(java.lang.String)?[0m

Scenario Outline: Unsuccessfully start a school year for an order due to non-existing order ?[90m# src/test/resources/ProcessOrder.feature:412?[0m
  ?[33mGiven ?[0m?[33mthe following parent entities exist in the system?[0m                                   ?[90m# ca.mcgill.ecse.coolsupplies.features.OrderStepDefinitions.the_following_parent_entities_exist_in_the_system(io.cucumber.datatable.DataTable)?[0m
      ?[33mio.cucumber.java.PendingException: TODO: implement me
	at ca.mcgill.ecse.coolsupplies.features.OrderStepDefinitions.the_following_parent_entities_exist_in_the_system(OrderStepDefinitions.java:18)
	at ✽.the following parent entities exist in the system(file:///Users/zhengxuanzhao/IdeaProjects/ecse223-group-project-p8/src/test/resources/ProcessOrder.feature:5)
?[0m
  ?[36mGiven ?[0m?[36mthe following grade entities exist in the system?[0m                                    ?[90m# ca.mcgill.ecse.coolsupplies.features.OrderStepDefinitions.the_following_grade_entities_exist_in_the_system(io.cucumber.datatable.DataTable)?[0m
  ?[36mGiven ?[0m?[36mthe following student entities exist in the system?[0m                                  ?[90m# ca.mcgill.ecse.coolsupplies.features.OrderStepDefinitions.the_following_student_entities_exist_in_the_system(io.cucumber.datatable.DataTable)?[0m
  ?[36mGiven ?[0m?[36mthe following student entities exist for a parent in the system?[0m                     ?[90m# ca.mcgill.ecse.coolsupplies.features.OrderStepDefinitions.the_following_student_entities_exist_for_a_parent_in_the_system(io.cucumber.datatable.DataTable)?[0m
  ?[36mGiven ?[0m?[36mthe following item entities exist in the system?[0m                                     ?[90m# ca.mcgill.ecse.coolsupplies.features.OrderStepDefinitions.the_following_item_entities_exist_in_the_system(io.cucumber.datatable.DataTable)?[0m
  ?[36mGiven ?[0m?[36mthe following grade bundle entities exist in the system?[0m                             ?[90m# ca.mcgill.ecse.coolsupplies.features.OrderStepDefinitions.the_following_grade_bundle_entities_exist_in_the_system(io.cucumber.datatable.DataTable)?[0m
  ?[36mGiven ?[0m?[36mthe following bundle item entities exist in the system?[0m                              ?[90m# ca.mcgill.ecse.coolsupplies.features.OrderStepDefinitions.the_following_bundle_item_entities_exist_in_the_system(io.cucumber.datatable.DataTable)?[0m
  ?[36mGiven ?[0m?[36mthe following order entities exist in the system?[0m                                    ?[90m# ca.mcgill.ecse.coolsupplies.features.OrderStepDefinitions.the_following_order_entities_exist_in_the_system(io.cucumber.datatable.DataTable)?[0m
  ?[36mGiven ?[0m?[36mthe following order item entities exist in the system?[0m                               ?[90m# ca.mcgill.ecse.coolsupplies.features.OrderStepDefinitions.the_following_order_item_entities_exist_in_the_system(io.cucumber.datatable.DataTable)?[0m
  ?[36mWhen ?[0m?[36mthe admin attempts to start a school year for the order ?[0m?[36m?[1m"20"?[0m                         ?[90m# ca.mcgill.ecse.coolsupplies.features.OrderStepDefinitions.the_admin_attempts_to_start_a_school_year_for_the_order(java.lang.String)?[0m
  ?[36mThen ?[0m?[36mthe number of orders in the system shall be ?[0m?[36m?[1m"4"?[0m                                      ?[90m# ca.mcgill.ecse.coolsupplies.features.OrderStepDefinitions.the_number_of_orders_in_the_system_shall_be(java.lang.String)?[0m
  ?[36mThen ?[0m?[36mthe error ?[0m?[36m?[1m"Order 20 does not exist"?[0m?[36m shall be raised?[0m                                  ?[90m# ca.mcgill.ecse.coolsupplies.features.OrderStepDefinitions.the_error_shall_be_raised(java.lang.String)?[0m

Scenario Outline: Unsuccessfully start a school year for an order due to wrong state ?[90m# src/test/resources/ProcessOrder.feature:422?[0m
  ?[33mGiven ?[0m?[33mthe following parent entities exist in the system?[0m                            ?[90m# ca.mcgill.ecse.coolsupplies.features.OrderStepDefinitions.the_following_parent_entities_exist_in_the_system(io.cucumber.datatable.DataTable)?[0m
      ?[33mio.cucumber.java.PendingException: TODO: implement me
	at ca.mcgill.ecse.coolsupplies.features.OrderStepDefinitions.the_following_parent_entities_exist_in_the_system(OrderStepDefinitions.java:18)
	at ✽.the following parent entities exist in the system(file:///Users/zhengxuanzhao/IdeaProjects/ecse223-group-project-p8/src/test/resources/ProcessOrder.feature:5)
?[0m
  ?[36mGiven ?[0m?[36mthe following grade entities exist in the system?[0m                             ?[90m# ca.mcgill.ecse.coolsupplies.features.OrderStepDefinitions.the_following_grade_entities_exist_in_the_system(io.cucumber.datatable.DataTable)?[0m
  ?[36mGiven ?[0m?[36mthe following student entities exist in the system?[0m                           ?[90m# ca.mcgill.ecse.coolsupplies.features.OrderStepDefinitions.the_following_student_entities_exist_in_the_system(io.cucumber.datatable.DataTable)?[0m
  ?[36mGiven ?[0m?[36mthe following student entities exist for a parent in the system?[0m              ?[90m# ca.mcgill.ecse.coolsupplies.features.OrderStepDefinitions.the_following_student_entities_exist_for_a_parent_in_the_system(io.cucumber.datatable.DataTable)?[0m
  ?[36mGiven ?[0m?[36mthe following item entities exist in the system?[0m                              ?[90m# ca.mcgill.ecse.coolsupplies.features.OrderStepDefinitions.the_following_item_entities_exist_in_the_system(io.cucumber.datatable.DataTable)?[0m
  ?[36mGiven ?[0m?[36mthe following grade bundle entities exist in the system?[0m                      ?[90m# ca.mcgill.ecse.coolsupplies.features.OrderStepDefinitions.the_following_grade_bundle_entities_exist_in_the_system(io.cucumber.datatable.DataTable)?[0m
  ?[36mGiven ?[0m?[36mthe following bundle item entities exist in the system?[0m                       ?[90m# ca.mcgill.ecse.coolsupplies.features.OrderStepDefinitions.the_following_bundle_item_entities_exist_in_the_system(io.cucumber.datatable.DataTable)?[0m
  ?[36mGiven ?[0m?[36mthe following order entities exist in the system?[0m                             ?[90m# ca.mcgill.ecse.coolsupplies.features.OrderStepDefinitions.the_following_order_entities_exist_in_the_system(io.cucumber.datatable.DataTable)?[0m
  ?[36mGiven ?[0m?[36mthe following order item entities exist in the system?[0m                        ?[90m# ca.mcgill.ecse.coolsupplies.features.OrderStepDefinitions.the_following_order_item_entities_exist_in_the_system(io.cucumber.datatable.DataTable)?[0m
  ?[36mGiven ?[0m?[36mthe order ?[0m?[36m?[1m"1"?[0m?[36m is marked as ?[0m?[36m?[1m"Penalized"?[0m                                       ?[90m# ca.mcgill.ecse.coolsupplies.features.OrderStepDefinitions.the_order_is_marked_as(java.lang.String,java.lang.String)?[0m
  ?[36mWhen ?[0m?[36mthe admin attempts to start a school year for the order ?[0m?[36m?[1m"1"?[0m                   ?[90m# ca.mcgill.ecse.coolsupplies.features.OrderStepDefinitions.the_admin_attempts_to_start_a_school_year_for_the_order(java.lang.String)?[0m
  ?[36mThen ?[0m?[36mthe order ?[0m?[36m?[1m"1"?[0m?[36m shall be marked as ?[0m?[36m?[1m"Penalized"?[0m                                  ?[90m# ca.mcgill.ecse.coolsupplies.features.OrderStepDefinitions.the_order_shall_be_marked_as(java.lang.String,java.lang.String)?[0m
  ?[36mThen ?[0m?[36mthe error ?[0m?[36m?[1m"The school year has already been started"?[0m?[36m shall be raised?[0m          ?[90m# ca.mcgill.ecse.coolsupplies.features.OrderStepDefinitions.the_error_shall_be_raised(java.lang.String)?[0m

Scenario Outline: Unsuccessfully start a school year for an order due to wrong state ?[90m# src/test/resources/ProcessOrder.feature:423?[0m
  ?[33mGiven ?[0m?[33mthe following parent entities exist in the system?[0m                            ?[90m# ca.mcgill.ecse.coolsupplies.features.OrderStepDefinitions.the_following_parent_entities_exist_in_the_system(io.cucumber.datatable.DataTable)?[0m
      ?[33mio.cucumber.java.PendingException: TODO: implement me
	at ca.mcgill.ecse.coolsupplies.features.OrderStepDefinitions.the_following_parent_entities_exist_in_the_system(OrderStepDefinitions.java:18)
	at ✽.the following parent entities exist in the system(file:///Users/zhengxuanzhao/IdeaProjects/ecse223-group-project-p8/src/test/resources/ProcessOrder.feature:5)
?[0m
  ?[36mGiven ?[0m?[36mthe following grade entities exist in the system?[0m                             ?[90m# ca.mcgill.ecse.coolsupplies.features.OrderStepDefinitions.the_following_grade_entities_exist_in_the_system(io.cucumber.datatable.DataTable)?[0m
  ?[36mGiven ?[0m?[36mthe following student entities exist in the system?[0m                           ?[90m# ca.mcgill.ecse.coolsupplies.features.OrderStepDefinitions.the_following_student_entities_exist_in_the_system(io.cucumber.datatable.DataTable)?[0m
  ?[36mGiven ?[0m?[36mthe following student entities exist for a parent in the system?[0m              ?[90m# ca.mcgill.ecse.coolsupplies.features.OrderStepDefinitions.the_following_student_entities_exist_for_a_parent_in_the_system(io.cucumber.datatable.DataTable)?[0m
  ?[36mGiven ?[0m?[36mthe following item entities exist in the system?[0m                              ?[90m# ca.mcgill.ecse.coolsupplies.features.OrderStepDefinitions.the_following_item_entities_exist_in_the_system(io.cucumber.datatable.DataTable)?[0m
  ?[36mGiven ?[0m?[36mthe following grade bundle entities exist in the system?[0m                      ?[90m# ca.mcgill.ecse.coolsupplies.features.OrderStepDefinitions.the_following_grade_bundle_entities_exist_in_the_system(io.cucumber.datatable.DataTable)?[0m
  ?[36mGiven ?[0m?[36mthe following bundle item entities exist in the system?[0m                       ?[90m# ca.mcgill.ecse.coolsupplies.features.OrderStepDefinitions.the_following_bundle_item_entities_exist_in_the_system(io.cucumber.datatable.DataTable)?[0m
  ?[36mGiven ?[0m?[36mthe following order entities exist in the system?[0m                             ?[90m# ca.mcgill.ecse.coolsupplies.features.OrderStepDefinitions.the_following_order_entities_exist_in_the_system(io.cucumber.datatable.DataTable)?[0m
  ?[36mGiven ?[0m?[36mthe following order item entities exist in the system?[0m                        ?[90m# ca.mcgill.ecse.coolsupplies.features.OrderStepDefinitions.the_following_order_item_entities_exist_in_the_system(io.cucumber.datatable.DataTable)?[0m
  ?[36mGiven ?[0m?[36mthe order ?[0m?[36m?[1m"1"?[0m?[36m is marked as ?[0m?[36m?[1m"Prepared"?[0m                                        ?[90m# ca.mcgill.ecse.coolsupplies.features.OrderStepDefinitions.the_order_is_marked_as(java.lang.String,java.lang.String)?[0m
  ?[36mWhen ?[0m?[36mthe admin attempts to start a school year for the order ?[0m?[36m?[1m"1"?[0m                   ?[90m# ca.mcgill.ecse.coolsupplies.features.OrderStepDefinitions.the_admin_attempts_to_start_a_school_year_for_the_order(java.lang.String)?[0m
  ?[36mThen ?[0m?[36mthe order ?[0m?[36m?[1m"1"?[0m?[36m shall be marked as ?[0m?[36m?[1m"Prepared"?[0m                                   ?[90m# ca.mcgill.ecse.coolsupplies.features.OrderStepDefinitions.the_order_shall_be_marked_as(java.lang.String,java.lang.String)?[0m
  ?[36mThen ?[0m?[36mthe error ?[0m?[36m?[1m"The school year has already been started"?[0m?[36m shall be raised?[0m          ?[90m# ca.mcgill.ecse.coolsupplies.features.OrderStepDefinitions.the_error_shall_be_raised(java.lang.String)?[0m

Scenario Outline: Unsuccessfully start a school year for an order due to wrong state ?[90m# src/test/resources/ProcessOrder.feature:424?[0m
  ?[33mGiven ?[0m?[33mthe following parent entities exist in the system?[0m                            ?[90m# ca.mcgill.ecse.coolsupplies.features.OrderStepDefinitions.the_following_parent_entities_exist_in_the_system(io.cucumber.datatable.DataTable)?[0m
      ?[33mio.cucumber.java.PendingException: TODO: implement me
	at ca.mcgill.ecse.coolsupplies.features.OrderStepDefinitions.the_following_parent_entities_exist_in_the_system(OrderStepDefinitions.java:18)
	at ✽.the following parent entities exist in the system(file:///Users/zhengxuanzhao/IdeaProjects/ecse223-group-project-p8/src/test/resources/ProcessOrder.feature:5)
?[0m
  ?[36mGiven ?[0m?[36mthe following grade entities exist in the system?[0m                             ?[90m# ca.mcgill.ecse.coolsupplies.features.OrderStepDefinitions.the_following_grade_entities_exist_in_the_system(io.cucumber.datatable.DataTable)?[0m
  ?[36mGiven ?[0m?[36mthe following student entities exist in the system?[0m                           ?[90m# ca.mcgill.ecse.coolsupplies.features.OrderStepDefinitions.the_following_student_entities_exist_in_the_system(io.cucumber.datatable.DataTable)?[0m
  ?[36mGiven ?[0m?[36mthe following student entities exist for a parent in the system?[0m              ?[90m# ca.mcgill.ecse.coolsupplies.features.OrderStepDefinitions.the_following_student_entities_exist_for_a_parent_in_the_system(io.cucumber.datatable.DataTable)?[0m
  ?[36mGiven ?[0m?[36mthe following item entities exist in the system?[0m                              ?[90m# ca.mcgill.ecse.coolsupplies.features.OrderStepDefinitions.the_following_item_entities_exist_in_the_system(io.cucumber.datatable.DataTable)?[0m
  ?[36mGiven ?[0m?[36mthe following grade bundle entities exist in the system?[0m                      ?[90m# ca.mcgill.ecse.coolsupplies.features.OrderStepDefinitions.the_following_grade_bundle_entities_exist_in_the_system(io.cucumber.datatable.DataTable)?[0m
  ?[36mGiven ?[0m?[36mthe following bundle item entities exist in the system?[0m                       ?[90m# ca.mcgill.ecse.coolsupplies.features.OrderStepDefinitions.the_following_bundle_item_entities_exist_in_the_system(io.cucumber.datatable.DataTable)?[0m
  ?[36mGiven ?[0m?[36mthe following order entities exist in the system?[0m                             ?[90m# ca.mcgill.ecse.coolsupplies.features.OrderStepDefinitions.the_following_order_entities_exist_in_the_system(io.cucumber.datatable.DataTable)?[0m
  ?[36mGiven ?[0m?[36mthe following order item entities exist in the system?[0m                        ?[90m# ca.mcgill.ecse.coolsupplies.features.OrderStepDefinitions.the_following_order_item_entities_exist_in_the_system(io.cucumber.datatable.DataTable)?[0m
  ?[36mGiven ?[0m?[36mthe order ?[0m?[36m?[1m"1"?[0m?[36m is marked as ?[0m?[36m?[1m"PickedUp"?[0m                                        ?[90m# ca.mcgill.ecse.coolsupplies.features.OrderStepDefinitions.the_order_is_marked_as(java.lang.String,java.lang.String)?[0m
  ?[36mWhen ?[0m?[36mthe admin attempts to start a school year for the order ?[0m?[36m?[1m"1"?[0m                   ?[90m# ca.mcgill.ecse.coolsupplies.features.OrderStepDefinitions.the_admin_attempts_to_start_a_school_year_for_the_order(java.lang.String)?[0m
  ?[36mThen ?[0m?[36mthe order ?[0m?[36m?[1m"1"?[0m?[36m shall be marked as ?[0m?[36m?[1m"PickedUp"?[0m                                   ?[90m# ca.mcgill.ecse.coolsupplies.features.OrderStepDefinitions.the_order_shall_be_marked_as(java.lang.String,java.lang.String)?[0m
  ?[36mThen ?[0m?[36mthe error ?[0m?[36m?[1m"The school year has already been started"?[0m?[36m shall be raised?[0m          ?[90m# ca.mcgill.ecse.coolsupplies.features.OrderStepDefinitions.the_error_shall_be_raised(java.lang.String)?[0m

Scenario Outline: Successfully pay penalty for a penalized order                                                                 ?[90m# src/test/resources/ProcessOrder.feature:435?[0m
  ?[33mGiven ?[0m?[33mthe following parent entities exist in the system?[0m                                                                        ?[90m# ca.mcgill.ecse.coolsupplies.features.OrderStepDefinitions.the_following_parent_entities_exist_in_the_system(io.cucumber.datatable.DataTable)?[0m
      ?[33mio.cucumber.java.PendingException: TODO: implement me
	at ca.mcgill.ecse.coolsupplies.features.OrderStepDefinitions.the_following_parent_entities_exist_in_the_system(OrderStepDefinitions.java:18)
	at ✽.the following parent entities exist in the system(file:///Users/zhengxuanzhao/IdeaProjects/ecse223-group-project-p8/src/test/resources/ProcessOrder.feature:5)
?[0m
  ?[36mGiven ?[0m?[36mthe following grade entities exist in the system?[0m                                                                         ?[90m# ca.mcgill.ecse.coolsupplies.features.OrderStepDefinitions.the_following_grade_entities_exist_in_the_system(io.cucumber.datatable.DataTable)?[0m
  ?[36mGiven ?[0m?[36mthe following student entities exist in the system?[0m                                                                       ?[90m# ca.mcgill.ecse.coolsupplies.features.OrderStepDefinitions.the_following_student_entities_exist_in_the_system(io.cucumber.datatable.DataTable)?[0m
  ?[36mGiven ?[0m?[36mthe following student entities exist for a parent in the system?[0m                                                          ?[90m# ca.mcgill.ecse.coolsupplies.features.OrderStepDefinitions.the_following_student_entities_exist_for_a_parent_in_the_system(io.cucumber.datatable.DataTable)?[0m
  ?[36mGiven ?[0m?[36mthe following item entities exist in the system?[0m                                                                          ?[90m# ca.mcgill.ecse.coolsupplies.features.OrderStepDefinitions.the_following_item_entities_exist_in_the_system(io.cucumber.datatable.DataTable)?[0m
  ?[36mGiven ?[0m?[36mthe following grade bundle entities exist in the system?[0m                                                                  ?[90m# ca.mcgill.ecse.coolsupplies.features.OrderStepDefinitions.the_following_grade_bundle_entities_exist_in_the_system(io.cucumber.datatable.DataTable)?[0m
  ?[36mGiven ?[0m?[36mthe following bundle item entities exist in the system?[0m                                                                   ?[90m# ca.mcgill.ecse.coolsupplies.features.OrderStepDefinitions.the_following_bundle_item_entities_exist_in_the_system(io.cucumber.datatable.DataTable)?[0m
  ?[36mGiven ?[0m?[36mthe following order entities exist in the system?[0m                                                                         ?[90m# ca.mcgill.ecse.coolsupplies.features.OrderStepDefinitions.the_following_order_entities_exist_in_the_system(io.cucumber.datatable.DataTable)?[0m
  ?[36mGiven ?[0m?[36mthe following order item entities exist in the system?[0m                                                                    ?[90m# ca.mcgill.ecse.coolsupplies.features.OrderStepDefinitions.the_following_order_item_entities_exist_in_the_system(io.cucumber.datatable.DataTable)?[0m
  ?[36mGiven ?[0m?[36mthe order ?[0m?[36m?[1m"1"?[0m?[36m is marked as ?[0m?[36m?[1m"Penalized"?[0m                                                                                   ?[90m# ca.mcgill.ecse.coolsupplies.features.OrderStepDefinitions.the_order_is_marked_as(java.lang.String,java.lang.String)?[0m
  ?[36mWhen ?[0m?[36mthe parent attempts to pay penalty for the order ?[0m?[36m?[1m"1"?[0m?[36m with penalty authorization code ?[0m?[36m?[1m"1234"?[0m?[36m and authorization code ?[0m?[36m?[1m"5678"?[0m ?[90m# ca.mcgill.ecse.coolsupplies.features.OrderStepDefinitions.the_parent_attempts_to_pay_penalty_for_the_order_with_penalty_authorization_code_and_authorization_code(java.lang.String,java.lang.String,java.lang.String)?[0m
  ?[36mThen ?[0m?[36mthe order ?[0m?[36m?[1m"1"?[0m?[36m shall be marked as ?[0m?[36m?[1m"Prepared"?[0m                                                                               ?[90m# ca.mcgill.ecse.coolsupplies.features.OrderStepDefinitions.the_order_shall_be_marked_as(java.lang.String,java.lang.String)?[0m
  ?[36mThen ?[0m?[36mthe order ?[0m?[36m?[1m"1"?[0m?[36m shall contain penalty authorization code ?[0m?[36m?[1m"1234"?[0m                                                             ?[90m# ca.mcgill.ecse.coolsupplies.features.OrderStepDefinitions.the_order_shall_contain_penalty_authorization_code(java.lang.String,java.lang.String)?[0m
  ?[36mThen ?[0m?[36mthe order ?[0m?[36m?[1m"1"?[0m?[36m shall contain authorization code ?[0m?[36m?[1m"5678"?[0m                                                                     ?[90m# ca.mcgill.ecse.coolsupplies.features.OrderStepDefinitions.the_order_shall_contain_authorization_code(java.lang.String,java.lang.String)?[0m

Scenario Outline: Successfully pay penalty for a penalized order                                                                 ?[90m# src/test/resources/ProcessOrder.feature:436?[0m
  ?[33mGiven ?[0m?[33mthe following parent entities exist in the system?[0m                                                                        ?[90m# ca.mcgill.ecse.coolsupplies.features.OrderStepDefinitions.the_following_parent_entities_exist_in_the_system(io.cucumber.datatable.DataTable)?[0m
      ?[33mio.cucumber.java.PendingException: TODO: implement me
	at ca.mcgill.ecse.coolsupplies.features.OrderStepDefinitions.the_following_parent_entities_exist_in_the_system(OrderStepDefinitions.java:18)
	at ✽.the following parent entities exist in the system(file:///Users/zhengxuanzhao/IdeaProjects/ecse223-group-project-p8/src/test/resources/ProcessOrder.feature:5)
?[0m
  ?[36mGiven ?[0m?[36mthe following grade entities exist in the system?[0m                                                                         ?[90m# ca.mcgill.ecse.coolsupplies.features.OrderStepDefinitions.the_following_grade_entities_exist_in_the_system(io.cucumber.datatable.DataTable)?[0m
  ?[36mGiven ?[0m?[36mthe following student entities exist in the system?[0m                                                                       ?[90m# ca.mcgill.ecse.coolsupplies.features.OrderStepDefinitions.the_following_student_entities_exist_in_the_system(io.cucumber.datatable.DataTable)?[0m
  ?[36mGiven ?[0m?[36mthe following student entities exist for a parent in the system?[0m                                                          ?[90m# ca.mcgill.ecse.coolsupplies.features.OrderStepDefinitions.the_following_student_entities_exist_for_a_parent_in_the_system(io.cucumber.datatable.DataTable)?[0m
  ?[36mGiven ?[0m?[36mthe following item entities exist in the system?[0m                                                                          ?[90m# ca.mcgill.ecse.coolsupplies.features.OrderStepDefinitions.the_following_item_entities_exist_in_the_system(io.cucumber.datatable.DataTable)?[0m
  ?[36mGiven ?[0m?[36mthe following grade bundle entities exist in the system?[0m                                                                  ?[90m# ca.mcgill.ecse.coolsupplies.features.OrderStepDefinitions.the_following_grade_bundle_entities_exist_in_the_system(io.cucumber.datatable.DataTable)?[0m
  ?[36mGiven ?[0m?[36mthe following bundle item entities exist in the system?[0m                                                                   ?[90m# ca.mcgill.ecse.coolsupplies.features.OrderStepDefinitions.the_following_bundle_item_entities_exist_in_the_system(io.cucumber.datatable.DataTable)?[0m
  ?[36mGiven ?[0m?[36mthe following order entities exist in the system?[0m                                                                         ?[90m# ca.mcgill.ecse.coolsupplies.features.OrderStepDefinitions.the_following_order_entities_exist_in_the_system(io.cucumber.datatable.DataTable)?[0m
  ?[36mGiven ?[0m?[36mthe following order item entities exist in the system?[0m                                                                    ?[90m# ca.mcgill.ecse.coolsupplies.features.OrderStepDefinitions.the_following_order_item_entities_exist_in_the_system(io.cucumber.datatable.DataTable)?[0m
  ?[36mGiven ?[0m?[36mthe order ?[0m?[36m?[1m"1"?[0m?[36m is marked as ?[0m?[36m?[1m"Penalized"?[0m                                                                                   ?[90m# ca.mcgill.ecse.coolsupplies.features.OrderStepDefinitions.the_order_is_marked_as(java.lang.String,java.lang.String)?[0m
  ?[36mWhen ?[0m?[36mthe parent attempts to pay penalty for the order ?[0m?[36m?[1m"1"?[0m?[36m with penalty authorization code ?[0m?[36m?[1m"5678"?[0m?[36m and authorization code ?[0m?[36m?[1m"1234"?[0m ?[90m# ca.mcgill.ecse.coolsupplies.features.OrderStepDefinitions.the_parent_attempts_to_pay_penalty_for_the_order_with_penalty_authorization_code_and_authorization_code(java.lang.String,java.lang.String,java.lang.String)?[0m
  ?[36mThen ?[0m?[36mthe order ?[0m?[36m?[1m"1"?[0m?[36m shall be marked as ?[0m?[36m?[1m"Prepared"?[0m                                                                               ?[90m# ca.mcgill.ecse.coolsupplies.features.OrderStepDefinitions.the_order_shall_be_marked_as(java.lang.String,java.lang.String)?[0m
  ?[36mThen ?[0m?[36mthe order ?[0m?[36m?[1m"1"?[0m?[36m shall contain penalty authorization code ?[0m?[36m?[1m"5678"?[0m                                                             ?[90m# ca.mcgill.ecse.coolsupplies.features.OrderStepDefinitions.the_order_shall_contain_penalty_authorization_code(java.lang.String,java.lang.String)?[0m
  ?[36mThen ?[0m?[36mthe order ?[0m?[36m?[1m"1"?[0m?[36m shall contain authorization code ?[0m?[36m?[1m"1234"?[0m                                                                     ?[90m# ca.mcgill.ecse.coolsupplies.features.OrderStepDefinitions.the_order_shall_contain_authorization_code(java.lang.String,java.lang.String)?[0m

Scenario Outline: Unsuccessfully pay penalty for an order due to wrong input                                                 ?[90m# src/test/resources/ProcessOrder.feature:448?[0m
  ?[33mGiven ?[0m?[33mthe following parent entities exist in the system?[0m                                                                    ?[90m# ca.mcgill.ecse.coolsupplies.features.OrderStepDefinitions.the_following_parent_entities_exist_in_the_system(io.cucumber.datatable.DataTable)?[0m
      ?[33mio.cucumber.java.PendingException: TODO: implement me
	at ca.mcgill.ecse.coolsupplies.features.OrderStepDefinitions.the_following_parent_entities_exist_in_the_system(OrderStepDefinitions.java:18)
	at ✽.the following parent entities exist in the system(file:///Users/zhengxuanzhao/IdeaProjects/ecse223-group-project-p8/src/test/resources/ProcessOrder.feature:5)
?[0m
  ?[36mGiven ?[0m?[36mthe following grade entities exist in the system?[0m                                                                     ?[90m# ca.mcgill.ecse.coolsupplies.features.OrderStepDefinitions.the_following_grade_entities_exist_in_the_system(io.cucumber.datatable.DataTable)?[0m
  ?[36mGiven ?[0m?[36mthe following student entities exist in the system?[0m                                                                   ?[90m# ca.mcgill.ecse.coolsupplies.features.OrderStepDefinitions.the_following_student_entities_exist_in_the_system(io.cucumber.datatable.DataTable)?[0m
  ?[36mGiven ?[0m?[36mthe following student entities exist for a parent in the system?[0m                                                      ?[90m# ca.mcgill.ecse.coolsupplies.features.OrderStepDefinitions.the_following_student_entities_exist_for_a_parent_in_the_system(io.cucumber.datatable.DataTable)?[0m
  ?[36mGiven ?[0m?[36mthe following item entities exist in the system?[0m                                                                      ?[90m# ca.mcgill.ecse.coolsupplies.features.OrderStepDefinitions.the_following_item_entities_exist_in_the_system(io.cucumber.datatable.DataTable)?[0m
  ?[36mGiven ?[0m?[36mthe following grade bundle entities exist in the system?[0m                                                              ?[90m# ca.mcgill.ecse.coolsupplies.features.OrderStepDefinitions.the_following_grade_bundle_entities_exist_in_the_system(io.cucumber.datatable.DataTable)?[0m
  ?[36mGiven ?[0m?[36mthe following bundle item entities exist in the system?[0m                                                               ?[90m# ca.mcgill.ecse.coolsupplies.features.OrderStepDefinitions.the_following_bundle_item_entities_exist_in_the_system(io.cucumber.datatable.DataTable)?[0m
  ?[36mGiven ?[0m?[36mthe following order entities exist in the system?[0m                                                                     ?[90m# ca.mcgill.ecse.coolsupplies.features.OrderStepDefinitions.the_following_order_entities_exist_in_the_system(io.cucumber.datatable.DataTable)?[0m
  ?[36mGiven ?[0m?[36mthe following order item entities exist in the system?[0m                                                                ?[90m# ca.mcgill.ecse.coolsupplies.features.OrderStepDefinitions.the_following_order_item_entities_exist_in_the_system(io.cucumber.datatable.DataTable)?[0m
  ?[36mGiven ?[0m?[36mthe order ?[0m?[36m?[1m"1"?[0m?[36m is marked as ?[0m?[36m?[1m"Penalized"?[0m                                                                               ?[90m# ca.mcgill.ecse.coolsupplies.features.OrderStepDefinitions.the_order_is_marked_as(java.lang.String,java.lang.String)?[0m
  ?[36mWhen ?[0m?[36mthe parent attempts to pay penalty for the order ?[0m?[36m?[1m"1"?[0m?[36m with penalty authorization code ?[0m?[36m?[1m""?[0m?[36m and authorization code ?[0m?[36m?[1m"1234"?[0m ?[90m# ca.mcgill.ecse.coolsupplies.features.OrderStepDefinitions.the_parent_attempts_to_pay_penalty_for_the_order_with_penalty_authorization_code_and_authorization_code(java.lang.String,java.lang.String,java.lang.String)?[0m
  ?[36mThen ?[0m?[36mthe order ?[0m?[36m?[1m"1"?[0m?[36m shall be marked as ?[0m?[36m?[1m"Penalized"?[0m                                                                          ?[90m# ca.mcgill.ecse.coolsupplies.features.OrderStepDefinitions.the_order_shall_be_marked_as(java.lang.String,java.lang.String)?[0m
  ?[36mThen ?[0m?[36mthe order ?[0m?[36m?[1m"1"?[0m?[36m shall not contain penalty authorization code ?[0m?[36m?[1m""?[0m                                                         ?[90m# ca.mcgill.ecse.coolsupplies.features.OrderStepDefinitions.the_order_shall_not_contain_penalty_authorization_code(java.lang.String,java.lang.String)?[0m
  ?[36mThen ?[0m?[36mthe order ?[0m?[36m?[1m"1"?[0m?[36m shall not contain authorization code ?[0m?[36m?[1m"1234"?[0m                                                             ?[90m# ca.mcgill.ecse.coolsupplies.features.OrderStepDefinitions.the_order_shall_not_contain_authorization_code(java.lang.String,java.lang.String)?[0m
  ?[36mThen ?[0m?[36mthe error ?[0m?[36m?[1m"Penalty authorization code is invalid"?[0m?[36m shall be raised?[0m                                                     ?[90m# ca.mcgill.ecse.coolsupplies.features.OrderStepDefinitions.the_error_shall_be_raised(java.lang.String)?[0m

Scenario Outline: Unsuccessfully pay penalty for an order due to wrong input                                                 ?[90m# src/test/resources/ProcessOrder.feature:449?[0m
  ?[33mGiven ?[0m?[33mthe following parent entities exist in the system?[0m                                                                    ?[90m# ca.mcgill.ecse.coolsupplies.features.OrderStepDefinitions.the_following_parent_entities_exist_in_the_system(io.cucumber.datatable.DataTable)?[0m
      ?[33mio.cucumber.java.PendingException: TODO: implement me
	at ca.mcgill.ecse.coolsupplies.features.OrderStepDefinitions.the_following_parent_entities_exist_in_the_system(OrderStepDefinitions.java:18)
	at ✽.the following parent entities exist in the system(file:///Users/zhengxuanzhao/IdeaProjects/ecse223-group-project-p8/src/test/resources/ProcessOrder.feature:5)
?[0m
  ?[36mGiven ?[0m?[36mthe following grade entities exist in the system?[0m                                                                     ?[90m# ca.mcgill.ecse.coolsupplies.features.OrderStepDefinitions.the_following_grade_entities_exist_in_the_system(io.cucumber.datatable.DataTable)?[0m
  ?[36mGiven ?[0m?[36mthe following student entities exist in the system?[0m                                                                   ?[90m# ca.mcgill.ecse.coolsupplies.features.OrderStepDefinitions.the_following_student_entities_exist_in_the_system(io.cucumber.datatable.DataTable)?[0m
  ?[36mGiven ?[0m?[36mthe following student entities exist for a parent in the system?[0m                                                      ?[90m# ca.mcgill.ecse.coolsupplies.features.OrderStepDefinitions.the_following_student_entities_exist_for_a_parent_in_the_system(io.cucumber.datatable.DataTable)?[0m
  ?[36mGiven ?[0m?[36mthe following item entities exist in the system?[0m                                                                      ?[90m# ca.mcgill.ecse.coolsupplies.features.OrderStepDefinitions.the_following_item_entities_exist_in_the_system(io.cucumber.datatable.DataTable)?[0m
  ?[36mGiven ?[0m?[36mthe following grade bundle entities exist in the system?[0m                                                              ?[90m# ca.mcgill.ecse.coolsupplies.features.OrderStepDefinitions.the_following_grade_bundle_entities_exist_in_the_system(io.cucumber.datatable.DataTable)?[0m
  ?[36mGiven ?[0m?[36mthe following bundle item entities exist in the system?[0m                                                               ?[90m# ca.mcgill.ecse.coolsupplies.features.OrderStepDefinitions.the_following_bundle_item_entities_exist_in_the_system(io.cucumber.datatable.DataTable)?[0m
  ?[36mGiven ?[0m?[36mthe following order entities exist in the system?[0m                                                                     ?[90m# ca.mcgill.ecse.coolsupplies.features.OrderStepDefinitions.the_following_order_entities_exist_in_the_system(io.cucumber.datatable.DataTable)?[0m
  ?[36mGiven ?[0m?[36mthe following order item entities exist in the system?[0m                                                                ?[90m# ca.mcgill.ecse.coolsupplies.features.OrderStepDefinitions.the_following_order_item_entities_exist_in_the_system(io.cucumber.datatable.DataTable)?[0m
  ?[36mGiven ?[0m?[36mthe order ?[0m?[36m?[1m"1"?[0m?[36m is marked as ?[0m?[36m?[1m"Penalized"?[0m                                                                               ?[90m# ca.mcgill.ecse.coolsupplies.features.OrderStepDefinitions.the_order_is_marked_as(java.lang.String,java.lang.String)?[0m
  ?[36mWhen ?[0m?[36mthe parent attempts to pay penalty for the order ?[0m?[36m?[1m"1"?[0m?[36m with penalty authorization code ?[0m?[36m?[1m"1234"?[0m?[36m and authorization code ?[0m?[36m?[1m""?[0m ?[90m# ca.mcgill.ecse.coolsupplies.features.OrderStepDefinitions.the_parent_attempts_to_pay_penalty_for_the_order_with_penalty_authorization_code_and_authorization_code(java.lang.String,java.lang.String,java.lang.String)?[0m
  ?[36mThen ?[0m?[36mthe order ?[0m?[36m?[1m"1"?[0m?[36m shall be marked as ?[0m?[36m?[1m"Penalized"?[0m                                                                          ?[90m# ca.mcgill.ecse.coolsupplies.features.OrderStepDefinitions.the_order_shall_be_marked_as(java.lang.String,java.lang.String)?[0m
  ?[36mThen ?[0m?[36mthe order ?[0m?[36m?[1m"1"?[0m?[36m shall not contain penalty authorization code ?[0m?[36m?[1m"1234"?[0m                                                     ?[90m# ca.mcgill.ecse.coolsupplies.features.OrderStepDefinitions.the_order_shall_not_contain_penalty_authorization_code(java.lang.String,java.lang.String)?[0m
  ?[36mThen ?[0m?[36mthe order ?[0m?[36m?[1m"1"?[0m?[36m shall not contain authorization code ?[0m?[36m?[1m""?[0m                                                                 ?[90m# ca.mcgill.ecse.coolsupplies.features.OrderStepDefinitions.the_order_shall_not_contain_authorization_code(java.lang.String,java.lang.String)?[0m
  ?[36mThen ?[0m?[36mthe error ?[0m?[36m?[1m"Authorization code is invalid"?[0m?[36m shall be raised?[0m                                                             ?[90m# ca.mcgill.ecse.coolsupplies.features.OrderStepDefinitions.the_error_shall_be_raised(java.lang.String)?[0m

Scenario Outline: Unsuccessfully pay penalty for an order due to non-existing order                                               ?[90m# src/test/resources/ProcessOrder.feature:458?[0m
  ?[33mGiven ?[0m?[33mthe following parent entities exist in the system?[0m                                                                         ?[90m# ca.mcgill.ecse.coolsupplies.features.OrderStepDefinitions.the_following_parent_entities_exist_in_the_system(io.cucumber.datatable.DataTable)?[0m
      ?[33mio.cucumber.java.PendingException: TODO: implement me
	at ca.mcgill.ecse.coolsupplies.features.OrderStepDefinitions.the_following_parent_entities_exist_in_the_system(OrderStepDefinitions.java:18)
	at ✽.the following parent entities exist in the system(file:///Users/zhengxuanzhao/IdeaProjects/ecse223-group-project-p8/src/test/resources/ProcessOrder.feature:5)
?[0m
  ?[36mGiven ?[0m?[36mthe following grade entities exist in the system?[0m                                                                          ?[90m# ca.mcgill.ecse.coolsupplies.features.OrderStepDefinitions.the_following_grade_entities_exist_in_the_system(io.cucumber.datatable.DataTable)?[0m
  ?[36mGiven ?[0m?[36mthe following student entities exist in the system?[0m                                                                        ?[90m# ca.mcgill.ecse.coolsupplies.features.OrderStepDefinitions.the_following_student_entities_exist_in_the_system(io.cucumber.datatable.DataTable)?[0m
  ?[36mGiven ?[0m?[36mthe following student entities exist for a parent in the system?[0m                                                           ?[90m# ca.mcgill.ecse.coolsupplies.features.OrderStepDefinitions.the_following_student_entities_exist_for_a_parent_in_the_system(io.cucumber.datatable.DataTable)?[0m
  ?[36mGiven ?[0m?[36mthe following item entities exist in the system?[0m                                                                           ?[90m# ca.mcgill.ecse.coolsupplies.features.OrderStepDefinitions.the_following_item_entities_exist_in_the_system(io.cucumber.datatable.DataTable)?[0m
  ?[36mGiven ?[0m?[36mthe following grade bundle entities exist in the system?[0m                                                                   ?[90m# ca.mcgill.ecse.coolsupplies.features.OrderStepDefinitions.the_following_grade_bundle_entities_exist_in_the_system(io.cucumber.datatable.DataTable)?[0m
  ?[36mGiven ?[0m?[36mthe following bundle item entities exist in the system?[0m                                                                    ?[90m# ca.mcgill.ecse.coolsupplies.features.OrderStepDefinitions.the_following_bundle_item_entities_exist_in_the_system(io.cucumber.datatable.DataTable)?[0m
  ?[36mGiven ?[0m?[36mthe following order entities exist in the system?[0m                                                                          ?[90m# ca.mcgill.ecse.coolsupplies.features.OrderStepDefinitions.the_following_order_entities_exist_in_the_system(io.cucumber.datatable.DataTable)?[0m
  ?[36mGiven ?[0m?[36mthe following order item entities exist in the system?[0m                                                                     ?[90m# ca.mcgill.ecse.coolsupplies.features.OrderStepDefinitions.the_following_order_item_entities_exist_in_the_system(io.cucumber.datatable.DataTable)?[0m
  ?[36mWhen ?[0m?[36mthe parent attempts to pay penalty for the order ?[0m?[36m?[1m"10"?[0m?[36m with penalty authorization code ?[0m?[36m?[1m"1234"?[0m?[36m and authorization code ?[0m?[36m?[1m"5678"?[0m ?[90m# ca.mcgill.ecse.coolsupplies.features.OrderStepDefinitions.the_parent_attempts_to_pay_penalty_for_the_order_with_penalty_authorization_code_and_authorization_code(java.lang.String,java.lang.String,java.lang.String)?[0m
  ?[36mThen ?[0m?[36mthe number of orders in the system shall be ?[0m?[36m?[1m"4"?[0m                                                                            ?[90m# ca.mcgill.ecse.coolsupplies.features.OrderStepDefinitions.the_number_of_orders_in_the_system_shall_be(java.lang.String)?[0m
  ?[36mThen ?[0m?[36mthe error ?[0m?[36m?[1m"Order 10 does not exist"?[0m?[36m shall be raised?[0m                                                                        ?[90m# ca.mcgill.ecse.coolsupplies.features.OrderStepDefinitions.the_error_shall_be_raised(java.lang.String)?[0m

Scenario Outline: Unsuccessfully pay penalty for an order due to non-existing order                                               ?[90m# src/test/resources/ProcessOrder.feature:459?[0m
  ?[33mGiven ?[0m?[33mthe following parent entities exist in the system?[0m                                                                         ?[90m# ca.mcgill.ecse.coolsupplies.features.OrderStepDefinitions.the_following_parent_entities_exist_in_the_system(io.cucumber.datatable.DataTable)?[0m
      ?[33mio.cucumber.java.PendingException: TODO: implement me
	at ca.mcgill.ecse.coolsupplies.features.OrderStepDefinitions.the_following_parent_entities_exist_in_the_system(OrderStepDefinitions.java:18)
	at ✽.the following parent entities exist in the system(file:///Users/zhengxuanzhao/IdeaProjects/ecse223-group-project-p8/src/test/resources/ProcessOrder.feature:5)
?[0m
  ?[36mGiven ?[0m?[36mthe following grade entities exist in the system?[0m                                                                          ?[90m# ca.mcgill.ecse.coolsupplies.features.OrderStepDefinitions.the_following_grade_entities_exist_in_the_system(io.cucumber.datatable.DataTable)?[0m
  ?[36mGiven ?[0m?[36mthe following student entities exist in the system?[0m                                                                        ?[90m# ca.mcgill.ecse.coolsupplies.features.OrderStepDefinitions.the_following_student_entities_exist_in_the_system(io.cucumber.datatable.DataTable)?[0m
  ?[36mGiven ?[0m?[36mthe following student entities exist for a parent in the system?[0m                                                           ?[90m# ca.mcgill.ecse.coolsupplies.features.OrderStepDefinitions.the_following_student_entities_exist_for_a_parent_in_the_system(io.cucumber.datatable.DataTable)?[0m
  ?[36mGiven ?[0m?[36mthe following item entities exist in the system?[0m                                                                           ?[90m# ca.mcgill.ecse.coolsupplies.features.OrderStepDefinitions.the_following_item_entities_exist_in_the_system(io.cucumber.datatable.DataTable)?[0m
  ?[36mGiven ?[0m?[36mthe following grade bundle entities exist in the system?[0m                                                                   ?[90m# ca.mcgill.ecse.coolsupplies.features.OrderStepDefinitions.the_following_grade_bundle_entities_exist_in_the_system(io.cucumber.datatable.DataTable)?[0m
  ?[36mGiven ?[0m?[36mthe following bundle item entities exist in the system?[0m                                                                    ?[90m# ca.mcgill.ecse.coolsupplies.features.OrderStepDefinitions.the_following_bundle_item_entities_exist_in_the_system(io.cucumber.datatable.DataTable)?[0m
  ?[36mGiven ?[0m?[36mthe following order entities exist in the system?[0m                                                                          ?[90m# ca.mcgill.ecse.coolsupplies.features.OrderStepDefinitions.the_following_order_entities_exist_in_the_system(io.cucumber.datatable.DataTable)?[0m
  ?[36mGiven ?[0m?[36mthe following order item entities exist in the system?[0m                                                                     ?[90m# ca.mcgill.ecse.coolsupplies.features.OrderStepDefinitions.the_following_order_item_entities_exist_in_the_system(io.cucumber.datatable.DataTable)?[0m
  ?[36mWhen ?[0m?[36mthe parent attempts to pay penalty for the order ?[0m?[36m?[1m"20"?[0m?[36m with penalty authorization code ?[0m?[36m?[1m"1234"?[0m?[36m and authorization code ?[0m?[36m?[1m"5678"?[0m ?[90m# ca.mcgill.ecse.coolsupplies.features.OrderStepDefinitions.the_parent_attempts_to_pay_penalty_for_the_order_with_penalty_authorization_code_and_authorization_code(java.lang.String,java.lang.String,java.lang.String)?[0m
  ?[36mThen ?[0m?[36mthe number of orders in the system shall be ?[0m?[36m?[1m"4"?[0m                                                                            ?[90m# ca.mcgill.ecse.coolsupplies.features.OrderStepDefinitions.the_number_of_orders_in_the_system_shall_be(java.lang.String)?[0m
  ?[36mThen ?[0m?[36mthe error ?[0m?[36m?[1m"Order 20 does not exist"?[0m?[36m shall be raised?[0m                                                                        ?[90m# ca.mcgill.ecse.coolsupplies.features.OrderStepDefinitions.the_error_shall_be_raised(java.lang.String)?[0m

Scenario Outline: Unsuccessfully pay penalty for an order due to wrong state                                                     ?[90m# src/test/resources/ProcessOrder.feature:469?[0m
  ?[33mGiven ?[0m?[33mthe following parent entities exist in the system?[0m                                                                        ?[90m# ca.mcgill.ecse.coolsupplies.features.OrderStepDefinitions.the_following_parent_entities_exist_in_the_system(io.cucumber.datatable.DataTable)?[0m
      ?[33mio.cucumber.java.PendingException: TODO: implement me
	at ca.mcgill.ecse.coolsupplies.features.OrderStepDefinitions.the_following_parent_entities_exist_in_the_system(OrderStepDefinitions.java:18)
	at ✽.the following parent entities exist in the system(file:///Users/zhengxuanzhao/IdeaProjects/ecse223-group-project-p8/src/test/resources/ProcessOrder.feature:5)
?[0m
  ?[36mGiven ?[0m?[36mthe following grade entities exist in the system?[0m                                                                         ?[90m# ca.mcgill.ecse.coolsupplies.features.OrderStepDefinitions.the_following_grade_entities_exist_in_the_system(io.cucumber.datatable.DataTable)?[0m
  ?[36mGiven ?[0m?[36mthe following student entities exist in the system?[0m                                                                       ?[90m# ca.mcgill.ecse.coolsupplies.features.OrderStepDefinitions.the_following_student_entities_exist_in_the_system(io.cucumber.datatable.DataTable)?[0m
  ?[36mGiven ?[0m?[36mthe following student entities exist for a parent in the system?[0m                                                          ?[90m# ca.mcgill.ecse.coolsupplies.features.OrderStepDefinitions.the_following_student_entities_exist_for_a_parent_in_the_system(io.cucumber.datatable.DataTable)?[0m
  ?[36mGiven ?[0m?[36mthe following item entities exist in the system?[0m                                                                          ?[90m# ca.mcgill.ecse.coolsupplies.features.OrderStepDefinitions.the_following_item_entities_exist_in_the_system(io.cucumber.datatable.DataTable)?[0m
  ?[36mGiven ?[0m?[36mthe following grade bundle entities exist in the system?[0m                                                                  ?[90m# ca.mcgill.ecse.coolsupplies.features.OrderStepDefinitions.the_following_grade_bundle_entities_exist_in_the_system(io.cucumber.datatable.DataTable)?[0m
  ?[36mGiven ?[0m?[36mthe following bundle item entities exist in the system?[0m                                                                   ?[90m# ca.mcgill.ecse.coolsupplies.features.OrderStepDefinitions.the_following_bundle_item_entities_exist_in_the_system(io.cucumber.datatable.DataTable)?[0m
  ?[36mGiven ?[0m?[36mthe following order entities exist in the system?[0m                                                                         ?[90m# ca.mcgill.ecse.coolsupplies.features.OrderStepDefinitions.the_following_order_entities_exist_in_the_system(io.cucumber.datatable.DataTable)?[0m
  ?[36mGiven ?[0m?[36mthe following order item entities exist in the system?[0m                                                                    ?[90m# ca.mcgill.ecse.coolsupplies.features.OrderStepDefinitions.the_following_order_item_entities_exist_in_the_system(io.cucumber.datatable.DataTable)?[0m
  ?[36mGiven ?[0m?[36mthe order ?[0m?[36m?[1m"1"?[0m?[36m is marked as ?[0m?[36m?[1m"Started"?[0m                                                                                     ?[90m# ca.mcgill.ecse.coolsupplies.features.OrderStepDefinitions.the_order_is_marked_as(java.lang.String,java.lang.String)?[0m
  ?[36mWhen ?[0m?[36mthe parent attempts to pay penalty for the order ?[0m?[36m?[1m"1"?[0m?[36m with penalty authorization code ?[0m?[36m?[1m"1234"?[0m?[36m and authorization code ?[0m?[36m?[1m"5678"?[0m ?[90m# ca.mcgill.ecse.coolsupplies.features.OrderStepDefinitions.the_parent_attempts_to_pay_penalty_for_the_order_with_penalty_authorization_code_and_authorization_code(java.lang.String,java.lang.String,java.lang.String)?[0m
  ?[36mThen ?[0m?[36mthe order ?[0m?[36m?[1m"1"?[0m?[36m shall be marked as ?[0m?[36m?[1m"Started"?[0m                                                                                ?[90m# ca.mcgill.ecse.coolsupplies.features.OrderStepDefinitions.the_order_shall_be_marked_as(java.lang.String,java.lang.String)?[0m
  ?[36mThen ?[0m?[36mthe error ?[0m?[36m?[1m"Cannot pay penalty for a started order"?[0m?[36m shall be raised?[0m                                                        ?[90m# ca.mcgill.ecse.coolsupplies.features.OrderStepDefinitions.the_error_shall_be_raised(java.lang.String)?[0m

Scenario Outline: Unsuccessfully pay penalty for an order due to wrong state                                                     ?[90m# src/test/resources/ProcessOrder.feature:470?[0m
  ?[33mGiven ?[0m?[33mthe following parent entities exist in the system?[0m                                                                        ?[90m# ca.mcgill.ecse.coolsupplies.features.OrderStepDefinitions.the_following_parent_entities_exist_in_the_system(io.cucumber.datatable.DataTable)?[0m
      ?[33mio.cucumber.java.PendingException: TODO: implement me
	at ca.mcgill.ecse.coolsupplies.features.OrderStepDefinitions.the_following_parent_entities_exist_in_the_system(OrderStepDefinitions.java:18)
	at ✽.the following parent entities exist in the system(file:///Users/zhengxuanzhao/IdeaProjects/ecse223-group-project-p8/src/test/resources/ProcessOrder.feature:5)
?[0m
  ?[36mGiven ?[0m?[36mthe following grade entities exist in the system?[0m                                                                         ?[90m# ca.mcgill.ecse.coolsupplies.features.OrderStepDefinitions.the_following_grade_entities_exist_in_the_system(io.cucumber.datatable.DataTable)?[0m
  ?[36mGiven ?[0m?[36mthe following student entities exist in the system?[0m                                                                       ?[90m# ca.mcgill.ecse.coolsupplies.features.OrderStepDefinitions.the_following_student_entities_exist_in_the_system(io.cucumber.datatable.DataTable)?[0m
  ?[36mGiven ?[0m?[36mthe following student entities exist for a parent in the system?[0m                                                          ?[90m# ca.mcgill.ecse.coolsupplies.features.OrderStepDefinitions.the_following_student_entities_exist_for_a_parent_in_the_system(io.cucumber.datatable.DataTable)?[0m
  ?[36mGiven ?[0m?[36mthe following item entities exist in the system?[0m                                                                          ?[90m# ca.mcgill.ecse.coolsupplies.features.OrderStepDefinitions.the_following_item_entities_exist_in_the_system(io.cucumber.datatable.DataTable)?[0m
  ?[36mGiven ?[0m?[36mthe following grade bundle entities exist in the system?[0m                                                                  ?[90m# ca.mcgill.ecse.coolsupplies.features.OrderStepDefinitions.the_following_grade_bundle_entities_exist_in_the_system(io.cucumber.datatable.DataTable)?[0m
  ?[36mGiven ?[0m?[36mthe following bundle item entities exist in the system?[0m                                                                   ?[90m# ca.mcgill.ecse.coolsupplies.features.OrderStepDefinitions.the_following_bundle_item_entities_exist_in_the_system(io.cucumber.datatable.DataTable)?[0m
  ?[36mGiven ?[0m?[36mthe following order entities exist in the system?[0m                                                                         ?[90m# ca.mcgill.ecse.coolsupplies.features.OrderStepDefinitions.the_following_order_entities_exist_in_the_system(io.cucumber.datatable.DataTable)?[0m
  ?[36mGiven ?[0m?[36mthe following order item entities exist in the system?[0m                                                                    ?[90m# ca.mcgill.ecse.coolsupplies.features.OrderStepDefinitions.the_following_order_item_entities_exist_in_the_system(io.cucumber.datatable.DataTable)?[0m
  ?[36mGiven ?[0m?[36mthe order ?[0m?[36m?[1m"1"?[0m?[36m is marked as ?[0m?[36m?[1m"Paid"?[0m                                                                                        ?[90m# ca.mcgill.ecse.coolsupplies.features.OrderStepDefinitions.the_order_is_marked_as(java.lang.String,java.lang.String)?[0m
  ?[36mWhen ?[0m?[36mthe parent attempts to pay penalty for the order ?[0m?[36m?[1m"1"?[0m?[36m with penalty authorization code ?[0m?[36m?[1m"1234"?[0m?[36m and authorization code ?[0m?[36m?[1m"5678"?[0m ?[90m# ca.mcgill.ecse.coolsupplies.features.OrderStepDefinitions.the_parent_attempts_to_pay_penalty_for_the_order_with_penalty_authorization_code_and_authorization_code(java.lang.String,java.lang.String,java.lang.String)?[0m
  ?[36mThen ?[0m?[36mthe order ?[0m?[36m?[1m"1"?[0m?[36m shall be marked as ?[0m?[36m?[1m"Paid"?[0m                                                                                   ?[90m# ca.mcgill.ecse.coolsupplies.features.OrderStepDefinitions.the_order_shall_be_marked_as(java.lang.String,java.lang.String)?[0m
  ?[36mThen ?[0m?[36mthe error ?[0m?[36m?[1m"Cannot pay penalty for a paid order"?[0m?[36m shall be raised?[0m                                                           ?[90m# ca.mcgill.ecse.coolsupplies.features.OrderStepDefinitions.the_error_shall_be_raised(java.lang.String)?[0m

Scenario Outline: Unsuccessfully pay penalty for an order due to wrong state                                                     ?[90m# src/test/resources/ProcessOrder.feature:471?[0m
  ?[33mGiven ?[0m?[33mthe following parent entities exist in the system?[0m                                                                        ?[90m# ca.mcgill.ecse.coolsupplies.features.OrderStepDefinitions.the_following_parent_entities_exist_in_the_system(io.cucumber.datatable.DataTable)?[0m
      ?[33mio.cucumber.java.PendingException: TODO: implement me
	at ca.mcgill.ecse.coolsupplies.features.OrderStepDefinitions.the_following_parent_entities_exist_in_the_system(OrderStepDefinitions.java:18)
	at ✽.the following parent entities exist in the system(file:///Users/zhengxuanzhao/IdeaProjects/ecse223-group-project-p8/src/test/resources/ProcessOrder.feature:5)
?[0m
  ?[36mGiven ?[0m?[36mthe following grade entities exist in the system?[0m                                                                         ?[90m# ca.mcgill.ecse.coolsupplies.features.OrderStepDefinitions.the_following_grade_entities_exist_in_the_system(io.cucumber.datatable.DataTable)?[0m
  ?[36mGiven ?[0m?[36mthe following student entities exist in the system?[0m                                                                       ?[90m# ca.mcgill.ecse.coolsupplies.features.OrderStepDefinitions.the_following_student_entities_exist_in_the_system(io.cucumber.datatable.DataTable)?[0m
  ?[36mGiven ?[0m?[36mthe following student entities exist for a parent in the system?[0m                                                          ?[90m# ca.mcgill.ecse.coolsupplies.features.OrderStepDefinitions.the_following_student_entities_exist_for_a_parent_in_the_system(io.cucumber.datatable.DataTable)?[0m
  ?[36mGiven ?[0m?[36mthe following item entities exist in the system?[0m                                                                          ?[90m# ca.mcgill.ecse.coolsupplies.features.OrderStepDefinitions.the_following_item_entities_exist_in_the_system(io.cucumber.datatable.DataTable)?[0m
  ?[36mGiven ?[0m?[36mthe following grade bundle entities exist in the system?[0m                                                                  ?[90m# ca.mcgill.ecse.coolsupplies.features.OrderStepDefinitions.the_following_grade_bundle_entities_exist_in_the_system(io.cucumber.datatable.DataTable)?[0m
  ?[36mGiven ?[0m?[36mthe following bundle item entities exist in the system?[0m                                                                   ?[90m# ca.mcgill.ecse.coolsupplies.features.OrderStepDefinitions.the_following_bundle_item_entities_exist_in_the_system(io.cucumber.datatable.DataTable)?[0m
  ?[36mGiven ?[0m?[36mthe following order entities exist in the system?[0m                                                                         ?[90m# ca.mcgill.ecse.coolsupplies.features.OrderStepDefinitions.the_following_order_entities_exist_in_the_system(io.cucumber.datatable.DataTable)?[0m
  ?[36mGiven ?[0m?[36mthe following order item entities exist in the system?[0m                                                                    ?[90m# ca.mcgill.ecse.coolsupplies.features.OrderStepDefinitions.the_following_order_item_entities_exist_in_the_system(io.cucumber.datatable.DataTable)?[0m
  ?[36mGiven ?[0m?[36mthe order ?[0m?[36m?[1m"1"?[0m?[36m is marked as ?[0m?[36m?[1m"Prepared"?[0m                                                                                    ?[90m# ca.mcgill.ecse.coolsupplies.features.OrderStepDefinitions.the_order_is_marked_as(java.lang.String,java.lang.String)?[0m
  ?[36mWhen ?[0m?[36mthe parent attempts to pay penalty for the order ?[0m?[36m?[1m"1"?[0m?[36m with penalty authorization code ?[0m?[36m?[1m"1234"?[0m?[36m and authorization code ?[0m?[36m?[1m"5678"?[0m ?[90m# ca.mcgill.ecse.coolsupplies.features.OrderStepDefinitions.the_parent_attempts_to_pay_penalty_for_the_order_with_penalty_authorization_code_and_authorization_code(java.lang.String,java.lang.String,java.lang.String)?[0m
  ?[36mThen ?[0m?[36mthe order ?[0m?[36m?[1m"1"?[0m?[36m shall be marked as ?[0m?[36m?[1m"Prepared"?[0m                                                                               ?[90m# ca.mcgill.ecse.coolsupplies.features.OrderStepDefinitions.the_order_shall_be_marked_as(java.lang.String,java.lang.String)?[0m
  ?[36mThen ?[0m?[36mthe error ?[0m?[36m?[1m"Cannot pay penalty for a prepared order"?[0m?[36m shall be raised?[0m                                                       ?[90m# ca.mcgill.ecse.coolsupplies.features.OrderStepDefinitions.the_error_shall_be_raised(java.lang.String)?[0m

Scenario Outline: Unsuccessfully pay penalty for an order due to wrong state                                                     ?[90m# src/test/resources/ProcessOrder.feature:472?[0m
  ?[33mGiven ?[0m?[33mthe following parent entities exist in the system?[0m                                                                        ?[90m# ca.mcgill.ecse.coolsupplies.features.OrderStepDefinitions.the_following_parent_entities_exist_in_the_system(io.cucumber.datatable.DataTable)?[0m
      ?[33mio.cucumber.java.PendingException: TODO: implement me
	at ca.mcgill.ecse.coolsupplies.features.OrderStepDefinitions.the_following_parent_entities_exist_in_the_system(OrderStepDefinitions.java:18)
	at ✽.the following parent entities exist in the system(file:///Users/zhengxuanzhao/IdeaProjects/ecse223-group-project-p8/src/test/resources/ProcessOrder.feature:5)
?[0m
  ?[36mGiven ?[0m?[36mthe following grade entities exist in the system?[0m                                                                         ?[90m# ca.mcgill.ecse.coolsupplies.features.OrderStepDefinitions.the_following_grade_entities_exist_in_the_system(io.cucumber.datatable.DataTable)?[0m
  ?[36mGiven ?[0m?[36mthe following student entities exist in the system?[0m                                                                       ?[90m# ca.mcgill.ecse.coolsupplies.features.OrderStepDefinitions.the_following_student_entities_exist_in_the_system(io.cucumber.datatable.DataTable)?[0m
  ?[36mGiven ?[0m?[36mthe following student entities exist for a parent in the system?[0m                                                          ?[90m# ca.mcgill.ecse.coolsupplies.features.OrderStepDefinitions.the_following_student_entities_exist_for_a_parent_in_the_system(io.cucumber.datatable.DataTable)?[0m
  ?[36mGiven ?[0m?[36mthe following item entities exist in the system?[0m                                                                          ?[90m# ca.mcgill.ecse.coolsupplies.features.OrderStepDefinitions.the_following_item_entities_exist_in_the_system(io.cucumber.datatable.DataTable)?[0m
  ?[36mGiven ?[0m?[36mthe following grade bundle entities exist in the system?[0m                                                                  ?[90m# ca.mcgill.ecse.coolsupplies.features.OrderStepDefinitions.the_following_grade_bundle_entities_exist_in_the_system(io.cucumber.datatable.DataTable)?[0m
  ?[36mGiven ?[0m?[36mthe following bundle item entities exist in the system?[0m                                                                   ?[90m# ca.mcgill.ecse.coolsupplies.features.OrderStepDefinitions.the_following_bundle_item_entities_exist_in_the_system(io.cucumber.datatable.DataTable)?[0m
  ?[36mGiven ?[0m?[36mthe following order entities exist in the system?[0m                                                                         ?[90m# ca.mcgill.ecse.coolsupplies.features.OrderStepDefinitions.the_following_order_entities_exist_in_the_system(io.cucumber.datatable.DataTable)?[0m
  ?[36mGiven ?[0m?[36mthe following order item entities exist in the system?[0m                                                                    ?[90m# ca.mcgill.ecse.coolsupplies.features.OrderStepDefinitions.the_following_order_item_entities_exist_in_the_system(io.cucumber.datatable.DataTable)?[0m
  ?[36mGiven ?[0m?[36mthe order ?[0m?[36m?[1m"1"?[0m?[36m is marked as ?[0m?[36m?[1m"PickedUp"?[0m                                                                                    ?[90m# ca.mcgill.ecse.coolsupplies.features.OrderStepDefinitions.the_order_is_marked_as(java.lang.String,java.lang.String)?[0m
  ?[36mWhen ?[0m?[36mthe parent attempts to pay penalty for the order ?[0m?[36m?[1m"1"?[0m?[36m with penalty authorization code ?[0m?[36m?[1m"1234"?[0m?[36m and authorization code ?[0m?[36m?[1m"5678"?[0m ?[90m# ca.mcgill.ecse.coolsupplies.features.OrderStepDefinitions.the_parent_attempts_to_pay_penalty_for_the_order_with_penalty_authorization_code_and_authorization_code(java.lang.String,java.lang.String,java.lang.String)?[0m
  ?[36mThen ?[0m?[36mthe order ?[0m?[36m?[1m"1"?[0m?[36m shall be marked as ?[0m?[36m?[1m"PickedUp"?[0m                                                                               ?[90m# ca.mcgill.ecse.coolsupplies.features.OrderStepDefinitions.the_order_shall_be_marked_as(java.lang.String,java.lang.String)?[0m
  ?[36mThen ?[0m?[36mthe error ?[0m?[36m?[1m"Cannot pay penalty for a picked up order"?[0m?[36m shall be raised?[0m                                                      ?[90m# ca.mcgill.ecse.coolsupplies.features.OrderStepDefinitions.the_error_shall_be_raised(java.lang.String)?[0m

Scenario Outline: Successfully pickup an order                          ?[90m# src/test/resources/ProcessOrder.feature:481?[0m
  ?[33mGiven ?[0m?[33mthe following parent entities exist in the system?[0m               ?[90m# ca.mcgill.ecse.coolsupplies.features.OrderStepDefinitions.the_following_parent_entities_exist_in_the_system(io.cucumber.datatable.DataTable)?[0m
      ?[33mio.cucumber.java.PendingException: TODO: implement me
	at ca.mcgill.ecse.coolsupplies.features.OrderStepDefinitions.the_following_parent_entities_exist_in_the_system(OrderStepDefinitions.java:18)
	at ✽.the following parent entities exist in the system(file:///Users/zhengxuanzhao/IdeaProjects/ecse223-group-project-p8/src/test/resources/ProcessOrder.feature:5)
?[0m
  ?[36mGiven ?[0m?[36mthe following grade entities exist in the system?[0m                ?[90m# ca.mcgill.ecse.coolsupplies.features.OrderStepDefinitions.the_following_grade_entities_exist_in_the_system(io.cucumber.datatable.DataTable)?[0m
  ?[36mGiven ?[0m?[36mthe following student entities exist in the system?[0m              ?[90m# ca.mcgill.ecse.coolsupplies.features.OrderStepDefinitions.the_following_student_entities_exist_in_the_system(io.cucumber.datatable.DataTable)?[0m
  ?[36mGiven ?[0m?[36mthe following student entities exist for a parent in the system?[0m ?[90m# ca.mcgill.ecse.coolsupplies.features.OrderStepDefinitions.the_following_student_entities_exist_for_a_parent_in_the_system(io.cucumber.datatable.DataTable)?[0m
  ?[36mGiven ?[0m?[36mthe following item entities exist in the system?[0m                 ?[90m# ca.mcgill.ecse.coolsupplies.features.OrderStepDefinitions.the_following_item_entities_exist_in_the_system(io.cucumber.datatable.DataTable)?[0m
  ?[36mGiven ?[0m?[36mthe following grade bundle entities exist in the system?[0m         ?[90m# ca.mcgill.ecse.coolsupplies.features.OrderStepDefinitions.the_following_grade_bundle_entities_exist_in_the_system(io.cucumber.datatable.DataTable)?[0m
  ?[36mGiven ?[0m?[36mthe following bundle item entities exist in the system?[0m          ?[90m# ca.mcgill.ecse.coolsupplies.features.OrderStepDefinitions.the_following_bundle_item_entities_exist_in_the_system(io.cucumber.datatable.DataTable)?[0m
  ?[36mGiven ?[0m?[36mthe following order entities exist in the system?[0m                ?[90m# ca.mcgill.ecse.coolsupplies.features.OrderStepDefinitions.the_following_order_entities_exist_in_the_system(io.cucumber.datatable.DataTable)?[0m
  ?[36mGiven ?[0m?[36mthe following order item entities exist in the system?[0m           ?[90m# ca.mcgill.ecse.coolsupplies.features.OrderStepDefinitions.the_following_order_item_entities_exist_in_the_system(io.cucumber.datatable.DataTable)?[0m
  ?[36mGiven ?[0m?[36mthe order ?[0m?[36m?[1m"1"?[0m?[36m is marked as ?[0m?[36m?[1m"Prepared"?[0m                           ?[90m# ca.mcgill.ecse.coolsupplies.features.OrderStepDefinitions.the_order_is_marked_as(java.lang.String,java.lang.String)?[0m
  ?[36mWhen ?[0m?[36mthe student attempts to pickup the order ?[0m?[36m?[1m"1"?[0m                     ?[90m# ca.mcgill.ecse.coolsupplies.features.OrderStepDefinitions.the_student_attempts_to_pickup_the_order(java.lang.String)?[0m
  ?[36mThen ?[0m?[36mthe order ?[0m?[36m?[1m"1"?[0m?[36m shall be marked as ?[0m?[36m?[1m"PickedUp"?[0m                      ?[90m# ca.mcgill.ecse.coolsupplies.features.OrderStepDefinitions.the_order_shall_be_marked_as(java.lang.String,java.lang.String)?[0m

Scenario Outline: Successfully pickup an order                          ?[90m# src/test/resources/ProcessOrder.feature:482?[0m
  ?[33mGiven ?[0m?[33mthe following parent entities exist in the system?[0m               ?[90m# ca.mcgill.ecse.coolsupplies.features.OrderStepDefinitions.the_following_parent_entities_exist_in_the_system(io.cucumber.datatable.DataTable)?[0m
      ?[33mio.cucumber.java.PendingException: TODO: implement me
	at ca.mcgill.ecse.coolsupplies.features.OrderStepDefinitions.the_following_parent_entities_exist_in_the_system(OrderStepDefinitions.java:18)
	at ✽.the following parent entities exist in the system(file:///Users/zhengxuanzhao/IdeaProjects/ecse223-group-project-p8/src/test/resources/ProcessOrder.feature:5)
?[0m
  ?[36mGiven ?[0m?[36mthe following grade entities exist in the system?[0m                ?[90m# ca.mcgill.ecse.coolsupplies.features.OrderStepDefinitions.the_following_grade_entities_exist_in_the_system(io.cucumber.datatable.DataTable)?[0m
  ?[36mGiven ?[0m?[36mthe following student entities exist in the system?[0m              ?[90m# ca.mcgill.ecse.coolsupplies.features.OrderStepDefinitions.the_following_student_entities_exist_in_the_system(io.cucumber.datatable.DataTable)?[0m
  ?[36mGiven ?[0m?[36mthe following student entities exist for a parent in the system?[0m ?[90m# ca.mcgill.ecse.coolsupplies.features.OrderStepDefinitions.the_following_student_entities_exist_for_a_parent_in_the_system(io.cucumber.datatable.DataTable)?[0m
  ?[36mGiven ?[0m?[36mthe following item entities exist in the system?[0m                 ?[90m# ca.mcgill.ecse.coolsupplies.features.OrderStepDefinitions.the_following_item_entities_exist_in_the_system(io.cucumber.datatable.DataTable)?[0m
  ?[36mGiven ?[0m?[36mthe following grade bundle entities exist in the system?[0m         ?[90m# ca.mcgill.ecse.coolsupplies.features.OrderStepDefinitions.the_following_grade_bundle_entities_exist_in_the_system(io.cucumber.datatable.DataTable)?[0m
  ?[36mGiven ?[0m?[36mthe following bundle item entities exist in the system?[0m          ?[90m# ca.mcgill.ecse.coolsupplies.features.OrderStepDefinitions.the_following_bundle_item_entities_exist_in_the_system(io.cucumber.datatable.DataTable)?[0m
  ?[36mGiven ?[0m?[36mthe following order entities exist in the system?[0m                ?[90m# ca.mcgill.ecse.coolsupplies.features.OrderStepDefinitions.the_following_order_entities_exist_in_the_system(io.cucumber.datatable.DataTable)?[0m
  ?[36mGiven ?[0m?[36mthe following order item entities exist in the system?[0m           ?[90m# ca.mcgill.ecse.coolsupplies.features.OrderStepDefinitions.the_following_order_item_entities_exist_in_the_system(io.cucumber.datatable.DataTable)?[0m
  ?[36mGiven ?[0m?[36mthe order ?[0m?[36m?[1m"2"?[0m?[36m is marked as ?[0m?[36m?[1m"Prepared"?[0m                           ?[90m# ca.mcgill.ecse.coolsupplies.features.OrderStepDefinitions.the_order_is_marked_as(java.lang.String,java.lang.String)?[0m
  ?[36mWhen ?[0m?[36mthe student attempts to pickup the order ?[0m?[36m?[1m"2"?[0m                     ?[90m# ca.mcgill.ecse.coolsupplies.features.OrderStepDefinitions.the_student_attempts_to_pickup_the_order(java.lang.String)?[0m
  ?[36mThen ?[0m?[36mthe order ?[0m?[36m?[1m"2"?[0m?[36m shall be marked as ?[0m?[36m?[1m"PickedUp"?[0m                      ?[90m# ca.mcgill.ecse.coolsupplies.features.OrderStepDefinitions.the_order_shall_be_marked_as(java.lang.String,java.lang.String)?[0m

Scenario Outline: Successfully pickup an order                          ?[90m# src/test/resources/ProcessOrder.feature:483?[0m
  ?[33mGiven ?[0m?[33mthe following parent entities exist in the system?[0m               ?[90m# ca.mcgill.ecse.coolsupplies.features.OrderStepDefinitions.the_following_parent_entities_exist_in_the_system(io.cucumber.datatable.DataTable)?[0m
      ?[33mio.cucumber.java.PendingException: TODO: implement me
	at ca.mcgill.ecse.coolsupplies.features.OrderStepDefinitions.the_following_parent_entities_exist_in_the_system(OrderStepDefinitions.java:18)
	at ✽.the following parent entities exist in the system(file:///Users/zhengxuanzhao/IdeaProjects/ecse223-group-project-p8/src/test/resources/ProcessOrder.feature:5)
?[0m
  ?[36mGiven ?[0m?[36mthe following grade entities exist in the system?[0m                ?[90m# ca.mcgill.ecse.coolsupplies.features.OrderStepDefinitions.the_following_grade_entities_exist_in_the_system(io.cucumber.datatable.DataTable)?[0m
  ?[36mGiven ?[0m?[36mthe following student entities exist in the system?[0m              ?[90m# ca.mcgill.ecse.coolsupplies.features.OrderStepDefinitions.the_following_student_entities_exist_in_the_system(io.cucumber.datatable.DataTable)?[0m
  ?[36mGiven ?[0m?[36mthe following student entities exist for a parent in the system?[0m ?[90m# ca.mcgill.ecse.coolsupplies.features.OrderStepDefinitions.the_following_student_entities_exist_for_a_parent_in_the_system(io.cucumber.datatable.DataTable)?[0m
  ?[36mGiven ?[0m?[36mthe following item entities exist in the system?[0m                 ?[90m# ca.mcgill.ecse.coolsupplies.features.OrderStepDefinitions.the_following_item_entities_exist_in_the_system(io.cucumber.datatable.DataTable)?[0m
  ?[36mGiven ?[0m?[36mthe following grade bundle entities exist in the system?[0m         ?[90m# ca.mcgill.ecse.coolsupplies.features.OrderStepDefinitions.the_following_grade_bundle_entities_exist_in_the_system(io.cucumber.datatable.DataTable)?[0m
  ?[36mGiven ?[0m?[36mthe following bundle item entities exist in the system?[0m          ?[90m# ca.mcgill.ecse.coolsupplies.features.OrderStepDefinitions.the_following_bundle_item_entities_exist_in_the_system(io.cucumber.datatable.DataTable)?[0m
  ?[36mGiven ?[0m?[36mthe following order entities exist in the system?[0m                ?[90m# ca.mcgill.ecse.coolsupplies.features.OrderStepDefinitions.the_following_order_entities_exist_in_the_system(io.cucumber.datatable.DataTable)?[0m
  ?[36mGiven ?[0m?[36mthe following order item entities exist in the system?[0m           ?[90m# ca.mcgill.ecse.coolsupplies.features.OrderStepDefinitions.the_following_order_item_entities_exist_in_the_system(io.cucumber.datatable.DataTable)?[0m
  ?[36mGiven ?[0m?[36mthe order ?[0m?[36m?[1m"3"?[0m?[36m is marked as ?[0m?[36m?[1m"Prepared"?[0m                           ?[90m# ca.mcgill.ecse.coolsupplies.features.OrderStepDefinitions.the_order_is_marked_as(java.lang.String,java.lang.String)?[0m
  ?[36mWhen ?[0m?[36mthe student attempts to pickup the order ?[0m?[36m?[1m"3"?[0m                     ?[90m# ca.mcgill.ecse.coolsupplies.features.OrderStepDefinitions.the_student_attempts_to_pickup_the_order(java.lang.String)?[0m
  ?[36mThen ?[0m?[36mthe order ?[0m?[36m?[1m"3"?[0m?[36m shall be marked as ?[0m?[36m?[1m"PickedUp"?[0m                      ?[90m# ca.mcgill.ecse.coolsupplies.features.OrderStepDefinitions.the_order_shall_be_marked_as(java.lang.String,java.lang.String)?[0m

Scenario Outline: Successfully pickup an order                          ?[90m# src/test/resources/ProcessOrder.feature:484?[0m
  ?[33mGiven ?[0m?[33mthe following parent entities exist in the system?[0m               ?[90m# ca.mcgill.ecse.coolsupplies.features.OrderStepDefinitions.the_following_parent_entities_exist_in_the_system(io.cucumber.datatable.DataTable)?[0m
      ?[33mio.cucumber.java.PendingException: TODO: implement me
	at ca.mcgill.ecse.coolsupplies.features.OrderStepDefinitions.the_following_parent_entities_exist_in_the_system(OrderStepDefinitions.java:18)
	at ✽.the following parent entities exist in the system(file:///Users/zhengxuanzhao/IdeaProjects/ecse223-group-project-p8/src/test/resources/ProcessOrder.feature:5)
?[0m
  ?[36mGiven ?[0m?[36mthe following grade entities exist in the system?[0m                ?[90m# ca.mcgill.ecse.coolsupplies.features.OrderStepDefinitions.the_following_grade_entities_exist_in_the_system(io.cucumber.datatable.DataTable)?[0m
  ?[36mGiven ?[0m?[36mthe following student entities exist in the system?[0m              ?[90m# ca.mcgill.ecse.coolsupplies.features.OrderStepDefinitions.the_following_student_entities_exist_in_the_system(io.cucumber.datatable.DataTable)?[0m
  ?[36mGiven ?[0m?[36mthe following student entities exist for a parent in the system?[0m ?[90m# ca.mcgill.ecse.coolsupplies.features.OrderStepDefinitions.the_following_student_entities_exist_for_a_parent_in_the_system(io.cucumber.datatable.DataTable)?[0m
  ?[36mGiven ?[0m?[36mthe following item entities exist in the system?[0m                 ?[90m# ca.mcgill.ecse.coolsupplies.features.OrderStepDefinitions.the_following_item_entities_exist_in_the_system(io.cucumber.datatable.DataTable)?[0m
  ?[36mGiven ?[0m?[36mthe following grade bundle entities exist in the system?[0m         ?[90m# ca.mcgill.ecse.coolsupplies.features.OrderStepDefinitions.the_following_grade_bundle_entities_exist_in_the_system(io.cucumber.datatable.DataTable)?[0m
  ?[36mGiven ?[0m?[36mthe following bundle item entities exist in the system?[0m          ?[90m# ca.mcgill.ecse.coolsupplies.features.OrderStepDefinitions.the_following_bundle_item_entities_exist_in_the_system(io.cucumber.datatable.DataTable)?[0m
  ?[36mGiven ?[0m?[36mthe following order entities exist in the system?[0m                ?[90m# ca.mcgill.ecse.coolsupplies.features.OrderStepDefinitions.the_following_order_entities_exist_in_the_system(io.cucumber.datatable.DataTable)?[0m
  ?[36mGiven ?[0m?[36mthe following order item entities exist in the system?[0m           ?[90m# ca.mcgill.ecse.coolsupplies.features.OrderStepDefinitions.the_following_order_item_entities_exist_in_the_system(io.cucumber.datatable.DataTable)?[0m
  ?[36mGiven ?[0m?[36mthe order ?[0m?[36m?[1m"4"?[0m?[36m is marked as ?[0m?[36m?[1m"Prepared"?[0m                           ?[90m# ca.mcgill.ecse.coolsupplies.features.OrderStepDefinitions.the_order_is_marked_as(java.lang.String,java.lang.String)?[0m
  ?[36mWhen ?[0m?[36mthe student attempts to pickup the order ?[0m?[36m?[1m"4"?[0m                     ?[90m# ca.mcgill.ecse.coolsupplies.features.OrderStepDefinitions.the_student_attempts_to_pickup_the_order(java.lang.String)?[0m
  ?[36mThen ?[0m?[36mthe order ?[0m?[36m?[1m"4"?[0m?[36m shall be marked as ?[0m?[36m?[1m"PickedUp"?[0m                      ?[90m# ca.mcgill.ecse.coolsupplies.features.OrderStepDefinitions.the_order_shall_be_marked_as(java.lang.String,java.lang.String)?[0m

Scenario Outline: Unsuccessfully pickup an order due to non-existing order ?[90m# src/test/resources/ProcessOrder.feature:493?[0m
  ?[33mGiven ?[0m?[33mthe following parent entities exist in the system?[0m                  ?[90m# ca.mcgill.ecse.coolsupplies.features.OrderStepDefinitions.the_following_parent_entities_exist_in_the_system(io.cucumber.datatable.DataTable)?[0m
      ?[33mio.cucumber.java.PendingException: TODO: implement me
	at ca.mcgill.ecse.coolsupplies.features.OrderStepDefinitions.the_following_parent_entities_exist_in_the_system(OrderStepDefinitions.java:18)
	at ✽.the following parent entities exist in the system(file:///Users/zhengxuanzhao/IdeaProjects/ecse223-group-project-p8/src/test/resources/ProcessOrder.feature:5)
?[0m
  ?[36mGiven ?[0m?[36mthe following grade entities exist in the system?[0m                   ?[90m# ca.mcgill.ecse.coolsupplies.features.OrderStepDefinitions.the_following_grade_entities_exist_in_the_system(io.cucumber.datatable.DataTable)?[0m
  ?[36mGiven ?[0m?[36mthe following student entities exist in the system?[0m                 ?[90m# ca.mcgill.ecse.coolsupplies.features.OrderStepDefinitions.the_following_student_entities_exist_in_the_system(io.cucumber.datatable.DataTable)?[0m
  ?[36mGiven ?[0m?[36mthe following student entities exist for a parent in the system?[0m    ?[90m# ca.mcgill.ecse.coolsupplies.features.OrderStepDefinitions.the_following_student_entities_exist_for_a_parent_in_the_system(io.cucumber.datatable.DataTable)?[0m
  ?[36mGiven ?[0m?[36mthe following item entities exist in the system?[0m                    ?[90m# ca.mcgill.ecse.coolsupplies.features.OrderStepDefinitions.the_following_item_entities_exist_in_the_system(io.cucumber.datatable.DataTable)?[0m
  ?[36mGiven ?[0m?[36mthe following grade bundle entities exist in the system?[0m            ?[90m# ca.mcgill.ecse.coolsupplies.features.OrderStepDefinitions.the_following_grade_bundle_entities_exist_in_the_system(io.cucumber.datatable.DataTable)?[0m
  ?[36mGiven ?[0m?[36mthe following bundle item entities exist in the system?[0m             ?[90m# ca.mcgill.ecse.coolsupplies.features.OrderStepDefinitions.the_following_bundle_item_entities_exist_in_the_system(io.cucumber.datatable.DataTable)?[0m
  ?[36mGiven ?[0m?[36mthe following order entities exist in the system?[0m                   ?[90m# ca.mcgill.ecse.coolsupplies.features.OrderStepDefinitions.the_following_order_entities_exist_in_the_system(io.cucumber.datatable.DataTable)?[0m
  ?[36mGiven ?[0m?[36mthe following order item entities exist in the system?[0m              ?[90m# ca.mcgill.ecse.coolsupplies.features.OrderStepDefinitions.the_following_order_item_entities_exist_in_the_system(io.cucumber.datatable.DataTable)?[0m
  ?[36mWhen ?[0m?[36mthe student attempts to pickup the order ?[0m?[36m?[1m"10"?[0m                       ?[90m# ca.mcgill.ecse.coolsupplies.features.OrderStepDefinitions.the_student_attempts_to_pickup_the_order(java.lang.String)?[0m
  ?[36mThen ?[0m?[36mthe number of orders in the system shall be ?[0m?[36m?[1m"4"?[0m                     ?[90m# ca.mcgill.ecse.coolsupplies.features.OrderStepDefinitions.the_number_of_orders_in_the_system_shall_be(java.lang.String)?[0m
  ?[36mThen ?[0m?[36mthe error ?[0m?[36m?[1m"Order 10 does not exist"?[0m?[36m shall be raised?[0m                 ?[90m# ca.mcgill.ecse.coolsupplies.features.OrderStepDefinitions.the_error_shall_be_raised(java.lang.String)?[0m

Scenario Outline: Unsuccessfully pickup an order due to non-existing order ?[90m# src/test/resources/ProcessOrder.feature:494?[0m
  ?[33mGiven ?[0m?[33mthe following parent entities exist in the system?[0m                  ?[90m# ca.mcgill.ecse.coolsupplies.features.OrderStepDefinitions.the_following_parent_entities_exist_in_the_system(io.cucumber.datatable.DataTable)?[0m
      ?[33mio.cucumber.java.PendingException: TODO: implement me
	at ca.mcgill.ecse.coolsupplies.features.OrderStepDefinitions.the_following_parent_entities_exist_in_the_system(OrderStepDefinitions.java:18)
	at ✽.the following parent entities exist in the system(file:///Users/zhengxuanzhao/IdeaProjects/ecse223-group-project-p8/src/test/resources/ProcessOrder.feature:5)
?[0m
  ?[36mGiven ?[0m?[36mthe following grade entities exist in the system?[0m                   ?[90m# ca.mcgill.ecse.coolsupplies.features.OrderStepDefinitions.the_following_grade_entities_exist_in_the_system(io.cucumber.datatable.DataTable)?[0m
  ?[36mGiven ?[0m?[36mthe following student entities exist in the system?[0m                 ?[90m# ca.mcgill.ecse.coolsupplies.features.OrderStepDefinitions.the_following_student_entities_exist_in_the_system(io.cucumber.datatable.DataTable)?[0m
  ?[36mGiven ?[0m?[36mthe following student entities exist for a parent in the system?[0m    ?[90m# ca.mcgill.ecse.coolsupplies.features.OrderStepDefinitions.the_following_student_entities_exist_for_a_parent_in_the_system(io.cucumber.datatable.DataTable)?[0m
  ?[36mGiven ?[0m?[36mthe following item entities exist in the system?[0m                    ?[90m# ca.mcgill.ecse.coolsupplies.features.OrderStepDefinitions.the_following_item_entities_exist_in_the_system(io.cucumber.datatable.DataTable)?[0m
  ?[36mGiven ?[0m?[36mthe following grade bundle entities exist in the system?[0m            ?[90m# ca.mcgill.ecse.coolsupplies.features.OrderStepDefinitions.the_following_grade_bundle_entities_exist_in_the_system(io.cucumber.datatable.DataTable)?[0m
  ?[36mGiven ?[0m?[36mthe following bundle item entities exist in the system?[0m             ?[90m# ca.mcgill.ecse.coolsupplies.features.OrderStepDefinitions.the_following_bundle_item_entities_exist_in_the_system(io.cucumber.datatable.DataTable)?[0m
  ?[36mGiven ?[0m?[36mthe following order entities exist in the system?[0m                   ?[90m# ca.mcgill.ecse.coolsupplies.features.OrderStepDefinitions.the_following_order_entities_exist_in_the_system(io.cucumber.datatable.DataTable)?[0m
  ?[36mGiven ?[0m?[36mthe following order item entities exist in the system?[0m              ?[90m# ca.mcgill.ecse.coolsupplies.features.OrderStepDefinitions.the_following_order_item_entities_exist_in_the_system(io.cucumber.datatable.DataTable)?[0m
  ?[36mWhen ?[0m?[36mthe student attempts to pickup the order ?[0m?[36m?[1m"20"?[0m                       ?[90m# ca.mcgill.ecse.coolsupplies.features.OrderStepDefinitions.the_student_attempts_to_pickup_the_order(java.lang.String)?[0m
  ?[36mThen ?[0m?[36mthe number of orders in the system shall be ?[0m?[36m?[1m"4"?[0m                     ?[90m# ca.mcgill.ecse.coolsupplies.features.OrderStepDefinitions.the_number_of_orders_in_the_system_shall_be(java.lang.String)?[0m
  ?[36mThen ?[0m?[36mthe error ?[0m?[36m?[1m"Order 20 does not exist"?[0m?[36m shall be raised?[0m                 ?[90m# ca.mcgill.ecse.coolsupplies.features.OrderStepDefinitions.the_error_shall_be_raised(java.lang.String)?[0m

Scenario Outline: Unsuccessfully pickup an order due to wrong state     ?[90m# src/test/resources/ProcessOrder.feature:504?[0m
  ?[33mGiven ?[0m?[33mthe following parent entities exist in the system?[0m               ?[90m# ca.mcgill.ecse.coolsupplies.features.OrderStepDefinitions.the_following_parent_entities_exist_in_the_system(io.cucumber.datatable.DataTable)?[0m
      ?[33mio.cucumber.java.PendingException: TODO: implement me
	at ca.mcgill.ecse.coolsupplies.features.OrderStepDefinitions.the_following_parent_entities_exist_in_the_system(OrderStepDefinitions.java:18)
	at ✽.the following parent entities exist in the system(file:///Users/zhengxuanzhao/IdeaProjects/ecse223-group-project-p8/src/test/resources/ProcessOrder.feature:5)
?[0m
  ?[36mGiven ?[0m?[36mthe following grade entities exist in the system?[0m                ?[90m# ca.mcgill.ecse.coolsupplies.features.OrderStepDefinitions.the_following_grade_entities_exist_in_the_system(io.cucumber.datatable.DataTable)?[0m
  ?[36mGiven ?[0m?[36mthe following student entities exist in the system?[0m              ?[90m# ca.mcgill.ecse.coolsupplies.features.OrderStepDefinitions.the_following_student_entities_exist_in_the_system(io.cucumber.datatable.DataTable)?[0m
  ?[36mGiven ?[0m?[36mthe following student entities exist for a parent in the system?[0m ?[90m# ca.mcgill.ecse.coolsupplies.features.OrderStepDefinitions.the_following_student_entities_exist_for_a_parent_in_the_system(io.cucumber.datatable.DataTable)?[0m
  ?[36mGiven ?[0m?[36mthe following item entities exist in the system?[0m                 ?[90m# ca.mcgill.ecse.coolsupplies.features.OrderStepDefinitions.the_following_item_entities_exist_in_the_system(io.cucumber.datatable.DataTable)?[0m
  ?[36mGiven ?[0m?[36mthe following grade bundle entities exist in the system?[0m         ?[90m# ca.mcgill.ecse.coolsupplies.features.OrderStepDefinitions.the_following_grade_bundle_entities_exist_in_the_system(io.cucumber.datatable.DataTable)?[0m
  ?[36mGiven ?[0m?[36mthe following bundle item entities exist in the system?[0m          ?[90m# ca.mcgill.ecse.coolsupplies.features.OrderStepDefinitions.the_following_bundle_item_entities_exist_in_the_system(io.cucumber.datatable.DataTable)?[0m
  ?[36mGiven ?[0m?[36mthe following order entities exist in the system?[0m                ?[90m# ca.mcgill.ecse.coolsupplies.features.OrderStepDefinitions.the_following_order_entities_exist_in_the_system(io.cucumber.datatable.DataTable)?[0m
  ?[36mGiven ?[0m?[36mthe following order item entities exist in the system?[0m           ?[90m# ca.mcgill.ecse.coolsupplies.features.OrderStepDefinitions.the_following_order_item_entities_exist_in_the_system(io.cucumber.datatable.DataTable)?[0m
  ?[36mGiven ?[0m?[36mthe order ?[0m?[36m?[1m"1"?[0m?[36m is marked as ?[0m?[36m?[1m"Started"?[0m                            ?[90m# ca.mcgill.ecse.coolsupplies.features.OrderStepDefinitions.the_order_is_marked_as(java.lang.String,java.lang.String)?[0m
  ?[36mWhen ?[0m?[36mthe student attempts to pickup the order ?[0m?[36m?[1m"1"?[0m                     ?[90m# ca.mcgill.ecse.coolsupplies.features.OrderStepDefinitions.the_student_attempts_to_pickup_the_order(java.lang.String)?[0m
  ?[36mThen ?[0m?[36mthe order ?[0m?[36m?[1m"1"?[0m?[36m shall be marked as ?[0m?[36m?[1m"Started"?[0m                       ?[90m# ca.mcgill.ecse.coolsupplies.features.OrderStepDefinitions.the_order_shall_be_marked_as(java.lang.String,java.lang.String)?[0m
  ?[36mThen ?[0m?[36mthe error ?[0m?[36m?[1m"Cannot pickup a started order"?[0m?[36m shall be raised?[0m        ?[90m# ca.mcgill.ecse.coolsupplies.features.OrderStepDefinitions.the_error_shall_be_raised(java.lang.String)?[0m

Scenario Outline: Unsuccessfully pickup an order due to wrong state     ?[90m# src/test/resources/ProcessOrder.feature:505?[0m
  ?[33mGiven ?[0m?[33mthe following parent entities exist in the system?[0m               ?[90m# ca.mcgill.ecse.coolsupplies.features.OrderStepDefinitions.the_following_parent_entities_exist_in_the_system(io.cucumber.datatable.DataTable)?[0m
      ?[33mio.cucumber.java.PendingException: TODO: implement me
	at ca.mcgill.ecse.coolsupplies.features.OrderStepDefinitions.the_following_parent_entities_exist_in_the_system(OrderStepDefinitions.java:18)
	at ✽.the following parent entities exist in the system(file:///Users/zhengxuanzhao/IdeaProjects/ecse223-group-project-p8/src/test/resources/ProcessOrder.feature:5)
?[0m
  ?[36mGiven ?[0m?[36mthe following grade entities exist in the system?[0m                ?[90m# ca.mcgill.ecse.coolsupplies.features.OrderStepDefinitions.the_following_grade_entities_exist_in_the_system(io.cucumber.datatable.DataTable)?[0m
  ?[36mGiven ?[0m?[36mthe following student entities exist in the system?[0m              ?[90m# ca.mcgill.ecse.coolsupplies.features.OrderStepDefinitions.the_following_student_entities_exist_in_the_system(io.cucumber.datatable.DataTable)?[0m
  ?[36mGiven ?[0m?[36mthe following student entities exist for a parent in the system?[0m ?[90m# ca.mcgill.ecse.coolsupplies.features.OrderStepDefinitions.the_following_student_entities_exist_for_a_parent_in_the_system(io.cucumber.datatable.DataTable)?[0m
  ?[36mGiven ?[0m?[36mthe following item entities exist in the system?[0m                 ?[90m# ca.mcgill.ecse.coolsupplies.features.OrderStepDefinitions.the_following_item_entities_exist_in_the_system(io.cucumber.datatable.DataTable)?[0m
  ?[36mGiven ?[0m?[36mthe following grade bundle entities exist in the system?[0m         ?[90m# ca.mcgill.ecse.coolsupplies.features.OrderStepDefinitions.the_following_grade_bundle_entities_exist_in_the_system(io.cucumber.datatable.DataTable)?[0m
  ?[36mGiven ?[0m?[36mthe following bundle item entities exist in the system?[0m          ?[90m# ca.mcgill.ecse.coolsupplies.features.OrderStepDefinitions.the_following_bundle_item_entities_exist_in_the_system(io.cucumber.datatable.DataTable)?[0m
  ?[36mGiven ?[0m?[36mthe following order entities exist in the system?[0m                ?[90m# ca.mcgill.ecse.coolsupplies.features.OrderStepDefinitions.the_following_order_entities_exist_in_the_system(io.cucumber.datatable.DataTable)?[0m
  ?[36mGiven ?[0m?[36mthe following order item entities exist in the system?[0m           ?[90m# ca.mcgill.ecse.coolsupplies.features.OrderStepDefinitions.the_following_order_item_entities_exist_in_the_system(io.cucumber.datatable.DataTable)?[0m
  ?[36mGiven ?[0m?[36mthe order ?[0m?[36m?[1m"1"?[0m?[36m is marked as ?[0m?[36m?[1m"Paid"?[0m                               ?[90m# ca.mcgill.ecse.coolsupplies.features.OrderStepDefinitions.the_order_is_marked_as(java.lang.String,java.lang.String)?[0m
  ?[36mWhen ?[0m?[36mthe student attempts to pickup the order ?[0m?[36m?[1m"1"?[0m                     ?[90m# ca.mcgill.ecse.coolsupplies.features.OrderStepDefinitions.the_student_attempts_to_pickup_the_order(java.lang.String)?[0m
  ?[36mThen ?[0m?[36mthe order ?[0m?[36m?[1m"1"?[0m?[36m shall be marked as ?[0m?[36m?[1m"Paid"?[0m                          ?[90m# ca.mcgill.ecse.coolsupplies.features.OrderStepDefinitions.the_order_shall_be_marked_as(java.lang.String,java.lang.String)?[0m
  ?[36mThen ?[0m?[36mthe error ?[0m?[36m?[1m"Cannot pickup a paid order"?[0m?[36m shall be raised?[0m           ?[90m# ca.mcgill.ecse.coolsupplies.features.OrderStepDefinitions.the_error_shall_be_raised(java.lang.String)?[0m

Scenario Outline: Unsuccessfully pickup an order due to wrong state     ?[90m# src/test/resources/ProcessOrder.feature:506?[0m
  ?[33mGiven ?[0m?[33mthe following parent entities exist in the system?[0m               ?[90m# ca.mcgill.ecse.coolsupplies.features.OrderStepDefinitions.the_following_parent_entities_exist_in_the_system(io.cucumber.datatable.DataTable)?[0m
      ?[33mio.cucumber.java.PendingException: TODO: implement me
	at ca.mcgill.ecse.coolsupplies.features.OrderStepDefinitions.the_following_parent_entities_exist_in_the_system(OrderStepDefinitions.java:18)
	at ✽.the following parent entities exist in the system(file:///Users/zhengxuanzhao/IdeaProjects/ecse223-group-project-p8/src/test/resources/ProcessOrder.feature:5)
?[0m
  ?[36mGiven ?[0m?[36mthe following grade entities exist in the system?[0m                ?[90m# ca.mcgill.ecse.coolsupplies.features.OrderStepDefinitions.the_following_grade_entities_exist_in_the_system(io.cucumber.datatable.DataTable)?[0m
  ?[36mGiven ?[0m?[36mthe following student entities exist in the system?[0m              ?[90m# ca.mcgill.ecse.coolsupplies.features.OrderStepDefinitions.the_following_student_entities_exist_in_the_system(io.cucumber.datatable.DataTable)?[0m
  ?[36mGiven ?[0m?[36mthe following student entities exist for a parent in the system?[0m ?[90m# ca.mcgill.ecse.coolsupplies.features.OrderStepDefinitions.the_following_student_entities_exist_for_a_parent_in_the_system(io.cucumber.datatable.DataTable)?[0m
  ?[36mGiven ?[0m?[36mthe following item entities exist in the system?[0m                 ?[90m# ca.mcgill.ecse.coolsupplies.features.OrderStepDefinitions.the_following_item_entities_exist_in_the_system(io.cucumber.datatable.DataTable)?[0m
  ?[36mGiven ?[0m?[36mthe following grade bundle entities exist in the system?[0m         ?[90m# ca.mcgill.ecse.coolsupplies.features.OrderStepDefinitions.the_following_grade_bundle_entities_exist_in_the_system(io.cucumber.datatable.DataTable)?[0m
  ?[36mGiven ?[0m?[36mthe following bundle item entities exist in the system?[0m          ?[90m# ca.mcgill.ecse.coolsupplies.features.OrderStepDefinitions.the_following_bundle_item_entities_exist_in_the_system(io.cucumber.datatable.DataTable)?[0m
  ?[36mGiven ?[0m?[36mthe following order entities exist in the system?[0m                ?[90m# ca.mcgill.ecse.coolsupplies.features.OrderStepDefinitions.the_following_order_entities_exist_in_the_system(io.cucumber.datatable.DataTable)?[0m
  ?[36mGiven ?[0m?[36mthe following order item entities exist in the system?[0m           ?[90m# ca.mcgill.ecse.coolsupplies.features.OrderStepDefinitions.the_following_order_item_entities_exist_in_the_system(io.cucumber.datatable.DataTable)?[0m
  ?[36mGiven ?[0m?[36mthe order ?[0m?[36m?[1m"1"?[0m?[36m is marked as ?[0m?[36m?[1m"Penalized"?[0m                          ?[90m# ca.mcgill.ecse.coolsupplies.features.OrderStepDefinitions.the_order_is_marked_as(java.lang.String,java.lang.String)?[0m
  ?[36mWhen ?[0m?[36mthe student attempts to pickup the order ?[0m?[36m?[1m"1"?[0m                     ?[90m# ca.mcgill.ecse.coolsupplies.features.OrderStepDefinitions.the_student_attempts_to_pickup_the_order(java.lang.String)?[0m
  ?[36mThen ?[0m?[36mthe order ?[0m?[36m?[1m"1"?[0m?[36m shall be marked as ?[0m?[36m?[1m"Penalized"?[0m                     ?[90m# ca.mcgill.ecse.coolsupplies.features.OrderStepDefinitions.the_order_shall_be_marked_as(java.lang.String,java.lang.String)?[0m
  ?[36mThen ?[0m?[36mthe error ?[0m?[36m?[1m"Cannot pickup a penalized order"?[0m?[36m shall be raised?[0m      ?[90m# ca.mcgill.ecse.coolsupplies.features.OrderStepDefinitions.the_error_shall_be_raised(java.lang.String)?[0m

Scenario Outline: Unsuccessfully pickup an order due to wrong state     ?[90m# src/test/resources/ProcessOrder.feature:507?[0m
  ?[33mGiven ?[0m?[33mthe following parent entities exist in the system?[0m               ?[90m# ca.mcgill.ecse.coolsupplies.features.OrderStepDefinitions.the_following_parent_entities_exist_in_the_system(io.cucumber.datatable.DataTable)?[0m
      ?[33mio.cucumber.java.PendingException: TODO: implement me
	at ca.mcgill.ecse.coolsupplies.features.OrderStepDefinitions.the_following_parent_entities_exist_in_the_system(OrderStepDefinitions.java:18)
	at ✽.the following parent entities exist in the system(file:///Users/zhengxuanzhao/IdeaProjects/ecse223-group-project-p8/src/test/resources/ProcessOrder.feature:5)
?[0m
  ?[36mGiven ?[0m?[36mthe following grade entities exist in the system?[0m                ?[90m# ca.mcgill.ecse.coolsupplies.features.OrderStepDefinitions.the_following_grade_entities_exist_in_the_system(io.cucumber.datatable.DataTable)?[0m
  ?[36mGiven ?[0m?[36mthe following student entities exist in the system?[0m              ?[90m# ca.mcgill.ecse.coolsupplies.features.OrderStepDefinitions.the_following_student_entities_exist_in_the_system(io.cucumber.datatable.DataTable)?[0m
  ?[36mGiven ?[0m?[36mthe following student entities exist for a parent in the system?[0m ?[90m# ca.mcgill.ecse.coolsupplies.features.OrderStepDefinitions.the_following_student_entities_exist_for_a_parent_in_the_system(io.cucumber.datatable.DataTable)?[0m
  ?[36mGiven ?[0m?[36mthe following item entities exist in the system?[0m                 ?[90m# ca.mcgill.ecse.coolsupplies.features.OrderStepDefinitions.the_following_item_entities_exist_in_the_system(io.cucumber.datatable.DataTable)?[0m
  ?[36mGiven ?[0m?[36mthe following grade bundle entities exist in the system?[0m         ?[90m# ca.mcgill.ecse.coolsupplies.features.OrderStepDefinitions.the_following_grade_bundle_entities_exist_in_the_system(io.cucumber.datatable.DataTable)?[0m
  ?[36mGiven ?[0m?[36mthe following bundle item entities exist in the system?[0m          ?[90m# ca.mcgill.ecse.coolsupplies.features.OrderStepDefinitions.the_following_bundle_item_entities_exist_in_the_system(io.cucumber.datatable.DataTable)?[0m
  ?[36mGiven ?[0m?[36mthe following order entities exist in the system?[0m                ?[90m# ca.mcgill.ecse.coolsupplies.features.OrderStepDefinitions.the_following_order_entities_exist_in_the_system(io.cucumber.datatable.DataTable)?[0m
  ?[36mGiven ?[0m?[36mthe following order item entities exist in the system?[0m           ?[90m# ca.mcgill.ecse.coolsupplies.features.OrderStepDefinitions.the_following_order_item_entities_exist_in_the_system(io.cucumber.datatable.DataTable)?[0m
  ?[36mGiven ?[0m?[36mthe order ?[0m?[36m?[1m"1"?[0m?[36m is marked as ?[0m?[36m?[1m"PickedUp"?[0m                           ?[90m# ca.mcgill.ecse.coolsupplies.features.OrderStepDefinitions.the_order_is_marked_as(java.lang.String,java.lang.String)?[0m
  ?[36mWhen ?[0m?[36mthe student attempts to pickup the order ?[0m?[36m?[1m"1"?[0m                     ?[90m# ca.mcgill.ecse.coolsupplies.features.OrderStepDefinitions.the_student_attempts_to_pickup_the_order(java.lang.String)?[0m
  ?[36mThen ?[0m?[36mthe order ?[0m?[36m?[1m"1"?[0m?[36m shall be marked as ?[0m?[36m?[1m"PickedUp"?[0m                      ?[90m# ca.mcgill.ecse.coolsupplies.features.OrderStepDefinitions.the_order_shall_be_marked_as(java.lang.String,java.lang.String)?[0m
  ?[36mThen ?[0m?[36mthe error ?[0m?[36m?[1m"The order is already picked up"?[0m?[36m shall be raised?[0m       ?[90m# ca.mcgill.ecse.coolsupplies.features.OrderStepDefinitions.the_error_shall_be_raised(java.lang.String)?[0m

Scenario: Successfully remove a bundle item from the bundle items of a grade bundle in the system                          ?[90m# src/test/resources/RemoveBundleItemFromBundleItemsOfGradeBundle.feature:18?[0m
  ?[32mGiven ?[0m?[32mthe following grade entities exists in the system (p11)?[0m                                                            ?[90m# ca.mcgill.ecse.coolsupplies.features.GetBundleItemFromBundleItemsOfGradeBundleStepDefinitions.the_following_grade_entities_exists_in_the_system_p11(io.cucumber.datatable.DataTable)?[0m
  ?[32mGiven ?[0m?[32mthe following item entities exists in the system (p11)?[0m                                                             ?[90m# ca.mcgill.ecse.coolsupplies.features.GetBundleItemFromBundleItemsOfGradeBundleStepDefinitions.the_following_item_entities_exists_in_the_system_p11(io.cucumber.datatable.DataTable)?[0m
  ?[32mGiven ?[0m?[32mthe following grade bundle entities exists in the system (p11)?[0m                                                     ?[90m# ca.mcgill.ecse.coolsupplies.features.GetBundleItemFromBundleItemsOfGradeBundleStepDefinitions.the_following_grade_bundle_entities_exists_in_the_system_p11(io.cucumber.datatable.DataTable)?[0m
  ?[32mGiven ?[0m?[32mthe following bundle item entities exists in the system (p11)?[0m                                                      ?[90m# ca.mcgill.ecse.coolsupplies.features.GetBundleItemFromBundleItemsOfGradeBundleStepDefinitions.the_following_bundle_item_entities_exists_in_the_system_p11(io.cucumber.datatable.DataTable)?[0m
  ?[32mWhen ?[0m?[32mthe school admin attempts to remove a bundle item with name ?[0m?[32m?[1m"pencil"?[0m?[32m from a grade bundle with name ?[0m?[32m?[1m"Bundle 5"?[0m?[32m (p11)?[0m ?[90m# ca.mcgill.ecse.coolsupplies.features.RemoveBundleItemFromBundleItemsOfGradeBundleStepDefinitions.the_school_admin_attempts_to_remove_a_bundle_item_with_name_from_a_grade_bundle_with_name_p11(java.lang.String,java.lang.String)?[0m
  ?[32mThen ?[0m?[32mthe number of bundle item entities in the system shall be ?[0m?[32m?[1m"0"?[0m?[32m (p11)?[0m                                                 ?[90m# ca.mcgill.ecse.coolsupplies.features.GetBundleItemFromBundleItemsOfGradeBundleStepDefinitions.the_number_of_bundle_item_entities_in_the_system_shall_be_p11(java.lang.String)?[0m
  ?[32mThen ?[0m?[32mthe number of bundle item entities for grade bundle ?[0m?[32m?[1m"Bundle 5"?[0m?[32m in the system shall be ?[0m?[32m?[1m"0"?[0m?[32m (p11)?[0m                     ?[90m# ca.mcgill.ecse.coolsupplies.features.GetBundleItemFromBundleItemsOfGradeBundleStepDefinitions.the_number_of_bundle_item_entities_for_grade_bundle_in_the_system_shall_be_p11(java.lang.String,java.lang.String)?[0m

Scenario: Unsuccessfully remove a bundle item from the bundle items of a grade bundle that does not exist in the system    ?[90m# src/test/resources/RemoveBundleItemFromBundleItemsOfGradeBundle.feature:23?[0m
  ?[32mGiven ?[0m?[32mthe following grade entities exists in the system (p11)?[0m                                                            ?[90m# ca.mcgill.ecse.coolsupplies.features.GetBundleItemFromBundleItemsOfGradeBundleStepDefinitions.the_following_grade_entities_exists_in_the_system_p11(io.cucumber.datatable.DataTable)?[0m
  ?[32mGiven ?[0m?[32mthe following item entities exists in the system (p11)?[0m                                                             ?[90m# ca.mcgill.ecse.coolsupplies.features.GetBundleItemFromBundleItemsOfGradeBundleStepDefinitions.the_following_item_entities_exists_in_the_system_p11(io.cucumber.datatable.DataTable)?[0m
  ?[32mGiven ?[0m?[32mthe following grade bundle entities exists in the system (p11)?[0m                                                     ?[90m# ca.mcgill.ecse.coolsupplies.features.GetBundleItemFromBundleItemsOfGradeBundleStepDefinitions.the_following_grade_bundle_entities_exists_in_the_system_p11(io.cucumber.datatable.DataTable)?[0m
  ?[32mGiven ?[0m?[32mthe following bundle item entities exists in the system (p11)?[0m                                                      ?[90m# ca.mcgill.ecse.coolsupplies.features.GetBundleItemFromBundleItemsOfGradeBundleStepDefinitions.the_following_bundle_item_entities_exists_in_the_system_p11(io.cucumber.datatable.DataTable)?[0m
  ?[32mWhen ?[0m?[32mthe school admin attempts to remove a bundle item with name ?[0m?[32m?[1m"pencil"?[0m?[32m from a grade bundle with name ?[0m?[32m?[1m"Bundle 6"?[0m?[32m (p11)?[0m ?[90m# ca.mcgill.ecse.coolsupplies.features.RemoveBundleItemFromBundleItemsOfGradeBundleStepDefinitions.the_school_admin_attempts_to_remove_a_bundle_item_with_name_from_a_grade_bundle_with_name_p11(java.lang.String,java.lang.String)?[0m
  ?[32mThen ?[0m?[32mthe number of bundle item entities in the system shall be ?[0m?[32m?[1m"1"?[0m?[32m (p11)?[0m                                                 ?[90m# ca.mcgill.ecse.coolsupplies.features.GetBundleItemFromBundleItemsOfGradeBundleStepDefinitions.the_number_of_bundle_item_entities_in_the_system_shall_be_p11(java.lang.String)?[0m
  ?[32mThen ?[0m?[32mthe number of bundle item entities for grade bundle ?[0m?[32m?[1m"Bundle 5"?[0m?[32m in the system shall be ?[0m?[32m?[1m"1"?[0m?[32m (p11)?[0m                     ?[90m# ca.mcgill.ecse.coolsupplies.features.GetBundleItemFromBundleItemsOfGradeBundleStepDefinitions.the_number_of_bundle_item_entities_for_grade_bundle_in_the_system_shall_be_p11(java.lang.String,java.lang.String)?[0m
  ?[32mThen ?[0m?[32mthe following bundle item entities shall exist in the system (p11)?[0m                                                  ?[90m# ca.mcgill.ecse.coolsupplies.features.RemoveBundleItemFromBundleItemsOfGradeBundleStepDefinitions.the_following_bundle_item_entities_shall_exist_in_the_system_p11(io.cucumber.datatable.DataTable)?[0m
  ?[32mThen ?[0m?[32mthe error ?[0m?[32m?[1m"The grade bundle does not exist."?[0m?[32m shall be raised (p11)?[0m                                                  ?[90m# ca.mcgill.ecse.coolsupplies.features.RemoveBundleItemFromBundleItemsOfGradeBundleStepDefinitions.the_error_shall_be_raised_p11(java.lang.String)?[0m

Scenario: Unsuccessfully remove a bundle item that does not exist in the bundle items of a grade bundle in the system        ?[90m# src/test/resources/RemoveBundleItemFromBundleItemsOfGradeBundle.feature:32?[0m
  ?[32mGiven ?[0m?[32mthe following grade entities exists in the system (p11)?[0m                                                              ?[90m# ca.mcgill.ecse.coolsupplies.features.GetBundleItemFromBundleItemsOfGradeBundleStepDefinitions.the_following_grade_entities_exists_in_the_system_p11(io.cucumber.datatable.DataTable)?[0m
  ?[32mGiven ?[0m?[32mthe following item entities exists in the system (p11)?[0m                                                               ?[90m# ca.mcgill.ecse.coolsupplies.features.GetBundleItemFromBundleItemsOfGradeBundleStepDefinitions.the_following_item_entities_exists_in_the_system_p11(io.cucumber.datatable.DataTable)?[0m
  ?[32mGiven ?[0m?[32mthe following grade bundle entities exists in the system (p11)?[0m                                                       ?[90m# ca.mcgill.ecse.coolsupplies.features.GetBundleItemFromBundleItemsOfGradeBundleStepDefinitions.the_following_grade_bundle_entities_exists_in_the_system_p11(io.cucumber.datatable.DataTable)?[0m
  ?[32mGiven ?[0m?[32mthe following bundle item entities exists in the system (p11)?[0m                                                        ?[90m# ca.mcgill.ecse.coolsupplies.features.GetBundleItemFromBundleItemsOfGradeBundleStepDefinitions.the_following_bundle_item_entities_exists_in_the_system_p11(io.cucumber.datatable.DataTable)?[0m
  ?[32mWhen ?[0m?[32mthe school admin attempts to remove a bundle item with name ?[0m?[32m?[1m"textbook"?[0m?[32m from a grade bundle with name ?[0m?[32m?[1m"Bundle 5"?[0m?[32m (p11)?[0m ?[90m# ca.mcgill.ecse.coolsupplies.features.RemoveBundleItemFromBundleItemsOfGradeBundleStepDefinitions.the_school_admin_attempts_to_remove_a_bundle_item_with_name_from_a_grade_bundle_with_name_p11(java.lang.String,java.lang.String)?[0m
  ?[32mThen ?[0m?[32mthe number of bundle item entities in the system shall be ?[0m?[32m?[1m"1"?[0m?[32m (p11)?[0m                                                   ?[90m# ca.mcgill.ecse.coolsupplies.features.GetBundleItemFromBundleItemsOfGradeBundleStepDefinitions.the_number_of_bundle_item_entities_in_the_system_shall_be_p11(java.lang.String)?[0m
  ?[32mThen ?[0m?[32mthe number of bundle item entities for grade bundle ?[0m?[32m?[1m"Bundle 5"?[0m?[32m in the system shall be ?[0m?[32m?[1m"1"?[0m?[32m (p11)?[0m                       ?[90m# ca.mcgill.ecse.coolsupplies.features.GetBundleItemFromBundleItemsOfGradeBundleStepDefinitions.the_number_of_bundle_item_entities_for_grade_bundle_in_the_system_shall_be_p11(java.lang.String,java.lang.String)?[0m
  ?[32mThen ?[0m?[32mthe following bundle item entities shall exist in the system (p11)?[0m                                                    ?[90m# ca.mcgill.ecse.coolsupplies.features.RemoveBundleItemFromBundleItemsOfGradeBundleStepDefinitions.the_following_bundle_item_entities_shall_exist_in_the_system_p11(io.cucumber.datatable.DataTable)?[0m
  ?[32mThen ?[0m?[32mthe error ?[0m?[32m?[1m"The bundle item does not exist."?[0m?[32m shall be raised (p11)?[0m                                                     ?[90m# ca.mcgill.ecse.coolsupplies.features.RemoveBundleItemFromBundleItemsOfGradeBundleStepDefinitions.the_error_shall_be_raised_p11(java.lang.String)?[0m

Scenario: Successfully remove a student from the students of a parent in the system                             ?[90m# src/test/resources/RemoveStudentFromStudentsOfParent.feature:18?[0m
  ?[32mGiven ?[0m?[32mthe following parent entities exists in the system (p16)?[0m                                                ?[90m# ca.mcgill.ecse.coolsupplies.features.AddStudentToStudentsOfParentStepDefinitions.the_following_parent_entities_exists_in_the_system_p16(io.cucumber.datatable.DataTable)?[0m
  ?[32mGiven ?[0m?[32mthe following grade entities exists in the system (p16)?[0m                                                 ?[90m# ca.mcgill.ecse.coolsupplies.features.AddStudentToStudentsOfParentStepDefinitions.the_following_grade_entities_exists_in_the_system_p16(io.cucumber.datatable.DataTable)?[0m
  ?[32mGiven ?[0m?[32mthe following student entities exists in the system (p16)?[0m                                               ?[90m# ca.mcgill.ecse.coolsupplies.features.AddStudentToStudentsOfParentStepDefinitions.the_following_student_entities_exists_in_the_system_p16(io.cucumber.datatable.DataTable)?[0m
  ?[32mGiven ?[0m?[32mthe following student entities exist for a parent in the system (p16)?[0m                                   ?[90m# ca.mcgill.ecse.coolsupplies.features.RemoveStudentFromStudentsOfParentStepDefinitions.the_following_student_entities_exist_for_a_parent_in_the_system_p16(io.cucumber.datatable.DataTable)?[0m
  ?[32mWhen ?[0m?[32mthe parent attempts to remove a student with name ?[0m?[32m?[1m"Aaron"?[0m?[32m from a parent with email ?[0m?[32m?[1m"mom@gmail.com"?[0m?[32m (p16)?[0m ?[90m# ca.mcgill.ecse.coolsupplies.features.RemoveStudentFromStudentsOfParentStepDefinitions.the_parent_attempts_to_remove_a_student_with_name_from_a_parent_with_email_p16(java.lang.String,java.lang.String)?[0m
  ?[32mThen ?[0m?[32mthe number of student entities in the system shall be ?[0m?[32m?[1m"1"?[0m?[32m (p16)?[0m                                          ?[90m# ca.mcgill.ecse.coolsupplies.features.AddStudentToStudentsOfParentStepDefinitions.the_number_of_student_entities_in_the_system_shall_be_p16(java.lang.String)?[0m
  ?[32mThen ?[0m?[32mthe number of student entities for parent ?[0m?[32m?[1m"mom@gmail.com"?[0m?[32m in the system shall be ?[0m?[32m?[1m"0"?[0m?[32m (p16)?[0m               ?[90m# ca.mcgill.ecse.coolsupplies.features.AddStudentToStudentsOfParentStepDefinitions.the_number_of_student_entities_for_parent_in_the_system_shall_be_p16(java.lang.String,java.lang.String)?[0m

Scenario: Unsuccessfully remove a student from the students of a parent that does not exist in the system       ?[90m# src/test/resources/RemoveStudentFromStudentsOfParent.feature:23?[0m
  ?[32mGiven ?[0m?[32mthe following parent entities exists in the system (p16)?[0m                                                ?[90m# ca.mcgill.ecse.coolsupplies.features.AddStudentToStudentsOfParentStepDefinitions.the_following_parent_entities_exists_in_the_system_p16(io.cucumber.datatable.DataTable)?[0m
  ?[32mGiven ?[0m?[32mthe following grade entities exists in the system (p16)?[0m                                                 ?[90m# ca.mcgill.ecse.coolsupplies.features.AddStudentToStudentsOfParentStepDefinitions.the_following_grade_entities_exists_in_the_system_p16(io.cucumber.datatable.DataTable)?[0m
  ?[32mGiven ?[0m?[32mthe following student entities exists in the system (p16)?[0m                                               ?[90m# ca.mcgill.ecse.coolsupplies.features.AddStudentToStudentsOfParentStepDefinitions.the_following_student_entities_exists_in_the_system_p16(io.cucumber.datatable.DataTable)?[0m
  ?[32mGiven ?[0m?[32mthe following student entities exist for a parent in the system (p16)?[0m                                   ?[90m# ca.mcgill.ecse.coolsupplies.features.RemoveStudentFromStudentsOfParentStepDefinitions.the_following_student_entities_exist_for_a_parent_in_the_system_p16(io.cucumber.datatable.DataTable)?[0m
  ?[32mWhen ?[0m?[32mthe parent attempts to remove a student with name ?[0m?[32m?[1m"Aaron"?[0m?[32m from a parent with email ?[0m?[32m?[1m"dad@gmail.com"?[0m?[32m (p16)?[0m ?[90m# ca.mcgill.ecse.coolsupplies.features.RemoveStudentFromStudentsOfParentStepDefinitions.the_parent_attempts_to_remove_a_student_with_name_from_a_parent_with_email_p16(java.lang.String,java.lang.String)?[0m
  ?[32mThen ?[0m?[32mthe number of student entities in the system shall be ?[0m?[32m?[1m"1"?[0m?[32m (p16)?[0m                                          ?[90m# ca.mcgill.ecse.coolsupplies.features.AddStudentToStudentsOfParentStepDefinitions.the_number_of_student_entities_in_the_system_shall_be_p16(java.lang.String)?[0m
  ?[32mThen ?[0m?[32mthe number of student entities for parent ?[0m?[32m?[1m"mom@gmail.com"?[0m?[32m in the system shall be ?[0m?[32m?[1m"1"?[0m?[32m (p16)?[0m               ?[90m# ca.mcgill.ecse.coolsupplies.features.AddStudentToStudentsOfParentStepDefinitions.the_number_of_student_entities_for_parent_in_the_system_shall_be_p16(java.lang.String,java.lang.String)?[0m
  ?[32mThen ?[0m?[32mthe following student entities for a parent shall exist in the system (p16)?[0m                              ?[90m# ca.mcgill.ecse.coolsupplies.features.RemoveStudentFromStudentsOfParentStepDefinitions.the_following_student_entities_for_a_parent_shall_exist_in_the_system_p16(io.cucumber.datatable.DataTable)?[0m
  ?[32mThen ?[0m?[32mthe error ?[0m?[32m?[1m"The parent does not exist."?[0m?[32m shall be raised (p16)?[0m                                             ?[90m# ca.mcgill.ecse.coolsupplies.features.AddStudentToStudentsOfParentStepDefinitions.the_error_shall_be_raised_p16(java.lang.String)?[0m

Scenario: Unsuccessfully remove a student that does not exist in the students of a parent in the system           ?[90m# src/test/resources/RemoveStudentFromStudentsOfParent.feature:32?[0m
  ?[32mGiven ?[0m?[32mthe following parent entities exists in the system (p16)?[0m                                                  ?[90m# ca.mcgill.ecse.coolsupplies.features.AddStudentToStudentsOfParentStepDefinitions.the_following_parent_entities_exists_in_the_system_p16(io.cucumber.datatable.DataTable)?[0m
  ?[32mGiven ?[0m?[32mthe following grade entities exists in the system (p16)?[0m                                                   ?[90m# ca.mcgill.ecse.coolsupplies.features.AddStudentToStudentsOfParentStepDefinitions.the_following_grade_entities_exists_in_the_system_p16(io.cucumber.datatable.DataTable)?[0m
  ?[32mGiven ?[0m?[32mthe following student entities exists in the system (p16)?[0m                                                 ?[90m# ca.mcgill.ecse.coolsupplies.features.AddStudentToStudentsOfParentStepDefinitions.the_following_student_entities_exists_in_the_system_p16(io.cucumber.datatable.DataTable)?[0m
  ?[32mGiven ?[0m?[32mthe following student entities exist for a parent in the system (p16)?[0m                                     ?[90m# ca.mcgill.ecse.coolsupplies.features.RemoveStudentFromStudentsOfParentStepDefinitions.the_following_student_entities_exist_for_a_parent_in_the_system_p16(io.cucumber.datatable.DataTable)?[0m
  ?[32mWhen ?[0m?[32mthe parent attempts to remove a student with name ?[0m?[32m?[1m"Barbara"?[0m?[32m from a parent with email ?[0m?[32m?[1m"mom@gmail.com"?[0m?[32m (p16)?[0m ?[90m# ca.mcgill.ecse.coolsupplies.features.RemoveStudentFromStudentsOfParentStepDefinitions.the_parent_attempts_to_remove_a_student_with_name_from_a_parent_with_email_p16(java.lang.String,java.lang.String)?[0m
  ?[32mThen ?[0m?[32mthe number of student entities in the system shall be ?[0m?[32m?[1m"1"?[0m?[32m (p16)?[0m                                            ?[90m# ca.mcgill.ecse.coolsupplies.features.AddStudentToStudentsOfParentStepDefinitions.the_number_of_student_entities_in_the_system_shall_be_p16(java.lang.String)?[0m
  ?[32mThen ?[0m?[32mthe number of student entities for parent ?[0m?[32m?[1m"mom@gmail.com"?[0m?[32m in the system shall be ?[0m?[32m?[1m"1"?[0m?[32m (p16)?[0m                 ?[90m# ca.mcgill.ecse.coolsupplies.features.AddStudentToStudentsOfParentStepDefinitions.the_number_of_student_entities_for_parent_in_the_system_shall_be_p16(java.lang.String,java.lang.String)?[0m
  ?[32mThen ?[0m?[32mthe following student entities shall exist in the system (p16)?[0m                                             ?[90m# ca.mcgill.ecse.coolsupplies.features.RemoveStudentFromStudentsOfParentStepDefinitions.the_following_student_entities_shall_exist_in_the_system_p16(io.cucumber.datatable.DataTable)?[0m
  ?[32mThen ?[0m?[32mthe error ?[0m?[32m?[1m"The student does not exist."?[0m?[32m shall be raised (p16)?[0m                                              ?[90m# ca.mcgill.ecse.coolsupplies.features.AddStudentToStudentsOfParentStepDefinitions.the_error_shall_be_raised_p16(java.lang.String)?[0m

Scenario Outline: Successfully update a bundle item in a grade bundle in the system                                                               ?[90m# src/test/resources/UpdateBundleItemInBundleItemsOfGradeBundle.feature:27?[0m
  ?[32mGiven ?[0m?[32mthe following grade entities exists in the system (p12)?[0m                                                                                   ?[90m# ca.mcgill.ecse.coolsupplies.features.AddBundleItemToBundleItemsOfGradeBundleStepDefinitions.the_following_grade_entities_exists_in_the_system_p12(io.cucumber.datatable.DataTable)?[0m
  ?[32mGiven ?[0m?[32mthe following item entities exists in the system (p12)?[0m                                                                                    ?[90m# ca.mcgill.ecse.coolsupplies.features.AddBundleItemToBundleItemsOfGradeBundleStepDefinitions.the_following_item_entities_exists_in_the_system_p12(io.cucumber.datatable.DataTable)?[0m
  ?[32mGiven ?[0m?[32mthe following grade bundle entities exists in the system (p12)?[0m                                                                            ?[90m# ca.mcgill.ecse.coolsupplies.features.AddBundleItemToBundleItemsOfGradeBundleStepDefinitions.the_following_grade_bundle_entities_exists_in_the_system_p12(io.cucumber.datatable.DataTable)?[0m
  ?[32mGiven ?[0m?[32mthe following bundle item entities exists in the system (p12)?[0m                                                                             ?[90m# ca.mcgill.ecse.coolsupplies.features.AddBundleItemToBundleItemsOfGradeBundleStepDefinitions.the_following_bundle_item_entities_exists_in_the_system_p12(io.cucumber.datatable.DataTable)?[0m
  ?[32mWhen ?[0m?[32mthe school admin attempts to update a bundle item ?[0m?[32m?[1m"pencil"?[0m?[32m of grade bundle ?[0m?[32m?[1m"Bundle 5"?[0m?[32m with quantity ?[0m?[32m?[1m"5"?[0m?[32m and level ?[0m?[32m?[1m"Recommended"?[0m?[32m (p12)?[0m      ?[90m# ca.mcgill.ecse.coolsupplies.features.UpdateBundleItemInBundleItemsOfGradeBundleStepDefinitions.the_school_admin_attempts_to_update_a_bundle_item_of_grade_bundle_with_quantity_and_level_p12(java.lang.String,java.lang.String,java.lang.String,java.lang.String)?[0m
  ?[32mThen ?[0m?[32mthe number of bundle item entities in the system shall be ?[0m?[32m?[1m"1"?[0m?[32m (p12)?[0m                                                                        ?[90m# ca.mcgill.ecse.coolsupplies.features.AddBundleItemToBundleItemsOfGradeBundleStepDefinitions.the_number_of_bundle_item_entities_in_the_system_shall_be_p12(java.lang.String)?[0m
  ?[32mThen ?[0m?[32mthe number of bundle item entities for grade bundle ?[0m?[32m?[1m"Bundle 5"?[0m?[32m in the system shall be ?[0m?[32m?[1m"1"?[0m?[32m (p12)?[0m                                            ?[90m# ca.mcgill.ecse.coolsupplies.features.AddBundleItemToBundleItemsOfGradeBundleStepDefinitions.the_number_of_bundle_item_entities_for_grade_bundle_in_the_system_shall_be_p12(java.lang.String,java.lang.String)?[0m
  ?[32mThen ?[0m?[32mthe bundle item with quantity ?[0m?[32m?[1m"5"?[0m?[32m, level ?[0m?[32m?[1m"Recommended"?[0m?[32m, and item name ?[0m?[32m?[1m"pencil"?[0m?[32m shall exist for grade bundle ?[0m?[32m?[1m"Bundle 5"?[0m?[32m in the system (p12)?[0m ?[90m# ca.mcgill.ecse.coolsupplies.features.AddBundleItemToBundleItemsOfGradeBundleStepDefinitions.the_bundle_item_with_quantity_level_and_item_name_shall_exist_for_grade_bundle_in_the_system_p12(java.lang.String,java.lang.String,java.lang.String,java.lang.String)?[0m

Scenario Outline: Unsuccessfully update a bundle item that does not exist in a grade bundle in the system                                               ?[90m# src/test/resources/UpdateBundleItemInBundleItemsOfGradeBundle.feature:41?[0m
  ?[32mGiven ?[0m?[32mthe following grade entities exists in the system (p12)?[0m                                                                                         ?[90m# ca.mcgill.ecse.coolsupplies.features.AddBundleItemToBundleItemsOfGradeBundleStepDefinitions.the_following_grade_entities_exists_in_the_system_p12(io.cucumber.datatable.DataTable)?[0m
  ?[32mGiven ?[0m?[32mthe following item entities exists in the system (p12)?[0m                                                                                          ?[90m# ca.mcgill.ecse.coolsupplies.features.AddBundleItemToBundleItemsOfGradeBundleStepDefinitions.the_following_item_entities_exists_in_the_system_p12(io.cucumber.datatable.DataTable)?[0m
  ?[32mGiven ?[0m?[32mthe following grade bundle entities exists in the system (p12)?[0m                                                                                  ?[90m# ca.mcgill.ecse.coolsupplies.features.AddBundleItemToBundleItemsOfGradeBundleStepDefinitions.the_following_grade_bundle_entities_exists_in_the_system_p12(io.cucumber.datatable.DataTable)?[0m
  ?[32mGiven ?[0m?[32mthe following bundle item entities exists in the system (p12)?[0m                                                                                   ?[90m# ca.mcgill.ecse.coolsupplies.features.AddBundleItemToBundleItemsOfGradeBundleStepDefinitions.the_following_bundle_item_entities_exists_in_the_system_p12(io.cucumber.datatable.DataTable)?[0m
  ?[32mWhen ?[0m?[32mthe school admin attempts to update a bundle item ?[0m?[32m?[1m"textbook"?[0m?[32m of grade bundle ?[0m?[32m?[1m"Bundle 5"?[0m?[32m with quantity ?[0m?[32m?[1m"5"?[0m?[32m and level ?[0m?[32m?[1m"Recommended"?[0m?[32m (p12)?[0m          ?[90m# ca.mcgill.ecse.coolsupplies.features.UpdateBundleItemInBundleItemsOfGradeBundleStepDefinitions.the_school_admin_attempts_to_update_a_bundle_item_of_grade_bundle_with_quantity_and_level_p12(java.lang.String,java.lang.String,java.lang.String,java.lang.String)?[0m
  ?[32mThen ?[0m?[32mthe number of bundle item entities in the system shall be ?[0m?[32m?[1m"1"?[0m?[32m (p12)?[0m                                                                              ?[90m# ca.mcgill.ecse.coolsupplies.features.AddBundleItemToBundleItemsOfGradeBundleStepDefinitions.the_number_of_bundle_item_entities_in_the_system_shall_be_p12(java.lang.String)?[0m
  ?[32mThen ?[0m?[32mthe number of bundle item entities for grade bundle ?[0m?[32m?[1m"Bundle 5"?[0m?[32m in the system shall be ?[0m?[32m?[1m"1"?[0m?[32m (p12)?[0m                                                  ?[90m# ca.mcgill.ecse.coolsupplies.features.AddBundleItemToBundleItemsOfGradeBundleStepDefinitions.the_number_of_bundle_item_entities_for_grade_bundle_in_the_system_shall_be_p12(java.lang.String,java.lang.String)?[0m
  ?[32mThen ?[0m?[32mthe bundle item with quantity ?[0m?[32m?[1m"5"?[0m?[32m, level ?[0m?[32m?[1m"Recommended"?[0m?[32m, and item name ?[0m?[32m?[1m"textbook"?[0m?[32m shall not exist for grade bundle ?[0m?[32m?[1m"Bundle 5"?[0m?[32m in the system (p12)?[0m ?[90m# ca.mcgill.ecse.coolsupplies.features.UpdateBundleItemInBundleItemsOfGradeBundleStepDefinitions.the_bundle_item_with_quantity_level_and_item_name_shall_not_exist_for_grade_bundle_in_the_system_p12(java.lang.String,java.lang.String,java.lang.String,java.lang.String)?[0m
  ?[32mThen ?[0m?[32mthe following bundle item entities shall exist in the system (p12)?[0m                                                                               ?[90m# ca.mcgill.ecse.coolsupplies.features.UpdateBundleItemInBundleItemsOfGradeBundleStepDefinitions.the_following_bundle_item_entities_shall_exist_in_the_system_p12(io.cucumber.datatable.DataTable)?[0m
  ?[32mThen ?[0m?[32mthe error ?[0m?[32m?[1m"The bundle item does not exist for the grade bundle."?[0m?[32m shall be raised (p12)?[0m                                                           ?[90m# ca.mcgill.ecse.coolsupplies.features.AddBundleItemToBundleItemsOfGradeBundleStepDefinitions.the_error_shall_be_raised_p12(java.lang.String)?[0m

Scenario Outline: Unsuccessfully update a bundle item in a grade bundle in the system with invalid values                                             ?[90m# src/test/resources/UpdateBundleItemInBundleItemsOfGradeBundle.feature:55?[0m
  ?[32mGiven ?[0m?[32mthe following grade entities exists in the system (p12)?[0m                                                                                       ?[90m# ca.mcgill.ecse.coolsupplies.features.AddBundleItemToBundleItemsOfGradeBundleStepDefinitions.the_following_grade_entities_exists_in_the_system_p12(io.cucumber.datatable.DataTable)?[0m
  ?[32mGiven ?[0m?[32mthe following item entities exists in the system (p12)?[0m                                                                                        ?[90m# ca.mcgill.ecse.coolsupplies.features.AddBundleItemToBundleItemsOfGradeBundleStepDefinitions.the_following_item_entities_exists_in_the_system_p12(io.cucumber.datatable.DataTable)?[0m
  ?[32mGiven ?[0m?[32mthe following grade bundle entities exists in the system (p12)?[0m                                                                                ?[90m# ca.mcgill.ecse.coolsupplies.features.AddBundleItemToBundleItemsOfGradeBundleStepDefinitions.the_following_grade_bundle_entities_exists_in_the_system_p12(io.cucumber.datatable.DataTable)?[0m
  ?[32mGiven ?[0m?[32mthe following bundle item entities exists in the system (p12)?[0m                                                                                 ?[90m# ca.mcgill.ecse.coolsupplies.features.AddBundleItemToBundleItemsOfGradeBundleStepDefinitions.the_following_bundle_item_entities_exists_in_the_system_p12(io.cucumber.datatable.DataTable)?[0m
  ?[32mWhen ?[0m?[32mthe school admin attempts to update a bundle item ?[0m?[32m?[1m"pencil"?[0m?[32m of grade bundle ?[0m?[32m?[1m"Bundle 5"?[0m?[32m with quantity ?[0m?[32m?[1m"0"?[0m?[32m and level ?[0m?[32m?[1m"Recommended"?[0m?[32m (p12)?[0m          ?[90m# ca.mcgill.ecse.coolsupplies.features.UpdateBundleItemInBundleItemsOfGradeBundleStepDefinitions.the_school_admin_attempts_to_update_a_bundle_item_of_grade_bundle_with_quantity_and_level_p12(java.lang.String,java.lang.String,java.lang.String,java.lang.String)?[0m
  ?[32mThen ?[0m?[32mthe number of bundle item entities in the system shall be ?[0m?[32m?[1m"1"?[0m?[32m (p12)?[0m                                                                            ?[90m# ca.mcgill.ecse.coolsupplies.features.AddBundleItemToBundleItemsOfGradeBundleStepDefinitions.the_number_of_bundle_item_entities_in_the_system_shall_be_p12(java.lang.String)?[0m
  ?[32mThen ?[0m?[32mthe number of bundle item entities for grade bundle ?[0m?[32m?[1m"Bundle 5"?[0m?[32m in the system shall be ?[0m?[32m?[1m"1"?[0m?[32m (p12)?[0m                                                ?[90m# ca.mcgill.ecse.coolsupplies.features.AddBundleItemToBundleItemsOfGradeBundleStepDefinitions.the_number_of_bundle_item_entities_for_grade_bundle_in_the_system_shall_be_p12(java.lang.String,java.lang.String)?[0m
  ?[32mThen ?[0m?[32mthe bundle item with quantity ?[0m?[32m?[1m"0"?[0m?[32m, level ?[0m?[32m?[1m"Recommended"?[0m?[32m, and item name ?[0m?[32m?[1m"pencil"?[0m?[32m shall not exist for grade bundle ?[0m?[32m?[1m"Bundle 5"?[0m?[32m in the system (p12)?[0m ?[90m# ca.mcgill.ecse.coolsupplies.features.UpdateBundleItemInBundleItemsOfGradeBundleStepDefinitions.the_bundle_item_with_quantity_level_and_item_name_shall_not_exist_for_grade_bundle_in_the_system_p12(java.lang.String,java.lang.String,java.lang.String,java.lang.String)?[0m
  ?[32mThen ?[0m?[32mthe following bundle item entities shall exist in the system (p12)?[0m                                                                             ?[90m# ca.mcgill.ecse.coolsupplies.features.UpdateBundleItemInBundleItemsOfGradeBundleStepDefinitions.the_following_bundle_item_entities_shall_exist_in_the_system_p12(io.cucumber.datatable.DataTable)?[0m
  ?[32mThen ?[0m?[32mthe error ?[0m?[32m?[1m"The quantity must be greater than 0."?[0m?[32m shall be raised (p12)?[0m                                                                         ?[90m# ca.mcgill.ecse.coolsupplies.features.AddBundleItemToBundleItemsOfGradeBundleStepDefinitions.the_error_shall_be_raised_p12(java.lang.String)?[0m

Scenario Outline: Unsuccessfully update a bundle item in a grade bundle in the system with invalid values                                             ?[90m# src/test/resources/UpdateBundleItemInBundleItemsOfGradeBundle.feature:56?[0m
  ?[32mGiven ?[0m?[32mthe following grade entities exists in the system (p12)?[0m                                                                                       ?[90m# ca.mcgill.ecse.coolsupplies.features.AddBundleItemToBundleItemsOfGradeBundleStepDefinitions.the_following_grade_entities_exists_in_the_system_p12(io.cucumber.datatable.DataTable)?[0m
  ?[32mGiven ?[0m?[32mthe following item entities exists in the system (p12)?[0m                                                                                        ?[90m# ca.mcgill.ecse.coolsupplies.features.AddBundleItemToBundleItemsOfGradeBundleStepDefinitions.the_following_item_entities_exists_in_the_system_p12(io.cucumber.datatable.DataTable)?[0m
  ?[32mGiven ?[0m?[32mthe following grade bundle entities exists in the system (p12)?[0m                                                                                ?[90m# ca.mcgill.ecse.coolsupplies.features.AddBundleItemToBundleItemsOfGradeBundleStepDefinitions.the_following_grade_bundle_entities_exists_in_the_system_p12(io.cucumber.datatable.DataTable)?[0m
  ?[32mGiven ?[0m?[32mthe following bundle item entities exists in the system (p12)?[0m                                                                                 ?[90m# ca.mcgill.ecse.coolsupplies.features.AddBundleItemToBundleItemsOfGradeBundleStepDefinitions.the_following_bundle_item_entities_exists_in_the_system_p12(io.cucumber.datatable.DataTable)?[0m
  ?[32mWhen ?[0m?[32mthe school admin attempts to update a bundle item ?[0m?[32m?[1m"pencil"?[0m?[32m of grade bundle ?[0m?[32m?[1m"Bundle 5"?[0m?[32m with quantity ?[0m?[32m?[1m"5"?[0m?[32m and level ?[0m?[32m?[1m"notALiteral"?[0m?[32m (p12)?[0m          ?[90m# ca.mcgill.ecse.coolsupplies.features.UpdateBundleItemInBundleItemsOfGradeBundleStepDefinitions.the_school_admin_attempts_to_update_a_bundle_item_of_grade_bundle_with_quantity_and_level_p12(java.lang.String,java.lang.String,java.lang.String,java.lang.String)?[0m
  ?[32mThen ?[0m?[32mthe number of bundle item entities in the system shall be ?[0m?[32m?[1m"1"?[0m?[32m (p12)?[0m                                                                            ?[90m# ca.mcgill.ecse.coolsupplies.features.AddBundleItemToBundleItemsOfGradeBundleStepDefinitions.the_number_of_bundle_item_entities_in_the_system_shall_be_p12(java.lang.String)?[0m
  ?[32mThen ?[0m?[32mthe number of bundle item entities for grade bundle ?[0m?[32m?[1m"Bundle 5"?[0m?[32m in the system shall be ?[0m?[32m?[1m"1"?[0m?[32m (p12)?[0m                                                ?[90m# ca.mcgill.ecse.coolsupplies.features.AddBundleItemToBundleItemsOfGradeBundleStepDefinitions.the_number_of_bundle_item_entities_for_grade_bundle_in_the_system_shall_be_p12(java.lang.String,java.lang.String)?[0m
  ?[32mThen ?[0m?[32mthe bundle item with quantity ?[0m?[32m?[1m"5"?[0m?[32m, level ?[0m?[32m?[1m"notALiteral"?[0m?[32m, and item name ?[0m?[32m?[1m"pencil"?[0m?[32m shall not exist for grade bundle ?[0m?[32m?[1m"Bundle 5"?[0m?[32m in the system (p12)?[0m ?[90m# ca.mcgill.ecse.coolsupplies.features.UpdateBundleItemInBundleItemsOfGradeBundleStepDefinitions.the_bundle_item_with_quantity_level_and_item_name_shall_not_exist_for_grade_bundle_in_the_system_p12(java.lang.String,java.lang.String,java.lang.String,java.lang.String)?[0m
  ?[32mThen ?[0m?[32mthe following bundle item entities shall exist in the system (p12)?[0m                                                                             ?[90m# ca.mcgill.ecse.coolsupplies.features.UpdateBundleItemInBundleItemsOfGradeBundleStepDefinitions.the_following_bundle_item_entities_shall_exist_in_the_system_p12(io.cucumber.datatable.DataTable)?[0m
  ?[32mThen ?[0m?[32mthe error ?[0m?[32m?[1m"The level must be Mandatory, Recommended, or Optional."?[0m?[32m shall be raised (p12)?[0m                                                       ?[90m# ca.mcgill.ecse.coolsupplies.features.AddBundleItemToBundleItemsOfGradeBundleStepDefinitions.the_error_shall_be_raised_p12(java.lang.String)?[0m

Scenario Outline: Unsuccessfully update a bundle item in a grade bundle in the system with invalid values                                             ?[90m# src/test/resources/UpdateBundleItemInBundleItemsOfGradeBundle.feature:57?[0m
  ?[32mGiven ?[0m?[32mthe following grade entities exists in the system (p12)?[0m                                                                                       ?[90m# ca.mcgill.ecse.coolsupplies.features.AddBundleItemToBundleItemsOfGradeBundleStepDefinitions.the_following_grade_entities_exists_in_the_system_p12(io.cucumber.datatable.DataTable)?[0m
  ?[32mGiven ?[0m?[32mthe following item entities exists in the system (p12)?[0m                                                                                        ?[90m# ca.mcgill.ecse.coolsupplies.features.AddBundleItemToBundleItemsOfGradeBundleStepDefinitions.the_following_item_entities_exists_in_the_system_p12(io.cucumber.datatable.DataTable)?[0m
  ?[32mGiven ?[0m?[32mthe following grade bundle entities exists in the system (p12)?[0m                                                                                ?[90m# ca.mcgill.ecse.coolsupplies.features.AddBundleItemToBundleItemsOfGradeBundleStepDefinitions.the_following_grade_bundle_entities_exists_in_the_system_p12(io.cucumber.datatable.DataTable)?[0m
  ?[32mGiven ?[0m?[32mthe following bundle item entities exists in the system (p12)?[0m                                                                                 ?[90m# ca.mcgill.ecse.coolsupplies.features.AddBundleItemToBundleItemsOfGradeBundleStepDefinitions.the_following_bundle_item_entities_exists_in_the_system_p12(io.cucumber.datatable.DataTable)?[0m
  ?[32mWhen ?[0m?[32mthe school admin attempts to update a bundle item ?[0m?[32m?[1m"pencil"?[0m?[32m of grade bundle ?[0m?[32m?[1m"Bundle 6"?[0m?[32m with quantity ?[0m?[32m?[1m"5"?[0m?[32m and level ?[0m?[32m?[1m"Recommended"?[0m?[32m (p12)?[0m          ?[90m# ca.mcgill.ecse.coolsupplies.features.UpdateBundleItemInBundleItemsOfGradeBundleStepDefinitions.the_school_admin_attempts_to_update_a_bundle_item_of_grade_bundle_with_quantity_and_level_p12(java.lang.String,java.lang.String,java.lang.String,java.lang.String)?[0m
  ?[32mThen ?[0m?[32mthe number of bundle item entities in the system shall be ?[0m?[32m?[1m"1"?[0m?[32m (p12)?[0m                                                                            ?[90m# ca.mcgill.ecse.coolsupplies.features.AddBundleItemToBundleItemsOfGradeBundleStepDefinitions.the_number_of_bundle_item_entities_in_the_system_shall_be_p12(java.lang.String)?[0m
  ?[32mThen ?[0m?[32mthe number of bundle item entities for grade bundle ?[0m?[32m?[1m"Bundle 6"?[0m?[32m in the system shall be ?[0m?[32m?[1m"0"?[0m?[32m (p12)?[0m                                                ?[90m# ca.mcgill.ecse.coolsupplies.features.AddBundleItemToBundleItemsOfGradeBundleStepDefinitions.the_number_of_bundle_item_entities_for_grade_bundle_in_the_system_shall_be_p12(java.lang.String,java.lang.String)?[0m
  ?[32mThen ?[0m?[32mthe bundle item with quantity ?[0m?[32m?[1m"5"?[0m?[32m, level ?[0m?[32m?[1m"Recommended"?[0m?[32m, and item name ?[0m?[32m?[1m"pencil"?[0m?[32m shall not exist for grade bundle ?[0m?[32m?[1m"Bundle 6"?[0m?[32m in the system (p12)?[0m ?[90m# ca.mcgill.ecse.coolsupplies.features.UpdateBundleItemInBundleItemsOfGradeBundleStepDefinitions.the_bundle_item_with_quantity_level_and_item_name_shall_not_exist_for_grade_bundle_in_the_system_p12(java.lang.String,java.lang.String,java.lang.String,java.lang.String)?[0m
  ?[32mThen ?[0m?[32mthe following bundle item entities shall exist in the system (p12)?[0m                                                                             ?[90m# ca.mcgill.ecse.coolsupplies.features.UpdateBundleItemInBundleItemsOfGradeBundleStepDefinitions.the_following_bundle_item_entities_shall_exist_in_the_system_p12(io.cucumber.datatable.DataTable)?[0m
  ?[32mThen ?[0m?[32mthe error ?[0m?[32m?[1m"The grade bundle does not exist."?[0m?[32m shall be raised (p12)?[0m                                                                             ?[90m# ca.mcgill.ecse.coolsupplies.features.AddBundleItemToBundleItemsOfGradeBundleStepDefinitions.the_error_shall_be_raised_p12(java.lang.String)?[0m

Scenario Outline: Successfully update a grade in the system                                 ?[90m# src/test/resources/UpdateGrade.feature:16?[0m
  ?[32mGiven ?[0m?[32mthe following grade entities exists in the system (p13)?[0m                             ?[90m# ca.mcgill.ecse.coolsupplies.features.AddGradeStepDefinitions.the_following_grade_entities_exists_in_the_system_p13(io.cucumber.datatable.DataTable)?[0m
  ?[32mWhen ?[0m?[32mthe school admin attempts to update grade ?[0m?[32m?[1m"5th"?[0m?[32m in the system with level ?[0m?[32m?[1m"6th"?[0m?[32m (p13)?[0m ?[90m# ca.mcgill.ecse.coolsupplies.features.UpdateGradeStepDefinitions.the_school_admin_attempts_to_update_grade_in_the_system_with_level_p13(java.lang.String,java.lang.String)?[0m
  ?[32mThen ?[0m?[32mthe number of grade entities in the system shall be ?[0m?[32m?[1m"1"?[0m?[32m (p13)?[0m                        ?[90m# ca.mcgill.ecse.coolsupplies.features.AddGradeStepDefinitions.the_number_of_grade_entities_in_the_system_shall_be_p13(java.lang.String)?[0m
  ?[32mThen ?[0m?[32mthe grade ?[0m?[32m?[1m"6th"?[0m?[32m shall exist in the system (p13)?[0m                                      ?[90m# ca.mcgill.ecse.coolsupplies.features.AddGradeStepDefinitions.the_grade_shall_exist_in_the_system_p13(java.lang.String)?[0m

Scenario Outline: Unsuccessfully update a grade that does not exist in the system           ?[90m# src/test/resources/UpdateGrade.feature:29?[0m
  ?[32mGiven ?[0m?[32mthe following grade entities exists in the system (p13)?[0m                             ?[90m# ca.mcgill.ecse.coolsupplies.features.AddGradeStepDefinitions.the_following_grade_entities_exists_in_the_system_p13(io.cucumber.datatable.DataTable)?[0m
  ?[32mWhen ?[0m?[32mthe school admin attempts to update grade ?[0m?[32m?[1m"6th"?[0m?[32m in the system with level ?[0m?[32m?[1m"7th"?[0m?[32m (p13)?[0m ?[90m# ca.mcgill.ecse.coolsupplies.features.UpdateGradeStepDefinitions.the_school_admin_attempts_to_update_grade_in_the_system_with_level_p13(java.lang.String,java.lang.String)?[0m
  ?[32mThen ?[0m?[32mthe number of grade entities in the system shall be ?[0m?[32m?[1m"1"?[0m?[32m (p13)?[0m                        ?[90m# ca.mcgill.ecse.coolsupplies.features.AddGradeStepDefinitions.the_number_of_grade_entities_in_the_system_shall_be_p13(java.lang.String)?[0m
  ?[32mThen ?[0m?[32mthe grade ?[0m?[32m?[1m"7th"?[0m?[32m shall not exist in the system (p13)?[0m                                  ?[90m# ca.mcgill.ecse.coolsupplies.features.UpdateGradeStepDefinitions.the_grade_shall_not_exist_in_the_system_p13(java.lang.String)?[0m
  ?[32mThen ?[0m?[32mthe following grade entities shall exist in the system (p13)?[0m                         ?[90m# ca.mcgill.ecse.coolsupplies.features.UpdateGradeStepDefinitions.the_following_grade_entities_shall_exist_in_the_system_p13(io.cucumber.datatable.DataTable)?[0m
  ?[32mThen ?[0m?[32mthe error ?[0m?[32m?[1m"The grade does not exist."?[0m?[32m shall be raised (p13)?[0m                          ?[90m# ca.mcgill.ecse.coolsupplies.features.AddGradeStepDefinitions.the_error_shall_be_raised_p13(java.lang.String)?[0m

Scenario Outline: Unsuccessfully update a grade in the system with invalid values        ?[90m# src/test/resources/UpdateGrade.feature:42?[0m
  ?[32mGiven ?[0m?[32mthe following grade entities exists in the system (p13)?[0m                          ?[90m# ca.mcgill.ecse.coolsupplies.features.AddGradeStepDefinitions.the_following_grade_entities_exists_in_the_system_p13(io.cucumber.datatable.DataTable)?[0m
  ?[32mWhen ?[0m?[32mthe school admin attempts to update grade ?[0m?[32m?[1m"5th"?[0m?[32m in the system with level ?[0m?[32m?[1m""?[0m?[32m (p13)?[0m ?[90m# ca.mcgill.ecse.coolsupplies.features.UpdateGradeStepDefinitions.the_school_admin_attempts_to_update_grade_in_the_system_with_level_p13(java.lang.String,java.lang.String)?[0m
  ?[32mThen ?[0m?[32mthe number of grade entities in the system shall be ?[0m?[32m?[1m"1"?[0m?[32m (p13)?[0m                     ?[90m# ca.mcgill.ecse.coolsupplies.features.AddGradeStepDefinitions.the_number_of_grade_entities_in_the_system_shall_be_p13(java.lang.String)?[0m
  ?[32mThen ?[0m?[32mthe grade ?[0m?[32m?[1m""?[0m?[32m shall not exist in the system (p13)?[0m                                  ?[90m# ca.mcgill.ecse.coolsupplies.features.UpdateGradeStepDefinitions.the_grade_shall_not_exist_in_the_system_p13(java.lang.String)?[0m
  ?[32mThen ?[0m?[32mthe following grade entities shall exist in the system (p13)?[0m                      ?[90m# ca.mcgill.ecse.coolsupplies.features.UpdateGradeStepDefinitions.the_following_grade_entities_shall_exist_in_the_system_p13(io.cucumber.datatable.DataTable)?[0m
  ?[32mThen ?[0m?[32mthe error ?[0m?[32m?[1m"The level must not be empty."?[0m?[32m shall be raised (p13)?[0m                    ?[90m# ca.mcgill.ecse.coolsupplies.features.AddGradeStepDefinitions.the_error_shall_be_raised_p13(java.lang.String)?[0m

Scenario Outline: Unsuccessfully update a grade in the system with a duplicate unique value ?[90m# src/test/resources/UpdateGrade.feature:58?[0m
  ?[32mGiven ?[0m?[32mthe following grade entities exists in the system (p13)?[0m                             ?[90m# ca.mcgill.ecse.coolsupplies.features.AddGradeStepDefinitions.the_following_grade_entities_exists_in_the_system_p13(io.cucumber.datatable.DataTable)?[0m
  ?[32mGiven ?[0m?[32mthe following grade entities exists in the system (p13)?[0m                             ?[90m# ca.mcgill.ecse.coolsupplies.features.AddGradeStepDefinitions.the_following_grade_entities_exists_in_the_system_p13(io.cucumber.datatable.DataTable)?[0m
  ?[32mWhen ?[0m?[32mthe school admin attempts to update grade ?[0m?[32m?[1m"5th"?[0m?[32m in the system with level ?[0m?[32m?[1m"6th"?[0m?[32m (p13)?[0m ?[90m# ca.mcgill.ecse.coolsupplies.features.UpdateGradeStepDefinitions.the_school_admin_attempts_to_update_grade_in_the_system_with_level_p13(java.lang.String,java.lang.String)?[0m
  ?[32mThen ?[0m?[32mthe number of grade entities in the system shall be ?[0m?[32m?[1m"2"?[0m?[32m (p13)?[0m                        ?[90m# ca.mcgill.ecse.coolsupplies.features.AddGradeStepDefinitions.the_number_of_grade_entities_in_the_system_shall_be_p13(java.lang.String)?[0m
  ?[32mThen ?[0m?[32mthe following grade entities shall exist in the system (p13)?[0m                         ?[90m# ca.mcgill.ecse.coolsupplies.features.UpdateGradeStepDefinitions.the_following_grade_entities_shall_exist_in_the_system_p13(io.cucumber.datatable.DataTable)?[0m
  ?[32mThen ?[0m?[32mthe error ?[0m?[32m?[1m"The level must be unique."?[0m?[32m shall be raised (p13)?[0m                          ?[90m# ca.mcgill.ecse.coolsupplies.features.AddGradeStepDefinitions.the_error_shall_be_raised_p13(java.lang.String)?[0m

Scenario Outline: Successfully update a grade bundle in the system                                                                               ?[90m# src/test/resources/UpdateGradeBundle.feature:20?[0m
  ?[33mGiven ?[0m?[33mthe following grade entities exists in the system (p10)?[0m                                                                                  ?[90m# ca.mcgill.ecse.coolsupplies.features.AddGradeBundleStepDefinitions.the_following_grade_entities_exists_in_the_system_p10(io.cucumber.datatable.DataTable)?[0m
      ?[33mio.cucumber.java.PendingException: TODO: implement me
	at ca.mcgill.ecse.coolsupplies.features.AddGradeBundleStepDefinitions.the_following_grade_entities_exists_in_the_system_p10(AddGradeBundleStepDefinitions.java:18)
	at ✽.the following grade entities exists in the system (p10)(file:///Users/zhengxuanzhao/IdeaProjects/ecse223-group-project-p8/src/test/resources/UpdateGradeBundle.feature:5)
?[0m
  ?[36mGiven ?[0m?[36mthe following grade bundle entities exists in the system (p10)?[0m                                                                           ?[90m# ca.mcgill.ecse.coolsupplies.features.AddGradeBundleStepDefinitions.the_following_grade_bundle_entities_exists_in_the_system_p10(io.cucumber.datatable.DataTable)?[0m
  ?[36mWhen ?[0m?[36mthe school admin attempts to update grade bundle ?[0m?[36m?[1m"Bundle 5"?[0m?[36m in the system with name ?[0m?[36m?[1m"Bundle 6"?[0m?[36m, discount ?[0m?[36m?[1m"0"?[0m?[36m, and grade level ?[0m?[36m?[1m"6th"?[0m?[36m (p10)?[0m ?[90m# ca.mcgill.ecse.coolsupplies.features.UpdateGradeBundleStepDefinitions.the_school_admin_attempts_to_update_grade_bundle_in_the_system_with_name_discount_and_grade_level_p10(java.lang.String,java.lang.String,java.lang.String,java.lang.String)?[0m
  ?[36mThen ?[0m?[36mthe number of grade bundle entities in the system shall be ?[0m?[36m?[1m"1"?[0m?[36m (p10)?[0m                                                                      ?[90m# ca.mcgill.ecse.coolsupplies.features.AddGradeBundleStepDefinitions.the_number_of_grade_bundle_entities_in_the_system_shall_be_p10(java.lang.String)?[0m
  ?[36mThen ?[0m?[36mthe grade bundle ?[0m?[36m?[1m"Bundle 6"?[0m?[36m with discount ?[0m?[36m?[1m"0"?[0m?[36m and grade level ?[0m?[36m?[1m"6th"?[0m?[36m shall exist in the system (p10)?[0m                                       ?[90m# ca.mcgill.ecse.coolsupplies.features.AddGradeBundleStepDefinitions.the_grade_bundle_with_discount_and_grade_level_shall_exist_in_the_system_p10(java.lang.String,java.lang.String,java.lang.String)?[0m

Scenario Outline: Unsuccessfully update a grade bundle that does not exist in the system                                                           ?[90m# src/test/resources/UpdateGradeBundle.feature:33?[0m
  ?[33mGiven ?[0m?[33mthe following grade entities exists in the system (p10)?[0m                                                                                    ?[90m# ca.mcgill.ecse.coolsupplies.features.AddGradeBundleStepDefinitions.the_following_grade_entities_exists_in_the_system_p10(io.cucumber.datatable.DataTable)?[0m
      ?[33mio.cucumber.java.PendingException: TODO: implement me
	at ca.mcgill.ecse.coolsupplies.features.AddGradeBundleStepDefinitions.the_following_grade_entities_exists_in_the_system_p10(AddGradeBundleStepDefinitions.java:18)
	at ✽.the following grade entities exists in the system (p10)(file:///Users/zhengxuanzhao/IdeaProjects/ecse223-group-project-p8/src/test/resources/UpdateGradeBundle.feature:5)
?[0m
  ?[36mGiven ?[0m?[36mthe following grade bundle entities exists in the system (p10)?[0m                                                                             ?[90m# ca.mcgill.ecse.coolsupplies.features.AddGradeBundleStepDefinitions.the_following_grade_bundle_entities_exists_in_the_system_p10(io.cucumber.datatable.DataTable)?[0m
  ?[36mWhen ?[0m?[36mthe school admin attempts to update grade bundle ?[0m?[36m?[1m"Bundle 6"?[0m?[36m in the system with name ?[0m?[36m?[1m"6th Bundle"?[0m?[36m, discount ?[0m?[36m?[1m"0"?[0m?[36m, and grade level ?[0m?[36m?[1m"6th"?[0m?[36m (p10)?[0m ?[90m# ca.mcgill.ecse.coolsupplies.features.UpdateGradeBundleStepDefinitions.the_school_admin_attempts_to_update_grade_bundle_in_the_system_with_name_discount_and_grade_level_p10(java.lang.String,java.lang.String,java.lang.String,java.lang.String)?[0m
  ?[36mThen ?[0m?[36mthe number of grade bundle entities in the system shall be ?[0m?[36m?[1m"1"?[0m?[36m (p10)?[0m                                                                        ?[90m# ca.mcgill.ecse.coolsupplies.features.AddGradeBundleStepDefinitions.the_number_of_grade_bundle_entities_in_the_system_shall_be_p10(java.lang.String)?[0m
  ?[36mThen ?[0m?[36mthe grade bundle ?[0m?[36m?[1m"6th Bundle"?[0m?[36m with discount ?[0m?[36m?[1m"0"?[0m?[36m and grade level ?[0m?[36m?[1m"6th"?[0m?[36m shall not exist in the system (p10)?[0m                                   ?[90m# ca.mcgill.ecse.coolsupplies.features.UpdateGradeBundleStepDefinitions.the_grade_bundle_with_discount_and_grade_level_shall_not_exist_in_the_system_p10(java.lang.String,java.lang.String,java.lang.String)?[0m
  ?[36mThen ?[0m?[36mthe following grade bundle entities shall exist in the system (p10)?[0m                                                                         ?[90m# ca.mcgill.ecse.coolsupplies.features.UpdateGradeBundleStepDefinitions.the_following_grade_bundle_entities_shall_exist_in_the_system_p10(io.cucumber.datatable.DataTable)?[0m
  ?[36mThen ?[0m?[36mthe error ?[0m?[36m?[1m"The bundle does not exist."?[0m?[36m shall be raised (p10)?[0m                                                                                ?[90m# ca.mcgill.ecse.coolsupplies.features.AddGradeBundleStepDefinitions.the_error_shall_be_raised_p10(java.lang.String)?[0m

Scenario Outline: Unsuccessfully update a gradeBundle in the system with invalid values                                                  ?[90m# src/test/resources/UpdateGradeBundle.feature:46?[0m
  ?[33mGiven ?[0m?[33mthe following grade entities exists in the system (p10)?[0m                                                                          ?[90m# ca.mcgill.ecse.coolsupplies.features.AddGradeBundleStepDefinitions.the_following_grade_entities_exists_in_the_system_p10(io.cucumber.datatable.DataTable)?[0m
      ?[33mio.cucumber.java.PendingException: TODO: implement me
	at ca.mcgill.ecse.coolsupplies.features.AddGradeBundleStepDefinitions.the_following_grade_entities_exists_in_the_system_p10(AddGradeBundleStepDefinitions.java:18)
	at ✽.the following grade entities exists in the system (p10)(file:///Users/zhengxuanzhao/IdeaProjects/ecse223-group-project-p8/src/test/resources/UpdateGradeBundle.feature:5)
?[0m
  ?[36mGiven ?[0m?[36mthe following grade bundle entities exists in the system (p10)?[0m                                                                   ?[90m# ca.mcgill.ecse.coolsupplies.features.AddGradeBundleStepDefinitions.the_following_grade_bundle_entities_exists_in_the_system_p10(io.cucumber.datatable.DataTable)?[0m
  ?[36mWhen ?[0m?[36mthe school admin attempts to update grade bundle ?[0m?[36m?[1m"Bundle 5"?[0m?[36m in the system with name ?[0m?[36m?[1m""?[0m?[36m, discount ?[0m?[36m?[1m"0"?[0m?[36m, and grade level ?[0m?[36m?[1m"6th"?[0m?[36m (p10)?[0m ?[90m# ca.mcgill.ecse.coolsupplies.features.UpdateGradeBundleStepDefinitions.the_school_admin_attempts_to_update_grade_bundle_in_the_system_with_name_discount_and_grade_level_p10(java.lang.String,java.lang.String,java.lang.String,java.lang.String)?[0m
  ?[36mThen ?[0m?[36mthe number of grade bundle entities in the system shall be ?[0m?[36m?[1m"1"?[0m?[36m (p10)?[0m                                                              ?[90m# ca.mcgill.ecse.coolsupplies.features.AddGradeBundleStepDefinitions.the_number_of_grade_bundle_entities_in_the_system_shall_be_p10(java.lang.String)?[0m
  ?[36mThen ?[0m?[36mthe grade bundle ?[0m?[36m?[1m""?[0m?[36m with discount ?[0m?[36m?[1m"0"?[0m?[36m and grade level ?[0m?[36m?[1m"6th"?[0m?[36m shall not exist in the system (p10)?[0m                                   ?[90m# ca.mcgill.ecse.coolsupplies.features.UpdateGradeBundleStepDefinitions.the_grade_bundle_with_discount_and_grade_level_shall_not_exist_in_the_system_p10(java.lang.String,java.lang.String,java.lang.String)?[0m
  ?[36mThen ?[0m?[36mthe following grade bundle entities shall exist in the system (p10)?[0m                                                               ?[90m# ca.mcgill.ecse.coolsupplies.features.UpdateGradeBundleStepDefinitions.the_following_grade_bundle_entities_shall_exist_in_the_system_p10(io.cucumber.datatable.DataTable)?[0m
  ?[36mThen ?[0m?[36mthe error ?[0m?[36m?[1m"The name must not be empty."?[0m?[36m shall be raised (p10)?[0m                                                                     ?[90m# ca.mcgill.ecse.coolsupplies.features.AddGradeBundleStepDefinitions.the_error_shall_be_raised_p10(java.lang.String)?[0m

Scenario Outline: Unsuccessfully update a gradeBundle in the system with invalid values                                                           ?[90m# src/test/resources/UpdateGradeBundle.feature:47?[0m
  ?[33mGiven ?[0m?[33mthe following grade entities exists in the system (p10)?[0m                                                                                   ?[90m# ca.mcgill.ecse.coolsupplies.features.AddGradeBundleStepDefinitions.the_following_grade_entities_exists_in_the_system_p10(io.cucumber.datatable.DataTable)?[0m
      ?[33mio.cucumber.java.PendingException: TODO: implement me
	at ca.mcgill.ecse.coolsupplies.features.AddGradeBundleStepDefinitions.the_following_grade_entities_exists_in_the_system_p10(AddGradeBundleStepDefinitions.java:18)
	at ✽.the following grade entities exists in the system (p10)(file:///Users/zhengxuanzhao/IdeaProjects/ecse223-group-project-p8/src/test/resources/UpdateGradeBundle.feature:5)
?[0m
  ?[36mGiven ?[0m?[36mthe following grade bundle entities exists in the system (p10)?[0m                                                                            ?[90m# ca.mcgill.ecse.coolsupplies.features.AddGradeBundleStepDefinitions.the_following_grade_bundle_entities_exists_in_the_system_p10(io.cucumber.datatable.DataTable)?[0m
  ?[36mWhen ?[0m?[36mthe school admin attempts to update grade bundle ?[0m?[36m?[1m"Bundle 5"?[0m?[36m in the system with name ?[0m?[36m?[1m"Bundle 6"?[0m?[36m, discount ?[0m?[36m?[1m"-1"?[0m?[36m, and grade level ?[0m?[36m?[1m"6th"?[0m?[36m (p10)?[0m ?[90m# ca.mcgill.ecse.coolsupplies.features.UpdateGradeBundleStepDefinitions.the_school_admin_attempts_to_update_grade_bundle_in_the_system_with_name_discount_and_grade_level_p10(java.lang.String,java.lang.String,java.lang.String,java.lang.String)?[0m
  ?[36mThen ?[0m?[36mthe number of grade bundle entities in the system shall be ?[0m?[36m?[1m"1"?[0m?[36m (p10)?[0m                                                                       ?[90m# ca.mcgill.ecse.coolsupplies.features.AddGradeBundleStepDefinitions.the_number_of_grade_bundle_entities_in_the_system_shall_be_p10(java.lang.String)?[0m
  ?[36mThen ?[0m?[36mthe grade bundle ?[0m?[36m?[1m"Bundle 6"?[0m?[36m with discount ?[0m?[36m?[1m"-1"?[0m?[36m and grade level ?[0m?[36m?[1m"6th"?[0m?[36m shall not exist in the system (p10)?[0m                                   ?[90m# ca.mcgill.ecse.coolsupplies.features.UpdateGradeBundleStepDefinitions.the_grade_bundle_with_discount_and_grade_level_shall_not_exist_in_the_system_p10(java.lang.String,java.lang.String,java.lang.String)?[0m
  ?[36mThen ?[0m?[36mthe following grade bundle entities shall exist in the system (p10)?[0m                                                                        ?[90m# ca.mcgill.ecse.coolsupplies.features.UpdateGradeBundleStepDefinitions.the_following_grade_bundle_entities_shall_exist_in_the_system_p10(io.cucumber.datatable.DataTable)?[0m
  ?[36mThen ?[0m?[36mthe error ?[0m?[36m?[1m"The discount must be greater than or equal to 0 and less than or equal to 100."?[0m?[36m shall be raised (p10)?[0m                           ?[90m# ca.mcgill.ecse.coolsupplies.features.AddGradeBundleStepDefinitions.the_error_shall_be_raised_p10(java.lang.String)?[0m

Scenario Outline: Unsuccessfully update a gradeBundle in the system with invalid values                                                            ?[90m# src/test/resources/UpdateGradeBundle.feature:48?[0m
  ?[33mGiven ?[0m?[33mthe following grade entities exists in the system (p10)?[0m                                                                                    ?[90m# ca.mcgill.ecse.coolsupplies.features.AddGradeBundleStepDefinitions.the_following_grade_entities_exists_in_the_system_p10(io.cucumber.datatable.DataTable)?[0m
      ?[33mio.cucumber.java.PendingException: TODO: implement me
	at ca.mcgill.ecse.coolsupplies.features.AddGradeBundleStepDefinitions.the_following_grade_entities_exists_in_the_system_p10(AddGradeBundleStepDefinitions.java:18)
	at ✽.the following grade entities exists in the system (p10)(file:///Users/zhengxuanzhao/IdeaProjects/ecse223-group-project-p8/src/test/resources/UpdateGradeBundle.feature:5)
?[0m
  ?[36mGiven ?[0m?[36mthe following grade bundle entities exists in the system (p10)?[0m                                                                             ?[90m# ca.mcgill.ecse.coolsupplies.features.AddGradeBundleStepDefinitions.the_following_grade_bundle_entities_exists_in_the_system_p10(io.cucumber.datatable.DataTable)?[0m
  ?[36mWhen ?[0m?[36mthe school admin attempts to update grade bundle ?[0m?[36m?[1m"Bundle 5"?[0m?[36m in the system with name ?[0m?[36m?[1m"Bundle 6"?[0m?[36m, discount ?[0m?[36m?[1m"101"?[0m?[36m, and grade level ?[0m?[36m?[1m"6th"?[0m?[36m (p10)?[0m ?[90m# ca.mcgill.ecse.coolsupplies.features.UpdateGradeBundleStepDefinitions.the_school_admin_attempts_to_update_grade_bundle_in_the_system_with_name_discount_and_grade_level_p10(java.lang.String,java.lang.String,java.lang.String,java.lang.String)?[0m
  ?[36mThen ?[0m?[36mthe number of grade bundle entities in the system shall be ?[0m?[36m?[1m"1"?[0m?[36m (p10)?[0m                                                                        ?[90m# ca.mcgill.ecse.coolsupplies.features.AddGradeBundleStepDefinitions.the_number_of_grade_bundle_entities_in_the_system_shall_be_p10(java.lang.String)?[0m
  ?[36mThen ?[0m?[36mthe grade bundle ?[0m?[36m?[1m"Bundle 6"?[0m?[36m with discount ?[0m?[36m?[1m"101"?[0m?[36m and grade level ?[0m?[36m?[1m"6th"?[0m?[36m shall not exist in the system (p10)?[0m                                   ?[90m# ca.mcgill.ecse.coolsupplies.features.UpdateGradeBundleStepDefinitions.the_grade_bundle_with_discount_and_grade_level_shall_not_exist_in_the_system_p10(java.lang.String,java.lang.String,java.lang.String)?[0m
  ?[36mThen ?[0m?[36mthe following grade bundle entities shall exist in the system (p10)?[0m                                                                         ?[90m# ca.mcgill.ecse.coolsupplies.features.UpdateGradeBundleStepDefinitions.the_following_grade_bundle_entities_shall_exist_in_the_system_p10(io.cucumber.datatable.DataTable)?[0m
  ?[36mThen ?[0m?[36mthe error ?[0m?[36m?[1m"The discount must be greater than or equal to 0 and less than or equal to 100."?[0m?[36m shall be raised (p10)?[0m                            ?[90m# ca.mcgill.ecse.coolsupplies.features.AddGradeBundleStepDefinitions.the_error_shall_be_raised_p10(java.lang.String)?[0m

Scenario Outline: Unsuccessfully update a gradeBundle in the system with invalid values                                                          ?[90m# src/test/resources/UpdateGradeBundle.feature:49?[0m
  ?[33mGiven ?[0m?[33mthe following grade entities exists in the system (p10)?[0m                                                                                  ?[90m# ca.mcgill.ecse.coolsupplies.features.AddGradeBundleStepDefinitions.the_following_grade_entities_exists_in_the_system_p10(io.cucumber.datatable.DataTable)?[0m
      ?[33mio.cucumber.java.PendingException: TODO: implement me
	at ca.mcgill.ecse.coolsupplies.features.AddGradeBundleStepDefinitions.the_following_grade_entities_exists_in_the_system_p10(AddGradeBundleStepDefinitions.java:18)
	at ✽.the following grade entities exists in the system (p10)(file:///Users/zhengxuanzhao/IdeaProjects/ecse223-group-project-p8/src/test/resources/UpdateGradeBundle.feature:5)
?[0m
  ?[36mGiven ?[0m?[36mthe following grade bundle entities exists in the system (p10)?[0m                                                                           ?[90m# ca.mcgill.ecse.coolsupplies.features.AddGradeBundleStepDefinitions.the_following_grade_bundle_entities_exists_in_the_system_p10(io.cucumber.datatable.DataTable)?[0m
  ?[36mWhen ?[0m?[36mthe school admin attempts to update grade bundle ?[0m?[36m?[1m"Bundle 5"?[0m?[36m in the system with name ?[0m?[36m?[1m"Bundle 6"?[0m?[36m, discount ?[0m?[36m?[1m"0"?[0m?[36m, and grade level ?[0m?[36m?[1m"7th"?[0m?[36m (p10)?[0m ?[90m# ca.mcgill.ecse.coolsupplies.features.UpdateGradeBundleStepDefinitions.the_school_admin_attempts_to_update_grade_bundle_in_the_system_with_name_discount_and_grade_level_p10(java.lang.String,java.lang.String,java.lang.String,java.lang.String)?[0m
  ?[36mThen ?[0m?[36mthe number of grade bundle entities in the system shall be ?[0m?[36m?[1m"1"?[0m?[36m (p10)?[0m                                                                      ?[90m# ca.mcgill.ecse.coolsupplies.features.AddGradeBundleStepDefinitions.the_number_of_grade_bundle_entities_in_the_system_shall_be_p10(java.lang.String)?[0m
  ?[36mThen ?[0m?[36mthe grade bundle ?[0m?[36m?[1m"Bundle 6"?[0m?[36m with discount ?[0m?[36m?[1m"0"?[0m?[36m and grade level ?[0m?[36m?[1m"7th"?[0m?[36m shall not exist in the system (p10)?[0m                                   ?[90m# ca.mcgill.ecse.coolsupplies.features.UpdateGradeBundleStepDefinitions.the_grade_bundle_with_discount_and_grade_level_shall_not_exist_in_the_system_p10(java.lang.String,java.lang.String,java.lang.String)?[0m
  ?[36mThen ?[0m?[36mthe following grade bundle entities shall exist in the system (p10)?[0m                                                                       ?[90m# ca.mcgill.ecse.coolsupplies.features.UpdateGradeBundleStepDefinitions.the_following_grade_bundle_entities_shall_exist_in_the_system_p10(io.cucumber.datatable.DataTable)?[0m
  ?[36mThen ?[0m?[36mthe error ?[0m?[36m?[1m"The grade does not exist."?[0m?[36m shall be raised (p10)?[0m                                                                               ?[90m# ca.mcgill.ecse.coolsupplies.features.AddGradeBundleStepDefinitions.the_error_shall_be_raised_p10(java.lang.String)?[0m

Scenario Outline: Unsuccessfully update a grade bundle in the system with a duplicate unique value                                               ?[90m# src/test/resources/UpdateGradeBundle.feature:69?[0m
  ?[33mGiven ?[0m?[33mthe following grade entities exists in the system (p10)?[0m                                                                                  ?[90m# ca.mcgill.ecse.coolsupplies.features.AddGradeBundleStepDefinitions.the_following_grade_entities_exists_in_the_system_p10(io.cucumber.datatable.DataTable)?[0m
      ?[33mio.cucumber.java.PendingException: TODO: implement me
	at ca.mcgill.ecse.coolsupplies.features.AddGradeBundleStepDefinitions.the_following_grade_entities_exists_in_the_system_p10(AddGradeBundleStepDefinitions.java:18)
	at ✽.the following grade entities exists in the system (p10)(file:///Users/zhengxuanzhao/IdeaProjects/ecse223-group-project-p8/src/test/resources/UpdateGradeBundle.feature:5)
?[0m
  ?[36mGiven ?[0m?[36mthe following grade bundle entities exists in the system (p10)?[0m                                                                           ?[90m# ca.mcgill.ecse.coolsupplies.features.AddGradeBundleStepDefinitions.the_following_grade_bundle_entities_exists_in_the_system_p10(io.cucumber.datatable.DataTable)?[0m
  ?[36mGiven ?[0m?[36mthe following grade bundle entities exists in the system (p10)?[0m                                                                           ?[90m# ca.mcgill.ecse.coolsupplies.features.AddGradeBundleStepDefinitions.the_following_grade_bundle_entities_exists_in_the_system_p10(io.cucumber.datatable.DataTable)?[0m
  ?[36mGiven ?[0m?[36mthe following grade entities exists in the system (p10)?[0m                                                                                  ?[90m# ca.mcgill.ecse.coolsupplies.features.AddGradeBundleStepDefinitions.the_following_grade_entities_exists_in_the_system_p10(io.cucumber.datatable.DataTable)?[0m
  ?[36mWhen ?[0m?[36mthe school admin attempts to update grade bundle ?[0m?[36m?[1m"Bundle 5"?[0m?[36m in the system with name ?[0m?[36m?[1m"Bundle 6"?[0m?[36m, discount ?[0m?[36m?[1m"0"?[0m?[36m, and grade level ?[0m?[36m?[1m"7th"?[0m?[36m (p10)?[0m ?[90m# ca.mcgill.ecse.coolsupplies.features.UpdateGradeBundleStepDefinitions.the_school_admin_attempts_to_update_grade_bundle_in_the_system_with_name_discount_and_grade_level_p10(java.lang.String,java.lang.String,java.lang.String,java.lang.String)?[0m
  ?[36mThen ?[0m?[36mthe number of grade bundle entities in the system shall be ?[0m?[36m?[1m"2"?[0m?[36m (p10)?[0m                                                                      ?[90m# ca.mcgill.ecse.coolsupplies.features.AddGradeBundleStepDefinitions.the_number_of_grade_bundle_entities_in_the_system_shall_be_p10(java.lang.String)?[0m
  ?[36mThen ?[0m?[36mthe grade bundle ?[0m?[36m?[1m"Bundle 6"?[0m?[36m with discount ?[0m?[36m?[1m"0"?[0m?[36m and grade level ?[0m?[36m?[1m"7th"?[0m?[36m shall not exist in the system (p10)?[0m                                   ?[90m# ca.mcgill.ecse.coolsupplies.features.UpdateGradeBundleStepDefinitions.the_grade_bundle_with_discount_and_grade_level_shall_not_exist_in_the_system_p10(java.lang.String,java.lang.String,java.lang.String)?[0m
  ?[36mThen ?[0m?[36mthe following grade bundle entities shall exist in the system (p10)?[0m                                                                       ?[90m# ca.mcgill.ecse.coolsupplies.features.UpdateGradeBundleStepDefinitions.the_following_grade_bundle_entities_shall_exist_in_the_system_p10(io.cucumber.datatable.DataTable)?[0m
  ?[36mThen ?[0m?[36mthe error ?[0m?[36m?[1m"The name must be unique."?[0m?[36m shall be raised (p10)?[0m                                                                                ?[90m# ca.mcgill.ecse.coolsupplies.features.AddGradeBundleStepDefinitions.the_error_shall_be_raised_p10(java.lang.String)?[0m

Scenario Outline: Unsuccessfully update a grade bundle in the system with a duplicate unique value                                               ?[90m# src/test/resources/UpdateGradeBundle.feature:70?[0m
  ?[33mGiven ?[0m?[33mthe following grade entities exists in the system (p10)?[0m                                                                                  ?[90m# ca.mcgill.ecse.coolsupplies.features.AddGradeBundleStepDefinitions.the_following_grade_entities_exists_in_the_system_p10(io.cucumber.datatable.DataTable)?[0m
      ?[33mio.cucumber.java.PendingException: TODO: implement me
	at ca.mcgill.ecse.coolsupplies.features.AddGradeBundleStepDefinitions.the_following_grade_entities_exists_in_the_system_p10(AddGradeBundleStepDefinitions.java:18)
	at ✽.the following grade entities exists in the system (p10)(file:///Users/zhengxuanzhao/IdeaProjects/ecse223-group-project-p8/src/test/resources/UpdateGradeBundle.feature:5)
?[0m
  ?[36mGiven ?[0m?[36mthe following grade bundle entities exists in the system (p10)?[0m                                                                           ?[90m# ca.mcgill.ecse.coolsupplies.features.AddGradeBundleStepDefinitions.the_following_grade_bundle_entities_exists_in_the_system_p10(io.cucumber.datatable.DataTable)?[0m
  ?[36mGiven ?[0m?[36mthe following grade bundle entities exists in the system (p10)?[0m                                                                           ?[90m# ca.mcgill.ecse.coolsupplies.features.AddGradeBundleStepDefinitions.the_following_grade_bundle_entities_exists_in_the_system_p10(io.cucumber.datatable.DataTable)?[0m
  ?[36mGiven ?[0m?[36mthe following grade entities exists in the system (p10)?[0m                                                                                  ?[90m# ca.mcgill.ecse.coolsupplies.features.AddGradeBundleStepDefinitions.the_following_grade_entities_exists_in_the_system_p10(io.cucumber.datatable.DataTable)?[0m
  ?[36mWhen ?[0m?[36mthe school admin attempts to update grade bundle ?[0m?[36m?[1m"Bundle 6"?[0m?[36m in the system with name ?[0m?[36m?[1m"Bundle 6"?[0m?[36m, discount ?[0m?[36m?[1m"0"?[0m?[36m, and grade level ?[0m?[36m?[1m"5th"?[0m?[36m (p10)?[0m ?[90m# ca.mcgill.ecse.coolsupplies.features.UpdateGradeBundleStepDefinitions.the_school_admin_attempts_to_update_grade_bundle_in_the_system_with_name_discount_and_grade_level_p10(java.lang.String,java.lang.String,java.lang.String,java.lang.String)?[0m
  ?[36mThen ?[0m?[36mthe number of grade bundle entities in the system shall be ?[0m?[36m?[1m"2"?[0m?[36m (p10)?[0m                                                                      ?[90m# ca.mcgill.ecse.coolsupplies.features.AddGradeBundleStepDefinitions.the_number_of_grade_bundle_entities_in_the_system_shall_be_p10(java.lang.String)?[0m
  ?[36mThen ?[0m?[36mthe grade bundle ?[0m?[36m?[1m"Bundle 6"?[0m?[36m with discount ?[0m?[36m?[1m"0"?[0m?[36m and grade level ?[0m?[36m?[1m"5th"?[0m?[36m shall not exist in the system (p10)?[0m                                   ?[90m# ca.mcgill.ecse.coolsupplies.features.UpdateGradeBundleStepDefinitions.the_grade_bundle_with_discount_and_grade_level_shall_not_exist_in_the_system_p10(java.lang.String,java.lang.String,java.lang.String)?[0m
  ?[36mThen ?[0m?[36mthe following grade bundle entities shall exist in the system (p10)?[0m                                                                       ?[90m# ca.mcgill.ecse.coolsupplies.features.UpdateGradeBundleStepDefinitions.the_following_grade_bundle_entities_shall_exist_in_the_system_p10(io.cucumber.datatable.DataTable)?[0m
  ?[36mThen ?[0m?[36mthe error ?[0m?[36m?[1m"A bundle already exists for the grade."?[0m?[36m shall be raised (p10)?[0m                                                                  ?[90m# ca.mcgill.ecse.coolsupplies.features.AddGradeBundleStepDefinitions.the_error_shall_be_raised_p10(java.lang.String)?[0m

Scenario Outline: Successfully update an item in the system                                                               ?[90m# src/test/resources/UpdateItem.feature:16?[0m
  ?[32mGiven ?[0m?[32mthe following item entities exists in the system (p14)?[0m                                                            ?[90m# ca.mcgill.ecse.coolsupplies.features.AddItemStepDefinitions.the_following_item_entities_exists_in_the_system_p14(io.cucumber.datatable.DataTable)?[0m
  ?[32mWhen ?[0m?[32mthe school admin attempts to update item ?[0m?[32m?[1m"pencil"?[0m?[32m in the system with name ?[0m?[32m?[1m"science textbook"?[0m?[32m and price ?[0m?[32m?[1m"150"?[0m?[32m (p14)?[0m ?[90m# ca.mcgill.ecse.coolsupplies.features.UpdateItemStepDefinitions.the_school_admin_attempts_to_update_item_in_the_system_with_name_and_price_p14(java.lang.String,java.lang.String,java.lang.String)?[0m
  ?[32mThen ?[0m?[32mthe number of item entities in the system shall be ?[0m?[32m?[1m"1"?[0m?[32m (p14)?[0m                                                       ?[90m# ca.mcgill.ecse.coolsupplies.features.AddItemStepDefinitions.the_number_of_item_entities_in_the_system_shall_be_p14(java.lang.String)?[0m
  ?[32mThen ?[0m?[32mthe item ?[0m?[32m?[1m"science textbook"?[0m?[32m with price ?[0m?[32m?[1m"150"?[0m?[32m shall exist in the system (p14)?[0m                                       ?[90m# ca.mcgill.ecse.coolsupplies.features.AddItemStepDefinitions.the_item_with_price_shall_exist_in_the_system_p14(java.lang.String,java.lang.String)?[0m

Scenario Outline: Unsuccessfully update an item that does not exist in the system                                                      ?[90m# src/test/resources/UpdateItem.feature:29?[0m
  ?[32mGiven ?[0m?[32mthe following item entities exists in the system (p14)?[0m                                                                         ?[90m# ca.mcgill.ecse.coolsupplies.features.AddItemStepDefinitions.the_following_item_entities_exists_in_the_system_p14(io.cucumber.datatable.DataTable)?[0m
  ?[32mWhen ?[0m?[32mthe school admin attempts to update item ?[0m?[32m?[1m"science textbook"?[0m?[32m in the system with name ?[0m?[32m?[1m"science II textbook"?[0m?[32m and price ?[0m?[32m?[1m"150"?[0m?[32m (p14)?[0m ?[90m# ca.mcgill.ecse.coolsupplies.features.UpdateItemStepDefinitions.the_school_admin_attempts_to_update_item_in_the_system_with_name_and_price_p14(java.lang.String,java.lang.String,java.lang.String)?[0m
  ?[32mThen ?[0m?[32mthe number of item entities in the system shall be ?[0m?[32m?[1m"1"?[0m?[32m (p14)?[0m                                                                    ?[90m# ca.mcgill.ecse.coolsupplies.features.AddItemStepDefinitions.the_number_of_item_entities_in_the_system_shall_be_p14(java.lang.String)?[0m
  ?[32mThen ?[0m?[32mthe item ?[0m?[32m?[1m"science II textbook"?[0m?[32m with price ?[0m?[32m?[1m"150"?[0m?[32m shall not exist in the system (p14)?[0m                                             ?[90m# ca.mcgill.ecse.coolsupplies.features.UpdateItemStepDefinitions.the_item_with_price_shall_not_exist_in_the_system_p14(java.lang.String,java.lang.String)?[0m
  ?[32mThen ?[0m?[32mthe following item entities shall exist in the system (p14)?[0m                                                                     ?[90m# ca.mcgill.ecse.coolsupplies.features.UpdateItemStepDefinitions.the_following_item_entities_shall_exist_in_the_system_p14(io.cucumber.datatable.DataTable)?[0m
  ?[32mThen ?[0m?[32mthe error ?[0m?[32m?[1m"The item does not exist."?[0m?[32m shall be raised (p14)?[0m                                                                      ?[90m# ca.mcgill.ecse.coolsupplies.features.AddItemStepDefinitions.the_error_shall_be_raised_p14(java.lang.String)?[0m

Scenario Outline: Unsuccessfully update an item in the system with invalid values                         ?[90m# src/test/resources/UpdateItem.feature:42?[0m
  ?[32mGiven ?[0m?[32mthe following item entities exists in the system (p14)?[0m                                            ?[90m# ca.mcgill.ecse.coolsupplies.features.AddItemStepDefinitions.the_following_item_entities_exists_in_the_system_p14(io.cucumber.datatable.DataTable)?[0m
  ?[32mWhen ?[0m?[32mthe school admin attempts to update item ?[0m?[32m?[1m"pencil"?[0m?[32m in the system with name ?[0m?[32m?[1m""?[0m?[32m and price ?[0m?[32m?[1m"150"?[0m?[32m (p14)?[0m ?[90m# ca.mcgill.ecse.coolsupplies.features.UpdateItemStepDefinitions.the_school_admin_attempts_to_update_item_in_the_system_with_name_and_price_p14(java.lang.String,java.lang.String,java.lang.String)?[0m
  ?[32mThen ?[0m?[32mthe number of item entities in the system shall be ?[0m?[32m?[1m"1"?[0m?[32m (p14)?[0m                                       ?[90m# ca.mcgill.ecse.coolsupplies.features.AddItemStepDefinitions.the_number_of_item_entities_in_the_system_shall_be_p14(java.lang.String)?[0m
  ?[32mThen ?[0m?[32mthe item ?[0m?[32m?[1m""?[0m?[32m with price ?[0m?[32m?[1m"150"?[0m?[32m shall not exist in the system (p14)?[0m                                   ?[90m# ca.mcgill.ecse.coolsupplies.features.UpdateItemStepDefinitions.the_item_with_price_shall_not_exist_in_the_system_p14(java.lang.String,java.lang.String)?[0m
  ?[32mThen ?[0m?[32mthe following item entities shall exist in the system (p14)?[0m                                        ?[90m# ca.mcgill.ecse.coolsupplies.features.UpdateItemStepDefinitions.the_following_item_entities_shall_exist_in_the_system_p14(io.cucumber.datatable.DataTable)?[0m
  ?[32mThen ?[0m?[32mthe error ?[0m?[32m?[1m"The name must not be empty."?[0m?[32m shall be raised (p14)?[0m                                      ?[90m# ca.mcgill.ecse.coolsupplies.features.AddItemStepDefinitions.the_error_shall_be_raised_p14(java.lang.String)?[0m

Scenario Outline: Unsuccessfully update an item in the system with invalid values                                        ?[90m# src/test/resources/UpdateItem.feature:43?[0m
  ?[32mGiven ?[0m?[32mthe following item entities exists in the system (p14)?[0m                                                           ?[90m# ca.mcgill.ecse.coolsupplies.features.AddItemStepDefinitions.the_following_item_entities_exists_in_the_system_p14(io.cucumber.datatable.DataTable)?[0m
  ?[32mWhen ?[0m?[32mthe school admin attempts to update item ?[0m?[32m?[1m"pencil"?[0m?[32m in the system with name ?[0m?[32m?[1m"science textbook"?[0m?[32m and price ?[0m?[32m?[1m"-1"?[0m?[32m (p14)?[0m ?[90m# ca.mcgill.ecse.coolsupplies.features.UpdateItemStepDefinitions.the_school_admin_attempts_to_update_item_in_the_system_with_name_and_price_p14(java.lang.String,java.lang.String,java.lang.String)?[0m
  ?[32mThen ?[0m?[32mthe number of item entities in the system shall be ?[0m?[32m?[1m"1"?[0m?[32m (p14)?[0m                                                      ?[90m# ca.mcgill.ecse.coolsupplies.features.AddItemStepDefinitions.the_number_of_item_entities_in_the_system_shall_be_p14(java.lang.String)?[0m
  ?[32mThen ?[0m?[32mthe item ?[0m?[32m?[1m"science textbook"?[0m?[32m with price ?[0m?[32m?[1m"-1"?[0m?[32m shall not exist in the system (p14)?[0m                                   ?[90m# ca.mcgill.ecse.coolsupplies.features.UpdateItemStepDefinitions.the_item_with_price_shall_not_exist_in_the_system_p14(java.lang.String,java.lang.String)?[0m
  ?[32mThen ?[0m?[32mthe following item entities shall exist in the system (p14)?[0m                                                       ?[90m# ca.mcgill.ecse.coolsupplies.features.UpdateItemStepDefinitions.the_following_item_entities_shall_exist_in_the_system_p14(io.cucumber.datatable.DataTable)?[0m
  ?[32mThen ?[0m?[32mthe error ?[0m?[32m?[1m"The price must be greater than or equal to 0."?[0m?[32m shall be raised (p14)?[0m                                   ?[90m# ca.mcgill.ecse.coolsupplies.features.AddItemStepDefinitions.the_error_shall_be_raised_p14(java.lang.String)?[0m

Scenario Outline: Unsuccessfully update a item in the system with a duplicate unique value                        ?[90m# src/test/resources/UpdateItem.feature:60?[0m
  ?[32mGiven ?[0m?[32mthe following item entities exists in the system (p14)?[0m                                                    ?[90m# ca.mcgill.ecse.coolsupplies.features.AddItemStepDefinitions.the_following_item_entities_exists_in_the_system_p14(io.cucumber.datatable.DataTable)?[0m
  ?[32mGiven ?[0m?[32mthe following item entities exists in the system (p14)?[0m                                                    ?[90m# ca.mcgill.ecse.coolsupplies.features.AddItemStepDefinitions.the_following_item_entities_exists_in_the_system_p14(io.cucumber.datatable.DataTable)?[0m
  ?[32mWhen ?[0m?[32mthe school admin attempts to update item ?[0m?[32m?[1m"pencil"?[0m?[32m in the system with name ?[0m?[32m?[1m"textbook"?[0m?[32m and price ?[0m?[32m?[1m"100"?[0m?[32m (p14)?[0m ?[90m# ca.mcgill.ecse.coolsupplies.features.UpdateItemStepDefinitions.the_school_admin_attempts_to_update_item_in_the_system_with_name_and_price_p14(java.lang.String,java.lang.String,java.lang.String)?[0m
  ?[32mThen ?[0m?[32mthe number of item entities in the system shall be ?[0m?[32m?[1m"2"?[0m?[32m (p14)?[0m                                               ?[90m# ca.mcgill.ecse.coolsupplies.features.AddItemStepDefinitions.the_number_of_item_entities_in_the_system_shall_be_p14(java.lang.String)?[0m
  ?[32mThen ?[0m?[32mthe item ?[0m?[32m?[1m"textbook"?[0m?[32m with price ?[0m?[32m?[1m"100"?[0m?[32m shall not exist in the system (p14)?[0m                                   ?[90m# ca.mcgill.ecse.coolsupplies.features.UpdateItemStepDefinitions.the_item_with_price_shall_not_exist_in_the_system_p14(java.lang.String,java.lang.String)?[0m
  ?[32mThen ?[0m?[32mthe following item entities shall exist in the system (p14)?[0m                                                ?[90m# ca.mcgill.ecse.coolsupplies.features.UpdateItemStepDefinitions.the_following_item_entities_shall_exist_in_the_system_p14(io.cucumber.datatable.DataTable)?[0m
  ?[32mThen ?[0m?[32mthe error ?[0m?[32m?[1m"The name must be unique."?[0m?[32m shall be raised (p14)?[0m                                                 ?[90m# ca.mcgill.ecse.coolsupplies.features.AddItemStepDefinitions.the_error_shall_be_raised_p14(java.lang.String)?[0m

Scenario Outline: Successfully update a parent in the system                                                                                              ?[90m# src/test/resources/UpdateParent.feature:16?[0m
  ?[32mGiven ?[0m?[32mthe following parent entities exists in the system (p1)?[0m                                                                                           ?[90m# ca.mcgill.ecse.coolsupplies.features.AddParentStepDefinitions.the_following_parent_entities_exists_in_the_system_p1(io.cucumber.datatable.DataTable)?[0m
  ?[33mWhen ?[0m?[33mthe school admin attempts to update parent ?[0m?[33m?[1m"mom@gmail.com"?[0m?[33m in the system with password ?[0m?[33m?[1m"password"?[0m?[33m, name ?[0m?[33m?[1m"Bernard"?[0m?[33m, and phone number ?[0m?[33m?[1m"1234568"?[0m?[33m (p1)?[0m ?[90m# ca.mcgill.ecse.coolsupplies.features.UpdateParentStepDefinitions.the_school_admin_attempts_to_update_parent_in_the_system_with_password_name_and_phone_number_p1(java.lang.String,java.lang.String,java.lang.String,java.lang.String)?[0m
      ?[33mio.cucumber.java.PendingException: TODO: implement me
	at ca.mcgill.ecse.coolsupplies.features.UpdateParentStepDefinitions.the_school_admin_attempts_to_update_parent_in_the_system_with_password_name_and_phone_number_p1(UpdateParentStepDefinitions.java:18)
	at ✽.the school admin attempts to update parent "mom@gmail.com" in the system with password "password", name "Bernard", and phone number "1234568" (p1)(file:///Users/zhengxuanzhao/IdeaProjects/ecse223-group-project-p8/src/test/resources/UpdateParent.feature:10)
?[0m
  ?[36mThen ?[0m?[36mthe number of parent entities in the system shall be ?[0m?[36m?[1m"1"?[0m?[36m (p1)?[0m                                                                                      ?[90m# ca.mcgill.ecse.coolsupplies.features.AddParentStepDefinitions.the_number_of_parent_entities_in_the_system_shall_be_p1(java.lang.String)?[0m
  ?[36mThen ?[0m?[36mthe parent ?[0m?[36m?[1m"mom@gmail.com"?[0m?[36m with password ?[0m?[36m?[1m"password"?[0m?[36m, name ?[0m?[36m?[1m"Bernard"?[0m?[36m, and phone number ?[0m?[36m?[1m"1234568"?[0m?[36m shall exist in the system (p1)?[0m                     ?[90m# ca.mcgill.ecse.coolsupplies.features.AddParentStepDefinitions.the_parent_with_password_name_and_phone_number_shall_exist_in_the_system_p1(java.lang.String,java.lang.String,java.lang.String,java.lang.String)?[0m

Scenario Outline: Unsuccessfully update a parent that does not exist in the system                                                                        ?[90m# src/test/resources/UpdateParent.feature:29?[0m
  ?[32mGiven ?[0m?[32mthe following parent entities exists in the system (p1)?[0m                                                                                           ?[90m# ca.mcgill.ecse.coolsupplies.features.AddParentStepDefinitions.the_following_parent_entities_exists_in_the_system_p1(io.cucumber.datatable.DataTable)?[0m
  ?[33mWhen ?[0m?[33mthe school admin attempts to update parent ?[0m?[33m?[1m"dad@gmail.com"?[0m?[33m in the system with password ?[0m?[33m?[1m"password"?[0m?[33m, name ?[0m?[33m?[1m"Bernard"?[0m?[33m, and phone number ?[0m?[33m?[1m"1234568"?[0m?[33m (p1)?[0m ?[90m# ca.mcgill.ecse.coolsupplies.features.UpdateParentStepDefinitions.the_school_admin_attempts_to_update_parent_in_the_system_with_password_name_and_phone_number_p1(java.lang.String,java.lang.String,java.lang.String,java.lang.String)?[0m
      ?[33mio.cucumber.java.PendingException: TODO: implement me
	at ca.mcgill.ecse.coolsupplies.features.UpdateParentStepDefinitions.the_school_admin_attempts_to_update_parent_in_the_system_with_password_name_and_phone_number_p1(UpdateParentStepDefinitions.java:18)
	at ✽.the school admin attempts to update parent "dad@gmail.com" in the system with password "password", name "Bernard", and phone number "1234568" (p1)(file:///Users/zhengxuanzhao/IdeaProjects/ecse223-group-project-p8/src/test/resources/UpdateParent.feature:19)
?[0m
  ?[36mThen ?[0m?[36mthe number of parent entities in the system shall be ?[0m?[36m?[1m"1"?[0m?[36m (p1)?[0m                                                                                      ?[90m# ca.mcgill.ecse.coolsupplies.features.AddParentStepDefinitions.the_number_of_parent_entities_in_the_system_shall_be_p1(java.lang.String)?[0m
  ?[36mThen ?[0m?[36mthe parent ?[0m?[36m?[1m"dad@gmail.com"?[0m?[36m with password ?[0m?[36m?[1m"password"?[0m?[36m, name ?[0m?[36m?[1m"Bernard"?[0m?[36m, and phone number ?[0m?[36m?[1m"1234568"?[0m?[36m shall not exist in the system (p1)?[0m                 ?[90m# ca.mcgill.ecse.coolsupplies.features.UpdateParentStepDefinitions.the_parent_with_password_name_and_phone_number_shall_not_exist_in_the_system_p1(java.lang.String,java.lang.String,java.lang.String,java.lang.String)?[0m
  ?[36mThen ?[0m?[36mthe following parent entities shall exist in the system (p1)?[0m                                                                                       ?[90m# ca.mcgill.ecse.coolsupplies.features.UpdateParentStepDefinitions.the_following_parent_entities_shall_exist_in_the_system_p1(io.cucumber.datatable.DataTable)?[0m
  ?[36mThen ?[0m?[36mthe error ?[0m?[36m?[1m"The parent does not exist."?[0m?[36m shall be raised (p1)?[0m                                                                                        ?[90m# ca.mcgill.ecse.coolsupplies.features.AddParentStepDefinitions.the_error_shall_be_raised_p1(java.lang.String)?[0m

Scenario Outline: Unsuccessfully update a parent in the system with invalid values                                                                        ?[90m# src/test/resources/UpdateParent.feature:42?[0m
  ?[32mGiven ?[0m?[32mthe following parent entities exists in the system (p1)?[0m                                                                                           ?[90m# ca.mcgill.ecse.coolsupplies.features.AddParentStepDefinitions.the_following_parent_entities_exists_in_the_system_p1(io.cucumber.datatable.DataTable)?[0m
  ?[33mWhen ?[0m?[33mthe school Administrator attempts to update parent ?[0m?[33m?[1m"mom@gmail.com"?[0m?[33m in the system with password ?[0m?[33m?[1m""?[0m?[33m, name ?[0m?[33m?[1m"Bernard"?[0m?[33m, and phone number ?[0m?[33m?[1m"1234567"?[0m?[33m (p1)?[0m ?[90m# ca.mcgill.ecse.coolsupplies.features.UpdateParentStepDefinitions.the_school_administrator_attempts_to_update_parent_in_the_system_with_password_name_and_phone_number_p1(java.lang.String,java.lang.String,java.lang.String,java.lang.String)?[0m
      ?[33mio.cucumber.java.PendingException: TODO: implement me
	at ca.mcgill.ecse.coolsupplies.features.UpdateParentStepDefinitions.the_school_administrator_attempts_to_update_parent_in_the_system_with_password_name_and_phone_number_p1(UpdateParentStepDefinitions.java:11)
	at ✽.the school Administrator attempts to update parent "mom@gmail.com" in the system with password "", name "Bernard", and phone number "1234567" (p1)(file:///Users/zhengxuanzhao/IdeaProjects/ecse223-group-project-p8/src/test/resources/UpdateParent.feature:32)
?[0m
  ?[36mThen ?[0m?[36mthe number of parent entities in the system shall be ?[0m?[36m?[1m"1"?[0m?[36m (p1)?[0m                                                                                      ?[90m# ca.mcgill.ecse.coolsupplies.features.AddParentStepDefinitions.the_number_of_parent_entities_in_the_system_shall_be_p1(java.lang.String)?[0m
  ?[36mThen ?[0m?[36mthe parent ?[0m?[36m?[1m"mom@gmail.com"?[0m?[36m with password ?[0m?[36m?[1m""?[0m?[36m, name ?[0m?[36m?[1m"Bernard"?[0m?[36m, and phone number ?[0m?[36m?[1m"1234567"?[0m?[36m shall not exist in the system (p1)?[0m                         ?[90m# ca.mcgill.ecse.coolsupplies.features.UpdateParentStepDefinitions.the_parent_with_password_name_and_phone_number_shall_not_exist_in_the_system_p1(java.lang.String,java.lang.String,java.lang.String,java.lang.String)?[0m
  ?[36mThen ?[0m?[36mthe following parent entities shall exist in the system (p1)?[0m                                                                                       ?[90m# ca.mcgill.ecse.coolsupplies.features.UpdateParentStepDefinitions.the_following_parent_entities_shall_exist_in_the_system_p1(io.cucumber.datatable.DataTable)?[0m
  ?[36mThen ?[0m?[36mthe error ?[0m?[36m?[1m"The password must not be empty."?[0m?[36m shall be raised (p1)?[0m                                                                                   ?[90m# ca.mcgill.ecse.coolsupplies.features.AddParentStepDefinitions.the_error_shall_be_raised_p1(java.lang.String)?[0m

Scenario Outline: Unsuccessfully update a parent in the system with invalid values                                                                         ?[90m# src/test/resources/UpdateParent.feature:43?[0m
  ?[32mGiven ?[0m?[32mthe following parent entities exists in the system (p1)?[0m                                                                                            ?[90m# ca.mcgill.ecse.coolsupplies.features.AddParentStepDefinitions.the_following_parent_entities_exists_in_the_system_p1(io.cucumber.datatable.DataTable)?[0m
  ?[33mWhen ?[0m?[33mthe school Administrator attempts to update parent ?[0m?[33m?[1m"mom@gmail.com"?[0m?[33m in the system with password ?[0m?[33m?[1m"password"?[0m?[33m, name ?[0m?[33m?[1m""?[0m?[33m, and phone number ?[0m?[33m?[1m"1234567"?[0m?[33m (p1)?[0m ?[90m# ca.mcgill.ecse.coolsupplies.features.UpdateParentStepDefinitions.the_school_administrator_attempts_to_update_parent_in_the_system_with_password_name_and_phone_number_p1(java.lang.String,java.lang.String,java.lang.String,java.lang.String)?[0m
      ?[33mio.cucumber.java.PendingException: TODO: implement me
	at ca.mcgill.ecse.coolsupplies.features.UpdateParentStepDefinitions.the_school_administrator_attempts_to_update_parent_in_the_system_with_password_name_and_phone_number_p1(UpdateParentStepDefinitions.java:11)
	at ✽.the school Administrator attempts to update parent "mom@gmail.com" in the system with password "password", name "", and phone number "1234567" (p1)(file:///Users/zhengxuanzhao/IdeaProjects/ecse223-group-project-p8/src/test/resources/UpdateParent.feature:32)
?[0m
  ?[36mThen ?[0m?[36mthe number of parent entities in the system shall be ?[0m?[36m?[1m"1"?[0m?[36m (p1)?[0m                                                                                       ?[90m# ca.mcgill.ecse.coolsupplies.features.AddParentStepDefinitions.the_number_of_parent_entities_in_the_system_shall_be_p1(java.lang.String)?[0m
  ?[36mThen ?[0m?[36mthe parent ?[0m?[36m?[1m"mom@gmail.com"?[0m?[36m with password ?[0m?[36m?[1m"password"?[0m?[36m, name ?[0m?[36m?[1m""?[0m?[36m, and phone number ?[0m?[36m?[1m"1234567"?[0m?[36m shall not exist in the system (p1)?[0m                         ?[90m# ca.mcgill.ecse.coolsupplies.features.UpdateParentStepDefinitions.the_parent_with_password_name_and_phone_number_shall_not_exist_in_the_system_p1(java.lang.String,java.lang.String,java.lang.String,java.lang.String)?[0m
  ?[36mThen ?[0m?[36mthe following parent entities shall exist in the system (p1)?[0m                                                                                        ?[90m# ca.mcgill.ecse.coolsupplies.features.UpdateParentStepDefinitions.the_following_parent_entities_shall_exist_in_the_system_p1(io.cucumber.datatable.DataTable)?[0m
  ?[36mThen ?[0m?[36mthe error ?[0m?[36m?[1m"The name must not be empty."?[0m?[36m shall be raised (p1)?[0m                                                                                        ?[90m# ca.mcgill.ecse.coolsupplies.features.AddParentStepDefinitions.the_error_shall_be_raised_p1(java.lang.String)?[0m

Scenario Outline: Unsuccessfully update a parent in the system with invalid values                                                                               ?[90m# src/test/resources/UpdateParent.feature:44?[0m
  ?[32mGiven ?[0m?[32mthe following parent entities exists in the system (p1)?[0m                                                                                                  ?[90m# ca.mcgill.ecse.coolsupplies.features.AddParentStepDefinitions.the_following_parent_entities_exists_in_the_system_p1(io.cucumber.datatable.DataTable)?[0m
  ?[33mWhen ?[0m?[33mthe school Administrator attempts to update parent ?[0m?[33m?[1m"mom@gmail.com"?[0m?[33m in the system with password ?[0m?[33m?[1m"password"?[0m?[33m, name ?[0m?[33m?[1m"Bernard"?[0m?[33m, and phone number ?[0m?[33m?[1m"999999"?[0m?[33m (p1)?[0m ?[90m# ca.mcgill.ecse.coolsupplies.features.UpdateParentStepDefinitions.the_school_administrator_attempts_to_update_parent_in_the_system_with_password_name_and_phone_number_p1(java.lang.String,java.lang.String,java.lang.String,java.lang.String)?[0m
      ?[33mio.cucumber.java.PendingException: TODO: implement me
	at ca.mcgill.ecse.coolsupplies.features.UpdateParentStepDefinitions.the_school_administrator_attempts_to_update_parent_in_the_system_with_password_name_and_phone_number_p1(UpdateParentStepDefinitions.java:11)
	at ✽.the school Administrator attempts to update parent "mom@gmail.com" in the system with password "password", name "Bernard", and phone number "999999" (p1)(file:///Users/zhengxuanzhao/IdeaProjects/ecse223-group-project-p8/src/test/resources/UpdateParent.feature:32)
?[0m
  ?[36mThen ?[0m?[36mthe number of parent entities in the system shall be ?[0m?[36m?[1m"1"?[0m?[36m (p1)?[0m                                                                                             ?[90m# ca.mcgill.ecse.coolsupplies.features.AddParentStepDefinitions.the_number_of_parent_entities_in_the_system_shall_be_p1(java.lang.String)?[0m
  ?[36mThen ?[0m?[36mthe parent ?[0m?[36m?[1m"mom@gmail.com"?[0m?[36m with password ?[0m?[36m?[1m"password"?[0m?[36m, name ?[0m?[36m?[1m"Bernard"?[0m?[36m, and phone number ?[0m?[36m?[1m"999999"?[0m?[36m shall not exist in the system (p1)?[0m                         ?[90m# ca.mcgill.ecse.coolsupplies.features.UpdateParentStepDefinitions.the_parent_with_password_name_and_phone_number_shall_not_exist_in_the_system_p1(java.lang.String,java.lang.String,java.lang.String,java.lang.String)?[0m
  ?[36mThen ?[0m?[36mthe following parent entities shall exist in the system (p1)?[0m                                                                                              ?[90m# ca.mcgill.ecse.coolsupplies.features.UpdateParentStepDefinitions.the_following_parent_entities_shall_exist_in_the_system_p1(io.cucumber.datatable.DataTable)?[0m
  ?[36mThen ?[0m?[36mthe error ?[0m?[36m?[1m"The phone number must be seven digits."?[0m?[36m shall be raised (p1)?[0m                                                                                   ?[90m# ca.mcgill.ecse.coolsupplies.features.AddParentStepDefinitions.the_error_shall_be_raised_p1(java.lang.String)?[0m

Scenario Outline: Unsuccessfully update a parent in the system with invalid values                                                                                 ?[90m# src/test/resources/UpdateParent.feature:45?[0m
  ?[32mGiven ?[0m?[32mthe following parent entities exists in the system (p1)?[0m                                                                                                    ?[90m# ca.mcgill.ecse.coolsupplies.features.AddParentStepDefinitions.the_following_parent_entities_exists_in_the_system_p1(io.cucumber.datatable.DataTable)?[0m
  ?[33mWhen ?[0m?[33mthe school Administrator attempts to update parent ?[0m?[33m?[1m"mom@gmail.com"?[0m?[33m in the system with password ?[0m?[33m?[1m"password"?[0m?[33m, name ?[0m?[33m?[1m"Bernard"?[0m?[33m, and phone number ?[0m?[33m?[1m"10000000"?[0m?[33m (p1)?[0m ?[90m# ca.mcgill.ecse.coolsupplies.features.UpdateParentStepDefinitions.the_school_administrator_attempts_to_update_parent_in_the_system_with_password_name_and_phone_number_p1(java.lang.String,java.lang.String,java.lang.String,java.lang.String)?[0m
      ?[33mio.cucumber.java.PendingException: TODO: implement me
	at ca.mcgill.ecse.coolsupplies.features.UpdateParentStepDefinitions.the_school_administrator_attempts_to_update_parent_in_the_system_with_password_name_and_phone_number_p1(UpdateParentStepDefinitions.java:11)
	at ✽.the school Administrator attempts to update parent "mom@gmail.com" in the system with password "password", name "Bernard", and phone number "10000000" (p1)(file:///Users/zhengxuanzhao/IdeaProjects/ecse223-group-project-p8/src/test/resources/UpdateParent.feature:32)
?[0m
  ?[36mThen ?[0m?[36mthe number of parent entities in the system shall be ?[0m?[36m?[1m"1"?[0m?[36m (p1)?[0m                                                                                               ?[90m# ca.mcgill.ecse.coolsupplies.features.AddParentStepDefinitions.the_number_of_parent_entities_in_the_system_shall_be_p1(java.lang.String)?[0m
  ?[36mThen ?[0m?[36mthe parent ?[0m?[36m?[1m"mom@gmail.com"?[0m?[36m with password ?[0m?[36m?[1m"password"?[0m?[36m, name ?[0m?[36m?[1m"Bernard"?[0m?[36m, and phone number ?[0m?[36m?[1m"10000000"?[0m?[36m shall not exist in the system (p1)?[0m                         ?[90m# ca.mcgill.ecse.coolsupplies.features.UpdateParentStepDefinitions.the_parent_with_password_name_and_phone_number_shall_not_exist_in_the_system_p1(java.lang.String,java.lang.String,java.lang.String,java.lang.String)?[0m
  ?[36mThen ?[0m?[36mthe following parent entities shall exist in the system (p1)?[0m                                                                                                ?[90m# ca.mcgill.ecse.coolsupplies.features.UpdateParentStepDefinitions.the_following_parent_entities_shall_exist_in_the_system_p1(io.cucumber.datatable.DataTable)?[0m
  ?[36mThen ?[0m?[36mthe error ?[0m?[36m?[1m"The phone number must be seven digits."?[0m?[36m shall be raised (p1)?[0m                                                                                     ?[90m# ca.mcgill.ecse.coolsupplies.features.AddParentStepDefinitions.the_error_shall_be_raised_p1(java.lang.String)?[0m

Scenario Outline: Successfully update the password of a school admin in the system                              ?[90m# src/test/resources/UpdatePasswordOfSchoolAdmin.feature:16?[0m
  ?[32mGiven ?[0m?[32mthe following school admin entities exists in the system (p7)?[0m                                           ?[90m# ca.mcgill.ecse.coolsupplies.features.UpdatePasswordOfSchoolAdminStepDefinitions.the_following_school_admin_entities_exists_in_the_system_p7(io.cucumber.datatable.DataTable)?[0m
  ?[32mWhen ?[0m?[32mthe school admin attempts to update school admin ?[0m?[32m?[1m"admin@cool.ca"?[0m?[32m in the system with password ?[0m?[32m?[1m"2#Er"?[0m?[32m (p7)?[0m ?[90m# ca.mcgill.ecse.coolsupplies.features.UpdatePasswordOfSchoolAdminStepDefinitions.the_school_admin_attempts_to_update_school_admin_in_the_system_with_password_p7(java.lang.String,java.lang.String)?[0m
  ?[32mThen ?[0m?[32mthe number of school admin entities in the system shall be ?[0m?[32m?[1m"1"?[0m?[32m (p7)?[0m                                      ?[90m# ca.mcgill.ecse.coolsupplies.features.UpdatePasswordOfSchoolAdminStepDefinitions.the_number_of_school_admin_entities_in_the_system_shall_be_p7(java.lang.String)?[0m
  ?[32mThen ?[0m?[32mthe school admin ?[0m?[32m?[1m"admin@cool.ca"?[0m?[32m with password ?[0m?[32m?[1m"2#Er"?[0m?[32m shall exist in the system (p7)?[0m                     ?[90m# ca.mcgill.ecse.coolsupplies.features.UpdatePasswordOfSchoolAdminStepDefinitions.the_school_admin_with_password_shall_exist_in_the_system_p7(java.lang.String,java.lang.String)?[0m

Scenario Outline: Unsuccessfully update the password of a school admin in the system with invalid values       ?[90m# src/test/resources/UpdatePasswordOfSchoolAdmin.feature:29?[0m
  ?[32mGiven ?[0m?[32mthe following school admin entities exists in the system (p7)?[0m                                          ?[90m# ca.mcgill.ecse.coolsupplies.features.UpdatePasswordOfSchoolAdminStepDefinitions.the_following_school_admin_entities_exists_in_the_system_p7(io.cucumber.datatable.DataTable)?[0m
  ?[32mWhen ?[0m?[32mthe school admin attempts to update school admin ?[0m?[32m?[1m"admin@cool.ca"?[0m?[32m in the system with password ?[0m?[32m?[1m"123"?[0m?[32m (p7)?[0m ?[90m# ca.mcgill.ecse.coolsupplies.features.UpdatePasswordOfSchoolAdminStepDefinitions.the_school_admin_attempts_to_update_school_admin_in_the_system_with_password_p7(java.lang.String,java.lang.String)?[0m
  ?[32mThen ?[0m?[32mthe number of school admin entities in the system shall be ?[0m?[32m?[1m"1"?[0m?[32m (p7)?[0m                                     ?[90m# ca.mcgill.ecse.coolsupplies.features.UpdatePasswordOfSchoolAdminStepDefinitions.the_number_of_school_admin_entities_in_the_system_shall_be_p7(java.lang.String)?[0m
  ?[31mThen ?[0m?[31mthe school admin ?[0m?[31m?[1m"admin@cool.ca"?[0m?[31m with password ?[0m?[31m?[1m"123"?[0m?[31m shall not exist in the system (p7)?[0m                 ?[90m# ca.mcgill.ecse.coolsupplies.features.UpdatePasswordOfSchoolAdminStepDefinitions.the_school_admin_with_password_shall_not_exist_in_the_system_p7(java.lang.String,java.lang.String)?[0m
      ?[31mjava.lang.AssertionError
	at org.junit.Assert.fail(Assert.java:87)
	at org.junit.Assert.assertTrue(Assert.java:42)
	at org.junit.Assert.assertFalse(Assert.java:65)
	at org.junit.Assert.assertFalse(Assert.java:75)
	at ca.mcgill.ecse.coolsupplies.features.UpdatePasswordOfSchoolAdminStepDefinitions.the_school_admin_with_password_shall_not_exist_in_the_system_p7(UpdatePasswordOfSchoolAdminStepDefinitions.java:59)
	at ✽.the school admin "admin@cool.ca" with password "123" shall not exist in the system (p7)(file:///Users/zhengxuanzhao/IdeaProjects/ecse223-group-project-p8/src/test/resources/UpdatePasswordOfSchoolAdmin.feature:21)
?[0m
  ?[36mThen ?[0m?[36mthe following school admin entities shall exist in the system (p7)?[0m                                      ?[90m# ca.mcgill.ecse.coolsupplies.features.UpdatePasswordOfSchoolAdminStepDefinitions.the_following_school_admin_entities_shall_exist_in_the_system_p7(io.cucumber.datatable.DataTable)?[0m
  ?[36mThen ?[0m?[36mthe error ?[0m?[36m?[1m"Password must be at least four characters long."?[0m?[36m shall be raised (p7)?[0m                        ?[90m# ca.mcgill.ecse.coolsupplies.features.UpdatePasswordOfSchoolAdminStepDefinitions.the_error_shall_be_raised_p7(java.lang.String)?[0m

Scenario Outline: Unsuccessfully update the password of a school admin in the system with invalid values                                           ?[90m# src/test/resources/UpdatePasswordOfSchoolAdmin.feature:30?[0m
  ?[32mGiven ?[0m?[32mthe following school admin entities exists in the system (p7)?[0m                                                                              ?[90m# ca.mcgill.ecse.coolsupplies.features.UpdatePasswordOfSchoolAdminStepDefinitions.the_following_school_admin_entities_exists_in_the_system_p7(io.cucumber.datatable.DataTable)?[0m
  ?[32mWhen ?[0m?[32mthe school admin attempts to update school admin ?[0m?[32m?[1m"admin@cool.ca"?[0m?[32m in the system with password ?[0m?[32m?[1m"WeWe"?[0m?[32m (p7)?[0m                                    ?[90m# ca.mcgill.ecse.coolsupplies.features.UpdatePasswordOfSchoolAdminStepDefinitions.the_school_admin_attempts_to_update_school_admin_in_the_system_with_password_p7(java.lang.String,java.lang.String)?[0m
  ?[32mThen ?[0m?[32mthe number of school admin entities in the system shall be ?[0m?[32m?[1m"1"?[0m?[32m (p7)?[0m                                                                         ?[90m# ca.mcgill.ecse.coolsupplies.features.UpdatePasswordOfSchoolAdminStepDefinitions.the_number_of_school_admin_entities_in_the_system_shall_be_p7(java.lang.String)?[0m
  ?[31mThen ?[0m?[31mthe school admin ?[0m?[31m?[1m"admin@cool.ca"?[0m?[31m with password ?[0m?[31m?[1m"WeWe"?[0m?[31m shall not exist in the system (p7)?[0m                                                    ?[90m# ca.mcgill.ecse.coolsupplies.features.UpdatePasswordOfSchoolAdminStepDefinitions.the_school_admin_with_password_shall_not_exist_in_the_system_p7(java.lang.String,java.lang.String)?[0m
      ?[31mjava.lang.AssertionError
	at org.junit.Assert.fail(Assert.java:87)
	at org.junit.Assert.assertTrue(Assert.java:42)
	at org.junit.Assert.assertFalse(Assert.java:65)
	at org.junit.Assert.assertFalse(Assert.java:75)
	at ca.mcgill.ecse.coolsupplies.features.UpdatePasswordOfSchoolAdminStepDefinitions.the_school_admin_with_password_shall_not_exist_in_the_system_p7(UpdatePasswordOfSchoolAdminStepDefinitions.java:59)
	at ✽.the school admin "admin@cool.ca" with password "WeWe" shall not exist in the system (p7)(file:///Users/zhengxuanzhao/IdeaProjects/ecse223-group-project-p8/src/test/resources/UpdatePasswordOfSchoolAdmin.feature:21)
?[0m
  ?[36mThen ?[0m?[36mthe following school admin entities shall exist in the system (p7)?[0m                                                                          ?[90m# ca.mcgill.ecse.coolsupplies.features.UpdatePasswordOfSchoolAdminStepDefinitions.the_following_school_admin_entities_shall_exist_in_the_system_p7(io.cucumber.datatable.DataTable)?[0m
  ?[36mThen ?[0m?[36mthe error ?[0m?[36m?[1m"Password must contain a special character out of !#$, an upper case character, and a lower case character."?[0m?[36m shall be raised (p7)?[0m ?[90m# ca.mcgill.ecse.coolsupplies.features.UpdatePasswordOfSchoolAdminStepDefinitions.the_error_shall_be_raised_p7(java.lang.String)?[0m

Scenario Outline: Unsuccessfully update the password of a school admin in the system with invalid values                                           ?[90m# src/test/resources/UpdatePasswordOfSchoolAdmin.feature:31?[0m
  ?[32mGiven ?[0m?[32mthe following school admin entities exists in the system (p7)?[0m                                                                              ?[90m# ca.mcgill.ecse.coolsupplies.features.UpdatePasswordOfSchoolAdminStepDefinitions.the_following_school_admin_entities_exists_in_the_system_p7(io.cucumber.datatable.DataTable)?[0m
  ?[32mWhen ?[0m?[32mthe school admin attempts to update school admin ?[0m?[32m?[1m"admin@cool.ca"?[0m?[32m in the system with password ?[0m?[32m?[1m"!WWW"?[0m?[32m (p7)?[0m                                    ?[90m# ca.mcgill.ecse.coolsupplies.features.UpdatePasswordOfSchoolAdminStepDefinitions.the_school_admin_attempts_to_update_school_admin_in_the_system_with_password_p7(java.lang.String,java.lang.String)?[0m
  ?[32mThen ?[0m?[32mthe number of school admin entities in the system shall be ?[0m?[32m?[1m"1"?[0m?[32m (p7)?[0m                                                                         ?[90m# ca.mcgill.ecse.coolsupplies.features.UpdatePasswordOfSchoolAdminStepDefinitions.the_number_of_school_admin_entities_in_the_system_shall_be_p7(java.lang.String)?[0m
  ?[31mThen ?[0m?[31mthe school admin ?[0m?[31m?[1m"admin@cool.ca"?[0m?[31m with password ?[0m?[31m?[1m"!WWW"?[0m?[31m shall not exist in the system (p7)?[0m                                                    ?[90m# ca.mcgill.ecse.coolsupplies.features.UpdatePasswordOfSchoolAdminStepDefinitions.the_school_admin_with_password_shall_not_exist_in_the_system_p7(java.lang.String,java.lang.String)?[0m
      ?[31mjava.lang.AssertionError
	at org.junit.Assert.fail(Assert.java:87)
	at org.junit.Assert.assertTrue(Assert.java:42)
	at org.junit.Assert.assertFalse(Assert.java:65)
	at org.junit.Assert.assertFalse(Assert.java:75)
	at ca.mcgill.ecse.coolsupplies.features.UpdatePasswordOfSchoolAdminStepDefinitions.the_school_admin_with_password_shall_not_exist_in_the_system_p7(UpdatePasswordOfSchoolAdminStepDefinitions.java:59)
	at ✽.the school admin "admin@cool.ca" with password "!WWW" shall not exist in the system (p7)(file:///Users/zhengxuanzhao/IdeaProjects/ecse223-group-project-p8/src/test/resources/UpdatePasswordOfSchoolAdmin.feature:21)
?[0m
  ?[36mThen ?[0m?[36mthe following school admin entities shall exist in the system (p7)?[0m                                                                          ?[90m# ca.mcgill.ecse.coolsupplies.features.UpdatePasswordOfSchoolAdminStepDefinitions.the_following_school_admin_entities_shall_exist_in_the_system_p7(io.cucumber.datatable.DataTable)?[0m
  ?[36mThen ?[0m?[36mthe error ?[0m?[36m?[1m"Password must contain a special character out of !#$, an upper case character, and a lower case character."?[0m?[36m shall be raised (p7)?[0m ?[90m# ca.mcgill.ecse.coolsupplies.features.UpdatePasswordOfSchoolAdminStepDefinitions.the_error_shall_be_raised_p7(java.lang.String)?[0m

Scenario Outline: Unsuccessfully update the password of a school admin in the system with invalid values                                           ?[90m# src/test/resources/UpdatePasswordOfSchoolAdmin.feature:32?[0m
  ?[32mGiven ?[0m?[32mthe following school admin entities exists in the system (p7)?[0m                                                                              ?[90m# ca.mcgill.ecse.coolsupplies.features.UpdatePasswordOfSchoolAdminStepDefinitions.the_following_school_admin_entities_exists_in_the_system_p7(io.cucumber.datatable.DataTable)?[0m
  ?[32mWhen ?[0m?[32mthe school admin attempts to update school admin ?[0m?[32m?[1m"admin@cool.ca"?[0m?[32m in the system with password ?[0m?[32m?[1m"!eee"?[0m?[32m (p7)?[0m                                    ?[90m# ca.mcgill.ecse.coolsupplies.features.UpdatePasswordOfSchoolAdminStepDefinitions.the_school_admin_attempts_to_update_school_admin_in_the_system_with_password_p7(java.lang.String,java.lang.String)?[0m
  ?[32mThen ?[0m?[32mthe number of school admin entities in the system shall be ?[0m?[32m?[1m"1"?[0m?[32m (p7)?[0m                                                                         ?[90m# ca.mcgill.ecse.coolsupplies.features.UpdatePasswordOfSchoolAdminStepDefinitions.the_number_of_school_admin_entities_in_the_system_shall_be_p7(java.lang.String)?[0m
  ?[31mThen ?[0m?[31mthe school admin ?[0m?[31m?[1m"admin@cool.ca"?[0m?[31m with password ?[0m?[31m?[1m"!eee"?[0m?[31m shall not exist in the system (p7)?[0m                                                    ?[90m# ca.mcgill.ecse.coolsupplies.features.UpdatePasswordOfSchoolAdminStepDefinitions.the_school_admin_with_password_shall_not_exist_in_the_system_p7(java.lang.String,java.lang.String)?[0m
      ?[31mjava.lang.AssertionError
	at org.junit.Assert.fail(Assert.java:87)
	at org.junit.Assert.assertTrue(Assert.java:42)
	at org.junit.Assert.assertFalse(Assert.java:65)
	at org.junit.Assert.assertFalse(Assert.java:75)
	at ca.mcgill.ecse.coolsupplies.features.UpdatePasswordOfSchoolAdminStepDefinitions.the_school_admin_with_password_shall_not_exist_in_the_system_p7(UpdatePasswordOfSchoolAdminStepDefinitions.java:59)
	at ✽.the school admin "admin@cool.ca" with password "!eee" shall not exist in the system (p7)(file:///Users/zhengxuanzhao/IdeaProjects/ecse223-group-project-p8/src/test/resources/UpdatePasswordOfSchoolAdmin.feature:21)
?[0m
  ?[36mThen ?[0m?[36mthe following school admin entities shall exist in the system (p7)?[0m                                                                          ?[90m# ca.mcgill.ecse.coolsupplies.features.UpdatePasswordOfSchoolAdminStepDefinitions.the_following_school_admin_entities_shall_exist_in_the_system_p7(io.cucumber.datatable.DataTable)?[0m
  ?[36mThen ?[0m?[36mthe error ?[0m?[36m?[1m"Password must contain a special character out of !#$, an upper case character, and a lower case character."?[0m?[36m shall be raised (p7)?[0m ?[90m# ca.mcgill.ecse.coolsupplies.features.UpdatePasswordOfSchoolAdminStepDefinitions.the_error_shall_be_raised_p7(java.lang.String)?[0m

Scenario Outline: Successfully update a student in the system                                                           ?[90m# src/test/resources/UpdateStudent.feature:22?[0m
  ?[32mGiven ?[0m?[32mthe following grade entities exists in the system (p4)?[0m                                                          ?[90m# ca.mcgill.ecse.coolsupplies.features.AddStudentStepDefinitions.the_following_grade_entities_exists_in_the_system_p4(io.cucumber.datatable.DataTable)?[0m
  ?[32mGiven ?[0m?[32mthe following student entities exists in the system (p4)?[0m                                                        ?[90m# ca.mcgill.ecse.coolsupplies.features.AddStudentStepDefinitions.the_following_student_entities_exists_in_the_system_p4(io.cucumber.datatable.DataTable)?[0m
  ?[32mGiven ?[0m?[32mthe following grade entities exists in the system (p4)?[0m                                                          ?[90m# ca.mcgill.ecse.coolsupplies.features.AddStudentStepDefinitions.the_following_grade_entities_exists_in_the_system_p4(io.cucumber.datatable.DataTable)?[0m
  ?[32mWhen ?[0m?[32mthe school admin attempts to update student ?[0m?[32m?[1m"Aaron"?[0m?[32m in the system with name ?[0m?[32m?[1m"Barbara"?[0m?[32m and grade level ?[0m?[32m?[1m"6th"?[0m?[32m (p4)?[0m ?[90m# ca.mcgill.ecse.coolsupplies.features.UpdateStudentStepDefinitions.the_school_admin_attempts_to_update_student_in_the_system_with_name_and_grade_level_p4(java.lang.String,java.lang.String,java.lang.String)?[0m
  ?[32mThen ?[0m?[32mthe number of student entities in the system shall be ?[0m?[32m?[1m"1"?[0m?[32m (p4)?[0m                                                   ?[90m# ca.mcgill.ecse.coolsupplies.features.AddStudentStepDefinitions.the_number_of_student_entities_in_the_system_shall_be_p4(java.lang.String)?[0m
  ?[32mThen ?[0m?[32mthe student ?[0m?[32m?[1m"Barbara"?[0m?[32m with grade level ?[0m?[32m?[1m"6th"?[0m?[32m shall exist in the system (p4)?[0m                                      ?[90m# ca.mcgill.ecse.coolsupplies.features.AddStudentStepDefinitions.the_student_with_grade_level_shall_exist_in_the_system_p4(java.lang.String,java.lang.String)?[0m

Scenario Outline: Unsuccessfully update a student that does not exist in the system                                     ?[90m# src/test/resources/UpdateStudent.feature:38?[0m
  ?[32mGiven ?[0m?[32mthe following grade entities exists in the system (p4)?[0m                                                          ?[90m# ca.mcgill.ecse.coolsupplies.features.AddStudentStepDefinitions.the_following_grade_entities_exists_in_the_system_p4(io.cucumber.datatable.DataTable)?[0m
  ?[32mGiven ?[0m?[32mthe following student entities exists in the system (p4)?[0m                                                        ?[90m# ca.mcgill.ecse.coolsupplies.features.AddStudentStepDefinitions.the_following_student_entities_exists_in_the_system_p4(io.cucumber.datatable.DataTable)?[0m
  ?[32mGiven ?[0m?[32mthe following grade entities exists in the system (p4)?[0m                                                          ?[90m# ca.mcgill.ecse.coolsupplies.features.AddStudentStepDefinitions.the_following_grade_entities_exists_in_the_system_p4(io.cucumber.datatable.DataTable)?[0m
  ?[32mWhen ?[0m?[32mthe school admin attempts to update student ?[0m?[32m?[1m"Barbara"?[0m?[32m in the system with name ?[0m?[32m?[1m"Harry"?[0m?[32m and grade level ?[0m?[32m?[1m"6th"?[0m?[32m (p4)?[0m ?[90m# ca.mcgill.ecse.coolsupplies.features.UpdateStudentStepDefinitions.the_school_admin_attempts_to_update_student_in_the_system_with_name_and_grade_level_p4(java.lang.String,java.lang.String,java.lang.String)?[0m
  ?[32mThen ?[0m?[32mthe number of student entities in the system shall be ?[0m?[32m?[1m"1"?[0m?[32m (p4)?[0m                                                   ?[90m# ca.mcgill.ecse.coolsupplies.features.AddStudentStepDefinitions.the_number_of_student_entities_in_the_system_shall_be_p4(java.lang.String)?[0m
  ?[32mThen ?[0m?[32mthe student ?[0m?[32m?[1m"Harry"?[0m?[32m with grade level ?[0m?[32m?[1m"6th"?[0m?[32m shall not exist in the system (p4)?[0m                                    ?[90m# ca.mcgill.ecse.coolsupplies.features.UpdateStudentStepDefinitions.the_student_with_grade_level_shall_not_exist_in_the_system_p4(java.lang.String,java.lang.String)?[0m
  ?[32mThen ?[0m?[32mthe following student entities shall exist in the system (p4)?[0m                                                    ?[90m# ca.mcgill.ecse.coolsupplies.features.UpdateStudentStepDefinitions.the_following_student_entities_shall_exist_in_the_system_p4(io.cucumber.datatable.DataTable)?[0m
  ?[32mThen ?[0m?[32mthe error ?[0m?[32m?[1m"The student does not exist."?[0m?[32m shall be raised (p4)?[0m                                                     ?[90m# ca.mcgill.ecse.coolsupplies.features.AddStudentStepDefinitions.the_error_shall_be_raised_p4(java.lang.String)?[0m

Scenario Outline: Unsuccessfully update a student in the system with invalid values                              ?[90m# src/test/resources/UpdateStudent.feature:51?[0m
  ?[32mGiven ?[0m?[32mthe following grade entities exists in the system (p4)?[0m                                                   ?[90m# ca.mcgill.ecse.coolsupplies.features.AddStudentStepDefinitions.the_following_grade_entities_exists_in_the_system_p4(io.cucumber.datatable.DataTable)?[0m
  ?[32mGiven ?[0m?[32mthe following student entities exists in the system (p4)?[0m                                                 ?[90m# ca.mcgill.ecse.coolsupplies.features.AddStudentStepDefinitions.the_following_student_entities_exists_in_the_system_p4(io.cucumber.datatable.DataTable)?[0m
  ?[32mWhen ?[0m?[32mthe school admin attempts to update student ?[0m?[32m?[1m"Aaron"?[0m?[32m in the system with name ?[0m?[32m?[1m""?[0m?[32m and grade level ?[0m?[32m?[1m"5th"?[0m?[32m (p4)?[0m ?[90m# ca.mcgill.ecse.coolsupplies.features.UpdateStudentStepDefinitions.the_school_admin_attempts_to_update_student_in_the_system_with_name_and_grade_level_p4(java.lang.String,java.lang.String,java.lang.String)?[0m
  ?[32mThen ?[0m?[32mthe number of student entities in the system shall be ?[0m?[32m?[1m"1"?[0m?[32m (p4)?[0m                                            ?[90m# ca.mcgill.ecse.coolsupplies.features.AddStudentStepDefinitions.the_number_of_student_entities_in_the_system_shall_be_p4(java.lang.String)?[0m
  ?[32mThen ?[0m?[32mthe student ?[0m?[32m?[1m""?[0m?[32m with grade level ?[0m?[32m?[1m"5th"?[0m?[32m shall not exist in the system (p4)?[0m                                  ?[90m# ca.mcgill.ecse.coolsupplies.features.UpdateStudentStepDefinitions.the_student_with_grade_level_shall_not_exist_in_the_system_p4(java.lang.String,java.lang.String)?[0m
  ?[32mThen ?[0m?[32mthe following student entities shall exist in the system (p4)?[0m                                             ?[90m# ca.mcgill.ecse.coolsupplies.features.UpdateStudentStepDefinitions.the_following_student_entities_shall_exist_in_the_system_p4(io.cucumber.datatable.DataTable)?[0m
  ?[32mThen ?[0m?[32mthe error ?[0m?[32m?[1m"The name must not be empty."?[0m?[32m shall be raised (p4)?[0m                                              ?[90m# ca.mcgill.ecse.coolsupplies.features.AddStudentStepDefinitions.the_error_shall_be_raised_p4(java.lang.String)?[0m

Scenario Outline: Unsuccessfully update a student in the system with invalid values                                     ?[90m# src/test/resources/UpdateStudent.feature:52?[0m
  ?[32mGiven ?[0m?[32mthe following grade entities exists in the system (p4)?[0m                                                          ?[90m# ca.mcgill.ecse.coolsupplies.features.AddStudentStepDefinitions.the_following_grade_entities_exists_in_the_system_p4(io.cucumber.datatable.DataTable)?[0m
  ?[32mGiven ?[0m?[32mthe following student entities exists in the system (p4)?[0m                                                        ?[90m# ca.mcgill.ecse.coolsupplies.features.AddStudentStepDefinitions.the_following_student_entities_exists_in_the_system_p4(io.cucumber.datatable.DataTable)?[0m
  ?[32mWhen ?[0m?[32mthe school admin attempts to update student ?[0m?[32m?[1m"Aaron"?[0m?[32m in the system with name ?[0m?[32m?[1m"Barbara"?[0m?[32m and grade level ?[0m?[32m?[1m"6th"?[0m?[32m (p4)?[0m ?[90m# ca.mcgill.ecse.coolsupplies.features.UpdateStudentStepDefinitions.the_school_admin_attempts_to_update_student_in_the_system_with_name_and_grade_level_p4(java.lang.String,java.lang.String,java.lang.String)?[0m
  ?[32mThen ?[0m?[32mthe number of student entities in the system shall be ?[0m?[32m?[1m"1"?[0m?[32m (p4)?[0m                                                   ?[90m# ca.mcgill.ecse.coolsupplies.features.AddStudentStepDefinitions.the_number_of_student_entities_in_the_system_shall_be_p4(java.lang.String)?[0m
  ?[32mThen ?[0m?[32mthe student ?[0m?[32m?[1m"Barbara"?[0m?[32m with grade level ?[0m?[32m?[1m"6th"?[0m?[32m shall not exist in the system (p4)?[0m                                  ?[90m# ca.mcgill.ecse.coolsupplies.features.UpdateStudentStepDefinitions.the_student_with_grade_level_shall_not_exist_in_the_system_p4(java.lang.String,java.lang.String)?[0m
  ?[32mThen ?[0m?[32mthe following student entities shall exist in the system (p4)?[0m                                                    ?[90m# ca.mcgill.ecse.coolsupplies.features.UpdateStudentStepDefinitions.the_following_student_entities_shall_exist_in_the_system_p4(io.cucumber.datatable.DataTable)?[0m
  ?[32mThen ?[0m?[32mthe error ?[0m?[32m?[1m"The grade does not exist."?[0m?[32m shall be raised (p4)?[0m                                                       ?[90m# ca.mcgill.ecse.coolsupplies.features.AddStudentStepDefinitions.the_error_shall_be_raised_p4(java.lang.String)?[0m

Scenario Outline: Unsuccessfully update a student in the system with a duplicate unique value                           ?[90m# src/test/resources/UpdateStudent.feature:72?[0m
  ?[32mGiven ?[0m?[32mthe following grade entities exists in the system (p4)?[0m                                                          ?[90m# ca.mcgill.ecse.coolsupplies.features.AddStudentStepDefinitions.the_following_grade_entities_exists_in_the_system_p4(io.cucumber.datatable.DataTable)?[0m
  ?[32mGiven ?[0m?[32mthe following student entities exists in the system (p4)?[0m                                                        ?[90m# ca.mcgill.ecse.coolsupplies.features.AddStudentStepDefinitions.the_following_student_entities_exists_in_the_system_p4(io.cucumber.datatable.DataTable)?[0m
  ?[32mGiven ?[0m?[32mthe following grade entities exists in the system (p4)?[0m                                                          ?[90m# ca.mcgill.ecse.coolsupplies.features.AddStudentStepDefinitions.the_following_grade_entities_exists_in_the_system_p4(io.cucumber.datatable.DataTable)?[0m
  ?[32mGiven ?[0m?[32mthe following student entities exists in the system (p4)?[0m                                                        ?[90m# ca.mcgill.ecse.coolsupplies.features.AddStudentStepDefinitions.the_following_student_entities_exists_in_the_system_p4(io.cucumber.datatable.DataTable)?[0m
  ?[32mWhen ?[0m?[32mthe school admin attempts to update student ?[0m?[32m?[1m"Aaron"?[0m?[32m in the system with name ?[0m?[32m?[1m"Barbara"?[0m?[32m and grade level ?[0m?[32m?[1m"6th"?[0m?[32m (p4)?[0m ?[90m# ca.mcgill.ecse.coolsupplies.features.UpdateStudentStepDefinitions.the_school_admin_attempts_to_update_student_in_the_system_with_name_and_grade_level_p4(java.lang.String,java.lang.String,java.lang.String)?[0m
  ?[32mThen ?[0m?[32mthe number of student entities in the system shall be ?[0m?[32m?[1m"2"?[0m?[32m (p4)?[0m                                                   ?[90m# ca.mcgill.ecse.coolsupplies.features.AddStudentStepDefinitions.the_number_of_student_entities_in_the_system_shall_be_p4(java.lang.String)?[0m
  ?[32mThen ?[0m?[32mthe student ?[0m?[32m?[1m"Barbara"?[0m?[32m with grade level ?[0m?[32m?[1m"6th"?[0m?[32m shall not exist in the system (p4)?[0m                                  ?[90m# ca.mcgill.ecse.coolsupplies.features.UpdateStudentStepDefinitions.the_student_with_grade_level_shall_not_exist_in_the_system_p4(java.lang.String,java.lang.String)?[0m
  ?[32mThen ?[0m?[32mthe following student entities shall exist in the system (p4)?[0m                                                    ?[90m# ca.mcgill.ecse.coolsupplies.features.UpdateStudentStepDefinitions.the_following_student_entities_shall_exist_in_the_system_p4(io.cucumber.datatable.DataTable)?[0m
  ?[32mThen ?[0m?[32mthe error ?[0m?[32m?[1m"The name must be unique."?[0m?[32m shall be raised (p4)?[0m                                                        ?[90m# ca.mcgill.ecse.coolsupplies.features.AddStudentStepDefinitions.the_error_shall_be_raised_p4(java.lang.String)?[0m
]]></system-out>
  <system-err><![CDATA[?[32m?[1m┌─────────────────────────────────────────────────────────────────────────────┐?[0m
?[32m?[1m│?[0m Share your Cucumber Report with your team at ?[36m?[1m?[4mhttps://reports.cucumber.io?[0m    ?[32m?[1m│?[0m
?[32m?[1m│?[0m Activate publishing with one of the following:                              ?[32m?[1m│?[0m
?[32m?[1m│?[0m                                                                             ?[32m?[1m│?[0m
?[32m?[1m│?[0m src/test/resources/cucumber.properties:    ?[36mcucumber.publish.enabled?[0m=?[36mtrue?[0m    ?[32m?[1m│?[0m
?[32m?[1m│?[0m Environment variable:                      ?[36mCUCUMBER_PUBLISH_ENABLED?[0m=?[36mtrue?[0m    ?[32m?[1m│?[0m
?[32m?[1m│?[0m JUnit:                                     ?[36m@CucumberOptions?[0m(publish = ?[36mtrue?[0m) ?[32m?[1m│?[0m
?[32m?[1m│?[0m                                                                             ?[32m?[1m│?[0m
?[32m?[1m│?[0m More information at ?[36mhttps://reports.cucumber.io/docs/cucumber-jvm?[0m           ?[32m?[1m│?[0m
?[32m?[1m│?[0m                                                                             ?[32m?[1m│?[0m
?[32m?[1m│?[0m To disable this message, add ?[1mcucumber.publish.quiet?[0m?[1m=?[0m?[1mtrue?[0m to                 ?[32m?[1m│?[0m
?[32m?[1m│?[0m ?[1msrc/test/resources/cucumber.properties?[0m                                      ?[32m?[1m│?[0m
?[32m?[1m└─────────────────────────────────────────────────────────────────────────────┘?[0m
]]></system-err>
</testsuite>
